[2018-05-20 20:48:03,427] Writing logs to file: /tmp/universe-21156.log
I tensorflow/core/distributed_runtime/rpc/grpc_channel.cc:197] Initialize GrpcChannelCache for job ps -> {0 -> 127.0.0.1:12222}
I tensorflow/core/distributed_runtime/rpc/grpc_channel.cc:197] Initialize GrpcChannelCache for job worker -> {0 -> 127.0.0.1:12223, 1 -> 127.0.0.1:12224, 2 -> 127.0.0.1:12225, 3 -> 127.0.0.1:12226, 4 -> 127.0.0.1:12227, 5 -> 127.0.0.1:12228, 6 -> 127.0.0.1:12229, 7 -> 127.0.0.1:12230, 8 -> 127.0.0.1:12231, 9 -> 127.0.0.1:12232, 10 -> 127.0.0.1:12233, 11 -> 127.0.0.1:12234, 12 -> 127.0.0.1:12235, 13 -> 127.0.0.1:12236, 14 -> 127.0.0.1:12237, 15 -> 127.0.0.1:12238, 16 -> 127.0.0.1:12239, 17 -> 127.0.0.1:12240, 18 -> 127.0.0.1:12241, 19 -> localhost:12242}
I tensorflow/core/distributed_runtime/rpc/grpc_server_lib.cc:211] Started server with target: grpc://localhost:12242
[2018-05-20 20:48:03,444] Making new env: MontezumaRevenge-v0
Using universe head design
Using universe head design
Using universe head design
Using universe head design
Using universe head design
Using universe head design
Optimizer: ADAM with lr: 0.000100
Input observation shape:  (42, 42, 1)
[2018-05-20 20:48:06,747] Trainable vars:
[2018-05-20 20:48:06,747]   global/l1/W:0 (3, 3, 1, 32)
[2018-05-20 20:48:06,747]   global/l1/b:0 (1, 1, 1, 32)
[2018-05-20 20:48:06,748]   global/l2/W:0 (3, 3, 32, 32)
[2018-05-20 20:48:06,748]   global/l2/b:0 (1, 1, 1, 32)
[2018-05-20 20:48:06,748]   global/l3/W:0 (3, 3, 32, 32)
[2018-05-20 20:48:06,748]   global/l3/b:0 (1, 1, 1, 32)
[2018-05-20 20:48:06,748]   global/l4/W:0 (3, 3, 32, 32)
[2018-05-20 20:48:06,748]   global/l4/b:0 (1, 1, 1, 32)
[2018-05-20 20:48:06,748]   global/RNN/BasicLSTMCell/Linear/Matrix:0 (544, 1024)
[2018-05-20 20:48:06,748]   global/RNN/BasicLSTMCell/Linear/Bias:0 (1024,)
[2018-05-20 20:48:06,748]   global/value/w:0 (256, 1)
[2018-05-20 20:48:06,748]   global/value/b:0 (1,)
[2018-05-20 20:48:06,748]   global/action/w:0 (256, 18)
[2018-05-20 20:48:06,748]   global/action/b:0 (18,)
[2018-05-20 20:48:06,748]   global/predictor/l1/W:0 (3, 3, 1, 32)
[2018-05-20 20:48:06,748]   global/predictor/l1/b:0 (1, 1, 1, 32)
[2018-05-20 20:48:06,749]   global/predictor/l2/W:0 (3, 3, 32, 32)
[2018-05-20 20:48:06,749]   global/predictor/l2/b:0 (1, 1, 1, 32)
[2018-05-20 20:48:06,749]   global/predictor/l3/W:0 (3, 3, 32, 32)
[2018-05-20 20:48:06,749]   global/predictor/l3/b:0 (1, 1, 1, 32)
[2018-05-20 20:48:06,749]   global/predictor/l4/W:0 (3, 3, 32, 32)
[2018-05-20 20:48:06,749]   global/predictor/l4/b:0 (1, 1, 1, 32)
[2018-05-20 20:48:06,749]   global/predictor/g1/w:0 (576, 256)
[2018-05-20 20:48:06,749]   global/predictor/g1/b:0 (256,)
[2018-05-20 20:48:06,749]   global/predictor/glast/w:0 (256, 18)
[2018-05-20 20:48:06,749]   global/predictor/glast/b:0 (18,)
[2018-05-20 20:48:06,749]   global/predictor/f1/w:0 (306, 256)
[2018-05-20 20:48:06,749]   global/predictor/f1/b:0 (256,)
[2018-05-20 20:48:06,749]   global/predictor/flast/w:0 (256, 288)
[2018-05-20 20:48:06,749]   global/predictor/flast/b:0 (288,)
[2018-05-20 20:48:06,750]   local/l1/W:0 (3, 3, 1, 32)
[2018-05-20 20:48:06,750]   local/l1/b:0 (1, 1, 1, 32)
[2018-05-20 20:48:06,750]   local/l2/W:0 (3, 3, 32, 32)
[2018-05-20 20:48:06,750]   local/l2/b:0 (1, 1, 1, 32)
[2018-05-20 20:48:06,750]   local/l3/W:0 (3, 3, 32, 32)
[2018-05-20 20:48:06,750]   local/l3/b:0 (1, 1, 1, 32)
[2018-05-20 20:48:06,750]   local/l4/W:0 (3, 3, 32, 32)
[2018-05-20 20:48:06,750]   local/l4/b:0 (1, 1, 1, 32)
[2018-05-20 20:48:06,750]   local/RNN/BasicLSTMCell/Linear/Matrix:0 (544, 1024)
[2018-05-20 20:48:06,750]   local/RNN/BasicLSTMCell/Linear/Bias:0 (1024,)
[2018-05-20 20:48:06,750]   local/value/w:0 (256, 1)
[2018-05-20 20:48:06,750]   local/value/b:0 (1,)
[2018-05-20 20:48:06,750]   local/action/w:0 (256, 18)
[2018-05-20 20:48:06,750]   local/action/b:0 (18,)
[2018-05-20 20:48:06,751]   local/predictor/l1/W:0 (3, 3, 1, 32)
[2018-05-20 20:48:06,751]   local/predictor/l1/b:0 (1, 1, 1, 32)
[2018-05-20 20:48:06,751]   local/predictor/l2/W:0 (3, 3, 32, 32)
[2018-05-20 20:48:06,751]   local/predictor/l2/b:0 (1, 1, 1, 32)
[2018-05-20 20:48:06,751]   local/predictor/l3/W:0 (3, 3, 32, 32)
[2018-05-20 20:48:06,751]   local/predictor/l3/b:0 (1, 1, 1, 32)
[2018-05-20 20:48:06,751]   local/predictor/l4/W:0 (3, 3, 32, 32)
[2018-05-20 20:48:06,751]   local/predictor/l4/b:0 (1, 1, 1, 32)
[2018-05-20 20:48:06,751]   local/predictor/g1/w:0 (576, 256)
[2018-05-20 20:48:06,751]   local/predictor/g1/b:0 (256,)
[2018-05-20 20:48:06,751]   local/predictor/glast/w:0 (256, 18)
[2018-05-20 20:48:06,751]   local/predictor/glast/b:0 (18,)
[2018-05-20 20:48:06,751]   local/predictor/f1/w:0 (306, 256)
[2018-05-20 20:48:06,752]   local/predictor/f1/b:0 (256,)
[2018-05-20 20:48:06,752]   local/predictor/flast/w:0 (256, 288)
[2018-05-20 20:48:06,752]   local/predictor/flast/b:0 (288,)
[2018-05-20 20:48:06,757] Events directory: /scratch/mricm/train_19
[2018-05-20 20:48:08,308] Starting session. If this hangs, we're mostly likely waiting to connect to the parameter server. One common cause is that the parameter server DNS name isn't resolving yet, or is misspecified.
I tensorflow/core/distributed_runtime/master_session.cc:993] Start master session dbedec5a28c388f4 with config: 
device_filters: "/job:ps"
device_filters: "/job:worker/task:19/cpu:0"

I tensorflow/core/distributed_runtime/master_session.cc:993] Start master session 545574a0a4e32890 with config: 
device_filters: "/job:ps"
device_filters: "/job:worker/task:19/cpu:0"

[2018-05-20 20:48:40,243] Called reset on <Unvectorize<VectorizeFilter[<class 'envs.DiagnosticsInfoI'>]<AtariRescale42x42<Vectorize<TimeLimit<AtariEnv instance>>>>>> before configuring. Configuring automatically with default arguments
[2018-05-20 20:48:40,256] Starting training at gobal_step=2568
[2018-05-20 20:48:40,257] Resetting environment logs
[2018-05-20 20:48:53,183] True Game terminating: env_episode_reward=0.0 episode_length=676
Episode finished. Sum of shaped rewards: 0.00. Length: 676. Bonus: 2.7726.
[2018-05-20 20:48:53,208] Resetting environment logs
Global Step Counter: 12932
[2018-05-20 20:49:10,940] True Game terminating: env_episode_reward=0.0 episode_length=848
Episode finished. Sum of shaped rewards: 0.00. Length: 848. Bonus: 0.4510.
[2018-05-20 20:49:10,959] Resetting environment logs
Global Step Counter: 28256
[2018-05-20 20:49:47,170] True Game terminating: env_episode_reward=0.0 episode_length=1754
Episode finished. Sum of shaped rewards: 0.00. Length: 1754. Bonus: 0.4316.
[2018-05-20 20:49:47,191] Resetting environment logs
Global Step Counter: 59401
[2018-05-20 20:50:09,699] True Game terminating: env_episode_reward=0.0 episode_length=1092
Episode finished. Sum of shaped rewards: 0.00. Length: 1092. Bonus: 0.2560.
[2018-05-20 20:50:09,725] Resetting environment logs
Global Step Counter: 78915
[2018-05-20 20:50:18,470] True Game terminating: env_episode_reward=0.0 episode_length=413
Episode finished. Sum of shaped rewards: 0.00. Length: 413. Bonus: 0.0923.
[2018-05-20 20:50:18,493] Resetting environment logs
Global Step Counter: 86433
[2018-05-20 20:50:38,207] True Game terminating: env_episode_reward=0.0 episode_length=951
Episode finished. Sum of shaped rewards: 0.00. Length: 951. Bonus: 0.1726.
[2018-05-20 20:50:38,233] Resetting environment logs
Global Step Counter: 103576
[2018-05-20 20:50:52,031] True Game terminating: env_episode_reward=0.0 episode_length=674
Episode finished. Sum of shaped rewards: 0.00. Length: 674. Bonus: 0.1453.
[2018-05-20 20:50:52,053] Resetting environment logs
Global Step Counter: 115492
[2018-05-20 20:51:09,906] True Game terminating: env_episode_reward=0.0 episode_length=854
Episode finished. Sum of shaped rewards: 0.00. Length: 854. Bonus: 0.1739.
[2018-05-20 20:51:09,929] Resetting environment logs
Global Step Counter: 130687
[2018-05-20 20:51:19,983] True Game terminating: env_episode_reward=0.0 episode_length=485
Episode finished. Sum of shaped rewards: 0.00. Length: 485. Bonus: 0.0796.
[2018-05-20 20:51:20,094] Resetting environment logs
Global Step Counter: 139461
[2018-05-20 20:51:27,872] True Game terminating: env_episode_reward=0.0 episode_length=368
Episode finished. Sum of shaped rewards: 0.00. Length: 368. Bonus: 0.0723.
[2018-05-20 20:51:27,895] Resetting environment logs
Global Step Counter: 146102
[2018-05-20 20:51:40,189] True Game terminating: env_episode_reward=0.0 episode_length=591
Episode finished. Sum of shaped rewards: 0.00. Length: 591. Bonus: 0.0881.
[2018-05-20 20:51:40,213] Resetting environment logs
Global Step Counter: 156731
[2018-05-20 20:51:47,286] True Game terminating: env_episode_reward=0.0 episode_length=353
Episode finished. Sum of shaped rewards: 0.00. Length: 353. Bonus: 0.0350.
[2018-05-20 20:51:47,306] Resetting environment logs
Global Step Counter: 162968
[2018-05-20 20:51:59,921] True Game terminating: env_episode_reward=0.0 episode_length=592
Episode finished. Sum of shaped rewards: 0.00. Length: 592. Bonus: 0.1015.
[2018-05-20 20:51:59,940] Resetting environment logs
Global Step Counter: 173811
[2018-05-20 20:52:06,255] True Game terminating: env_episode_reward=0.0 episode_length=304
Episode finished. Sum of shaped rewards: 0.00. Length: 304. Bonus: 0.0422.
[2018-05-20 20:52:06,279] Resetting environment logs
Global Step Counter: 179270
[2018-05-20 20:52:25,298] True Game terminating: env_episode_reward=0.0 episode_length=899
Episode finished. Sum of shaped rewards: 0.00. Length: 899. Bonus: 0.1434.
[2018-05-20 20:52:25,343] Resetting environment logs
Global Step Counter: 195548
[2018-05-20 20:52:45,669] True Game terminating: env_episode_reward=0.0 episode_length=958
Episode finished. Sum of shaped rewards: 0.00. Length: 958. Bonus: 0.1340.
[2018-05-20 20:52:45,704] Resetting environment logs
Global Step Counter: 212942
[2018-05-20 20:53:05,566] True Game terminating: env_episode_reward=0.0 episode_length=961
Episode finished. Sum of shaped rewards: 0.00. Length: 961. Bonus: 0.1452.
[2018-05-20 20:53:05,592] Resetting environment logs
Global Step Counter: 230006
[2018-05-20 20:53:33,284] True Game terminating: env_episode_reward=0.0 episode_length=1349
Episode finished. Sum of shaped rewards: 0.00. Length: 1349. Bonus: 0.1935.
[2018-05-20 20:53:33,318] Resetting environment logs
Global Step Counter: 253900
[2018-05-20 20:53:58,471] True Game terminating: env_episode_reward=0.0 episode_length=1220
Episode finished. Sum of shaped rewards: 0.00. Length: 1220. Bonus: 0.1489.
[2018-05-20 20:53:58,492] Resetting environment logs
Global Step Counter: 275710
[2018-05-20 20:54:22,947] True Game terminating: env_episode_reward=0.0 episode_length=1179
Episode finished. Sum of shaped rewards: 0.00. Length: 1179. Bonus: 0.1510.
[2018-05-20 20:54:22,970] Resetting environment logs
Global Step Counter: 296754
[2018-05-20 20:54:40,878] True Game terminating: env_episode_reward=0.0 episode_length=849
Episode finished. Sum of shaped rewards: 0.00. Length: 849. Bonus: 0.0873.
[2018-05-20 20:54:40,903] Resetting environment logs
Global Step Counter: 312117
[2018-05-20 20:55:01,531] True Game terminating: env_episode_reward=0.0 episode_length=997
Episode finished. Sum of shaped rewards: 0.00. Length: 997. Bonus: 0.1204.
[2018-05-20 20:55:01,558] Resetting environment logs
Global Step Counter: 329692
[2018-05-20 20:55:18,255] True Game terminating: env_episode_reward=0.0 episode_length=788
Episode finished. Sum of shaped rewards: 0.00. Length: 788. Bonus: 0.0775.
[2018-05-20 20:55:18,293] Resetting environment logs
Global Step Counter: 344005
[2018-05-20 20:55:36,991] True Game terminating: env_episode_reward=0.0 episode_length=895
Episode finished. Sum of shaped rewards: 0.00. Length: 895. Bonus: 0.0864.
[2018-05-20 20:55:37,016] Resetting environment logs
Global Step Counter: 360158
[2018-05-20 20:55:50,311] True Game terminating: env_episode_reward=0.0 episode_length=633
Episode finished. Sum of shaped rewards: 0.00. Length: 633. Bonus: 0.0870.
[2018-05-20 20:55:50,329] Resetting environment logs
Global Step Counter: 371475
[2018-05-20 20:56:13,713] True Game terminating: env_episode_reward=0.0 episode_length=1088
Episode finished. Sum of shaped rewards: 0.00. Length: 1088. Bonus: 0.1142.
[2018-05-20 20:56:13,737] Resetting environment logs
Global Step Counter: 391374
[2018-05-20 20:56:29,090] True Game terminating: env_episode_reward=0.0 episode_length=720
Episode finished. Sum of shaped rewards: 0.00. Length: 720. Bonus: 0.0684.
[2018-05-20 20:56:29,113] Resetting environment logs
Global Step Counter: 404353
[2018-05-20 20:56:53,093] True Game terminating: env_episode_reward=0.0 episode_length=1150
Episode finished. Sum of shaped rewards: 0.00. Length: 1150. Bonus: 1.7505.
[2018-05-20 20:56:53,114] Resetting environment logs
Global Step Counter: 424595
[2018-05-20 20:57:06,159] True Game terminating: env_episode_reward=0.0 episode_length=620
Episode finished. Sum of shaped rewards: 0.00. Length: 620. Bonus: 0.0494.
[2018-05-20 20:57:06,186] Resetting environment logs
Global Step Counter: 435456
[2018-05-20 20:57:24,844] True Game terminating: env_episode_reward=0.0 episode_length=865
Episode finished. Sum of shaped rewards: 0.00. Length: 865. Bonus: 0.0432.
[2018-05-20 20:57:24,869] Resetting environment logs
Global Step Counter: 450979
[2018-05-20 20:57:50,400] True Game terminating: env_episode_reward=0.0 episode_length=1162
Episode finished. Sum of shaped rewards: 0.00. Length: 1162. Bonus: 0.0761.
[2018-05-20 20:57:50,451] Resetting environment logs
Global Step Counter: 472147
[2018-05-20 20:58:23,305] True Game terminating: env_episode_reward=0.0 episode_length=1531
Episode finished. Sum of shaped rewards: 0.00. Length: 1531. Bonus: 0.1719.
[2018-05-20 20:58:23,329] Resetting environment logs
Global Step Counter: 499512
[2018-05-20 20:58:52,983] True Game terminating: env_episode_reward=0.0 episode_length=1398
Episode finished. Sum of shaped rewards: 0.00. Length: 1398. Bonus: 0.1752.
[2018-05-20 20:58:53,011] Resetting environment logs
Global Step Counter: 524246
[2018-05-20 20:59:19,085] True Game terminating: env_episode_reward=0.0 episode_length=1213
Episode finished. Sum of shaped rewards: 0.00. Length: 1213. Bonus: 0.1371.
[2018-05-20 20:59:19,107] Resetting environment logs
Global Step Counter: 545975
[2018-05-20 20:59:43,541] True Game terminating: env_episode_reward=0.0 episode_length=1152
Episode finished. Sum of shaped rewards: 0.00. Length: 1152. Bonus: 0.1281.
[2018-05-20 20:59:43,564] Resetting environment logs
Global Step Counter: 566465
[2018-05-20 20:59:58,020] True Game terminating: env_episode_reward=0.0 episode_length=689
Episode finished. Sum of shaped rewards: 0.00. Length: 689. Bonus: 0.1189.
[2018-05-20 20:59:58,053] Resetting environment logs
Global Step Counter: 578504
[2018-05-20 21:00:19,870] True Game terminating: env_episode_reward=0.0 episode_length=1014
Episode finished. Sum of shaped rewards: 0.00. Length: 1014. Bonus: 0.0505.
[2018-05-20 21:00:19,899] Resetting environment logs
Global Step Counter: 596649
[2018-05-20 21:00:45,336] True Game terminating: env_episode_reward=0.0 episode_length=1176
Episode finished. Sum of shaped rewards: 0.00. Length: 1176. Bonus: 0.1239.
[2018-05-20 21:00:45,359] Resetting environment logs
Global Step Counter: 617663
[2018-05-20 21:01:13,122] True Game terminating: env_episode_reward=0.0 episode_length=1270
Episode finished. Sum of shaped rewards: 0.00. Length: 1270. Bonus: 0.1414.
[2018-05-20 21:01:13,143] Resetting environment logs
Global Step Counter: 640862
[2018-05-20 21:02:03,288] True Game terminating: env_episode_reward=0.0 episode_length=2285
Episode finished. Sum of shaped rewards: 0.00. Length: 2285. Bonus: 0.1699.
[2018-05-20 21:02:03,310] Resetting environment logs
Global Step Counter: 682290
[2018-05-20 21:02:22,148] True Game terminating: env_episode_reward=0.0 episode_length=872
Episode finished. Sum of shaped rewards: 0.00. Length: 872. Bonus: 0.0516.
[2018-05-20 21:02:22,170] Resetting environment logs
Global Step Counter: 697798
[2018-05-20 21:02:42,113] True Game terminating: env_episode_reward=0.0 episode_length=914
Episode finished. Sum of shaped rewards: 0.00. Length: 914. Bonus: 0.1064.
[2018-05-20 21:02:42,137] Resetting environment logs
Global Step Counter: 714213
[2018-05-20 21:02:52,863] True Game terminating: env_episode_reward=0.0 episode_length=491
Episode finished. Sum of shaped rewards: 0.00. Length: 491. Bonus: 0.0193.
[2018-05-20 21:02:52,898] Resetting environment logs
Global Step Counter: 722949
[2018-05-20 21:03:12,350] True Game terminating: env_episode_reward=0.0 episode_length=892
Episode finished. Sum of shaped rewards: 0.00. Length: 892. Bonus: 0.0670.
[2018-05-20 21:03:12,394] Resetting environment logs
Global Step Counter: 738827
[2018-05-20 21:03:54,090] True Game terminating: env_episode_reward=0.0 episode_length=1871
Episode finished. Sum of shaped rewards: 0.00. Length: 1871. Bonus: 0.1302.
[2018-05-20 21:03:54,112] Resetting environment logs
Global Step Counter: 771988
[2018-05-20 21:04:07,974] True Game terminating: env_episode_reward=0.0 episode_length=598
Episode finished. Sum of shaped rewards: 0.00. Length: 598. Bonus: 0.0296.
[2018-05-20 21:04:07,995] Resetting environment logs
Global Step Counter: 782898
[2018-05-20 21:04:20,363] True Game terminating: env_episode_reward=0.0 episode_length=555
Episode finished. Sum of shaped rewards: 0.00. Length: 555. Bonus: 0.0400.
[2018-05-20 21:04:20,384] Resetting environment logs
Global Step Counter: 792516
[2018-05-20 21:04:38,624] True Game terminating: env_episode_reward=0.0 episode_length=808
Episode finished. Sum of shaped rewards: 0.00. Length: 808. Bonus: 0.1463.
[2018-05-20 21:04:38,663] Resetting environment logs
Global Step Counter: 806661
[2018-05-20 21:05:03,763] True Game terminating: env_episode_reward=0.0 episode_length=1079
Episode finished. Sum of shaped rewards: 0.00. Length: 1079. Bonus: 0.0330.
[2018-05-20 21:05:03,786] Resetting environment logs
Global Step Counter: 825794
[2018-05-20 21:05:24,566] True Game terminating: env_episode_reward=0.0 episode_length=875
Episode finished. Sum of shaped rewards: 0.00. Length: 875. Bonus: 0.0612.
[2018-05-20 21:05:24,589] Resetting environment logs
Global Step Counter: 841576
[2018-05-20 21:05:47,526] True Game terminating: env_episode_reward=0.0 episode_length=976
Episode finished. Sum of shaped rewards: 0.00. Length: 976. Bonus: 0.0573.
[2018-05-20 21:05:47,569] Resetting environment logs
Global Step Counter: 859229
[2018-05-20 21:06:28,127] True Game terminating: env_episode_reward=0.0 episode_length=1709
Episode finished. Sum of shaped rewards: 0.00. Length: 1709. Bonus: 0.1178.
[2018-05-20 21:06:28,149] Resetting environment logs
Global Step Counter: 889730
[2018-05-20 21:06:37,023] True Game terminating: env_episode_reward=0.0 episode_length=367
Episode finished. Sum of shaped rewards: 0.00. Length: 367. Bonus: 0.0088.
[2018-05-20 21:06:37,059] Resetting environment logs
Global Step Counter: 896346
[2018-05-20 21:06:54,187] True Game terminating: env_episode_reward=0.0 episode_length=727
Episode finished. Sum of shaped rewards: 0.00. Length: 727. Bonus: 0.0262.
[2018-05-20 21:06:54,213] Resetting environment logs
Global Step Counter: 909228
[2018-05-20 21:07:22,733] True Game terminating: env_episode_reward=0.0 episode_length=1232
Episode finished. Sum of shaped rewards: 0.00. Length: 1232. Bonus: 0.1248.
[2018-05-20 21:07:22,756] Resetting environment logs
Global Step Counter: 931189
[2018-05-20 21:07:45,195] True Game terminating: env_episode_reward=0.0 episode_length=986
Episode finished. Sum of shaped rewards: 0.00. Length: 986. Bonus: 0.0374.
[2018-05-20 21:07:45,217] Resetting environment logs
Global Step Counter: 948532
[2018-05-20 21:08:06,382] True Game terminating: env_episode_reward=0.0 episode_length=962
Episode finished. Sum of shaped rewards: 0.00. Length: 962. Bonus: 1.3493.
[2018-05-20 21:08:06,403] Resetting environment logs
Global Step Counter: 965848
[2018-05-20 21:08:15,175] True Game terminating: env_episode_reward=0.0 episode_length=404
Episode finished. Sum of shaped rewards: 0.00. Length: 404. Bonus: 0.4138.
[2018-05-20 21:08:15,197] Resetting environment logs
Global Step Counter: 973299
[2018-05-20 21:08:56,569] True Game terminating: env_episode_reward=0.0 episode_length=1943
Episode finished. Sum of shaped rewards: 0.00. Length: 1943. Bonus: 0.1836.
[2018-05-20 21:08:56,688] Resetting environment logs
Global Step Counter: 1008561
[2018-05-20 21:09:10,109] True Game terminating: env_episode_reward=0.0 episode_length=640
Episode finished. Sum of shaped rewards: 0.00. Length: 640. Bonus: 0.0466.
[2018-05-20 21:09:10,131] Resetting environment logs
Global Step Counter: 1019961
[2018-05-20 21:09:27,740] True Game terminating: env_episode_reward=0.0 episode_length=858
Episode finished. Sum of shaped rewards: 0.00. Length: 858. Bonus: 0.0541.
[2018-05-20 21:09:27,763] Resetting environment logs
Global Step Counter: 1035045
[2018-05-20 21:09:49,896] True Game terminating: env_episode_reward=0.0 episode_length=1057
Episode finished. Sum of shaped rewards: 0.00. Length: 1057. Bonus: 0.1157.
[2018-05-20 21:09:49,932] Resetting environment logs
Global Step Counter: 1054170
[2018-05-20 21:10:21,295] True Game terminating: env_episode_reward=0.0 episode_length=1496
Episode finished. Sum of shaped rewards: 0.00. Length: 1496. Bonus: 0.1096.
[2018-05-20 21:10:21,317] Resetting environment logs
Global Step Counter: 1080954
[2018-05-20 21:10:41,843] True Game terminating: env_episode_reward=0.0 episode_length=957
Episode finished. Sum of shaped rewards: 0.00. Length: 957. Bonus: 0.0634.
[2018-05-20 21:10:41,865] Resetting environment logs
Global Step Counter: 1098437
[2018-05-20 21:11:03,624] True Game terminating: env_episode_reward=0.0 episode_length=1032
Episode finished. Sum of shaped rewards: 0.00. Length: 1032. Bonus: 0.0950.
[2018-05-20 21:11:03,661] Resetting environment logs
Global Step Counter: 1116922
[2018-05-20 21:11:27,435] True Game terminating: env_episode_reward=0.0 episode_length=1120
Episode finished. Sum of shaped rewards: 0.00. Length: 1120. Bonus: 0.1302.
[2018-05-20 21:11:27,457] Resetting environment logs
Global Step Counter: 1137118
[2018-05-20 21:11:39,721] True Game terminating: env_episode_reward=0.0 episode_length=570
Episode finished. Sum of shaped rewards: 0.00. Length: 570. Bonus: 0.0166.
[2018-05-20 21:11:39,741] Resetting environment logs
Global Step Counter: 1147534
[2018-05-20 21:12:05,440] True Game terminating: env_episode_reward=0.0 episode_length=1244
Episode finished. Sum of shaped rewards: 0.00. Length: 1244. Bonus: 0.1223.
[2018-05-20 21:12:05,469] Resetting environment logs
Global Step Counter: 1169469
[2018-05-20 21:12:38,845] True Game terminating: env_episode_reward=0.0 episode_length=1576
Episode finished. Sum of shaped rewards: 0.00. Length: 1576. Bonus: 0.1451.
[2018-05-20 21:12:38,871] Resetting environment logs
Global Step Counter: 1197597
[2018-05-20 21:12:52,751] True Game terminating: env_episode_reward=0.0 episode_length=636
Episode finished. Sum of shaped rewards: 0.00. Length: 636. Bonus: 0.0391.
[2018-05-20 21:12:52,774] Resetting environment logs
Global Step Counter: 1209445
[2018-05-20 21:13:17,532] True Game terminating: env_episode_reward=0.0 episode_length=1161
Episode finished. Sum of shaped rewards: 0.00. Length: 1161. Bonus: 0.0713.
[2018-05-20 21:13:17,553] Resetting environment logs
Global Step Counter: 1230401
[2018-05-20 21:13:53,143] True Game terminating: env_episode_reward=0.0 episode_length=1660
Episode finished. Sum of shaped rewards: 0.00. Length: 1660. Bonus: 0.1533.
[2018-05-20 21:13:53,168] Resetting environment logs
Global Step Counter: 1260326
[2018-05-20 21:14:18,374] True Game terminating: env_episode_reward=0.0 episode_length=1187
Episode finished. Sum of shaped rewards: 0.00. Length: 1187. Bonus: 0.0897.
[2018-05-20 21:14:18,395] Resetting environment logs
Global Step Counter: 1281404
[2018-05-20 21:14:52,651] True Game terminating: env_episode_reward=0.0 episode_length=1608
Episode finished. Sum of shaped rewards: 0.00. Length: 1608. Bonus: 0.2191.
[2018-05-20 21:14:52,674] Resetting environment logs
Global Step Counter: 1310253
[2018-05-20 21:15:10,718] True Game terminating: env_episode_reward=0.0 episode_length=811
Episode finished. Sum of shaped rewards: 0.00. Length: 811. Bonus: 0.0869.
[2018-05-20 21:15:10,745] Resetting environment logs
Global Step Counter: 1325219
[2018-05-20 21:15:20,838] True Game terminating: env_episode_reward=0.0 episode_length=453
Episode finished. Sum of shaped rewards: 0.00. Length: 453. Bonus: 0.0489.
[2018-05-20 21:15:20,858] Resetting environment logs
Global Step Counter: 1333641
[2018-05-20 21:15:39,571] True Game terminating: env_episode_reward=0.0 episode_length=857
Episode finished. Sum of shaped rewards: 0.00. Length: 857. Bonus: 0.1267.
[2018-05-20 21:15:39,594] Resetting environment logs
Global Step Counter: 1349119
[2018-05-20 21:16:05,507] True Game terminating: env_episode_reward=0.0 episode_length=1205
Episode finished. Sum of shaped rewards: 0.00. Length: 1205. Bonus: 0.1091.
[2018-05-20 21:16:05,531] Resetting environment logs
Global Step Counter: 1370624
[2018-05-20 21:16:12,793] True Game terminating: env_episode_reward=0.0 episode_length=340
Episode finished. Sum of shaped rewards: 0.00. Length: 340. Bonus: 0.0474.
[2018-05-20 21:16:12,815] Resetting environment logs
Global Step Counter: 1376669
[2018-05-20 21:16:20,666] True Game terminating: env_episode_reward=0.0 episode_length=356
Episode finished. Sum of shaped rewards: 0.00. Length: 356. Bonus: 0.0584.
[2018-05-20 21:16:20,689] Resetting environment logs
Global Step Counter: 1383179
[2018-05-20 21:16:48,424] True Game terminating: env_episode_reward=0.0 episode_length=1305
Episode finished. Sum of shaped rewards: 0.00. Length: 1305. Bonus: 0.1461.
[2018-05-20 21:16:48,445] Resetting environment logs
Global Step Counter: 1406238
[2018-05-20 21:17:12,330] True Game terminating: env_episode_reward=0.0 episode_length=1108
Episode finished. Sum of shaped rewards: 0.00. Length: 1108. Bonus: 0.0497.
[2018-05-20 21:17:12,356] Resetting environment logs
Global Step Counter: 1426092
[2018-05-20 21:17:32,907] True Game terminating: env_episode_reward=0.0 episode_length=943
Episode finished. Sum of shaped rewards: 0.00. Length: 943. Bonus: 0.0761.
[2018-05-20 21:17:32,933] Resetting environment logs
Global Step Counter: 1442923
[2018-05-20 21:17:41,804] True Game terminating: env_episode_reward=0.0 episode_length=404
Episode finished. Sum of shaped rewards: 0.00. Length: 404. Bonus: 0.0253.
[2018-05-20 21:17:41,825] Resetting environment logs
Global Step Counter: 1450183
[2018-05-20 21:17:55,336] True Game terminating: env_episode_reward=0.0 episode_length=618
Episode finished. Sum of shaped rewards: 0.00. Length: 618. Bonus: 0.0538.
[2018-05-20 21:17:55,381] Resetting environment logs
Global Step Counter: 1461204
[2018-05-20 21:18:07,361] True Game terminating: env_episode_reward=0.0 episode_length=523
Episode finished. Sum of shaped rewards: 0.00. Length: 523. Bonus: 0.0480.
[2018-05-20 21:18:07,398] Resetting environment logs
Global Step Counter: 1470638
[2018-05-20 21:18:15,065] True Game terminating: env_episode_reward=0.0 episode_length=331
Episode finished. Sum of shaped rewards: 0.00. Length: 331. Bonus: 0.0279.
[2018-05-20 21:18:15,093] Resetting environment logs
Global Step Counter: 1476359
[2018-05-20 21:18:29,597] True Game terminating: env_episode_reward=0.0 episode_length=606
Episode finished. Sum of shaped rewards: 0.00. Length: 606. Bonus: 0.0616.
[2018-05-20 21:18:29,624] Resetting environment logs
Global Step Counter: 1487670
Exception in thread Thread-1:
Traceback (most recent call last):
  File "/usr/lib/python2.7/threading.py", line 801, in __bootstrap_inner
    self.run()
  File "/home/verma_rohil/noreward-rl/src/a3c.py", line 135, in run
    self._run()
  File "/home/verma_rohil/noreward-rl/src/a3c.py", line 146, in _run
    self.queue.put(next(rollout_provider), timeout=600.0)
  File "/home/verma_rohil/noreward-rl/src/a3c.py", line 184, in env_runner
    bonus = predictor.pred_bonus(last_state, state, action)
  File "/home/verma_rohil/noreward-rl/src/model.py", line 310, in pred_bonus
    {self.s1: [s1], self.s2: [s2], self.asample: [asample]})
  File "/home/verma_rohil/noreward-rl/curiosity/local/lib/python2.7/site-packages/tensorflow/python/client/session.py", line 766, in run
    run_metadata_ptr)
  File "/home/verma_rohil/noreward-rl/curiosity/local/lib/python2.7/site-packages/tensorflow/python/client/session.py", line 902, in _run
    raise RuntimeError('Attempted to use a closed Session.')
RuntimeError: Attempted to use a closed Session.

[2018-05-20 21:18:45,270] reached 1500067 steps. worker stopped.
