[2018-05-20 20:48:03,469] Writing logs to file: /tmp/universe-21146.log
I tensorflow/core/distributed_runtime/rpc/grpc_channel.cc:197] Initialize GrpcChannelCache for job ps -> {0 -> 127.0.0.1:12222}
I tensorflow/core/distributed_runtime/rpc/grpc_channel.cc:197] Initialize GrpcChannelCache for job worker -> {0 -> 127.0.0.1:12223, 1 -> 127.0.0.1:12224, 2 -> 127.0.0.1:12225, 3 -> 127.0.0.1:12226, 4 -> 127.0.0.1:12227, 5 -> 127.0.0.1:12228, 6 -> 127.0.0.1:12229, 7 -> 127.0.0.1:12230, 8 -> 127.0.0.1:12231, 9 -> localhost:12232, 10 -> 127.0.0.1:12233, 11 -> 127.0.0.1:12234, 12 -> 127.0.0.1:12235, 13 -> 127.0.0.1:12236, 14 -> 127.0.0.1:12237, 15 -> 127.0.0.1:12238, 16 -> 127.0.0.1:12239, 17 -> 127.0.0.1:12240, 18 -> 127.0.0.1:12241, 19 -> 127.0.0.1:12242}
I tensorflow/core/distributed_runtime/rpc/grpc_server_lib.cc:211] Started server with target: grpc://localhost:12232
[2018-05-20 20:48:03,488] Making new env: MontezumaRevenge-v0
Using universe head design
Using universe head design
Using universe head design
Using universe head design
Using universe head design
Using universe head design
Optimizer: ADAM with lr: 0.000100
Input observation shape:  (42, 42, 1)
[2018-05-20 20:48:08,460] Trainable vars:
[2018-05-20 20:48:08,460]   global/l1/W:0 (3, 3, 1, 32)
[2018-05-20 20:48:08,460]   global/l1/b:0 (1, 1, 1, 32)
[2018-05-20 20:48:08,461]   global/l2/W:0 (3, 3, 32, 32)
[2018-05-20 20:48:08,461]   global/l2/b:0 (1, 1, 1, 32)
[2018-05-20 20:48:08,461]   global/l3/W:0 (3, 3, 32, 32)
[2018-05-20 20:48:08,461]   global/l3/b:0 (1, 1, 1, 32)
[2018-05-20 20:48:08,461]   global/l4/W:0 (3, 3, 32, 32)
[2018-05-20 20:48:08,461]   global/l4/b:0 (1, 1, 1, 32)
[2018-05-20 20:48:08,461]   global/RNN/BasicLSTMCell/Linear/Matrix:0 (544, 1024)
[2018-05-20 20:48:08,462]   global/RNN/BasicLSTMCell/Linear/Bias:0 (1024,)
[2018-05-20 20:48:08,462]   global/value/w:0 (256, 1)
[2018-05-20 20:48:08,462]   global/value/b:0 (1,)
[2018-05-20 20:48:08,462]   global/action/w:0 (256, 18)
[2018-05-20 20:48:08,462]   global/action/b:0 (18,)
[2018-05-20 20:48:08,462]   global/predictor/l1/W:0 (3, 3, 1, 32)
[2018-05-20 20:48:08,462]   global/predictor/l1/b:0 (1, 1, 1, 32)
[2018-05-20 20:48:08,463]   global/predictor/l2/W:0 (3, 3, 32, 32)
[2018-05-20 20:48:08,463]   global/predictor/l2/b:0 (1, 1, 1, 32)
[2018-05-20 20:48:08,463]   global/predictor/l3/W:0 (3, 3, 32, 32)
[2018-05-20 20:48:08,463]   global/predictor/l3/b:0 (1, 1, 1, 32)
[2018-05-20 20:48:08,463]   global/predictor/l4/W:0 (3, 3, 32, 32)
[2018-05-20 20:48:08,463]   global/predictor/l4/b:0 (1, 1, 1, 32)
[2018-05-20 20:48:08,463]   global/predictor/g1/w:0 (576, 256)
[2018-05-20 20:48:08,464]   global/predictor/g1/b:0 (256,)
[2018-05-20 20:48:08,464]   global/predictor/glast/w:0 (256, 18)
[2018-05-20 20:48:08,464]   global/predictor/glast/b:0 (18,)
[2018-05-20 20:48:08,464]   global/predictor/f1/w:0 (306, 256)
[2018-05-20 20:48:08,464]   global/predictor/f1/b:0 (256,)
[2018-05-20 20:48:08,464]   global/predictor/flast/w:0 (256, 288)
[2018-05-20 20:48:08,464]   global/predictor/flast/b:0 (288,)
[2018-05-20 20:48:08,464]   local/l1/W:0 (3, 3, 1, 32)
[2018-05-20 20:48:08,465]   local/l1/b:0 (1, 1, 1, 32)
[2018-05-20 20:48:08,465]   local/l2/W:0 (3, 3, 32, 32)
[2018-05-20 20:48:08,465]   local/l2/b:0 (1, 1, 1, 32)
[2018-05-20 20:48:08,465]   local/l3/W:0 (3, 3, 32, 32)
[2018-05-20 20:48:08,465]   local/l3/b:0 (1, 1, 1, 32)
[2018-05-20 20:48:08,465]   local/l4/W:0 (3, 3, 32, 32)
[2018-05-20 20:48:08,465]   local/l4/b:0 (1, 1, 1, 32)
[2018-05-20 20:48:08,466]   local/RNN/BasicLSTMCell/Linear/Matrix:0 (544, 1024)
[2018-05-20 20:48:08,466]   local/RNN/BasicLSTMCell/Linear/Bias:0 (1024,)
[2018-05-20 20:48:08,466]   local/value/w:0 (256, 1)
[2018-05-20 20:48:08,466]   local/value/b:0 (1,)
[2018-05-20 20:48:08,466]   local/action/w:0 (256, 18)
[2018-05-20 20:48:08,466]   local/action/b:0 (18,)
[2018-05-20 20:48:08,466]   local/predictor/l1/W:0 (3, 3, 1, 32)
[2018-05-20 20:48:08,467]   local/predictor/l1/b:0 (1, 1, 1, 32)
[2018-05-20 20:48:08,467]   local/predictor/l2/W:0 (3, 3, 32, 32)
[2018-05-20 20:48:08,467]   local/predictor/l2/b:0 (1, 1, 1, 32)
[2018-05-20 20:48:08,467]   local/predictor/l3/W:0 (3, 3, 32, 32)
[2018-05-20 20:48:08,467]   local/predictor/l3/b:0 (1, 1, 1, 32)
[2018-05-20 20:48:08,467]   local/predictor/l4/W:0 (3, 3, 32, 32)
[2018-05-20 20:48:08,467]   local/predictor/l4/b:0 (1, 1, 1, 32)
[2018-05-20 20:48:08,468]   local/predictor/g1/w:0 (576, 256)
[2018-05-20 20:48:08,468]   local/predictor/g1/b:0 (256,)
[2018-05-20 20:48:08,468]   local/predictor/glast/w:0 (256, 18)
[2018-05-20 20:48:08,468]   local/predictor/glast/b:0 (18,)
[2018-05-20 20:48:08,468]   local/predictor/f1/w:0 (306, 256)
[2018-05-20 20:48:08,468]   local/predictor/f1/b:0 (256,)
[2018-05-20 20:48:08,468]   local/predictor/flast/w:0 (256, 288)
[2018-05-20 20:48:08,468]   local/predictor/flast/b:0 (288,)
[2018-05-20 20:48:08,469] Events directory: /scratch/mricm/train_9
[2018-05-20 20:48:10,309] Starting session. If this hangs, we're mostly likely waiting to connect to the parameter server. One common cause is that the parameter server DNS name isn't resolving yet, or is misspecified.
I tensorflow/core/distributed_runtime/master_session.cc:993] Start master session 4f0f6332edf7e6dc with config: 
device_filters: "/job:ps"
device_filters: "/job:worker/task:9/cpu:0"

I tensorflow/core/distributed_runtime/master_session.cc:993] Start master session d61320718342223f with config: 
device_filters: "/job:ps"
device_filters: "/job:worker/task:9/cpu:0"

[2018-05-20 20:48:42,370] Called reset on <Unvectorize<VectorizeFilter[<class 'envs.DiagnosticsInfoI'>]<AtariRescale42x42<Vectorize<TimeLimit<AtariEnv instance>>>>>> before configuring. Configuring automatically with default arguments
[2018-05-20 20:48:42,383] Resetting environment logs
[2018-05-20 20:48:42,419] Starting training at gobal_step=3628
[2018-05-20 20:49:01,604] True Game terminating: env_episode_reward=0.0 episode_length=922
Episode finished. Sum of shaped rewards: 0.00. Length: 922. Bonus: 2.4683.
[2018-05-20 20:49:01,626] Resetting environment logs
Global Step Counter: 20365
[2018-05-20 20:49:42,561] True Game terminating: env_episode_reward=0.0 episode_length=1952
Episode finished. Sum of shaped rewards: 0.00. Length: 1952. Bonus: 0.5490.
[2018-05-20 20:49:42,583] Resetting environment logs
Global Step Counter: 55483
[2018-05-20 20:50:04,448] True Game terminating: env_episode_reward=0.0 episode_length=1043
Episode finished. Sum of shaped rewards: 0.00. Length: 1043. Bonus: 0.2577.
[2018-05-20 20:50:04,543] Resetting environment logs
Global Step Counter: 74432
[2018-05-20 20:50:20,041] True Game terminating: env_episode_reward=0.0 episode_length=736
Episode finished. Sum of shaped rewards: 0.00. Length: 736. Bonus: 0.1625.
[2018-05-20 20:50:20,063] Resetting environment logs
Global Step Counter: 87783
[2018-05-20 20:50:29,319] True Game terminating: env_episode_reward=0.0 episode_length=463
Episode finished. Sum of shaped rewards: 0.00. Length: 463. Bonus: 0.0857.
[2018-05-20 20:50:29,340] Resetting environment logs
Global Step Counter: 95983
[2018-05-20 20:50:47,880] True Game terminating: env_episode_reward=0.0 episode_length=866
Episode finished. Sum of shaped rewards: 0.00. Length: 866. Bonus: 0.1697.
[2018-05-20 20:50:47,902] Resetting environment logs
Global Step Counter: 111832
[2018-05-20 20:51:10,315] True Game terminating: env_episode_reward=0.0 episode_length=1094
Episode finished. Sum of shaped rewards: 0.00. Length: 1094. Bonus: 0.2192.
[2018-05-20 20:51:10,336] Resetting environment logs
Global Step Counter: 131092
[2018-05-20 20:51:32,611] True Game terminating: env_episode_reward=0.0 episode_length=1062
Episode finished. Sum of shaped rewards: 0.00. Length: 1062. Bonus: 0.2113.
[2018-05-20 20:51:32,641] Resetting environment logs
Global Step Counter: 150339
[2018-05-20 20:51:57,316] True Game terminating: env_episode_reward=0.0 episode_length=1203
Episode finished. Sum of shaped rewards: 0.00. Length: 1203. Bonus: 0.1488.
[2018-05-20 20:51:57,339] Resetting environment logs
Global Step Counter: 171576
[2018-05-20 20:52:09,546] True Game terminating: env_episode_reward=0.0 episode_length=593
Episode finished. Sum of shaped rewards: 0.00. Length: 593. Bonus: 0.0904.
[2018-05-20 20:52:09,567] Resetting environment logs
Global Step Counter: 182070
[2018-05-20 20:52:22,482] True Game terminating: env_episode_reward=0.0 episode_length=601
Episode finished. Sum of shaped rewards: 0.00. Length: 601. Bonus: 0.0989.
[2018-05-20 20:52:22,614] Resetting environment logs
Global Step Counter: 193306
[2018-05-20 20:53:09,819] True Game terminating: env_episode_reward=0.0 episode_length=2231
Episode finished. Sum of shaped rewards: 0.00. Length: 2231. Bonus: 0.3222.
[2018-05-20 20:53:09,855] Resetting environment logs
Global Step Counter: 233743
[2018-05-20 20:53:19,642] True Game terminating: env_episode_reward=0.0 episode_length=472
Episode finished. Sum of shaped rewards: 0.00. Length: 472. Bonus: 0.0662.
[2018-05-20 20:53:19,663] Resetting environment logs
Global Step Counter: 242157
[2018-05-20 20:53:48,270] True Game terminating: env_episode_reward=0.0 episode_length=1378
Episode finished. Sum of shaped rewards: 0.00. Length: 1378. Bonus: 0.2012.
[2018-05-20 20:53:48,306] Resetting environment logs
Global Step Counter: 266950
[2018-05-20 20:54:04,450] True Game terminating: env_episode_reward=0.0 episode_length=768
Episode finished. Sum of shaped rewards: 0.00. Length: 768. Bonus: 0.0687.
[2018-05-20 20:54:04,472] Resetting environment logs
Global Step Counter: 280901
[2018-05-20 20:54:21,819] True Game terminating: env_episode_reward=0.0 episode_length=831
Episode finished. Sum of shaped rewards: 0.00. Length: 831. Bonus: 0.1238.
[2018-05-20 20:54:21,843] Resetting environment logs
Global Step Counter: 295785
[2018-05-20 20:54:32,733] True Game terminating: env_episode_reward=0.0 episode_length=513
Episode finished. Sum of shaped rewards: 0.00. Length: 513. Bonus: 0.0418.
[2018-05-20 20:54:32,756] Resetting environment logs
Global Step Counter: 305131
[2018-05-20 20:54:43,935] True Game terminating: env_episode_reward=0.0 episode_length=538
Episode finished. Sum of shaped rewards: 0.00. Length: 538. Bonus: 0.0608.
[2018-05-20 20:54:43,954] Resetting environment logs
Global Step Counter: 314701
[2018-05-20 20:54:51,655] True Game terminating: env_episode_reward=0.0 episode_length=364
Episode finished. Sum of shaped rewards: 0.00. Length: 364. Bonus: 0.0453.
[2018-05-20 20:54:51,677] Resetting environment logs
Global Step Counter: 321371
[2018-05-20 20:55:08,313] True Game terminating: env_episode_reward=0.0 episode_length=789
Episode finished. Sum of shaped rewards: 0.00. Length: 789. Bonus: 0.0844.
[2018-05-20 20:55:08,336] Resetting environment logs
Global Step Counter: 335564
[2018-05-20 20:55:25,331] True Game terminating: env_episode_reward=0.0 episode_length=807
Episode finished. Sum of shaped rewards: 0.00. Length: 807. Bonus: 0.0938.
[2018-05-20 20:55:25,356] Resetting environment logs
Global Step Counter: 350138
[2018-05-20 20:55:37,774] True Game terminating: env_episode_reward=0.0 episode_length=599
Episode finished. Sum of shaped rewards: 0.00. Length: 599. Bonus: 0.0500.
[2018-05-20 20:55:37,809] Resetting environment logs
Global Step Counter: 360832
[2018-05-20 20:55:43,662] True Game terminating: env_episode_reward=0.0 episode_length=281
Episode finished. Sum of shaped rewards: 0.00. Length: 281. Bonus: 0.0335.
[2018-05-20 20:55:43,716] Resetting environment logs
Global Step Counter: 365900
[2018-05-20 20:56:01,913] True Game terminating: env_episode_reward=0.0 episode_length=847
Episode finished. Sum of shaped rewards: 0.00. Length: 847. Bonus: 0.1219.
[2018-05-20 20:56:01,936] Resetting environment logs
Global Step Counter: 381375
[2018-05-20 20:56:24,628] True Game terminating: env_episode_reward=0.0 episode_length=1080
Episode finished. Sum of shaped rewards: 0.00. Length: 1080. Bonus: 0.0896.
[2018-05-20 20:56:24,669] Resetting environment logs
Global Step Counter: 400558
[2018-05-20 20:56:41,778] True Game terminating: env_episode_reward=0.0 episode_length=805
Episode finished. Sum of shaped rewards: 0.00. Length: 805. Bonus: 0.3438.
[2018-05-20 20:56:41,800] Resetting environment logs
Global Step Counter: 415011
[2018-05-20 20:56:47,656] True Game terminating: env_episode_reward=0.0 episode_length=283
Episode finished. Sum of shaped rewards: 0.00. Length: 283. Bonus: 0.9763.
[2018-05-20 20:56:47,691] Resetting environment logs
Global Step Counter: 420055
[2018-05-20 20:57:18,812] True Game terminating: env_episode_reward=0.0 episode_length=1433
Episode finished. Sum of shaped rewards: 0.00. Length: 1433. Bonus: 0.3597.
[2018-05-20 20:57:18,836] Resetting environment logs
Global Step Counter: 445889
[2018-05-20 20:57:34,437] True Game terminating: env_episode_reward=0.0 episode_length=719
Episode finished. Sum of shaped rewards: 0.00. Length: 719. Bonus: 0.0419.
[2018-05-20 20:57:34,461] Resetting environment logs
Global Step Counter: 458945
[2018-05-20 20:58:43,688] True Game terminating: env_episode_reward=0.0 episode_length=3216
Episode finished. Sum of shaped rewards: 0.00. Length: 3216. Bonus: 0.3311.
[2018-05-20 20:58:43,710] Resetting environment logs
Global Step Counter: 516477
[2018-05-20 20:59:01,413] True Game terminating: env_episode_reward=0.0 episode_length=831
Episode finished. Sum of shaped rewards: 0.00. Length: 831. Bonus: 0.1428.
[2018-05-20 20:59:01,437] Resetting environment logs
Global Step Counter: 531381
[2018-05-20 20:59:10,601] True Game terminating: env_episode_reward=0.0 episode_length=417
Episode finished. Sum of shaped rewards: 0.00. Length: 417. Bonus: 0.0276.
[2018-05-20 20:59:10,622] Resetting environment logs
Global Step Counter: 538978
[2018-05-20 20:59:41,552] True Game terminating: env_episode_reward=0.0 episode_length=1436
Episode finished. Sum of shaped rewards: 0.00. Length: 1436. Bonus: 0.1364.
[2018-05-20 20:59:41,574] Resetting environment logs
Global Step Counter: 564804
[2018-05-20 21:00:01,435] True Game terminating: env_episode_reward=0.0 episode_length=913
Episode finished. Sum of shaped rewards: 0.00. Length: 913. Bonus: 0.1480.
[2018-05-20 21:00:01,456] Resetting environment logs
Global Step Counter: 581363
[2018-05-20 21:00:31,827] True Game terminating: env_episode_reward=0.0 episode_length=1415
Episode finished. Sum of shaped rewards: 0.00. Length: 1415. Bonus: 0.0984.
[2018-05-20 21:00:31,847] Resetting environment logs
Global Step Counter: 606481
[2018-05-20 21:00:59,300] True Game terminating: env_episode_reward=0.0 episode_length=1251
Episode finished. Sum of shaped rewards: 0.00. Length: 1251. Bonus: 0.1030.
[2018-05-20 21:00:59,321] Resetting environment logs
Global Step Counter: 629321
[2018-05-20 21:01:23,634] True Game terminating: env_episode_reward=0.0 episode_length=1122
Episode finished. Sum of shaped rewards: 0.00. Length: 1122. Bonus: 0.1269.
[2018-05-20 21:01:23,656] Resetting environment logs
Global Step Counter: 649673
[2018-05-20 21:01:34,675] True Game terminating: env_episode_reward=0.0 episode_length=513
Episode finished. Sum of shaped rewards: 0.00. Length: 513. Bonus: 0.0205.
[2018-05-20 21:01:34,696] Resetting environment logs
Global Step Counter: 658651
[2018-05-20 21:03:30,657] True Game terminating: env_episode_reward=0.0 episode_length=5307
Episode finished. Sum of shaped rewards: 0.00. Length: 5307. Bonus: 0.4393.
[2018-05-20 21:03:30,687] Resetting environment logs
Global Step Counter: 753585
[2018-05-20 21:03:39,209] True Game terminating: env_episode_reward=0.0 episode_length=402
Episode finished. Sum of shaped rewards: 0.00. Length: 402. Bonus: 0.0233.
[2018-05-20 21:03:39,231] Resetting environment logs
Global Step Counter: 760499
[2018-05-20 21:04:48,764] True Game terminating: env_episode_reward=0.0 episode_length=3021
Episode finished. Sum of shaped rewards: 0.00. Length: 3021. Bonus: 0.2733.
[2018-05-20 21:04:48,792] Resetting environment logs
Global Step Counter: 814482
[2018-05-20 21:05:01,984] True Game terminating: env_episode_reward=0.0 episode_length=539
Episode finished. Sum of shaped rewards: 0.00. Length: 539. Bonus: 0.0094.
[2018-05-20 21:05:02,007] Resetting environment logs
Global Step Counter: 824426
[2018-05-20 21:05:24,462] True Game terminating: env_episode_reward=0.0 episode_length=946
Episode finished. Sum of shaped rewards: 0.00. Length: 946. Bonus: 0.0629.
[2018-05-20 21:05:24,484] Resetting environment logs
Global Step Counter: 841530
[2018-05-20 21:05:39,145] True Game terminating: env_episode_reward=0.0 episode_length=631
Episode finished. Sum of shaped rewards: 0.00. Length: 631. Bonus: 0.0339.
[2018-05-20 21:05:39,168] Resetting environment logs
Global Step Counter: 852877
[2018-05-20 21:06:00,506] True Game terminating: env_episode_reward=0.0 episode_length=913
Episode finished. Sum of shaped rewards: 0.00. Length: 913. Bonus: 0.0520.
[2018-05-20 21:06:00,536] Resetting environment logs
Global Step Counter: 869144
[2018-05-20 21:06:20,625] True Game terminating: env_episode_reward=0.0 episode_length=828
Episode finished. Sum of shaped rewards: 0.00. Length: 828. Bonus: 0.0645.
[2018-05-20 21:06:20,648] Resetting environment logs
Global Step Counter: 884149
[2018-05-20 21:06:48,330] True Game terminating: env_episode_reward=0.0 episode_length=1148
Episode finished. Sum of shaped rewards: 0.00. Length: 1148. Bonus: 0.0469.
[2018-05-20 21:06:48,354] Resetting environment logs
Global Step Counter: 904780
[2018-05-20 21:07:08,760] True Game terminating: env_episode_reward=0.0 episode_length=873
Episode finished. Sum of shaped rewards: 0.00. Length: 873. Bonus: 0.0986.
[2018-05-20 21:07:08,780] Resetting environment logs
Global Step Counter: 920470
[2018-05-20 21:07:24,502] True Game terminating: env_episode_reward=0.0 episode_length=670
Episode finished. Sum of shaped rewards: 0.00. Length: 670. Bonus: 0.0351.
[2018-05-20 21:07:24,522] Resetting environment logs
Global Step Counter: 932601
[2018-05-20 21:07:37,864] True Game terminating: env_episode_reward=0.0 episode_length=568
Episode finished. Sum of shaped rewards: 0.00. Length: 568. Bonus: 0.0215.
[2018-05-20 21:07:37,895] Resetting environment logs
Global Step Counter: 942945
[2018-05-20 21:08:04,383] True Game terminating: env_episode_reward=0.0 episode_length=1169
Episode finished. Sum of shaped rewards: 0.00. Length: 1169. Bonus: 1.5333.
[2018-05-20 21:08:04,405] Resetting environment logs
Global Step Counter: 964121
[2018-05-20 21:08:19,982] True Game terminating: env_episode_reward=0.0 episode_length=741
Episode finished. Sum of shaped rewards: 0.00. Length: 741. Bonus: 0.5201.
[2018-05-20 21:08:20,005] Resetting environment logs
Global Step Counter: 977393
[2018-05-20 21:08:52,432] True Game terminating: env_episode_reward=0.0 episode_length=1514
Episode finished. Sum of shaped rewards: 0.00. Length: 1514. Bonus: 0.1113.
[2018-05-20 21:08:52,455] Resetting environment logs
Global Step Counter: 1004953
[2018-05-20 21:09:02,340] True Game terminating: env_episode_reward=0.0 episode_length=478
Episode finished. Sum of shaped rewards: 0.00. Length: 478. Bonus: 0.0558.
[2018-05-20 21:09:02,361] Resetting environment logs
Global Step Counter: 1013451
[2018-05-20 21:09:33,146] True Game terminating: env_episode_reward=0.0 episode_length=1432
Episode finished. Sum of shaped rewards: 0.00. Length: 1432. Bonus: 0.1047.
[2018-05-20 21:09:33,166] Resetting environment logs
Global Step Counter: 1039685
[2018-05-20 21:09:44,150] True Game terminating: env_episode_reward=0.0 episode_length=524
Episode finished. Sum of shaped rewards: 0.00. Length: 524. Bonus: 0.0619.
[2018-05-20 21:09:44,170] Resetting environment logs
Global Step Counter: 1049205
[2018-05-20 21:10:18,856] True Game terminating: env_episode_reward=0.0 episode_length=1669
Episode finished. Sum of shaped rewards: 0.00. Length: 1669. Bonus: 0.1362.
[2018-05-20 21:10:18,879] Resetting environment logs
Global Step Counter: 1078914
[2018-05-20 21:10:38,439] True Game terminating: env_episode_reward=0.0 episode_length=960
Episode finished. Sum of shaped rewards: 0.00. Length: 960. Bonus: 0.0669.
[2018-05-20 21:10:38,463] Resetting environment logs
Global Step Counter: 1095539
[2018-05-20 21:10:47,075] True Game terminating: env_episode_reward=0.0 episode_length=408
Episode finished. Sum of shaped rewards: 0.00. Length: 408. Bonus: 0.0165.
[2018-05-20 21:10:47,099] Resetting environment logs
Global Step Counter: 1102848
[2018-05-20 21:10:59,920] True Game terminating: env_episode_reward=0.0 episode_length=623
Episode finished. Sum of shaped rewards: 0.00. Length: 623. Bonus: 0.0426.
[2018-05-20 21:10:59,949] Resetting environment logs
Global Step Counter: 1113793
[2018-05-20 21:11:23,851] True Game terminating: env_episode_reward=0.0 episode_length=1135
Episode finished. Sum of shaped rewards: 0.00. Length: 1135. Bonus: 0.1661.
[2018-05-20 21:11:23,875] Resetting environment logs
Global Step Counter: 1134095
[2018-05-20 21:11:48,760] True Game terminating: env_episode_reward=0.0 episode_length=1167
Episode finished. Sum of shaped rewards: 0.00. Length: 1167. Bonus: 0.0550.
[2018-05-20 21:11:48,787] Resetting environment logs
Global Step Counter: 1155130
[2018-05-20 21:12:10,465] True Game terminating: env_episode_reward=0.0 episode_length=1052
Episode finished. Sum of shaped rewards: 0.00. Length: 1052. Bonus: 0.0960.
[2018-05-20 21:12:10,486] Resetting environment logs
Global Step Counter: 1173644
[2018-05-20 21:12:16,561] True Game terminating: env_episode_reward=0.0 episode_length=293
Episode finished. Sum of shaped rewards: 0.00. Length: 293. Bonus: 0.0169.
[2018-05-20 21:12:16,587] Resetting environment logs
Global Step Counter: 1178841
[2018-05-20 21:12:37,947] True Game terminating: env_episode_reward=0.0 episode_length=991
Episode finished. Sum of shaped rewards: 0.00. Length: 991. Bonus: 0.1102.
[2018-05-20 21:12:37,971] Resetting environment logs
Global Step Counter: 1196867
[2018-05-20 21:12:49,818] True Game terminating: env_episode_reward=0.0 episode_length=576
Episode finished. Sum of shaped rewards: 0.00. Length: 576. Bonus: 0.0414.
[2018-05-20 21:12:49,844] Resetting environment logs
Global Step Counter: 1206903
[2018-05-20 21:13:06,405] True Game terminating: env_episode_reward=0.0 episode_length=765
Episode finished. Sum of shaped rewards: 0.00. Length: 765. Bonus: 0.0503.
[2018-05-20 21:13:06,428] Resetting environment logs
Global Step Counter: 1220941
[2018-05-20 21:13:13,283] True Game terminating: env_episode_reward=0.0 episode_length=328
Episode finished. Sum of shaped rewards: 0.00. Length: 328. Bonus: 0.0142.
[2018-05-20 21:13:13,306] Resetting environment logs
Global Step Counter: 1226716
[2018-05-20 21:13:42,073] True Game terminating: env_episode_reward=0.0 episode_length=1366
Episode finished. Sum of shaped rewards: 0.00. Length: 1366. Bonus: 0.1016.
[2018-05-20 21:13:42,118] Resetting environment logs
Global Step Counter: 1251045
[2018-05-20 21:14:03,607] True Game terminating: env_episode_reward=0.0 episode_length=1021
Episode finished. Sum of shaped rewards: 0.00. Length: 1021. Bonus: 0.0865.
[2018-05-20 21:14:03,627] Resetting environment logs
Global Step Counter: 1269221
[2018-05-20 21:14:16,591] True Game terminating: env_episode_reward=0.0 episode_length=598
Episode finished. Sum of shaped rewards: 0.00. Length: 598. Bonus: 0.0588.
[2018-05-20 21:14:16,611] Resetting environment logs
Global Step Counter: 1279991
[2018-05-20 21:14:27,312] True Game terminating: env_episode_reward=0.0 episode_length=501
Episode finished. Sum of shaped rewards: 0.00. Length: 501. Bonus: 0.0670.
[2018-05-20 21:14:27,335] Resetting environment logs
Global Step Counter: 1289001
[2018-05-20 21:14:51,150] True Game terminating: env_episode_reward=0.0 episode_length=1127
Episode finished. Sum of shaped rewards: 0.00. Length: 1127. Bonus: 0.1312.
[2018-05-20 21:14:51,179] Resetting environment logs
Global Step Counter: 1308940
[2018-05-20 21:15:03,129] True Game terminating: env_episode_reward=0.0 episode_length=573
Episode finished. Sum of shaped rewards: 0.00. Length: 573. Bonus: 0.0574.
[2018-05-20 21:15:03,154] Resetting environment logs
Global Step Counter: 1318935
[2018-05-20 21:15:15,896] True Game terminating: env_episode_reward=0.0 episode_length=601
Episode finished. Sum of shaped rewards: 0.00. Length: 601. Bonus: 0.0735.
[2018-05-20 21:15:15,956] Resetting environment logs
Global Step Counter: 1329623
[2018-05-20 21:15:32,604] True Game terminating: env_episode_reward=0.0 episode_length=777
Episode finished. Sum of shaped rewards: 0.00. Length: 777. Bonus: 0.0845.
[2018-05-20 21:15:32,626] Resetting environment logs
Global Step Counter: 1343292
[2018-05-20 21:15:47,955] True Game terminating: env_episode_reward=0.0 episode_length=708
Episode finished. Sum of shaped rewards: 0.00. Length: 708. Bonus: 0.0911.
[2018-05-20 21:15:47,977] Resetting environment logs
Global Step Counter: 1356042
[2018-05-20 21:16:02,079] True Game terminating: env_episode_reward=0.0 episode_length=659
Episode finished. Sum of shaped rewards: 0.00. Length: 659. Bonus: 0.0533.
[2018-05-20 21:16:02,102] Resetting environment logs
Global Step Counter: 1367816
[2018-05-20 21:16:13,903] True Game terminating: env_episode_reward=0.0 episode_length=554
Episode finished. Sum of shaped rewards: 0.00. Length: 554. Bonus: 0.0700.
[2018-05-20 21:16:13,924] Resetting environment logs
Global Step Counter: 1377563
[2018-05-20 21:16:27,605] True Game terminating: env_episode_reward=0.0 episode_length=638
Episode finished. Sum of shaped rewards: 0.00. Length: 638. Bonus: 0.0812.
[2018-05-20 21:16:27,627] Resetting environment logs
Global Step Counter: 1388969
[2018-05-20 21:16:46,101] True Game terminating: env_episode_reward=0.0 episode_length=868
Episode finished. Sum of shaped rewards: 0.00. Length: 868. Bonus: 0.1114.
[2018-05-20 21:16:46,137] Resetting environment logs
Global Step Counter: 1404368
[2018-05-20 21:16:59,907] True Game terminating: env_episode_reward=0.0 episode_length=637
Episode finished. Sum of shaped rewards: 0.00. Length: 637. Bonus: 0.0252.
[2018-05-20 21:16:59,930] Resetting environment logs
Global Step Counter: 1415883
[2018-05-20 21:17:14,555] True Game terminating: env_episode_reward=0.0 episode_length=682
Episode finished. Sum of shaped rewards: 0.00. Length: 682. Bonus: 0.0313.
[2018-05-20 21:17:14,596] Resetting environment logs
Global Step Counter: 1428040
[2018-05-20 21:17:26,083] True Game terminating: env_episode_reward=0.0 episode_length=521
Episode finished. Sum of shaped rewards: 0.00. Length: 521. Bonus: 0.0294.
[2018-05-20 21:17:26,114] Resetting environment logs
Global Step Counter: 1437481
[2018-05-20 21:17:55,266] True Game terminating: env_episode_reward=0.0 episode_length=1335
Episode finished. Sum of shaped rewards: 0.00. Length: 1335. Bonus: 0.1205.
[2018-05-20 21:17:55,289] Resetting environment logs
Global Step Counter: 1461109
[2018-05-20 21:18:08,402] True Game terminating: env_episode_reward=0.0 episode_length=565
Episode finished. Sum of shaped rewards: 0.00. Length: 565. Bonus: 0.0357.
[2018-05-20 21:18:08,424] Resetting environment logs
Global Step Counter: 1471257
[2018-05-20 21:18:31,079] True Game terminating: env_episode_reward=0.0 episode_length=1008
Episode finished. Sum of shaped rewards: 0.00. Length: 1008. Bonus: 0.1064.
[2018-05-20 21:18:31,105] Resetting environment logs
Global Step Counter: 1488844
[2018-05-20 21:18:41,563] True Game terminating: env_episode_reward=0.0 episode_length=477
Episode finished. Sum of shaped rewards: 0.00. Length: 477. Bonus: 0.0849.
[2018-05-20 21:18:41,586] Resetting environment logs
Global Step Counter: 1497214
F tensorflow/core/graph/graph.cc:89] Check failed: class_ == NC_UNINITIALIZED 
