[2018-05-20 20:48:03,510] Writing logs to file: /tmp/universe-21147.log
I tensorflow/core/distributed_runtime/rpc/grpc_channel.cc:197] Initialize GrpcChannelCache for job ps -> {0 -> 127.0.0.1:12222}
I tensorflow/core/distributed_runtime/rpc/grpc_channel.cc:197] Initialize GrpcChannelCache for job worker -> {0 -> 127.0.0.1:12223, 1 -> 127.0.0.1:12224, 2 -> 127.0.0.1:12225, 3 -> 127.0.0.1:12226, 4 -> 127.0.0.1:12227, 5 -> 127.0.0.1:12228, 6 -> 127.0.0.1:12229, 7 -> 127.0.0.1:12230, 8 -> 127.0.0.1:12231, 9 -> 127.0.0.1:12232, 10 -> localhost:12233, 11 -> 127.0.0.1:12234, 12 -> 127.0.0.1:12235, 13 -> 127.0.0.1:12236, 14 -> 127.0.0.1:12237, 15 -> 127.0.0.1:12238, 16 -> 127.0.0.1:12239, 17 -> 127.0.0.1:12240, 18 -> 127.0.0.1:12241, 19 -> 127.0.0.1:12242}
I tensorflow/core/distributed_runtime/rpc/grpc_server_lib.cc:211] Started server with target: grpc://localhost:12233
[2018-05-20 20:48:03,527] Making new env: MontezumaRevenge-v0
Using universe head design
Using universe head design
Using universe head design
Using universe head design
Using universe head design
Using universe head design
Optimizer: ADAM with lr: 0.000100
Input observation shape:  (42, 42, 1)
[2018-05-20 20:48:08,555] Trainable vars:
[2018-05-20 20:48:08,556]   global/l1/W:0 (3, 3, 1, 32)
[2018-05-20 20:48:08,556]   global/l1/b:0 (1, 1, 1, 32)
[2018-05-20 20:48:08,556]   global/l2/W:0 (3, 3, 32, 32)
[2018-05-20 20:48:08,556]   global/l2/b:0 (1, 1, 1, 32)
[2018-05-20 20:48:08,556]   global/l3/W:0 (3, 3, 32, 32)
[2018-05-20 20:48:08,556]   global/l3/b:0 (1, 1, 1, 32)
[2018-05-20 20:48:08,557]   global/l4/W:0 (3, 3, 32, 32)
[2018-05-20 20:48:08,557]   global/l4/b:0 (1, 1, 1, 32)
[2018-05-20 20:48:08,557]   global/RNN/BasicLSTMCell/Linear/Matrix:0 (544, 1024)
[2018-05-20 20:48:08,557]   global/RNN/BasicLSTMCell/Linear/Bias:0 (1024,)
[2018-05-20 20:48:08,557]   global/value/w:0 (256, 1)
[2018-05-20 20:48:08,557]   global/value/b:0 (1,)
[2018-05-20 20:48:08,558]   global/action/w:0 (256, 18)
[2018-05-20 20:48:08,558]   global/action/b:0 (18,)
[2018-05-20 20:48:08,558]   global/predictor/l1/W:0 (3, 3, 1, 32)
[2018-05-20 20:48:08,558]   global/predictor/l1/b:0 (1, 1, 1, 32)
[2018-05-20 20:48:08,558]   global/predictor/l2/W:0 (3, 3, 32, 32)
[2018-05-20 20:48:08,558]   global/predictor/l2/b:0 (1, 1, 1, 32)
[2018-05-20 20:48:08,558]   global/predictor/l3/W:0 (3, 3, 32, 32)
[2018-05-20 20:48:08,558]   global/predictor/l3/b:0 (1, 1, 1, 32)
[2018-05-20 20:48:08,559]   global/predictor/l4/W:0 (3, 3, 32, 32)
[2018-05-20 20:48:08,559]   global/predictor/l4/b:0 (1, 1, 1, 32)
[2018-05-20 20:48:08,559]   global/predictor/g1/w:0 (576, 256)
[2018-05-20 20:48:08,559]   global/predictor/g1/b:0 (256,)
[2018-05-20 20:48:08,559]   global/predictor/glast/w:0 (256, 18)
[2018-05-20 20:48:08,559]   global/predictor/glast/b:0 (18,)
[2018-05-20 20:48:08,559]   global/predictor/f1/w:0 (306, 256)
[2018-05-20 20:48:08,560]   global/predictor/f1/b:0 (256,)
[2018-05-20 20:48:08,560]   global/predictor/flast/w:0 (256, 288)
[2018-05-20 20:48:08,560]   global/predictor/flast/b:0 (288,)
[2018-05-20 20:48:08,560]   local/l1/W:0 (3, 3, 1, 32)
[2018-05-20 20:48:08,560]   local/l1/b:0 (1, 1, 1, 32)
[2018-05-20 20:48:08,560]   local/l2/W:0 (3, 3, 32, 32)
[2018-05-20 20:48:08,560]   local/l2/b:0 (1, 1, 1, 32)
[2018-05-20 20:48:08,561]   local/l3/W:0 (3, 3, 32, 32)
[2018-05-20 20:48:08,561]   local/l3/b:0 (1, 1, 1, 32)
[2018-05-20 20:48:08,561]   local/l4/W:0 (3, 3, 32, 32)
[2018-05-20 20:48:08,561]   local/l4/b:0 (1, 1, 1, 32)
[2018-05-20 20:48:08,561]   local/RNN/BasicLSTMCell/Linear/Matrix:0 (544, 1024)
[2018-05-20 20:48:08,561]   local/RNN/BasicLSTMCell/Linear/Bias:0 (1024,)
[2018-05-20 20:48:08,561]   local/value/w:0 (256, 1)
[2018-05-20 20:48:08,562]   local/value/b:0 (1,)
[2018-05-20 20:48:08,562]   local/action/w:0 (256, 18)
[2018-05-20 20:48:08,562]   local/action/b:0 (18,)
[2018-05-20 20:48:08,562]   local/predictor/l1/W:0 (3, 3, 1, 32)
[2018-05-20 20:48:08,562]   local/predictor/l1/b:0 (1, 1, 1, 32)
[2018-05-20 20:48:08,562]   local/predictor/l2/W:0 (3, 3, 32, 32)
[2018-05-20 20:48:08,562]   local/predictor/l2/b:0 (1, 1, 1, 32)
[2018-05-20 20:48:08,563]   local/predictor/l3/W:0 (3, 3, 32, 32)
[2018-05-20 20:48:08,563]   local/predictor/l3/b:0 (1, 1, 1, 32)
[2018-05-20 20:48:08,563]   local/predictor/l4/W:0 (3, 3, 32, 32)
[2018-05-20 20:48:08,563]   local/predictor/l4/b:0 (1, 1, 1, 32)
[2018-05-20 20:48:08,563]   local/predictor/g1/w:0 (576, 256)
[2018-05-20 20:48:08,563]   local/predictor/g1/b:0 (256,)
[2018-05-20 20:48:08,563]   local/predictor/glast/w:0 (256, 18)
[2018-05-20 20:48:08,564]   local/predictor/glast/b:0 (18,)
[2018-05-20 20:48:08,564]   local/predictor/f1/w:0 (306, 256)
[2018-05-20 20:48:08,564]   local/predictor/f1/b:0 (256,)
[2018-05-20 20:48:08,564]   local/predictor/flast/w:0 (256, 288)
[2018-05-20 20:48:08,564]   local/predictor/flast/b:0 (288,)
[2018-05-20 20:48:08,565] Events directory: /scratch/mricm/train_10
[2018-05-20 20:48:10,337] Starting session. If this hangs, we're mostly likely waiting to connect to the parameter server. One common cause is that the parameter server DNS name isn't resolving yet, or is misspecified.
I tensorflow/core/distributed_runtime/master_session.cc:993] Start master session 9754247df4d08a07 with config: 
device_filters: "/job:ps"
device_filters: "/job:worker/task:10/cpu:0"

I tensorflow/core/distributed_runtime/master_session.cc:993] Start master session ec57fc20b121df49 with config: 
device_filters: "/job:ps"
device_filters: "/job:worker/task:10/cpu:0"

[2018-05-20 20:48:42,189] Called reset on <Unvectorize<VectorizeFilter[<class 'envs.DiagnosticsInfoI'>]<AtariRescale42x42<Vectorize<TimeLimit<AtariEnv instance>>>>>> before configuring. Configuring automatically with default arguments
[2018-05-20 20:48:42,202] Resetting environment logs
[2018-05-20 20:48:42,203] Starting training at gobal_step=3508
[2018-05-20 20:48:48,331] True Game terminating: env_episode_reward=0.0 episode_length=293
Episode finished. Sum of shaped rewards: 0.00. Length: 293. Bonus: 1.8380.
[2018-05-20 20:48:48,352] Resetting environment logs
Global Step Counter: 8748
[2018-05-20 20:49:21,108] True Game terminating: env_episode_reward=0.0 episode_length=1569
Episode finished. Sum of shaped rewards: 0.00. Length: 1569. Bonus: 1.0794.
[2018-05-20 20:49:21,131] Resetting environment logs
Global Step Counter: 36948
[2018-05-20 20:49:48,996] True Game terminating: env_episode_reward=0.0 episode_length=1304
Episode finished. Sum of shaped rewards: 0.00. Length: 1304. Bonus: 0.3203.
[2018-05-20 20:49:49,019] Resetting environment logs
Global Step Counter: 60984
[2018-05-20 20:50:15,187] True Game terminating: env_episode_reward=0.0 episode_length=1257
Episode finished. Sum of shaped rewards: 0.00. Length: 1257. Bonus: 0.3011.
[2018-05-20 20:50:15,211] Resetting environment logs
Global Step Counter: 83582
[2018-05-20 20:50:28,639] True Game terminating: env_episode_reward=0.0 episode_length=629
Episode finished. Sum of shaped rewards: 0.00. Length: 629. Bonus: 0.1215.
[2018-05-20 20:50:28,671] Resetting environment logs
Global Step Counter: 95229
[2018-05-20 20:50:42,018] True Game terminating: env_episode_reward=0.0 episode_length=616
Episode finished. Sum of shaped rewards: 0.00. Length: 616. Bonus: 0.1260.
[2018-05-20 20:50:42,040] Resetting environment logs
Global Step Counter: 106801
[2018-05-20 20:51:02,551] True Game terminating: env_episode_reward=0.0 episode_length=979
Episode finished. Sum of shaped rewards: 0.00. Length: 979. Bonus: 0.1952.
[2018-05-20 20:51:02,574] Resetting environment logs
Global Step Counter: 124455
[2018-05-20 20:51:11,591] True Game terminating: env_episode_reward=0.0 episode_length=432
Episode finished. Sum of shaped rewards: 0.00. Length: 432. Bonus: 0.0803.
[2018-05-20 20:51:11,613] Resetting environment logs
Global Step Counter: 132160
[2018-05-20 20:51:25,838] True Game terminating: env_episode_reward=0.0 episode_length=662
Episode finished. Sum of shaped rewards: 0.00. Length: 662. Bonus: 0.1214.
[2018-05-20 20:51:25,858] Resetting environment logs
Global Step Counter: 144471
[2018-05-20 20:51:46,050] True Game terminating: env_episode_reward=0.0 episode_length=958
Episode finished. Sum of shaped rewards: 0.00. Length: 958. Bonus: 0.1305.
[2018-05-20 20:51:46,073] Resetting environment logs
Global Step Counter: 161823
[2018-05-20 20:51:59,670] True Game terminating: env_episode_reward=0.0 episode_length=641
Episode finished. Sum of shaped rewards: 0.00. Length: 641. Bonus: 0.1062.
[2018-05-20 20:51:59,697] Resetting environment logs
Global Step Counter: 173730
[2018-05-20 20:52:27,748] True Game terminating: env_episode_reward=0.0 episode_length=1317
Episode finished. Sum of shaped rewards: 0.00. Length: 1317. Bonus: 0.1996.
[2018-05-20 20:52:27,777] Resetting environment logs
Global Step Counter: 197565
[2018-05-20 20:52:44,484] True Game terminating: env_episode_reward=0.0 episode_length=803
Episode finished. Sum of shaped rewards: 0.00. Length: 803. Bonus: 0.1135.
[2018-05-20 20:52:44,515] Resetting environment logs
Global Step Counter: 212006
[2018-05-20 20:52:54,875] True Game terminating: env_episode_reward=0.0 episode_length=493
Episode finished. Sum of shaped rewards: 0.00. Length: 493. Bonus: 0.0795.
[2018-05-20 20:52:54,898] Resetting environment logs
Global Step Counter: 220886
[2018-05-20 20:53:07,374] True Game terminating: env_episode_reward=0.0 episode_length=599
Episode finished. Sum of shaped rewards: 0.00. Length: 599. Bonus: 0.0836.
[2018-05-20 20:53:07,393] Resetting environment logs
Global Step Counter: 231649
[2018-05-20 20:53:26,288] True Game terminating: env_episode_reward=0.0 episode_length=905
Episode finished. Sum of shaped rewards: 0.00. Length: 905. Bonus: 0.1308.
[2018-05-20 20:53:26,320] Resetting environment logs
Global Step Counter: 247904
[2018-05-20 20:53:53,188] True Game terminating: env_episode_reward=0.0 episode_length=1281
Episode finished. Sum of shaped rewards: 0.00. Length: 1281. Bonus: 0.1805.
[2018-05-20 20:53:53,207] Resetting environment logs
Global Step Counter: 271125
[2018-05-20 20:54:11,199] True Game terminating: env_episode_reward=0.0 episode_length=847
Episode finished. Sum of shaped rewards: 0.00. Length: 847. Bonus: 0.0782.
[2018-05-20 20:54:11,225] Resetting environment logs
Global Step Counter: 286702
[2018-05-20 20:54:22,867] True Game terminating: env_episode_reward=0.0 episode_length=558
Episode finished. Sum of shaped rewards: 0.00. Length: 558. Bonus: 0.0853.
[2018-05-20 20:54:22,887] Resetting environment logs
Global Step Counter: 296616
[2018-05-20 20:54:36,951] True Game terminating: env_episode_reward=0.0 episode_length=678
Episode finished. Sum of shaped rewards: 0.00. Length: 678. Bonus: 0.0700.
[2018-05-20 20:54:36,973] Resetting environment logs
Global Step Counter: 308776
[2018-05-20 20:54:52,467] True Game terminating: env_episode_reward=0.0 episode_length=754
Episode finished. Sum of shaped rewards: 0.00. Length: 754. Bonus: 0.0823.
[2018-05-20 20:54:52,489] Resetting environment logs
Global Step Counter: 321991
[2018-05-20 20:55:14,123] True Game terminating: env_episode_reward=0.0 episode_length=1019
Episode finished. Sum of shaped rewards: 0.00. Length: 1019. Bonus: 0.1119.
[2018-05-20 20:55:14,150] Resetting environment logs
Global Step Counter: 340514
[2018-05-20 20:55:29,184] True Game terminating: env_episode_reward=0.0 episode_length=711
Episode finished. Sum of shaped rewards: 0.00. Length: 711. Bonus: 0.0753.
[2018-05-20 20:55:29,207] Resetting environment logs
Global Step Counter: 353374
[2018-05-20 20:55:48,846] True Game terminating: env_episode_reward=0.0 episode_length=941
Episode finished. Sum of shaped rewards: 0.00. Length: 941. Bonus: 0.1062.
[2018-05-20 20:55:48,867] Resetting environment logs
Global Step Counter: 370349
[2018-05-20 20:55:56,211] True Game terminating: env_episode_reward=0.0 episode_length=349
Episode finished. Sum of shaped rewards: 0.00. Length: 349. Bonus: 0.0590.
[2018-05-20 20:55:56,234] Resetting environment logs
Global Step Counter: 376540
[2018-05-20 20:56:03,869] True Game terminating: env_episode_reward=0.0 episode_length=350
Episode finished. Sum of shaped rewards: 0.00. Length: 350. Bonus: 0.0355.
[2018-05-20 20:56:03,892] Resetting environment logs
Global Step Counter: 382952
[2018-05-20 20:56:22,559] True Game terminating: env_episode_reward=0.0 episode_length=853
Episode finished. Sum of shaped rewards: 0.00. Length: 853. Bonus: 0.0705.
[2018-05-20 20:56:22,579] Resetting environment logs
Global Step Counter: 398822
[2018-05-20 20:57:48,194] True Game terminating: env_episode_reward=0.0 episode_length=3950
Episode finished. Sum of shaped rewards: 0.00. Length: 3950. Bonus: 1.9525.
[2018-05-20 20:57:48,214] Resetting environment logs
Global Step Counter: 470317
[2018-05-20 20:57:58,061] True Game terminating: env_episode_reward=0.0 episode_length=456
Episode finished. Sum of shaped rewards: 0.00. Length: 456. Bonus: 0.0395.
[2018-05-20 20:57:58,083] Resetting environment logs
Global Step Counter: 478452
[2018-05-20 20:58:26,200] True Game terminating: env_episode_reward=0.0 episode_length=1288
Episode finished. Sum of shaped rewards: 0.00. Length: 1288. Bonus: 0.1590.
[2018-05-20 20:58:26,225] Resetting environment logs
Global Step Counter: 501897
[2018-05-20 20:58:36,587] True Game terminating: env_episode_reward=0.0 episode_length=470
Episode finished. Sum of shaped rewards: 0.00. Length: 470. Bonus: 0.0567.
[2018-05-20 20:58:36,615] Resetting environment logs
Global Step Counter: 510534
[2018-05-20 20:59:03,183] True Game terminating: env_episode_reward=0.0 episode_length=1240
Episode finished. Sum of shaped rewards: 0.00. Length: 1240. Bonus: 0.1801.
[2018-05-20 20:59:03,204] Resetting environment logs
Global Step Counter: 532767
[2018-05-20 20:59:14,787] True Game terminating: env_episode_reward=0.0 episode_length=520
Episode finished. Sum of shaped rewards: 0.00. Length: 520. Bonus: 0.0371.
[2018-05-20 20:59:14,810] Resetting environment logs
Global Step Counter: 542489
[2018-05-20 20:59:48,586] True Game terminating: env_episode_reward=0.0 episode_length=1542
Episode finished. Sum of shaped rewards: 0.00. Length: 1542. Bonus: 0.1938.
[2018-05-20 20:59:48,609] Resetting environment logs
Global Step Counter: 570776
[2018-05-20 21:00:40,500] True Game terminating: env_episode_reward=0.0 episode_length=2365
Episode finished. Sum of shaped rewards: 0.00. Length: 2365. Bonus: 0.2237.
[2018-05-20 21:00:40,522] Resetting environment logs
Global Step Counter: 613768
[2018-05-20 21:00:50,204] True Game terminating: env_episode_reward=0.0 episode_length=460
Episode finished. Sum of shaped rewards: 0.00. Length: 460. Bonus: 0.0393.
[2018-05-20 21:00:50,239] Resetting environment logs
Global Step Counter: 621821
[2018-05-20 21:01:08,651] True Game terminating: env_episode_reward=0.0 episode_length=837
Episode finished. Sum of shaped rewards: 0.00. Length: 837. Bonus: 0.0805.
[2018-05-20 21:01:08,673] Resetting environment logs
Global Step Counter: 637077
[2018-05-20 21:01:41,670] True Game terminating: env_episode_reward=0.0 episode_length=1537
Episode finished. Sum of shaped rewards: 0.00. Length: 1537. Bonus: 0.1178.
[2018-05-20 21:01:41,706] Resetting environment logs
Global Step Counter: 664475
[2018-05-20 21:02:00,987] True Game terminating: env_episode_reward=0.0 episode_length=895
Episode finished. Sum of shaped rewards: 0.00. Length: 895. Bonus: 0.0980.
[2018-05-20 21:02:01,009] Resetting environment logs
Global Step Counter: 680454
[2018-05-20 21:02:09,631] True Game terminating: env_episode_reward=0.0 episode_length=412
Episode finished. Sum of shaped rewards: 0.00. Length: 412. Bonus: 0.0209.
[2018-05-20 21:02:09,653] Resetting environment logs
Global Step Counter: 687516
[2018-05-20 21:02:32,171] True Game terminating: env_episode_reward=0.0 episode_length=1032
Episode finished. Sum of shaped rewards: 0.00. Length: 1032. Bonus: 0.1053.
[2018-05-20 21:02:32,206] Resetting environment logs
Global Step Counter: 706078
[2018-05-20 21:02:54,780] True Game terminating: env_episode_reward=0.0 episode_length=1040
Episode finished. Sum of shaped rewards: 0.00. Length: 1040. Bonus: 0.0572.
[2018-05-20 21:02:54,801] Resetting environment logs
Global Step Counter: 724502
[2018-05-20 21:03:09,291] True Game terminating: env_episode_reward=0.0 episode_length=650
Episode finished. Sum of shaped rewards: 0.00. Length: 650. Bonus: 0.0419.
[2018-05-20 21:03:09,314] Resetting environment logs
Global Step Counter: 736274
[2018-05-20 21:03:27,117] True Game terminating: env_episode_reward=0.0 episode_length=809
Episode finished. Sum of shaped rewards: 0.00. Length: 809. Bonus: 0.0665.
[2018-05-20 21:03:27,143] Resetting environment logs
Global Step Counter: 750684
[2018-05-20 21:03:59,722] True Game terminating: env_episode_reward=0.0 episode_length=1435
Episode finished. Sum of shaped rewards: 0.00. Length: 1435. Bonus: 0.0972.
[2018-05-20 21:03:59,744] Resetting environment logs
Global Step Counter: 776457
[2018-05-20 21:04:44,547] True Game terminating: env_episode_reward=0.0 episode_length=1925
Episode finished. Sum of shaped rewards: 0.00. Length: 1925. Bonus: 0.2124.
[2018-05-20 21:04:44,577] Resetting environment logs
Global Step Counter: 811232
[2018-05-20 21:05:00,283] True Game terminating: env_episode_reward=0.0 episode_length=649
Episode finished. Sum of shaped rewards: 0.00. Length: 649. Bonus: 0.0129.
[2018-05-20 21:05:00,305] Resetting environment logs
Global Step Counter: 823110
[2018-05-20 21:05:16,913] True Game terminating: env_episode_reward=0.0 episode_length=697
Episode finished. Sum of shaped rewards: 0.00. Length: 697. Bonus: 0.0394.
[2018-05-20 21:05:16,936] Resetting environment logs
Global Step Counter: 835738
[2018-05-20 21:05:40,138] True Game terminating: env_episode_reward=0.0 episode_length=973
Episode finished. Sum of shaped rewards: 0.00. Length: 973. Bonus: 0.0599.
[2018-05-20 21:05:40,170] Resetting environment logs
Global Step Counter: 853594
[2018-05-20 21:06:10,272] True Game terminating: env_episode_reward=0.0 episode_length=1265
Episode finished. Sum of shaped rewards: 0.00. Length: 1265. Bonus: 0.0991.
[2018-05-20 21:06:10,295] Resetting environment logs
Global Step Counter: 876504
[2018-05-20 21:06:27,632] True Game terminating: env_episode_reward=0.0 episode_length=696
Episode finished. Sum of shaped rewards: 0.00. Length: 696. Bonus: 0.0314.
[2018-05-20 21:06:27,653] Resetting environment logs
Global Step Counter: 889305
[2018-05-20 21:06:41,788] True Game terminating: env_episode_reward=0.0 episode_length=584
Episode finished. Sum of shaped rewards: 0.00. Length: 584. Bonus: 0.0146.
[2018-05-20 21:06:41,822] Resetting environment logs
Global Step Counter: 899868
[2018-05-20 21:06:47,795] True Game terminating: env_episode_reward=0.0 episode_length=249
Episode finished. Sum of shaped rewards: 0.00. Length: 249. Bonus: 0.0063.
[2018-05-20 21:06:47,818] Resetting environment logs
Global Step Counter: 904343
[2018-05-20 21:07:33,283] True Game terminating: env_episode_reward=0.0 episode_length=1929
Episode finished. Sum of shaped rewards: 0.00. Length: 1929. Bonus: 0.1543.
[2018-05-20 21:07:33,305] Resetting environment logs
Global Step Counter: 939318
[2018-05-20 21:07:59,515] True Game terminating: env_episode_reward=0.0 episode_length=1138
Episode finished. Sum of shaped rewards: 0.00. Length: 1138. Bonus: 1.6758.
[2018-05-20 21:07:59,539] Resetting environment logs
Global Step Counter: 959972
[2018-05-20 21:08:07,015] True Game terminating: env_episode_reward=0.0 episode_length=352
Episode finished. Sum of shaped rewards: 0.00. Length: 352. Bonus: 0.1988.
[2018-05-20 21:08:07,047] Resetting environment logs
Global Step Counter: 966410
[2018-05-20 21:08:17,800] True Game terminating: env_episode_reward=0.0 episode_length=509
Episode finished. Sum of shaped rewards: 0.00. Length: 509. Bonus: 0.3409.
[2018-05-20 21:08:17,826] Resetting environment logs
Global Step Counter: 975520
[2018-05-20 21:08:40,802] True Game terminating: env_episode_reward=0.0 episode_length=1092
Episode finished. Sum of shaped rewards: 0.00. Length: 1092. Bonus: 0.0912.
[2018-05-20 21:08:40,824] Resetting environment logs
Global Step Counter: 995066
[2018-05-20 21:08:50,463] True Game terminating: env_episode_reward=0.0 episode_length=453
Episode finished. Sum of shaped rewards: 0.00. Length: 453. Bonus: 0.0205.
[2018-05-20 21:08:50,485] Resetting environment logs
Global Step Counter: 1003293
[2018-05-20 21:09:01,791] True Game terminating: env_episode_reward=0.0 episode_length=532
Episode finished. Sum of shaped rewards: 0.00. Length: 532. Bonus: 0.0576.
[2018-05-20 21:09:01,813] Resetting environment logs
Global Step Counter: 1012939
[2018-05-20 21:09:20,456] True Game terminating: env_episode_reward=0.0 episode_length=861
Episode finished. Sum of shaped rewards: 0.00. Length: 861. Bonus: 0.0562.
[2018-05-20 21:09:20,479] Resetting environment logs
Global Step Counter: 1028903
[2018-05-20 21:09:36,519] True Game terminating: env_episode_reward=0.0 episode_length=753
Episode finished. Sum of shaped rewards: 0.00. Length: 753. Bonus: 0.0581.
[2018-05-20 21:09:36,542] Resetting environment logs
Global Step Counter: 1042527
[2018-05-20 21:09:44,791] True Game terminating: env_episode_reward=0.0 episode_length=389
Episode finished. Sum of shaped rewards: 0.00. Length: 389. Bonus: 0.0509.
[2018-05-20 21:09:44,810] Resetting environment logs
Global Step Counter: 1049729
[2018-05-20 21:10:02,442] True Game terminating: env_episode_reward=0.0 episode_length=821
Episode finished. Sum of shaped rewards: 0.00. Length: 821. Bonus: 0.0685.
[2018-05-20 21:10:02,465] Resetting environment logs
Global Step Counter: 1064952
[2018-05-20 21:10:12,254] True Game terminating: env_episode_reward=0.0 episode_length=476
Episode finished. Sum of shaped rewards: 0.00. Length: 476. Bonus: 0.0319.
[2018-05-20 21:10:12,276] Resetting environment logs
Global Step Counter: 1073263
[2018-05-20 21:10:22,224] True Game terminating: env_episode_reward=0.0 episode_length=461
Episode finished. Sum of shaped rewards: 0.00. Length: 461. Bonus: 0.0354.
[2018-05-20 21:10:22,262] Resetting environment logs
Global Step Counter: 1081870
[2018-05-20 21:10:41,408] True Game terminating: env_episode_reward=0.0 episode_length=899
Episode finished. Sum of shaped rewards: 0.00. Length: 899. Bonus: 0.0592.
[2018-05-20 21:10:41,447] Resetting environment logs
Global Step Counter: 1098081
[2018-05-20 21:10:56,698] True Game terminating: env_episode_reward=0.0 episode_length=728
Episode finished. Sum of shaped rewards: 0.00. Length: 728. Bonus: 0.0430.
[2018-05-20 21:10:56,718] Resetting environment logs
Global Step Counter: 1110965
[2018-05-20 21:11:13,449] True Game terminating: env_episode_reward=0.0 episode_length=779
Episode finished. Sum of shaped rewards: 0.00. Length: 779. Bonus: 0.1432.
[2018-05-20 21:11:13,484] Resetting environment logs
Global Step Counter: 1125259
[2018-05-20 21:11:34,003] True Game terminating: env_episode_reward=0.0 episode_length=950
Episode finished. Sum of shaped rewards: 0.00. Length: 950. Bonus: 0.0398.
[2018-05-20 21:11:34,024] Resetting environment logs
Global Step Counter: 1142643
[2018-05-20 21:11:42,235] True Game terminating: env_episode_reward=0.0 episode_length=392
Episode finished. Sum of shaped rewards: 0.00. Length: 392. Bonus: 0.0156.
[2018-05-20 21:11:42,256] Resetting environment logs
Global Step Counter: 1149624
[2018-05-20 21:11:56,518] True Game terminating: env_episode_reward=0.0 episode_length=689
Episode finished. Sum of shaped rewards: 0.00. Length: 689. Bonus: 0.0601.
[2018-05-20 21:11:56,540] Resetting environment logs
Global Step Counter: 1161842
[2018-05-20 21:12:16,984] True Game terminating: env_episode_reward=0.0 episode_length=944
Episode finished. Sum of shaped rewards: 0.00. Length: 944. Bonus: 0.0793.
[2018-05-20 21:12:17,005] Resetting environment logs
Global Step Counter: 1179134
[2018-05-20 21:12:38,390] True Game terminating: env_episode_reward=0.0 episode_length=1010
Episode finished. Sum of shaped rewards: 0.00. Length: 1010. Bonus: 0.1132.
[2018-05-20 21:12:38,410] Resetting environment logs
Global Step Counter: 1197257
[2018-05-20 21:13:01,339] True Game terminating: env_episode_reward=0.0 episode_length=1079
Episode finished. Sum of shaped rewards: 0.00. Length: 1079. Bonus: 0.0626.
[2018-05-20 21:13:01,376] Resetting environment logs
Global Step Counter: 1216684
[2018-05-20 21:13:17,051] True Game terminating: env_episode_reward=0.0 episode_length=740
Episode finished. Sum of shaped rewards: 0.00. Length: 740. Bonus: 0.0462.
[2018-05-20 21:13:17,073] Resetting environment logs
Global Step Counter: 1230021
[2018-05-20 21:13:35,589] True Game terminating: env_episode_reward=0.0 episode_length=866
Episode finished. Sum of shaped rewards: 0.00. Length: 866. Bonus: 0.0625.
[2018-05-20 21:13:35,613] Resetting environment logs
Global Step Counter: 1245541
[2018-05-20 21:13:56,455] True Game terminating: env_episode_reward=0.0 episode_length=997
Episode finished. Sum of shaped rewards: 0.00. Length: 997. Bonus: 0.0967.
[2018-05-20 21:13:56,495] Resetting environment logs
Global Step Counter: 1263086
[2018-05-20 21:14:11,026] True Game terminating: env_episode_reward=0.0 episode_length=665
Episode finished. Sum of shaped rewards: 0.00. Length: 665. Bonus: 0.0479.
[2018-05-20 21:14:11,048] Resetting environment logs
Global Step Counter: 1275288
[2018-05-20 21:14:48,143] True Game terminating: env_episode_reward=0.0 episode_length=1728
Episode finished. Sum of shaped rewards: 0.00. Length: 1728. Bonus: 0.2005.
[2018-05-20 21:14:48,185] Resetting environment logs
Global Step Counter: 1306442
[2018-05-20 21:15:28,424] True Game terminating: env_episode_reward=0.0 episode_length=1824
Episode finished. Sum of shaped rewards: 0.00. Length: 1824. Bonus: 0.1824.
[2018-05-20 21:15:28,448] Resetting environment logs
Global Step Counter: 1339892
[2018-05-20 21:15:38,911] True Game terminating: env_episode_reward=0.0 episode_length=483
Episode finished. Sum of shaped rewards: 0.00. Length: 483. Bonus: 0.0779.
[2018-05-20 21:15:38,933] Resetting environment logs
Global Step Counter: 1348736
[2018-05-20 21:16:03,937] True Game terminating: env_episode_reward=0.0 episode_length=1130
Episode finished. Sum of shaped rewards: 0.00. Length: 1130. Bonus: 0.0909.
[2018-05-20 21:16:03,972] Resetting environment logs
Global Step Counter: 1369334
[2018-05-20 21:16:27,877] True Game terminating: env_episode_reward=0.0 episode_length=1106
Episode finished. Sum of shaped rewards: 0.00. Length: 1106. Bonus: 0.1406.
[2018-05-20 21:16:27,899] Resetting environment logs
Global Step Counter: 1389273
[2018-05-20 21:16:41,615] True Game terminating: env_episode_reward=0.0 episode_length=646
Episode finished. Sum of shaped rewards: 0.00. Length: 646. Bonus: 0.1053.
[2018-05-20 21:16:41,637] Resetting environment logs
Global Step Counter: 1400683
[2018-05-20 21:16:58,356] True Game terminating: env_episode_reward=0.0 episode_length=769
Episode finished. Sum of shaped rewards: 0.00. Length: 769. Bonus: 0.0402.
[2018-05-20 21:16:58,384] Resetting environment logs
Global Step Counter: 1414577
[2018-05-20 21:17:18,731] True Game terminating: env_episode_reward=0.0 episode_length=940
Episode finished. Sum of shaped rewards: 0.00. Length: 940. Bonus: 0.0329.
[2018-05-20 21:17:18,772] Resetting environment logs
Global Step Counter: 1431475
[2018-05-20 21:17:43,292] True Game terminating: env_episode_reward=0.0 episode_length=1094
Episode finished. Sum of shaped rewards: 0.00. Length: 1094. Bonus: 0.0798.
[2018-05-20 21:17:43,312] Resetting environment logs
Global Step Counter: 1451287
[2018-05-20 21:17:51,452] True Game terminating: env_episode_reward=0.0 episode_length=377
Episode finished. Sum of shaped rewards: 0.00. Length: 377. Bonus: 0.0487.
[2018-05-20 21:17:51,472] Resetting environment logs
Global Step Counter: 1457955
[2018-05-20 21:18:08,087] True Game terminating: env_episode_reward=0.0 episode_length=731
Episode finished. Sum of shaped rewards: 0.00. Length: 731. Bonus: 0.0445.
[2018-05-20 21:18:08,113] Resetting environment logs
Global Step Counter: 1471026
[2018-05-20 21:18:24,463] True Game terminating: env_episode_reward=0.0 episode_length=713
Episode finished. Sum of shaped rewards: 0.00. Length: 713. Bonus: 0.0624.
[2018-05-20 21:18:24,485] Resetting environment logs
Global Step Counter: 1483670
[2018-05-20 21:18:43,860] True Game terminating: env_episode_reward=0.0 episode_length=861
Episode finished. Sum of shaped rewards: 0.00. Length: 861. Bonus: 0.1479.
[2018-05-20 21:18:43,887] Resetting environment logs
Global Step Counter: 1499056
Exception in thread Thread-1:
Traceback (most recent call last):
  File "/usr/lib/python2.7/threading.py", line 801, in __bootstrap_inner
    self.run()
  File "/home/verma_rohil/noreward-rl/src/a3c.py", line 135, in run
    self._run()
  File "/home/verma_rohil/noreward-rl/src/a3c.py", line 146, in _run
    self.queue.put(next(rollout_provider), timeout=600.0)
  File "/home/verma_rohil/noreward-rl/src/a3c.py", line 184, in env_runner
    bonus = predictor.pred_bonus(last_state, state, action)
  File "/home/verma_rohil/noreward-rl/src/model.py", line 310, in pred_bonus
    {self.s1: [s1], self.s2: [s2], self.asample: [asample]})
  File "/home/verma_rohil/noreward-rl/curiosity/local/lib/python2.7/site-packages/tensorflow/python/client/session.py", line 766, in run
    run_metadata_ptr)
  File "/home/verma_rohil/noreward-rl/curiosity/local/lib/python2.7/site-packages/tensorflow/python/client/session.py", line 964, in _run
    feed_dict_string, options, run_metadata)
  File "/home/verma_rohil/noreward-rl/curiosity/local/lib/python2.7/site-packages/tensorflow/python/client/session.py", line 1014, in _do_run
    target_list, options, run_metadata)
  File "/home/verma_rohil/noreward-rl/curiosity/local/lib/python2.7/site-packages/tensorflow/python/client/session.py", line 1034, in _do_call
    raise type(e)(node_def, op, message)
CancelledError: Step was cancelled

[2018-05-20 21:18:45,544] reached 1500267 steps. worker stopped.
