[2018-05-20 21:31:05,775] Writing logs to file: /tmp/universe-10033.log
I tensorflow/core/distributed_runtime/rpc/grpc_channel.cc:197] Initialize GrpcChannelCache for job ps -> {0 -> 127.0.0.1:12222}
I tensorflow/core/distributed_runtime/rpc/grpc_channel.cc:197] Initialize GrpcChannelCache for job worker -> {0 -> 127.0.0.1:12223, 1 -> 127.0.0.1:12224, 2 -> 127.0.0.1:12225, 3 -> 127.0.0.1:12226, 4 -> localhost:12227, 5 -> 127.0.0.1:12228, 6 -> 127.0.0.1:12229, 7 -> 127.0.0.1:12230, 8 -> 127.0.0.1:12231, 9 -> 127.0.0.1:12232, 10 -> 127.0.0.1:12233, 11 -> 127.0.0.1:12234, 12 -> 127.0.0.1:12235, 13 -> 127.0.0.1:12236, 14 -> 127.0.0.1:12237, 15 -> 127.0.0.1:12238, 16 -> 127.0.0.1:12239, 17 -> 127.0.0.1:12240, 18 -> 127.0.0.1:12241, 19 -> 127.0.0.1:12242}
I tensorflow/core/distributed_runtime/rpc/grpc_server_lib.cc:211] Started server with target: grpc://localhost:12227
[2018-05-20 21:31:45,838] Making new env: ppaquette/DoomMyWayHome-v0
[2018-05-20 21:31:49,051] Trainable vars:
[2018-05-20 21:31:49,051]   global/l1/W:0 (3, 3, 4, 32)
[2018-05-20 21:31:49,052]   global/l1/b:0 (1, 1, 1, 32)
[2018-05-20 21:31:49,052]   global/l2/W:0 (3, 3, 32, 32)
[2018-05-20 21:31:49,052]   global/l2/b:0 (1, 1, 1, 32)
[2018-05-20 21:31:49,052]   global/l3/W:0 (3, 3, 32, 32)
[2018-05-20 21:31:49,052]   global/l3/b:0 (1, 1, 1, 32)
[2018-05-20 21:31:49,052]   global/l4/W:0 (3, 3, 32, 32)
[2018-05-20 21:31:49,052]   global/l4/b:0 (1, 1, 1, 32)
[2018-05-20 21:31:49,052]   global/RNN/BasicLSTMCell/Linear/Matrix:0 (544, 1024)
[2018-05-20 21:31:49,052]   global/RNN/BasicLSTMCell/Linear/Bias:0 (1024,)
[2018-05-20 21:31:49,052]   global/value/w:0 (256, 1)
[2018-05-20 21:31:49,052]   global/value/b:0 (1,)
[2018-05-20 21:31:49,053]   global/action/w:0 (256, 4)
[2018-05-20 21:31:49,053]   global/action/b:0 (4,)
[2018-05-20 21:31:49,053]   global/predictor/l1/W:0 (3, 3, 4, 32)
[2018-05-20 21:31:49,053]   global/predictor/l1/b:0 (1, 1, 1, 32)
[2018-05-20 21:31:49,053]   global/predictor/l2/W:0 (3, 3, 32, 32)
[2018-05-20 21:31:49,053]   global/predictor/l2/b:0 (1, 1, 1, 32)
[2018-05-20 21:31:49,053]   global/predictor/l3/W:0 (3, 3, 32, 32)
[2018-05-20 21:31:49,053]   global/predictor/l3/b:0 (1, 1, 1, 32)
[2018-05-20 21:31:49,053]   global/predictor/l4/W:0 (3, 3, 32, 32)
[2018-05-20 21:31:49,053]   global/predictor/l4/b:0 (1, 1, 1, 32)
[2018-05-20 21:31:49,053]   global/predictor/g1/w:0 (576, 256)
[2018-05-20 21:31:49,054]   global/predictor/g1/b:0 (256,)
[2018-05-20 21:31:49,054]   global/predictor/glast/w:0 (256, 4)
[2018-05-20 21:31:49,054]   global/predictor/glast/b:0 (4,)
[2018-05-20 21:31:49,054]   global/predictor/f1/w:0 (292, 256)
[2018-05-20 21:31:49,054]   global/predictor/f1/b:0 (256,)
[2018-05-20 21:31:49,054]   global/predictor/flast/w:0 (256, 288)
[2018-05-20 21:31:49,054]   global/predictor/flast/b:0 (288,)
[2018-05-20 21:31:49,054]   local/l1/W:0 (3, 3, 4, 32)
[2018-05-20 21:31:49,054]   local/l1/b:0 (1, 1, 1, 32)
[2018-05-20 21:31:49,054]   local/l2/W:0 (3, 3, 32, 32)
[2018-05-20 21:31:49,054]   local/l2/b:0 (1, 1, 1, 32)
[2018-05-20 21:31:49,054]   local/l3/W:0 (3, 3, 32, 32)
[2018-05-20 21:31:49,055]   local/l3/b:0 (1, 1, 1, 32)
[2018-05-20 21:31:49,055]   local/l4/W:0 (3, 3, 32, 32)
[2018-05-20 21:31:49,055]   local/l4/b:0 (1, 1, 1, 32)
[2018-05-20 21:31:49,055]   local/RNN/BasicLSTMCell/Linear/Matrix:0 (544, 1024)
[2018-05-20 21:31:49,055]   local/RNN/BasicLSTMCell/Linear/Bias:0 (1024,)
[2018-05-20 21:31:49,055]   local/value/w:0 (256, 1)
[2018-05-20 21:31:49,055]   local/value/b:0 (1,)
[2018-05-20 21:31:49,055]   local/action/w:0 (256, 4)
[2018-05-20 21:31:49,055]   local/action/b:0 (4,)
[2018-05-20 21:31:49,055]   local/predictor/l1/W:0 (3, 3, 4, 32)
[2018-05-20 21:31:49,055]   local/predictor/l1/b:0 (1, 1, 1, 32)
[2018-05-20 21:31:49,056]   local/predictor/l2/W:0 (3, 3, 32, 32)
[2018-05-20 21:31:49,056]   local/predictor/l2/b:0 (1, 1, 1, 32)
[2018-05-20 21:31:49,056]   local/predictor/l3/W:0 (3, 3, 32, 32)
[2018-05-20 21:31:49,056]   local/predictor/l3/b:0 (1, 1, 1, 32)
[2018-05-20 21:31:49,056]   local/predictor/l4/W:0 (3, 3, 32, 32)
[2018-05-20 21:31:49,056]   local/predictor/l4/b:0 (1, 1, 1, 32)
[2018-05-20 21:31:49,056]   local/predictor/g1/w:0 (576, 256)
[2018-05-20 21:31:49,056]   local/predictor/g1/b:0 (256,)
[2018-05-20 21:31:49,056]   local/predictor/glast/w:0 (256, 4)
[2018-05-20 21:31:49,056]   local/predictor/glast/b:0 (4,)
[2018-05-20 21:31:49,056]   local/predictor/f1/w:0 (292, 256)
[2018-05-20 21:31:49,056]   local/predictor/f1/b:0 (256,)
[2018-05-20 21:31:49,057]   local/predictor/flast/w:0 (256, 288)
[2018-05-20 21:31:49,057]   local/predictor/flast/b:0 (288,)
[2018-05-20 21:31:49,057] Events directory: /scratch/doomicm/train_4
[2018-05-20 21:31:50,718] Starting session. If this hangs, we're mostly likely waiting to connect to the parameter server. One common cause is that the parameter server DNS name isn't resolving yet, or is misspecified.
I tensorflow/core/distributed_runtime/master_session.cc:993] Start master session cea18736ae9bb13b with config: 
device_filters: "/job:ps"
device_filters: "/job:worker/task:4/cpu:0"

[2018-05-20 21:31:51,475] Called reset on <Unvectorize<VectorizeFilter[<class 'envs.DiagnosticsInfoI'>]<Vectorize<SkipEnv<BufferedObsEnv<NoNegativeRewardEnv<SetPlayingModeWrapper<SetResolutionWrapper<ToDiscreteWrapper<TimeLimit<DoomMyWayHomeEnv instance>>>>>>>>>>> before configuring. Configuring automatically with default arguments
[2018-05-20 21:31:51,735] Starting training at gobal_step=5727
[2018-05-20 21:31:51,739] Resetting environment logs
[2018-05-20 21:32:00,973] True Game terminating: env_episode_reward=0.0 episode_length=525
[2018-05-20 21:32:00,980] Resetting environment logs
[2018-05-20 21:32:10,403] True Game terminating: env_episode_reward=0.0 episode_length=525
[2018-05-20 21:32:10,411] Resetting environment logs
[2018-05-20 21:32:20,283] True Game terminating: env_episode_reward=0.0 episode_length=525
[2018-05-20 21:32:20,290] Resetting environment logs
[2018-05-20 21:32:30,636] True Game terminating: env_episode_reward=0.0 episode_length=525
[2018-05-20 21:32:30,645] Resetting environment logs
[2018-05-20 21:32:41,618] True Game terminating: env_episode_reward=0.0 episode_length=525
[2018-05-20 21:32:41,629] Resetting environment logs
[2018-05-20 21:32:52,971] True Game terminating: env_episode_reward=0.0 episode_length=525
[2018-05-20 21:32:52,979] Resetting environment logs
[2018-05-20 21:33:04,587] True Game terminating: env_episode_reward=0.0 episode_length=525
[2018-05-20 21:33:04,596] Resetting environment logs
[2018-05-20 21:33:16,911] True Game terminating: env_episode_reward=0.0 episode_length=525
[2018-05-20 21:33:16,921] Resetting environment logs
[2018-05-20 21:33:29,898] True Game terminating: env_episode_reward=0.0 episode_length=525
[2018-05-20 21:33:29,907] Resetting environment logs
[2018-05-20 21:33:43,522] True Game terminating: env_episode_reward=0.0 episode_length=525
[2018-05-20 21:33:43,536] Resetting environment logs
[2018-05-20 21:33:57,989] True Game terminating: env_episode_reward=0.0 episode_length=525
[2018-05-20 21:33:58,011] Resetting environment logs
[2018-05-20 21:34:13,784] True Game terminating: env_episode_reward=0.0 episode_length=525
[2018-05-20 21:34:13,793] Resetting environment logs
[2018-05-20 21:34:30,127] True Game terminating: env_episode_reward=0.0 episode_length=525
[2018-05-20 21:34:30,136] Resetting environment logs
[2018-05-20 21:34:46,580] True Game terminating: env_episode_reward=0.0 episode_length=525
[2018-05-20 21:34:46,590] Resetting environment logs
[2018-05-20 21:35:03,038] True Game terminating: env_episode_reward=0.0 episode_length=525
[2018-05-20 21:35:03,047] Resetting environment logs
[2018-05-20 21:35:19,175] True Game terminating: env_episode_reward=0.0 episode_length=525
[2018-05-20 21:35:19,195] Resetting environment logs
[2018-05-20 21:35:19,769] True Game terminating: env_episode_reward=0.9999 episode_length=21
[2018-05-20 21:35:19,783] Resetting environment logs
[2018-05-20 21:35:36,258] True Game terminating: env_episode_reward=0.0 episode_length=525
[2018-05-20 21:35:36,267] Resetting environment logs
[2018-05-20 21:35:52,543] True Game terminating: env_episode_reward=0.0 episode_length=525
[2018-05-20 21:35:52,553] Resetting environment logs
[2018-05-20 21:36:08,818] True Game terminating: env_episode_reward=0.0 episode_length=525
[2018-05-20 21:36:08,829] Resetting environment logs
[2018-05-20 21:36:25,470] True Game terminating: env_episode_reward=0.0 episode_length=525
[2018-05-20 21:36:25,480] Resetting environment logs
[2018-05-20 21:36:42,222] True Game terminating: env_episode_reward=0.0 episode_length=525
[2018-05-20 21:36:42,232] Resetting environment logs
[2018-05-20 21:36:58,690] True Game terminating: env_episode_reward=0.0 episode_length=525
[2018-05-20 21:36:58,701] Resetting environment logs
[2018-05-20 21:37:15,301] True Game terminating: env_episode_reward=0.0 episode_length=525
[2018-05-20 21:37:15,310] Resetting environment logs
[2018-05-20 21:37:31,850] True Game terminating: env_episode_reward=0.0 episode_length=525
[2018-05-20 21:37:31,860] Resetting environment logs
[2018-05-20 21:37:47,981] True Game terminating: env_episode_reward=0.0 episode_length=525
[2018-05-20 21:37:47,990] Resetting environment logs
[2018-05-20 21:38:04,262] True Game terminating: env_episode_reward=0.0 episode_length=525
[2018-05-20 21:38:04,272] Resetting environment logs
[2018-05-20 21:38:20,734] True Game terminating: env_episode_reward=0.0 episode_length=525
[2018-05-20 21:38:20,744] Resetting environment logs
[2018-05-20 21:38:37,345] True Game terminating: env_episode_reward=0.0 episode_length=525
[2018-05-20 21:38:37,354] Resetting environment logs
[2018-05-20 21:38:53,864] True Game terminating: env_episode_reward=0.0 episode_length=525
[2018-05-20 21:38:53,886] Resetting environment logs
[2018-05-20 21:39:10,102] True Game terminating: env_episode_reward=0.0 episode_length=525
[2018-05-20 21:39:10,112] Resetting environment logs
[2018-05-20 21:39:26,420] True Game terminating: env_episode_reward=0.0 episode_length=525
[2018-05-20 21:39:26,434] Resetting environment logs
[2018-05-20 21:39:42,881] True Game terminating: env_episode_reward=0.0 episode_length=525
[2018-05-20 21:39:42,892] Resetting environment logs
[2018-05-20 21:39:59,364] True Game terminating: env_episode_reward=0.0 episode_length=525
[2018-05-20 21:39:59,377] Resetting environment logs
[2018-05-20 21:40:15,662] True Game terminating: env_episode_reward=0.0 episode_length=525
[2018-05-20 21:40:15,671] Resetting environment logs
[2018-05-20 21:40:31,830] True Game terminating: env_episode_reward=0.0 episode_length=525
[2018-05-20 21:40:31,845] Resetting environment logs
[2018-05-20 21:40:48,335] True Game terminating: env_episode_reward=0.0 episode_length=525
[2018-05-20 21:40:48,346] Resetting environment logs
[2018-05-20 21:40:58,544] True Game terminating: env_episode_reward=0.9999 episode_length=327
Using universe head design
Using universe head design
Using universe head design
Using universe head design
Using universe head design
Using universe head design
Optimizer: ADAM with lr: 0.000100
Input observation shape:  (42, 42, 4)
	=> Special Config: Monsters Removed.
Episode finished. Sum of shaped rewards: 0.00. Length: 525. Bonus: 0.1341.
Global Step Counter: 8440
Episode finished. Sum of shaped rewards: 0.00. Length: 525. Bonus: 0.1247.
Global Step Counter: 11530
Episode finished. Sum of shaped rewards: 0.00. Length: 525. Bonus: 0.0539.
Global Step Counter: 15066
Episode finished. Sum of shaped rewards: 0.00. Length: 525. Bonus: 0.0781.
Global Step Counter: 19161
Episode finished. Sum of shaped rewards: 0.00. Length: 525. Bonus: 0.1024.
Global Step Counter: 23786
Episode finished. Sum of shaped rewards: 0.00. Length: 525. Bonus: 0.0381.
Global Step Counter: 28971
Episode finished. Sum of shaped rewards: 0.00. Length: 525. Bonus: 0.1482.
Global Step Counter: 34278
Episode finished. Sum of shaped rewards: 0.00. Length: 525. Bonus: 0.3458.
Global Step Counter: 40153
Episode finished. Sum of shaped rewards: 0.00. Length: 525. Bonus: 0.7892.
Global Step Counter: 46720
Episode finished. Sum of shaped rewards: 0.00. Length: 525. Bonus: 0.5351.
Global Step Counter: 53859
Episode finished. Sum of shaped rewards: 0.00. Length: 525. Bonus: 0.1028.
Global Step Counter: 61769
Episode finished. Sum of shaped rewards: 0.00. Length: 525. Bonus: 0.2196.
Global Step Counter: 70436
Episode finished. Sum of shaped rewards: 0.00. Length: 525. Bonus: 0.2873.
Global Step Counter: 79939
Episode finished. Sum of shaped rewards: 0.00. Length: 525. Bonus: 0.1378.
Global Step Counter: 89791
Episode finished. Sum of shaped rewards: 0.00. Length: 525. Bonus: 0.2367.
Global Step Counter: 99693
Episode finished. Sum of shaped rewards: 0.00. Length: 525. Bonus: 0.1320.
Global Step Counter: 109342
Episode finished. Sum of shaped rewards: 0.00. Length: 21. Bonus: 0.0106.
Global Step Counter: 109728
Episode finished. Sum of shaped rewards: 0.00. Length: 525. Bonus: 1.3806.
Global Step Counter: 119669
Episode finished. Sum of shaped rewards: 0.00. Length: 525. Bonus: 1.3219.
Global Step Counter: 129532
Episode finished. Sum of shaped rewards: 0.00. Length: 525. Bonus: 0.2878.
Global Step Counter: 139453
Episode finished. Sum of shaped rewards: 0.00. Length: 525. Bonus: 0.3976.
Global Step Counter: 149351
Episode finished. Sum of shaped rewards: 0.00. Length: 525. Bonus: 0.2256.
Global Step Counter: 159494
Episode finished. Sum of shaped rewards: 0.00. Length: 525. Bonus: 0.2550.
Global Step Counter: 169488
Episode finished. Sum of shaped rewards: 0.00. Length: 525. Bonus: 0.2136.
Global Step Counter: 179408
Episode finished. Sum of shaped rewards: 0.00. Length: 525. Bonus: 0.2711.
Global Step Counter: 189303
Episode finished. Sum of shaped rewards: 0.00. Length: 525. Bonus: 1.7303.
Global Step Counter: 199066
Episode finished. Sum of shaped rewards: 0.00. Length: 525. Bonus: 0.1135.
Global Step Counter: 208877
Episode finished. Sum of shaped rewards: 0.00. Length: 525. Bonus: 0.7447.
Global Step Counter: 218867
Episode finished. Sum of shaped rewards: 0.00. Length: 525. Bonus: 0.2861.
Global Step Counter: 228763
Episode finished. Sum of shaped rewards: 0.00. Length: 525. Bonus: 0.0867.
Global Step Counter: 238757
Episode finished. Sum of shaped rewards: 0.00. Length: 525. Bonus: 0.5801.
Global Step Counter: 248569
Episode finished. Sum of shaped rewards: 0.00. Length: 525. Bonus: 1.8368.
Global Step Counter: 258487
Episode finished. Sum of shaped rewards: 0.00. Length: 525. Bonus: 0.0822.
Global Step Counter: 268310
Episode finished. Sum of shaped rewards: 0.00. Length: 525. Bonus: 0.2891.
Global Step Counter: 278285
Episode finished. Sum of shaped rewards: 0.00. Length: 525. Bonus: 0.3855.
Global Step Counter: 288157
Episode finished. Sum of shaped rewards: 0.00. Length: 525. Bonus: 0.1446.
Global Step Counter: 297871
Episode finished. Sum of shaped rewards: 0.00. Length: 525. Bonus: 0.4443.
Global Step Counter: 307754
Episode finished. Sum of shape[2018-05-20 21:40:58,553] Resetting environment logs
[2018-05-20 21:41:15,011] True Game terminating: env_episode_reward=0.0 episode_length=525
[2018-05-20 21:41:15,022] Resetting environment logs
[2018-05-20 21:41:31,537] True Game terminating: env_episode_reward=0.0 episode_length=525
[2018-05-20 21:41:31,549] Resetting environment logs
[2018-05-20 21:41:48,037] True Game terminating: env_episode_reward=0.0 episode_length=525
[2018-05-20 21:41:48,047] Resetting environment logs
[2018-05-20 21:42:04,354] True Game terminating: env_episode_reward=0.0 episode_length=525
[2018-05-20 21:42:04,365] Resetting environment logs
[2018-05-20 21:42:20,745] True Game terminating: env_episode_reward=0.0 episode_length=525
[2018-05-20 21:42:20,756] Resetting environment logs
[2018-05-20 21:42:37,295] True Game terminating: env_episode_reward=0.0 episode_length=525
[2018-05-20 21:42:37,307] Resetting environment logs
[2018-05-20 21:42:40,253] True Game terminating: env_episode_reward=0.9999 episode_length=98
[2018-05-20 21:42:40,265] Resetting environment logs
[2018-05-20 21:42:56,871] True Game terminating: env_episode_reward=0.0 episode_length=525
[2018-05-20 21:42:56,894] Resetting environment logs
[2018-05-20 21:43:12,995] True Game terminating: env_episode_reward=0.0 episode_length=525
[2018-05-20 21:43:13,004] Resetting environment logs
[2018-05-20 21:43:29,527] True Game terminating: env_episode_reward=0.0 episode_length=525
[2018-05-20 21:43:29,538] Resetting environment logs
[2018-05-20 21:43:46,158] True Game terminating: env_episode_reward=0.0 episode_length=525
[2018-05-20 21:43:46,169] Resetting environment logs
[2018-05-20 21:44:02,720] True Game terminating: env_episode_reward=0.0 episode_length=525
[2018-05-20 21:44:02,731] Resetting environment logs
[2018-05-20 21:44:10,034] True Game terminating: env_episode_reward=0.9999 episode_length=231
[2018-05-20 21:44:10,043] Resetting environment logs
[2018-05-20 21:44:26,744] True Game terminating: env_episode_reward=0.0 episode_length=525
[2018-05-20 21:44:26,755] Resetting environment logs
[2018-05-20 21:44:42,761] True Game terminating: env_episode_reward=0.0 episode_length=525
[2018-05-20 21:44:42,781] Resetting environment logs
[2018-05-20 21:44:59,390] True Game terminating: env_episode_reward=0.0 episode_length=525
[2018-05-20 21:44:59,410] Resetting environment logs
[2018-05-20 21:45:06,549] True Game terminating: env_episode_reward=0.9999 episode_length=225
[2018-05-20 21:45:06,560] Resetting environment logs
[2018-05-20 21:45:23,053] True Game terminating: env_episode_reward=0.0 episode_length=525
[2018-05-20 21:45:23,069] Resetting environment logs
[2018-05-20 21:45:39,576] True Game terminating: env_episode_reward=0.0 episode_length=525
[2018-05-20 21:45:39,585] Resetting environment logs
[2018-05-20 21:45:55,885] True Game terminating: env_episode_reward=0.0 episode_length=525
[2018-05-20 21:45:55,899] Resetting environment logs
[2018-05-20 21:46:09,449] True Game terminating: env_episode_reward=0.9999 episode_length=424
[2018-05-20 21:46:09,465] Resetting environment logs
[2018-05-20 21:46:26,217] True Game terminating: env_episode_reward=0.0 episode_length=525
[2018-05-20 21:46:26,240] Resetting environment logs
[2018-05-20 21:46:42,551] True Game terminating: env_episode_reward=0.0 episode_length=525
[2018-05-20 21:46:42,562] Resetting environment logs
[2018-05-20 21:46:59,417] True Game terminating: env_episode_reward=0.0 episode_length=525
[2018-05-20 21:46:59,432] Resetting environment logs
[2018-05-20 21:47:15,841] True Game terminating: env_episode_reward=0.0 episode_length=525
[2018-05-20 21:47:15,864] Resetting environment logs
[2018-05-20 21:47:32,318] True Game terminating: env_episode_reward=0.0 episode_length=525
[2018-05-20 21:47:32,328] Resetting environment logs
[2018-05-20 21:47:49,140] True Game terminating: env_episode_reward=0.0 episode_length=525
[2018-05-20 21:47:49,150] Resetting environment logs
[2018-05-20 21:48:05,606] True Game terminating: env_episode_reward=0.0 episode_length=525
[2018-05-20 21:48:05,618] Resetting environment logs
[2018-05-20 21:48:22,431] True Game terminating: env_episode_reward=0.0 episode_length=525
[2018-05-20 21:48:22,441] Resetting environment logs
[2018-05-20 21:48:38,757] True Game terminating: env_episode_reward=0.0 episode_length=525
[2018-05-20 21:48:38,769] Resetting environment logs
[2018-05-20 21:48:55,188] True Game terminating: env_episode_reward=0.0 episode_length=525
[2018-05-20 21:48:55,198] Resetting environment logs
[2018-05-20 21:49:11,696] True Game terminating: env_episode_reward=0.0 episode_length=525
[2018-05-20 21:49:11,707] Resetting environment logs
[2018-05-20 21:49:28,521] True Game terminating: env_episode_reward=0.0 episode_length=525
[2018-05-20 21:49:28,546] Resetting environment logs
[2018-05-20 21:49:45,325] True Game terminating: env_episode_reward=0.0 episode_length=525
[2018-05-20 21:49:45,336] Resetting environment logs
[2018-05-20 21:50:01,551] True Game terminating: env_episode_reward=0.0 episode_length=525
[2018-05-20 21:50:01,561] Resetting environment logs
[2018-05-20 21:50:02,056] True Game terminating: env_episode_reward=0.9999 episode_length=20
[2018-05-20 21:50:02,065] Resetting environment logs
[2018-05-20 21:50:18,835] True Game terminating: env_episode_reward=0.0 episode_length=525
[2018-05-20 21:50:18,847] Resetting environment logs
[2018-05-20 21:50:23,022] True Game terminating: env_episode_reward=0.9999 episode_length=134
[2018-05-20 21:50:23,050] Resetting environment logs
[2018-05-20 21:50:39,651] True Game terminating: env_episode_reward=0.0 episode_length=525
[2018-05-20 21:50:39,661] Resetting environment logs
[2018-05-20 21:50:56,142] True Game terminating: env_episode_reward=0.0 episode_length=525
d rewards: 0.00. Length: 327. Bonus: 0.2674.
Global Step Counter: 313933
Episode finished. Sum of shaped rewards: 0.00. Length: 525. Bonus: 1.7967.
Global Step Counter: 323904
Episode finished. Sum of shaped rewards: 0.00. Length: 525. Bonus: 0.7893.
Global Step Counter: 333855
Episode finished. Sum of shaped rewards: 0.00. Length: 525. Bonus: 0.2805.
Global Step Counter: 343775
Episode finished. Sum of shaped rewards: 0.00. Length: 525. Bonus: 1.4389.
Global Step Counter: 353659
Episode finished. Sum of shaped rewards: 0.00. Length: 525. Bonus: 1.8568.
Global Step Counter: 363551
Episode finished. Sum of shaped rewards: 0.00. Length: 525. Bonus: 0.1818.
Global Step Counter: 373519
Episode finished. Sum of shaped rewards: 0.00. Length: 98. Bonus: 0.0744.
Global Step Counter: 375362
Episode finished. Sum of shaped rewards: 0.00. Length: 525. Bonus: 2.2748.
Global Step Counter: 385347
Episode finished. Sum of shaped rewards: 0.00. Length: 525. Bonus: 0.2571.
Global Step Counter: 395048
Episode finished. Sum of shaped rewards: 0.00. Length: 525. Bonus: 2.5752.
Global Step Counter: 405068
Episode finished. Sum of shaped rewards: 0.00. Length: 525. Bonus: 2.1918.
Global Step Counter: 415194
Episode finished. Sum of shaped rewards: 0.00. Length: 525. Bonus: 2.5123.
Global Step Counter: 425088
Episode finished. Sum of shaped rewards: 0.00. Length: 231. Bonus: 0.7457.
Global Step Counter: 429554
Episode finished. Sum of shaped rewards: 0.00. Length: 525. Bonus: 2.6045.
Global Step Counter: 439640
Episode finished. Sum of shaped rewards: 0.00. Length: 525. Bonus: 0.1457.
Global Step Counter: 449412
Episode finished. Sum of shaped rewards: 0.00. Length: 525. Bonus: 1.1649.
Global Step Counter: 459468
Episode finished. Sum of shaped rewards: 0.00. Length: 225. Bonus: 0.2010.
Global Step Counter: 463649
Episode finished. Sum of shaped rewards: 0.00. Length: 525. Bonus: 0.3310.
Global Step Counter: 473615
Episode finished. Sum of shaped rewards: 0.00. Length: 525. Bonus: 0.9916.
Global Step Counter: 483513
Episode finished. Sum of shaped rewards: 0.00. Length: 525. Bonus: 0.2418.
Global Step Counter: 493476
Episode finished. Sum of shaped rewards: 0.00. Length: 424. Bonus: 0.9478.
Global Step Counter: 501579
Episode finished. Sum of shaped rewards: 0.00. Length: 525. Bonus: 2.4673.
Global Step Counter: 511667
Episode finished. Sum of shaped rewards: 0.00. Length: 525. Bonus: 0.8984.
Global Step Counter: 521522
Episode finished. Sum of shaped rewards: 0.00. Length: 525. Bonus: 0.4739.
Global Step Counter: 531801
Episode finished. Sum of shaped rewards: 0.00. Length: 525. Bonus: 0.5529.
Global Step Counter: 541656
Episode finished. Sum of shaped rewards: 0.00. Length: 525. Bonus: 2.4791.
Global Step Counter: 551552
Episode finished. Sum of shaped rewards: 0.00. Length: 525. Bonus: 1.9992.
Global Step Counter: 561771
Episode finished. Sum of shaped rewards: 0.00. Length: 525. Bonus: 1.6347.
Global Step Counter: 571771
Episode finished. Sum of shaped rewards: 0.00. Length: 525. Bonus: 0.6604.
Global Step Counter: 581746
Episode finished. Sum of shaped rewards: 0.00. Length: 525. Bonus: 0.2362.
Global Step Counter: 591601
Episode finished. Sum of shaped rewards: 0.00. Length: 525. Bonus: 0.7646.
Global Step Counter: 601543
Episode finished. Sum of shaped rewards: 0.00. Length: 525. Bonus: 1.3251.
Global Step Counter: 611498
Episode finished. Sum of shaped rewards: 0.00. Length: 525. Bonus: 0.5069.
Global Step Counter: 621533
Episode finished. Sum of shaped rewards: 0.00. Length: 525. Bonus: 1.2293.
Global Step Counter: 631734
Episode finished. Sum of shaped rewards: 0.00. Length: 525. Bonus: 0.6825.
Global Step Counter: 641561
Episode finished. Sum of shaped rewards: 0.00. Length: 20. Bonus: 0.0192.
Global Step Counter: 641846
Episode finished. Sum of shaped rewards: 0.00. Length: 525. Bonus: 0.6813.
Global Step Counter: 651966
Episode finished. Sum of shaped rewards: 0.00. Length: 134. Bonus: 0.1087.
Global Step Counter: 654572
Episode finished. Sum of shaped rewards: 0.00. Length: 525. Bonus: 0.3577.
Global Step Counter: 664492
Episode [2018-05-20 21:50:56,154] Resetting environment logs
[2018-05-20 21:51:02,513] True Game terminating: env_episode_reward=0.9999 episode_length=203
[2018-05-20 21:51:02,524] Resetting environment logs
[2018-05-20 21:51:04,269] True Game terminating: env_episode_reward=0.9999 episode_length=56
[2018-05-20 21:51:04,285] Resetting environment logs
[2018-05-20 21:51:21,016] True Game terminating: env_episode_reward=0.0 episode_length=525
[2018-05-20 21:51:21,026] Resetting environment logs
[2018-05-20 21:51:37,746] True Game terminating: env_episode_reward=0.0 episode_length=525
[2018-05-20 21:51:37,755] Resetting environment logs
[2018-05-20 21:51:54,134] True Game terminating: env_episode_reward=0.0 episode_length=525
[2018-05-20 21:51:54,145] Resetting environment logs
[2018-05-20 21:52:10,776] True Game terminating: env_episode_reward=0.0 episode_length=525
[2018-05-20 21:52:10,785] Resetting environment logs
[2018-05-20 21:52:27,039] True Game terminating: env_episode_reward=0.0 episode_length=525
[2018-05-20 21:52:27,052] Resetting environment logs
[2018-05-20 21:52:43,633] True Game terminating: env_episode_reward=0.0 episode_length=525
[2018-05-20 21:52:43,642] Resetting environment logs
[2018-05-20 21:53:00,012] True Game terminating: env_episode_reward=0.0 episode_length=525
[2018-05-20 21:53:00,022] Resetting environment logs
[2018-05-20 21:53:05,635] True Game terminating: env_episode_reward=0.9999 episode_length=176
[2018-05-20 21:53:05,647] Resetting environment logs
[2018-05-20 21:53:22,437] True Game terminating: env_episode_reward=0.0 episode_length=525
[2018-05-20 21:53:22,459] Resetting environment logs
[2018-05-20 21:53:38,911] True Game terminating: env_episode_reward=0.0 episode_length=525
[2018-05-20 21:53:38,921] Resetting environment logs
[2018-05-20 21:53:55,425] True Game terminating: env_episode_reward=0.0 episode_length=525
[2018-05-20 21:53:55,437] Resetting environment logs
[2018-05-20 21:54:12,155] True Game terminating: env_episode_reward=0.0 episode_length=525
[2018-05-20 21:54:12,164] Resetting environment logs
[2018-05-20 21:54:28,488] True Game terminating: env_episode_reward=0.0 episode_length=525
[2018-05-20 21:54:28,499] Resetting environment logs
[2018-05-20 21:54:44,563] True Game terminating: env_episode_reward=0.0 episode_length=525
[2018-05-20 21:54:44,573] Resetting environment logs
[2018-05-20 21:54:58,473] True Game terminating: env_episode_reward=0.9999 episode_length=438
[2018-05-20 21:54:58,481] Resetting environment logs
[2018-05-20 21:55:15,114] True Game terminating: env_episode_reward=0.0 episode_length=525
[2018-05-20 21:55:15,125] Resetting environment logs
[2018-05-20 21:55:31,404] True Game terminating: env_episode_reward=0.0 episode_length=525
[2018-05-20 21:55:31,413] Resetting environment logs
[2018-05-20 21:55:47,905] True Game terminating: env_episode_reward=0.0 episode_length=525
[2018-05-20 21:55:47,916] Resetting environment logs
[2018-05-20 21:56:04,698] True Game terminating: env_episode_reward=0.0 episode_length=525
[2018-05-20 21:56:04,708] Resetting environment logs
[2018-05-20 21:56:20,930] True Game terminating: env_episode_reward=0.0 episode_length=525
[2018-05-20 21:56:20,940] Resetting environment logs
[2018-05-20 21:56:37,262] True Game terminating: env_episode_reward=0.0 episode_length=525
[2018-05-20 21:56:37,273] Resetting environment logs
[2018-05-20 21:56:53,754] True Game terminating: env_episode_reward=0.0 episode_length=525
[2018-05-20 21:56:53,768] Resetting environment logs
[2018-05-20 21:57:10,243] True Game terminating: env_episode_reward=0.0 episode_length=525
[2018-05-20 21:57:10,254] Resetting environment logs
[2018-05-20 21:57:26,602] True Game terminating: env_episode_reward=0.0 episode_length=525
[2018-05-20 21:57:26,612] Resetting environment logs
[2018-05-20 21:57:42,878] True Game terminating: env_episode_reward=0.0 episode_length=525
[2018-05-20 21:57:42,887] Resetting environment logs
[2018-05-20 21:57:59,451] True Game terminating: env_episode_reward=0.0 episode_length=525
[2018-05-20 21:57:59,478] Resetting environment logs
[2018-05-20 21:58:15,026] True Game terminating: env_episode_reward=0.9999 episode_length=488
[2018-05-20 21:58:15,035] Resetting environment logs
[2018-05-20 21:58:31,657] True Game terminating: env_episode_reward=0.0 episode_length=525
[2018-05-20 21:58:31,668] Resetting environment logs
[2018-05-20 21:58:48,230] True Game terminating: env_episode_reward=0.0 episode_length=525
[2018-05-20 21:58:48,251] Resetting environment logs
[2018-05-20 21:59:04,785] True Game terminating: env_episode_reward=0.0 episode_length=525
[2018-05-20 21:59:04,796] Resetting environment logs
[2018-05-20 21:59:05,231] True Game terminating: env_episode_reward=0.9999 episode_length=15
[2018-05-20 21:59:05,247] Resetting environment logs
[2018-05-20 21:59:21,780] True Game terminating: env_episode_reward=0.0 episode_length=525
[2018-05-20 21:59:21,791] Resetting environment logs
[2018-05-20 21:59:22,094] True Game terminating: env_episode_reward=0.9999 episode_length=12
[2018-05-20 21:59:22,103] Resetting environment logs
[2018-05-20 21:59:38,534] True Game terminating: env_episode_reward=0.0 episode_length=525
[2018-05-20 21:59:38,545] Resetting environment logs
[2018-05-20 21:59:54,690] True Game terminating: env_episode_reward=0.0 episode_length=525
[2018-05-20 21:59:54,707] Resetting environment logs
[2018-05-20 22:00:11,227] True Game terminating: env_episode_reward=0.0 episode_length=525
[2018-05-20 22:00:11,240] Resetting environment logs
[2018-05-20 22:00:27,902] True Game terminating: env_episode_reward=0.0 episode_length=525
[2018-05-20 22:00:27,912] Resetting environment logs
finished. Sum of shaped rewards: 0.00. Length: 525. Bonus: 1.1315.
Global Step Counter: 674467
Episode finished. Sum of shaped rewards: 0.00. Length: 203. Bonus: 0.3559.
Global Step Counter: 678327
Episode finished. Sum of shaped rewards: 0.00. Length: 56. Bonus: 0.0379.
Global Step Counter: 679395
Episode finished. Sum of shaped rewards: 0.00. Length: 525. Bonus: 0.2416.
Global Step Counter: 689536
Episode finished. Sum of shaped rewards: 0.00. Length: 525. Bonus: 0.4961.
Global Step Counter: 699611
Episode finished. Sum of shaped rewards: 0.00. Length: 525. Bonus: 0.7635.
Global Step Counter: 709464
Episode finished. Sum of shaped rewards: 0.00. Length: 525. Bonus: 0.4115.
Global Step Counter: 719502
Episode finished. Sum of shaped rewards: 0.00. Length: 525. Bonus: 1.9045.
Global Step Counter: 729344
Episode finished. Sum of shaped rewards: 0.00. Length: 525. Bonus: 0.3476.
Global Step Counter: 739248
Episode finished. Sum of shaped rewards: 0.00. Length: 525. Bonus: 2.3544.
Global Step Counter: 749182
Episode finished. Sum of shaped rewards: 0.00. Length: 176. Bonus: 0.1972.
Global Step Counter: 752553
Episode finished. Sum of shaped rewards: 0.00. Length: 525. Bonus: 1.6071.
Global Step Counter: 762706
Episode finished. Sum of shaped rewards: 0.00. Length: 525. Bonus: 1.7081.
Global Step Counter: 772726
Episode finished. Sum of shaped rewards: 0.00. Length: 525. Bonus: 1.6304.
Global Step Counter: 782648
Episode finished. Sum of shaped rewards: 0.00. Length: 525. Bonus: 0.4701.
Global Step Counter: 792753
Episode finished. Sum of shaped rewards: 0.00. Length: 525. Bonus: 0.5160.
Global Step Counter: 802702
Episode finished. Sum of shaped rewards: 0.00. Length: 525. Bonus: 1.7118.
Global Step Counter: 812432
Episode finished. Sum of shaped rewards: 0.00. Length: 438. Bonus: 0.3045.
Global Step Counter: 820847
Episode finished. Sum of shaped rewards: 0.00. Length: 525. Bonus: 1.5711.
Global Step Counter: 830810
Episode finished. Sum of shaped rewards: 0.00. Length: 525. Bonus: 0.9095.
Global Step Counter: 840653
Episode finished. Sum of shaped rewards: 0.00. Length: 525. Bonus: 0.4793.
Global Step Counter: 850610
Episode finished. Sum of shaped rewards: 0.00. Length: 525. Bonus: 0.8129.
Global Step Counter: 860665
Episode finished. Sum of shaped rewards: 0.00. Length: 525. Bonus: 1.9536.
Global Step Counter: 870445
Episode finished. Sum of shaped rewards: 0.00. Length: 525. Bonus: 0.1361.
Global Step Counter: 880351
Episode finished. Sum of shaped rewards: 0.00. Length: 525. Bonus: 1.7930.
Global Step Counter: 890329
Episode finished. Sum of shaped rewards: 0.00. Length: 525. Bonus: 0.2625.
Global Step Counter: 900161
Episode finished. Sum of shaped rewards: 0.00. Length: 525. Bonus: 0.4834.
Global Step Counter: 910017
Episode finished. Sum of shaped rewards: 0.00. Length: 525. Bonus: 0.5555.
Global Step Counter: 919907
Episode finished. Sum of shaped rewards: 0.00. Length: 525. Bonus: 1.6505.
Global Step Counter: 929877
Episode finished. Sum of shaped rewards: 0.00. Length: 488. Bonus: 0.3766.
Global Step Counter: 939191
Episode finished. Sum of shaped rewards: 0.00. Length: 525. Bonus: 0.7877.
Global Step Counter: 949233
Episode finished. Sum of shaped rewards: 0.00. Length: 525. Bonus: 0.3045.
Global Step Counter: 959308
Episode finished. Sum of shaped rewards: 0.00. Length: 525. Bonus: 0.2679.
Global Step Counter: 969248
Episode finished. Sum of shaped rewards: 0.00. Length: 15. Bonus: 0.0119.
Global Step Counter: 969553
Episode finished. Sum of shaped rewards: 0.00. Length: 525. Bonus: 0.2229.
Global Step Counter: 979518
Episode finished. Sum of shaped rewards: 0.00. Length: 12. Bonus: 0.0131.
Global Step Counter: 979683
Episode finished. Sum of shaped rewards: 0.00. Length: 525. Bonus: 0.4816.
Global Step Counter: 989690
Episode finished. Sum of shaped rewards: 0.00. Length: 525. Bonus: 0.1967.
Global Step Counter: 999514
Episode finished. Sum of shaped rewards: 0.00. Length: 525. Bonus: 0.6351.
Global Step Counter: 1009469
Episode finished. Sum of shaped rewards: 0.00. Length: 525. Bonus: 0.2878.
Global Step Co[2018-05-20 22:00:44,501] True Game terminating: env_episode_reward=0.0 episode_length=525
[2018-05-20 22:00:44,513] Resetting environment logs
[2018-05-20 22:01:00,799] True Game terminating: env_episode_reward=0.0 episode_length=525
[2018-05-20 22:01:00,809] Resetting environment logs
[2018-05-20 22:01:17,849] True Game terminating: env_episode_reward=0.0 episode_length=525
[2018-05-20 22:01:17,866] Resetting environment logs
[2018-05-20 22:01:34,552] True Game terminating: env_episode_reward=0.0 episode_length=525
[2018-05-20 22:01:34,567] Resetting environment logs
[2018-05-20 22:01:50,730] True Game terminating: env_episode_reward=0.0 episode_length=525
[2018-05-20 22:01:50,739] Resetting environment logs
[2018-05-20 22:02:07,063] True Game terminating: env_episode_reward=0.0 episode_length=525
[2018-05-20 22:02:07,073] Resetting environment logs
[2018-05-20 22:02:23,966] True Game terminating: env_episode_reward=0.0 episode_length=525
[2018-05-20 22:02:23,976] Resetting environment logs
[2018-05-20 22:02:40,077] True Game terminating: env_episode_reward=0.0 episode_length=525
[2018-05-20 22:02:40,090] Resetting environment logs
[2018-05-20 22:02:56,162] True Game terminating: env_episode_reward=0.0 episode_length=525
[2018-05-20 22:02:56,180] Resetting environment logs
[2018-05-20 22:03:12,605] True Game terminating: env_episode_reward=0.0 episode_length=525
[2018-05-20 22:03:12,614] Resetting environment logs
[2018-05-20 22:03:29,222] True Game terminating: env_episode_reward=0.0 episode_length=525
[2018-05-20 22:03:29,233] Resetting environment logs
[2018-05-20 22:03:45,629] True Game terminating: env_episode_reward=0.0 episode_length=525
[2018-05-20 22:03:45,638] Resetting environment logs
[2018-05-20 22:04:02,335] True Game terminating: env_episode_reward=0.0 episode_length=525
[2018-05-20 22:04:02,347] Resetting environment logs
[2018-05-20 22:04:18,542] True Game terminating: env_episode_reward=0.0 episode_length=525
[2018-05-20 22:04:18,552] Resetting environment logs
[2018-05-20 22:04:35,200] True Game terminating: env_episode_reward=0.0 episode_length=525
[2018-05-20 22:04:35,215] Resetting environment logs
[2018-05-20 22:04:37,578] True Game terminating: env_episode_reward=0.9999 episode_length=79
[2018-05-20 22:04:37,606] Resetting environment logs
[2018-05-20 22:04:54,083] True Game terminating: env_episode_reward=0.0 episode_length=525
[2018-05-20 22:04:54,094] Resetting environment logs
[2018-05-20 22:05:10,711] True Game terminating: env_episode_reward=0.0 episode_length=525
[2018-05-20 22:05:10,721] Resetting environment logs
[2018-05-20 22:05:27,349] True Game terminating: env_episode_reward=0.0 episode_length=525
[2018-05-20 22:05:27,377] Resetting environment logs
[2018-05-20 22:05:43,924] True Game terminating: env_episode_reward=0.0 episode_length=525
[2018-05-20 22:05:43,935] Resetting environment logs
[2018-05-20 22:06:00,962] True Game terminating: env_episode_reward=0.0 episode_length=525
[2018-05-20 22:06:00,971] Resetting environment logs
[2018-05-20 22:06:17,836] True Game terminating: env_episode_reward=0.0 episode_length=525
[2018-05-20 22:06:17,846] Resetting environment logs
[2018-05-20 22:06:34,420] True Game terminating: env_episode_reward=0.0 episode_length=525
[2018-05-20 22:06:34,433] Resetting environment logs
[2018-05-20 22:06:51,270] True Game terminating: env_episode_reward=0.0 episode_length=525
[2018-05-20 22:06:51,279] Resetting environment logs
[2018-05-20 22:07:07,759] True Game terminating: env_episode_reward=0.0 episode_length=525
[2018-05-20 22:07:07,770] Resetting environment logs
[2018-05-20 22:07:24,204] True Game terminating: env_episode_reward=0.0 episode_length=525
[2018-05-20 22:07:24,213] Resetting environment logs
[2018-05-20 22:07:40,770] True Game terminating: env_episode_reward=0.0 episode_length=525
[2018-05-20 22:07:40,780] Resetting environment logs
[2018-05-20 22:07:57,361] True Game terminating: env_episode_reward=0.0 episode_length=525
[2018-05-20 22:07:57,374] Resetting environment logs
[2018-05-20 22:08:13,805] True Game terminating: env_episode_reward=0.0 episode_length=525
[2018-05-20 22:08:13,817] Resetting environment logs
[2018-05-20 22:08:30,653] True Game terminating: env_episode_reward=0.0 episode_length=525
[2018-05-20 22:08:30,663] Resetting environment logs
[2018-05-20 22:08:47,202] True Game terminating: env_episode_reward=0.0 episode_length=525
[2018-05-20 22:08:47,212] Resetting environment logs
[2018-05-20 22:09:03,657] True Game terminating: env_episode_reward=0.0 episode_length=525
[2018-05-20 22:09:03,668] Resetting environment logs
[2018-05-20 22:09:20,454] True Game terminating: env_episode_reward=0.0 episode_length=525
[2018-05-20 22:09:20,467] Resetting environment logs
[2018-05-20 22:09:36,705] True Game terminating: env_episode_reward=0.0 episode_length=525
[2018-05-20 22:09:36,715] Resetting environment logs
[2018-05-20 22:09:52,870] True Game terminating: env_episode_reward=0.0 episode_length=525
[2018-05-20 22:09:52,880] Resetting environment logs
[2018-05-20 22:10:09,397] True Game terminating: env_episode_reward=0.0 episode_length=525
[2018-05-20 22:10:09,407] Resetting environment logs
[2018-05-20 22:10:25,864] True Game terminating: env_episode_reward=0.0 episode_length=525
[2018-05-20 22:10:25,886] Resetting environment logs
[2018-05-20 22:10:42,126] True Game terminating: env_episode_reward=0.0 episode_length=525
[2018-05-20 22:10:42,147] Resetting environment logs
[2018-05-20 22:10:58,565] True Game terminating: env_episode_reward=0.0 episode_length=525
[2018-05-20 22:10:58,576] Resetting environment logs
[2018-05-20 22:11:15,514] True Game terminating: env_episode_reward=0.0 episode_length=525
unter: 1019524
Episode finished. Sum of shaped rewards: 0.00. Length: 525. Bonus: 1.7034.
Global Step Counter: 1029477
Episode finished. Sum of shaped rewards: 0.00. Length: 525. Bonus: 1.1423.
Global Step Counter: 1039292
Episode finished. Sum of shaped rewards: 0.00. Length: 525. Bonus: 1.6583.
Global Step Counter: 1049412
Episode finished. Sum of shaped rewards: 0.00. Length: 525. Bonus: 0.4959.
Global Step Counter: 1059465
Episode finished. Sum of shaped rewards: 0.00. Length: 525. Bonus: 1.7792.
Global Step Counter: 1069240
Episode finished. Sum of shaped rewards: 0.00. Length: 525. Bonus: 0.1939.
Global Step Counter: 1079087
Episode finished. Sum of shaped rewards: 0.00. Length: 525. Bonus: 1.5879.
Global Step Counter: 1089261
Episode finished. Sum of shaped rewards: 0.00. Length: 525. Bonus: 0.2737.
Global Step Counter: 1098941
Episode finished. Sum of shaped rewards: 0.00. Length: 525. Bonus: 0.5594.
Global Step Counter: 1108721
Episode finished. Sum of shaped rewards: 0.00. Length: 525. Bonus: 1.7900.
Global Step Counter: 1118605
Episode finished. Sum of shaped rewards: 0.00. Length: 525. Bonus: 1.4774.
Global Step Counter: 1128555
Episode finished. Sum of shaped rewards: 0.00. Length: 525. Bonus: 1.5423.
Global Step Counter: 1138501
Episode finished. Sum of shaped rewards: 0.00. Length: 525. Bonus: 0.2531.
Global Step Counter: 1148605
Episode finished. Sum of shaped rewards: 0.00. Length: 525. Bonus: 0.2627.
Global Step Counter: 1158363
Episode finished. Sum of shaped rewards: 0.00. Length: 525. Bonus: 0.9798.
Global Step Counter: 1168388
Episode finished. Sum of shaped rewards: 0.00. Length: 79. Bonus: 0.1577.
Global Step Counter: 1169768
Episode finished. Sum of shaped rewards: 0.00. Length: 525. Bonus: 1.0376.
Global Step Counter: 1179792
Episode finished. Sum of shaped rewards: 0.00. Length: 525. Bonus: 0.4227.
Global Step Counter: 1189863
Episode finished. Sum of shaped rewards: 0.00. Length: 525. Bonus: 0.5256.
Global Step Counter: 1199888
Episode finished. Sum of shaped rewards: 0.00. Length: 525. Bonus: 1.0323.
Global Step Counter: 1209789
Episode finished. Sum of shaped rewards: 0.00. Length: 525. Bonus: 0.5548.
Global Step Counter: 1220137
Episode finished. Sum of shaped rewards: 0.00. Length: 525. Bonus: 1.5890.
Global Step Counter: 1230324
Episode finished. Sum of shaped rewards: 0.00. Length: 525. Bonus: 0.2108.
Global Step Counter: 1240334
Episode finished. Sum of shaped rewards: 0.00. Length: 525. Bonus: 1.6885.
Global Step Counter: 1250389
Episode finished. Sum of shaped rewards: 0.00. Length: 525. Bonus: 0.1873.
Global Step Counter: 1260344
Episode finished. Sum of shaped rewards: 0.00. Length: 525. Bonus: 0.3509.
Global Step Counter: 1270332
Episode finished. Sum of shaped rewards: 0.00. Length: 525. Bonus: 1.7501.
Global Step Counter: 1280366
Episode finished. Sum of shaped rewards: 0.00. Length: 525. Bonus: 0.5057.
Global Step Counter: 1290341
Episode finished. Sum of shaped rewards: 0.00. Length: 525. Bonus: 0.7118.
Global Step Counter: 1300189
Episode finished. Sum of shaped rewards: 0.00. Length: 525. Bonus: 0.0830.
Global Step Counter: 1310344
Episode finished. Sum of shaped rewards: 0.00. Length: 525. Bonus: 1.7690.
Global Step Counter: 1320369
Episode finished. Sum of shaped rewards: 0.00. Length: 525. Bonus: 0.5898.
Global Step Counter: 1330210
Episode finished. Sum of shaped rewards: 0.00. Length: 525. Bonus: 0.6047.
Global Step Counter: 1340385
Episode finished. Sum of shaped rewards: 0.00. Length: 525. Bonus: 0.4019.
Global Step Counter: 1350235
Episode finished. Sum of shaped rewards: 0.00. Length: 525. Bonus: 0.2276.
Global Step Counter: 1360030
Episode finished. Sum of shaped rewards: 0.00. Length: 525. Bonus: 0.5343.
Global Step Counter: 1370047
Episode finished. Sum of shaped rewards: 0.00. Length: 525. Bonus: 0.3975.
Global Step Counter: 1379990
Episode finished. Sum of shaped rewards: 0.00. Length: 525. Bonus: 0.7022.
Global Step Counter: 1389952
Episode finished. Sum of shaped rewards: 0.00. Length: 525. Bonus: 0.4335.
Global Step Counter: 1399852
Episode finished. Sum of s[2018-05-20 22:11:15,525] Resetting environment logs
[2018-05-20 22:11:32,204] True Game terminating: env_episode_reward=0.0 episode_length=525
[2018-05-20 22:11:32,220] Resetting environment logs
[2018-05-20 22:11:48,626] True Game terminating: env_episode_reward=0.0 episode_length=525
[2018-05-20 22:11:48,637] Resetting environment logs
[2018-05-20 22:12:05,241] True Game terminating: env_episode_reward=0.0 episode_length=525
[2018-05-20 22:12:05,266] Resetting environment logs
[2018-05-20 22:12:21,589] True Game terminating: env_episode_reward=0.0 episode_length=525
[2018-05-20 22:12:21,599] Resetting environment logs
[2018-05-20 22:12:37,789] True Game terminating: env_episode_reward=0.0 episode_length=525
[2018-05-20 22:12:37,810] Resetting environment logs
[2018-05-20 22:12:54,414] True Game terminating: env_episode_reward=0.0 episode_length=525
[2018-05-20 22:12:54,424] Resetting environment logs
[2018-05-20 22:13:11,311] True Game terminating: env_episode_reward=0.0 episode_length=525
[2018-05-20 22:13:11,321] Resetting environment logs
[2018-05-20 22:13:27,829] True Game terminating: env_episode_reward=0.0 episode_length=525
[2018-05-20 22:13:27,841] Resetting environment logs
Exception in thread Thread-1:
Traceback (most recent call last):
  File "/usr/lib/python2.7/threading.py", line 801, in __bootstrap_inner
    self.run()
  File "/home/verma_rohil/noreward-rl/src/a3c.py", line 135, in run
    self._run()
  File "/home/verma_rohil/noreward-rl/src/a3c.py", line 146, in _run
    self.queue.put(next(rollout_provider), timeout=600.0)
  File "/home/verma_rohil/noreward-rl/src/a3c.py", line 184, in env_runner
    bonus = predictor.pred_bonus(last_state, state, action)
  File "/home/verma_rohil/noreward-rl/src/model.py", line 310, in pred_bonus
    {self.s1: [s1], self.s2: [s2], self.asample: [asample]})
  File "/home/verma_rohil/noreward-rl/curiosity/local/lib/python2.7/site-packages/tensorflow/python/client/session.py", line 766, in run
    run_metadata_ptr)
  File "/home/verma_rohil/noreward-rl/curiosity/local/lib/python2.7/site-packages/tensorflow/python/client/session.py", line 902, in _run
    raise RuntimeError('Attempted to use a closed Session.')
RuntimeError: Attempted to use a closed Session.

[2018-05-20 22:13:44,372] reached 1500017 steps. worker stopped.
haped rewards: 0.00. Length: 525. Bonus: 0.0811.
Global Step Counter: 1410007
Episode finished. Sum of shaped rewards: 0.00. Length: 525. Bonus: 0.1782.
Global Step Counter: 1420133
Episode finished. Sum of shaped rewards: 0.00. Length: 525. Bonus: 1.5605.
Global Step Counter: 1430088
Episode finished. Sum of shaped rewards: 0.00. Length: 525. Bonus: 0.1170.
Global Step Counter: 1440176
Episode finished. Sum of shaped rewards: 0.00. Length: 525. Bonus: 0.4551.
Global Step Counter: 1449993
Episode finished. Sum of shaped rewards: 0.00. Length: 525. Bonus: 1.6784.
Global Step Counter: 1459858
Episode finished. Sum of shaped rewards: 0.00. Length: 525. Bonus: 1.0688.
Global Step Counter: 1469962
Episode finished. Sum of shaped rewards: 0.00. Length: 525. Bonus: 0.6212.
Global Step Counter: 1480032
Episode finished. Sum of shaped rewards: 0.00. Length: 525. Bonus: 0.4181.
Global Step Counter: 1490007
