[2018-05-20 21:31:05,862] Writing logs to file: /tmp/universe-10030.log
I tensorflow/core/distributed_runtime/rpc/grpc_channel.cc:197] Initialize GrpcChannelCache for job ps -> {0 -> 127.0.0.1:12222}
I tensorflow/core/distributed_runtime/rpc/grpc_channel.cc:197] Initialize GrpcChannelCache for job worker -> {0 -> 127.0.0.1:12223, 1 -> localhost:12224, 2 -> 127.0.0.1:12225, 3 -> 127.0.0.1:12226, 4 -> 127.0.0.1:12227, 5 -> 127.0.0.1:12228, 6 -> 127.0.0.1:12229, 7 -> 127.0.0.1:12230, 8 -> 127.0.0.1:12231, 9 -> 127.0.0.1:12232, 10 -> 127.0.0.1:12233, 11 -> 127.0.0.1:12234, 12 -> 127.0.0.1:12235, 13 -> 127.0.0.1:12236, 14 -> 127.0.0.1:12237, 15 -> 127.0.0.1:12238, 16 -> 127.0.0.1:12239, 17 -> 127.0.0.1:12240, 18 -> 127.0.0.1:12241, 19 -> 127.0.0.1:12242}
I tensorflow/core/distributed_runtime/rpc/grpc_server_lib.cc:211] Started server with target: grpc://localhost:12224
[2018-05-20 21:31:15,893] Making new env: ppaquette/DoomMyWayHome-v0
[2018-05-20 21:31:18,910] Trainable vars:
[2018-05-20 21:31:18,910]   global/l1/W:0 (3, 3, 4, 32)
[2018-05-20 21:31:18,910]   global/l1/b:0 (1, 1, 1, 32)
[2018-05-20 21:31:18,910]   global/l2/W:0 (3, 3, 32, 32)
[2018-05-20 21:31:18,910]   global/l2/b:0 (1, 1, 1, 32)
[2018-05-20 21:31:18,910]   global/l3/W:0 (3, 3, 32, 32)
[2018-05-20 21:31:18,911]   global/l3/b:0 (1, 1, 1, 32)
[2018-05-20 21:31:18,911]   global/l4/W:0 (3, 3, 32, 32)
[2018-05-20 21:31:18,911]   global/l4/b:0 (1, 1, 1, 32)
[2018-05-20 21:31:18,911]   global/RNN/BasicLSTMCell/Linear/Matrix:0 (544, 1024)
[2018-05-20 21:31:18,911]   global/RNN/BasicLSTMCell/Linear/Bias:0 (1024,)
[2018-05-20 21:31:18,911]   global/value/w:0 (256, 1)
[2018-05-20 21:31:18,911]   global/value/b:0 (1,)
[2018-05-20 21:31:18,911]   global/action/w:0 (256, 4)
[2018-05-20 21:31:18,911]   global/action/b:0 (4,)
[2018-05-20 21:31:18,911]   global/predictor/l1/W:0 (3, 3, 4, 32)
[2018-05-20 21:31:18,911]   global/predictor/l1/b:0 (1, 1, 1, 32)
[2018-05-20 21:31:18,911]   global/predictor/l2/W:0 (3, 3, 32, 32)
[2018-05-20 21:31:18,912]   global/predictor/l2/b:0 (1, 1, 1, 32)
[2018-05-20 21:31:18,912]   global/predictor/l3/W:0 (3, 3, 32, 32)
[2018-05-20 21:31:18,912]   global/predictor/l3/b:0 (1, 1, 1, 32)
[2018-05-20 21:31:18,912]   global/predictor/l4/W:0 (3, 3, 32, 32)
[2018-05-20 21:31:18,912]   global/predictor/l4/b:0 (1, 1, 1, 32)
[2018-05-20 21:31:18,912]   global/predictor/g1/w:0 (576, 256)
[2018-05-20 21:31:18,912]   global/predictor/g1/b:0 (256,)
[2018-05-20 21:31:18,912]   global/predictor/glast/w:0 (256, 4)
[2018-05-20 21:31:18,912]   global/predictor/glast/b:0 (4,)
[2018-05-20 21:31:18,912]   global/predictor/f1/w:0 (292, 256)
[2018-05-20 21:31:18,912]   global/predictor/f1/b:0 (256,)
[2018-05-20 21:31:18,912]   global/predictor/flast/w:0 (256, 288)
[2018-05-20 21:31:18,913]   global/predictor/flast/b:0 (288,)
[2018-05-20 21:31:18,913]   local/l1/W:0 (3, 3, 4, 32)
[2018-05-20 21:31:18,913]   local/l1/b:0 (1, 1, 1, 32)
[2018-05-20 21:31:18,913]   local/l2/W:0 (3, 3, 32, 32)
[2018-05-20 21:31:18,913]   local/l2/b:0 (1, 1, 1, 32)
[2018-05-20 21:31:18,913]   local/l3/W:0 (3, 3, 32, 32)
[2018-05-20 21:31:18,913]   local/l3/b:0 (1, 1, 1, 32)
[2018-05-20 21:31:18,913]   local/l4/W:0 (3, 3, 32, 32)
[2018-05-20 21:31:18,913]   local/l4/b:0 (1, 1, 1, 32)
[2018-05-20 21:31:18,913]   local/RNN/BasicLSTMCell/Linear/Matrix:0 (544, 1024)
[2018-05-20 21:31:18,913]   local/RNN/BasicLSTMCell/Linear/Bias:0 (1024,)
[2018-05-20 21:31:18,913]   local/value/w:0 (256, 1)
[2018-05-20 21:31:18,914]   local/value/b:0 (1,)
[2018-05-20 21:31:18,914]   local/action/w:0 (256, 4)
[2018-05-20 21:31:18,914]   local/action/b:0 (4,)
[2018-05-20 21:31:18,914]   local/predictor/l1/W:0 (3, 3, 4, 32)
[2018-05-20 21:31:18,914]   local/predictor/l1/b:0 (1, 1, 1, 32)
[2018-05-20 21:31:18,914]   local/predictor/l2/W:0 (3, 3, 32, 32)
[2018-05-20 21:31:18,914]   local/predictor/l2/b:0 (1, 1, 1, 32)
[2018-05-20 21:31:18,914]   local/predictor/l3/W:0 (3, 3, 32, 32)
[2018-05-20 21:31:18,914]   local/predictor/l3/b:0 (1, 1, 1, 32)
[2018-05-20 21:31:18,914]   local/predictor/l4/W:0 (3, 3, 32, 32)
[2018-05-20 21:31:18,914]   local/predictor/l4/b:0 (1, 1, 1, 32)
[2018-05-20 21:31:18,915]   local/predictor/g1/w:0 (576, 256)
[2018-05-20 21:31:18,915]   local/predictor/g1/b:0 (256,)
[2018-05-20 21:31:18,915]   local/predictor/glast/w:0 (256, 4)
[2018-05-20 21:31:18,915]   local/predictor/glast/b:0 (4,)
[2018-05-20 21:31:18,915]   local/predictor/f1/w:0 (292, 256)
[2018-05-20 21:31:18,915]   local/predictor/f1/b:0 (256,)
[2018-05-20 21:31:18,915]   local/predictor/flast/w:0 (256, 288)
[2018-05-20 21:31:18,915]   local/predictor/flast/b:0 (288,)
[2018-05-20 21:31:18,916] Events directory: /scratch/doomicm/train_1
[2018-05-20 21:31:20,537] Starting session. If this hangs, we're mostly likely waiting to connect to the parameter server. One common cause is that the parameter server DNS name isn't resolving yet, or is misspecified.
I tensorflow/core/distributed_runtime/master_session.cc:993] Start master session 603f9ef69d3714bc with config: 
device_filters: "/job:ps"
device_filters: "/job:worker/task:1/cpu:0"

[2018-05-20 21:31:21,285] Called reset on <Unvectorize<VectorizeFilter[<class 'envs.DiagnosticsInfoI'>]<Vectorize<SkipEnv<BufferedObsEnv<NoNegativeRewardEnv<SetPlayingModeWrapper<SetResolutionWrapper<ToDiscreteWrapper<TimeLimit<DoomMyWayHomeEnv instance>>>>>>>>>>> before configuring. Configuring automatically with default arguments
[2018-05-20 21:31:21,537] Starting training at gobal_step=400
[2018-05-20 21:31:21,540] Resetting environment logs
[2018-05-20 21:31:30,189] True Game terminating: env_episode_reward=0.0 episode_length=525
[2018-05-20 21:31:30,196] Resetting environment logs
[2018-05-20 21:31:30,682] True Game terminating: env_episode_reward=0.9999 episode_length=30
[2018-05-20 21:31:30,690] Resetting environment logs
[2018-05-20 21:31:39,444] True Game terminating: env_episode_reward=0.0 episode_length=525
[2018-05-20 21:31:39,453] Resetting environment logs
[2018-05-20 21:31:42,075] True Game terminating: env_episode_reward=0.9999 episode_length=160
[2018-05-20 21:31:42,083] Resetting environment logs
[2018-05-20 21:31:51,151] True Game terminating: env_episode_reward=0.0 episode_length=525
[2018-05-20 21:31:51,159] Resetting environment logs
[2018-05-20 21:32:00,219] True Game terminating: env_episode_reward=0.0 episode_length=525
[2018-05-20 21:32:00,226] Resetting environment logs
[2018-05-20 21:32:09,614] True Game terminating: env_episode_reward=0.0 episode_length=525
[2018-05-20 21:32:09,622] Resetting environment logs
[2018-05-20 21:32:11,995] True Game terminating: env_episode_reward=0.9999 episode_length=131
[2018-05-20 21:32:12,004] Resetting environment logs
[2018-05-20 21:32:22,053] True Game terminating: env_episode_reward=0.0 episode_length=525
[2018-05-20 21:32:22,063] Resetting environment logs
[2018-05-20 21:32:32,480] True Game terminating: env_episode_reward=0.0 episode_length=525
[2018-05-20 21:32:32,488] Resetting environment logs
[2018-05-20 21:32:34,841] True Game terminating: env_episode_reward=0.9999 episode_length=120
[2018-05-20 21:32:34,851] Resetting environment logs
[2018-05-20 21:32:45,951] True Game terminating: env_episode_reward=0.0 episode_length=525
[2018-05-20 21:32:45,960] Resetting environment logs
[2018-05-20 21:32:57,342] True Game terminating: env_episode_reward=0.0 episode_length=525
[2018-05-20 21:32:57,350] Resetting environment logs
[2018-05-20 21:33:09,149] True Game terminating: env_episode_reward=0.0 episode_length=525
[2018-05-20 21:33:09,158] Resetting environment logs
[2018-05-20 21:33:21,471] True Game terminating: env_episode_reward=0.0 episode_length=525
[2018-05-20 21:33:21,481] Resetting environment logs
[2018-05-20 21:33:34,559] True Game terminating: env_episode_reward=0.0 episode_length=525
[2018-05-20 21:33:34,569] Resetting environment logs
[2018-05-20 21:33:48,451] True Game terminating: env_episode_reward=0.0 episode_length=525
[2018-05-20 21:33:48,459] Resetting environment logs
[2018-05-20 21:34:03,181] True Game terminating: env_episode_reward=0.0 episode_length=525
[2018-05-20 21:34:03,194] Resetting environment logs
[2018-05-20 21:34:19,320] True Game terminating: env_episode_reward=0.0 episode_length=525
[2018-05-20 21:34:19,341] Resetting environment logs
[2018-05-20 21:34:35,836] True Game terminating: env_episode_reward=0.0 episode_length=525
[2018-05-20 21:34:35,845] Resetting environment logs
[2018-05-20 21:34:52,555] True Game terminating: env_episode_reward=0.0 episode_length=525
[2018-05-20 21:34:52,566] Resetting environment logs
[2018-05-20 21:35:08,970] True Game terminating: env_episode_reward=0.0 episode_length=525
[2018-05-20 21:35:08,980] Resetting environment logs
[2018-05-20 21:35:25,308] True Game terminating: env_episode_reward=0.0 episode_length=525
[2018-05-20 21:35:25,319] Resetting environment logs
[2018-05-20 21:35:26,872] True Game terminating: env_episode_reward=0.9999 episode_length=51
[2018-05-20 21:35:26,885] Resetting environment logs
[2018-05-20 21:35:43,289] True Game terminating: env_episode_reward=0.0 episode_length=525
[2018-05-20 21:35:43,304] Resetting environment logs
[2018-05-20 21:35:59,556] True Game terminating: env_episode_reward=0.0 episode_length=525
[2018-05-20 21:35:59,567] Resetting environment logs
[2018-05-20 21:36:16,370] True Game terminating: env_episode_reward=0.0 episode_length=525
[2018-05-20 21:36:16,379] Resetting environment logs
[2018-05-20 21:36:32,831] True Game terminating: env_episode_reward=0.0 episode_length=525
[2018-05-20 21:36:32,840] Resetting environment logs
[2018-05-20 21:36:49,388] True Game terminating: env_episode_reward=0.0 episode_length=525
[2018-05-20 21:36:49,401] Resetting environment logs
[2018-05-20 21:37:06,178] True Game terminating: env_episode_reward=0.0 episode_length=525
[2018-05-20 21:37:06,187] Resetting environment logs
[2018-05-20 21:37:22,336] True Game terminating: env_episode_reward=0.0 episode_length=525
[2018-05-20 21:37:22,361] Resetting environment logs
[2018-05-20 21:37:38,912] True Game terminating: env_episode_reward=0.0 episode_length=525
[2018-05-20 21:37:38,921] Resetting environment logs
[2018-05-20 21:37:55,373] True Game terminating: env_episode_reward=0.0 episode_length=525
[2018-05-20 21:37:55,384] Resetting environment logs
[2018-05-20 21:38:03,675] True Game terminating: env_episode_reward=0.9999 episode_length=270
[2018-05-20 21:38:03,685] Resetting environment logs
[2018-05-20 21:38:19,973] True Game terminating: env_episode_reward=0.0 episode_length=525
[2018-05-20 21:38:19,983] Resetting environment logs
[2018-05-20 21:38:36,714] True Game terminating: env_episode_reward=0.0 episode_length=525
[2018-05-20 21:38:36,724] Resetting environment logs
[2018-05-20 21:38:53,290] True Game terminating: env_episode_reward=0.0 episode_length=525
[2018-05-20 21:38:53,305] Resetting environment logs
[2018-05-20 21:39:10,066] True Game terminating: env_episode_reward=0.0 episode_length=525
Using universe head design
Using universe head design
Using universe head design
Using universe head design
Using universe head design
Using universe head design
Optimizer: ADAM with lr: 0.000100
Input observation shape:  (42, 42, 4)
	=> Special Config: Monsters Removed.
Episode finished. Sum of shaped rewards: 0.00. Length: 525. Bonus: 0.7076.
Global Step Counter: 1457
Episode finished. Sum of shaped rewards: 0.00. Length: 30. Bonus: 0.0079.
Global Step Counter: 1522
Episode finished. Sum of shaped rewards: 0.00. Length: 525. Bonus: 0.0671.
Global Step Counter: 3037
Episode finished. Sum of shaped rewards: 0.00. Length: 160. Bonus: 0.0363.
Global Step Counter: 3567
Episode finished. Sum of shaped rewards: 0.00. Length: 525. Bonus: 0.3442.
Global Step Counter: 5662
Episode finished. Sum of shaped rewards: 0.00. Length: 525. Bonus: 0.0589.
Global Step Counter: 8215
Episode finished. Sum of shaped rewards: 0.00. Length: 525. Bonus: 0.0859.
Global Step Counter: 11285
Episode finished. Sum of shaped rewards: 0.00. Length: 131. Bonus: 0.0134.
Global Step Counter: 12060
Episode finished. Sum of shaped rewards: 0.00. Length: 525. Bonus: 0.0786.
Global Step Counter: 15736
Episode finished. Sum of shaped rewards: 0.00. Length: 525. Bonus: 0.1296.
Global Step Counter: 19911
Episode finished. Sum of shaped rewards: 0.00. Length: 120. Bonus: 0.0087.
Global Step Counter: 20891
Episode finished. Sum of shaped rewards: 0.00. Length: 525. Bonus: 0.0345.
Global Step Counter: 25731
Episode finished. Sum of shaped rewards: 0.00. Length: 525. Bonus: 0.3194.
Global Step Counter: 30993
Episode finished. Sum of shaped rewards: 0.00. Length: 525. Bonus: 0.6546.
Global Step Counter: 36443
Episode finished. Sum of shaped rewards: 0.00. Length: 525. Bonus: 0.2559.
Global Step Counter: 42460
Episode finished. Sum of shaped rewards: 0.00. Length: 525. Bonus: 0.9779.
Global Step Counter: 49054
Episode finished. Sum of shaped rewards: 0.00. Length: 525. Bonus: 1.1616.
Global Step Counter: 56534
Episode finished. Sum of shaped rewards: 0.00. Length: 525. Bonus: 1.9108.
Global Step Counter: 64634
Episode finished. Sum of shaped rewards: 0.00. Length: 525. Bonus: 0.4680.
Global Step Counter: 73608
Episode finished. Sum of shaped rewards: 0.00. Length: 525. Bonus: 0.1648.
Global Step Counter: 83393
Episode finished. Sum of shaped rewards: 0.00. Length: 525. Bonus: 0.0647.
Global Step Counter: 93404
Episode finished. Sum of shaped rewards: 0.00. Length: 525. Bonus: 0.2898.
Global Step Counter: 103270
Episode finished. Sum of shaped rewards: 0.00. Length: 525. Bonus: 0.2291.
Global Step Counter: 113018
Episode finished. Sum of shaped rewards: 0.00. Length: 51. Bonus: 0.0175.
Global Step Counter: 113988
Episode finished. Sum of shaped rewards: 0.00. Length: 525. Bonus: 0.1207.
Global Step Counter: 123937
Episode finished. Sum of shaped rewards: 0.00. Length: 525. Bonus: 0.0725.
Global Step Counter: 133820
Episode finished. Sum of shaped rewards: 0.00. Length: 525. Bonus: 2.0589.
Global Step Counter: 143923
Episode finished. Sum of shaped rewards: 0.00. Length: 525. Bonus: 1.0935.
Global Step Counter: 153775
Episode finished. Sum of shaped rewards: 0.00. Length: 525. Bonus: 1.4112.
Global Step Counter: 163836
Episode finished. Sum of shaped rewards: 0.00. Length: 525. Bonus: 0.2096.
Global Step Counter: 173958
Episode finished. Sum of shaped rewards: 0.00. Length: 525. Bonus: 1.4582.
Global Step Counter: 183648
Episode finished. Sum of shaped rewards: 0.00. Length: 525. Bonus: 0.0822.
Global Step Counter: 193551
Episode finished. Sum of shaped rewards: 0.00. Length: 525. Bonus: 0.3788.
Global Step Counter: 203531
Episode finished. Sum of shaped rewards: 0.00. Length: 270. Bonus: 0.5641.
Global Step Counter: 208487
Episode finished. Sum of shaped rewards: 0.00. Length: 525. Bonus: 0.0630.
Global Step Counter: 218392
Episode finished. Sum of shaped rewards: 0.00. Length: 525. Bonus: 0.3528.
Global Step Counter: 228393
Episode finished. Sum of shaped rewards: 0.00. Length: 525. Bonus: 1.5576.
Global Step Counter: 238407
Episode finished. Sum of shaped rewards: 0[2018-05-20 21:39:10,075] Resetting environment logs
[2018-05-20 21:39:26,794] True Game terminating: env_episode_reward=0.0 episode_length=525
[2018-05-20 21:39:26,804] Resetting environment logs
[2018-05-20 21:39:43,509] True Game terminating: env_episode_reward=0.0 episode_length=525
[2018-05-20 21:39:43,527] Resetting environment logs
[2018-05-20 21:39:59,936] True Game terminating: env_episode_reward=0.0 episode_length=525
[2018-05-20 21:39:59,946] Resetting environment logs
[2018-05-20 21:40:16,308] True Game terminating: env_episode_reward=0.0 episode_length=525
[2018-05-20 21:40:16,318] Resetting environment logs
[2018-05-20 21:40:32,899] True Game terminating: env_episode_reward=0.0 episode_length=525
[2018-05-20 21:40:32,908] Resetting environment logs
[2018-05-20 21:40:49,538] True Game terminating: env_episode_reward=0.0 episode_length=525
[2018-05-20 21:40:49,548] Resetting environment logs
[2018-05-20 21:41:06,226] True Game terminating: env_episode_reward=0.0 episode_length=525
[2018-05-20 21:41:06,238] Resetting environment logs
[2018-05-20 21:41:22,543] True Game terminating: env_episode_reward=0.0 episode_length=525
[2018-05-20 21:41:22,552] Resetting environment logs
[2018-05-20 21:41:39,058] True Game terminating: env_episode_reward=0.0 episode_length=525
[2018-05-20 21:41:39,082] Resetting environment logs
[2018-05-20 21:41:55,723] True Game terminating: env_episode_reward=0.0 episode_length=525
[2018-05-20 21:41:55,734] Resetting environment logs
[2018-05-20 21:42:12,095] True Game terminating: env_episode_reward=0.0 episode_length=525
[2018-05-20 21:42:12,105] Resetting environment logs
[2018-05-20 21:42:12,555] True Game terminating: env_episode_reward=0.9999 episode_length=17
[2018-05-20 21:42:12,565] Resetting environment logs
[2018-05-20 21:42:29,247] True Game terminating: env_episode_reward=0.0 episode_length=525
[2018-05-20 21:42:29,256] Resetting environment logs
[2018-05-20 21:42:30,920] True Game terminating: env_episode_reward=0.9999 episode_length=54
[2018-05-20 21:42:30,929] Resetting environment logs
[2018-05-20 21:42:36,447] True Game terminating: env_episode_reward=0.9999 episode_length=173
[2018-05-20 21:42:36,457] Resetting environment logs
[2018-05-20 21:42:53,121] True Game terminating: env_episode_reward=0.0 episode_length=525
[2018-05-20 21:42:53,138] Resetting environment logs
[2018-05-20 21:43:09,383] True Game terminating: env_episode_reward=0.0 episode_length=525
[2018-05-20 21:43:09,392] Resetting environment logs
[2018-05-20 21:43:25,670] True Game terminating: env_episode_reward=0.0 episode_length=525
[2018-05-20 21:43:25,682] Resetting environment logs
[2018-05-20 21:43:42,136] True Game terminating: env_episode_reward=0.0 episode_length=525
[2018-05-20 21:43:42,147] Resetting environment logs
[2018-05-20 21:43:58,821] True Game terminating: env_episode_reward=0.0 episode_length=525
[2018-05-20 21:43:58,842] Resetting environment logs
[2018-05-20 21:44:09,257] True Game terminating: env_episode_reward=0.9999 episode_length=333
[2018-05-20 21:44:09,267] Resetting environment logs
[2018-05-20 21:44:25,544] True Game terminating: env_episode_reward=0.0 episode_length=525
[2018-05-20 21:44:25,554] Resetting environment logs
[2018-05-20 21:44:42,048] True Game terminating: env_episode_reward=0.0 episode_length=525
[2018-05-20 21:44:42,075] Resetting environment logs
[2018-05-20 21:44:58,350] True Game terminating: env_episode_reward=0.0 episode_length=525
[2018-05-20 21:44:58,361] Resetting environment logs
[2018-05-20 21:45:14,739] True Game terminating: env_episode_reward=0.0 episode_length=525
[2018-05-20 21:45:14,752] Resetting environment logs
[2018-05-20 21:45:31,221] True Game terminating: env_episode_reward=0.0 episode_length=525
[2018-05-20 21:45:31,232] Resetting environment logs
[2018-05-20 21:45:47,701] True Game terminating: env_episode_reward=0.0 episode_length=525
[2018-05-20 21:45:47,711] Resetting environment logs
[2018-05-20 21:46:03,872] True Game terminating: env_episode_reward=0.0 episode_length=525
[2018-05-20 21:46:03,882] Resetting environment logs
[2018-05-20 21:46:18,760] True Game terminating: env_episode_reward=0.9999 episode_length=484
[2018-05-20 21:46:18,772] Resetting environment logs
[2018-05-20 21:46:34,789] True Game terminating: env_episode_reward=0.0 episode_length=525
[2018-05-20 21:46:34,814] Resetting environment logs
[2018-05-20 21:46:51,533] True Game terminating: env_episode_reward=0.0 episode_length=525
[2018-05-20 21:46:51,543] Resetting environment logs
[2018-05-20 21:47:07,718] True Game terminating: env_episode_reward=0.0 episode_length=525
[2018-05-20 21:47:07,729] Resetting environment logs
[2018-05-20 21:47:23,800] True Game terminating: env_episode_reward=0.0 episode_length=525
[2018-05-20 21:47:23,810] Resetting environment logs
[2018-05-20 21:47:40,436] True Game terminating: env_episode_reward=0.0 episode_length=525
[2018-05-20 21:47:40,446] Resetting environment logs
[2018-05-20 21:47:50,737] True Game terminating: env_episode_reward=0.9999 episode_length=332
[2018-05-20 21:47:50,747] Resetting environment logs
[2018-05-20 21:48:07,001] True Game terminating: env_episode_reward=0.0 episode_length=525
[2018-05-20 21:48:07,012] Resetting environment logs
[2018-05-20 21:48:23,429] True Game terminating: env_episode_reward=0.0 episode_length=525
[2018-05-20 21:48:23,439] Resetting environment logs
[2018-05-20 21:48:39,652] True Game terminating: env_episode_reward=0.0 episode_length=525
[2018-05-20 21:48:39,661] Resetting environment logs
[2018-05-20 21:48:55,938] True Game terminating: env_episode_reward=0.0 episode_length=525
[2018-05-20 21:48:55,951] Resetting environment logs
[2018-05-20 21:49:12,621] True Game terminating: env_episode_reward=0.0 episode_length=525
.00. Length: 525. Bonus: 0.8352.
Global Step Counter: 248574
Episode finished. Sum of shaped rewards: 0.00. Length: 525. Bonus: 1.6182.
Global Step Counter: 258682
Episode finished. Sum of shaped rewards: 0.00. Length: 525. Bonus: 0.3900.
Global Step Counter: 268705
Episode finished. Sum of shaped rewards: 0.00. Length: 525. Bonus: 0.2750.
Global Step Counter: 278635
Episode finished. Sum of shaped rewards: 0.00. Length: 525. Bonus: 0.2572.
Global Step Counter: 288542
Episode finished. Sum of shaped rewards: 0.00. Length: 525. Bonus: 0.2327.
Global Step Counter: 298496
Episode finished. Sum of shaped rewards: 0.00. Length: 525. Bonus: 1.7000.
Global Step Counter: 308544
Episode finished. Sum of shaped rewards: 0.00. Length: 525. Bonus: 1.8112.
Global Step Counter: 318525
Episode finished. Sum of shaped rewards: 0.00. Length: 525. Bonus: 0.0975.
Global Step Counter: 328410
Episode finished. Sum of shaped rewards: 0.00. Length: 525. Bonus: 0.4408.
Global Step Counter: 338425
Episode finished. Sum of shaped rewards: 0.00. Length: 525. Bonus: 0.4530.
Global Step Counter: 348435
Episode finished. Sum of shaped rewards: 0.00. Length: 525. Bonus: 0.8648.
Global Step Counter: 358269
Episode finished. Sum of shaped rewards: 0.00. Length: 17. Bonus: 0.0090.
Global Step Counter: 358611
Episode finished. Sum of shaped rewards: 0.00. Length: 525. Bonus: 0.6127.
Global Step Counter: 368661
Episode finished. Sum of shaped rewards: 0.00. Length: 54. Bonus: 0.0351.
Global Step Counter: 369681
Episode finished. Sum of shaped rewards: 0.00. Length: 173. Bonus: 0.3875.
Global Step Counter: 373034
Episode finished. Sum of shaped rewards: 0.00. Length: 525. Bonus: 0.5117.
Global Step Counter: 382982
Episode finished. Sum of shaped rewards: 0.00. Length: 525. Bonus: 0.2782.
Global Step Counter: 392903
Episode finished. Sum of shaped rewards: 0.00. Length: 525. Bonus: 0.7601.
Global Step Counter: 402803
Episode finished. Sum of shaped rewards: 0.00. Length: 525. Bonus: 1.3891.
Global Step Counter: 412741
Episode finished. Sum of shaped rewards: 0.00. Length: 525. Bonus: 0.8458.
Global Step Counter: 422763
Episode finished. Sum of shaped rewards: 0.00. Length: 333. Bonus: 0.2142.
Global Step Counter: 429119
Episode finished. Sum of shaped rewards: 0.00. Length: 525. Bonus: 0.3411.
Global Step Counter: 438940
Episode finished. Sum of shaped rewards: 0.00. Length: 525. Bonus: 0.1705.
Global Step Counter: 448967
Episode finished. Sum of shaped rewards: 0.00. Length: 525. Bonus: 0.5228.
Global Step Counter: 458843
Episode finished. Sum of shaped rewards: 0.00. Length: 525. Bonus: 0.6124.
Global Step Counter: 468644
Episode finished. Sum of shaped rewards: 0.00. Length: 525. Bonus: 0.0716.
Global Step Counter: 478552
Episode finished. Sum of shaped rewards: 0.00. Length: 525. Bonus: 0.0482.
Global Step Counter: 488468
Episode finished. Sum of shaped rewards: 0.00. Length: 525. Bonus: 1.1934.
Global Step Counter: 498346
Episode finished. Sum of shaped rewards: 0.00. Length: 484. Bonus: 0.4903.
Global Step Counter: 507146
Episode finished. Sum of shaped rewards: 0.00. Length: 525. Bonus: 0.3460.
Global Step Counter: 516837
Episode finished. Sum of shaped rewards: 0.00. Length: 525. Bonus: 0.3835.
Global Step Counter: 526956
Episode finished. Sum of shaped rewards: 0.00. Length: 525. Bonus: 2.0796.
Global Step Counter: 536786
Episode finished. Sum of shaped rewards: 0.00. Length: 525. Bonus: 0.2597.
Global Step Counter: 546421
Episode finished. Sum of shaped rewards: 0.00. Length: 525. Bonus: 0.5571.
Global Step Counter: 556482
Episode finished. Sum of shaped rewards: 0.00. Length: 332. Bonus: 0.8947.
Global Step Counter: 562693
Episode finished. Sum of shaped rewards: 0.00. Length: 525. Bonus: 0.6690.
Global Step Counter: 572536
Episode finished. Sum of shaped rewards: 0.00. Length: 525. Bonus: 0.9387.
Global Step Counter: 582311
Episode finished. Sum of shaped rewards: 0.00. Length: 525. Bonus: 1.2917.
Global Step Counter: 592136
Episode finished. Sum of shaped rewards: 0.00. Length: 525. Bonus: 1.7845.
Global Step Counter: 601978
Episode finished. Su[2018-05-20 21:49:12,631] Resetting environment logs
[2018-05-20 21:49:29,145] True Game terminating: env_episode_reward=0.0 episode_length=525
[2018-05-20 21:49:29,158] Resetting environment logs
[2018-05-20 21:49:45,760] True Game terminating: env_episode_reward=0.0 episode_length=525
[2018-05-20 21:49:45,770] Resetting environment logs
[2018-05-20 21:50:02,031] True Game terminating: env_episode_reward=0.0 episode_length=525
[2018-05-20 21:50:02,041] Resetting environment logs
[2018-05-20 21:50:18,389] True Game terminating: env_episode_reward=0.0 episode_length=525
[2018-05-20 21:50:18,399] Resetting environment logs
[2018-05-20 21:50:25,009] True Game terminating: env_episode_reward=0.9999 episode_length=208
[2018-05-20 21:50:25,019] Resetting environment logs
[2018-05-20 21:50:41,464] True Game terminating: env_episode_reward=0.0 episode_length=525
[2018-05-20 21:50:41,477] Resetting environment logs
[2018-05-20 21:50:57,776] True Game terminating: env_episode_reward=0.0 episode_length=525
[2018-05-20 21:50:57,786] Resetting environment logs
[2018-05-20 21:51:14,169] True Game terminating: env_episode_reward=0.0 episode_length=525
[2018-05-20 21:51:14,179] Resetting environment logs
[2018-05-20 21:51:30,558] True Game terminating: env_episode_reward=0.0 episode_length=525
[2018-05-20 21:51:30,572] Resetting environment logs
[2018-05-20 21:51:47,158] True Game terminating: env_episode_reward=0.0 episode_length=525
[2018-05-20 21:51:47,167] Resetting environment logs
[2018-05-20 21:52:03,302] True Game terminating: env_episode_reward=0.0 episode_length=525
[2018-05-20 21:52:03,314] Resetting environment logs
[2018-05-20 21:52:19,657] True Game terminating: env_episode_reward=0.0 episode_length=525
[2018-05-20 21:52:19,667] Resetting environment logs
[2018-05-20 21:52:36,017] True Game terminating: env_episode_reward=0.0 episode_length=525
[2018-05-20 21:52:36,031] Resetting environment logs
[2018-05-20 21:52:52,661] True Game terminating: env_episode_reward=0.0 episode_length=525
[2018-05-20 21:52:52,673] Resetting environment logs
[2018-05-20 21:53:09,129] True Game terminating: env_episode_reward=0.0 episode_length=525
[2018-05-20 21:53:09,138] Resetting environment logs
[2018-05-20 21:53:25,202] True Game terminating: env_episode_reward=0.0 episode_length=525
[2018-05-20 21:53:25,213] Resetting environment logs
[2018-05-20 21:53:41,889] True Game terminating: env_episode_reward=0.0 episode_length=525
[2018-05-20 21:53:41,898] Resetting environment logs
[2018-05-20 21:53:58,294] True Game terminating: env_episode_reward=0.0 episode_length=525
[2018-05-20 21:53:58,310] Resetting environment logs
[2018-05-20 21:54:14,805] True Game terminating: env_episode_reward=0.0 episode_length=525
[2018-05-20 21:54:14,816] Resetting environment logs
[2018-05-20 21:54:31,369] True Game terminating: env_episode_reward=0.0 episode_length=525
[2018-05-20 21:54:31,380] Resetting environment logs
[2018-05-20 21:54:47,664] True Game terminating: env_episode_reward=0.0 episode_length=525
[2018-05-20 21:54:47,674] Resetting environment logs
[2018-05-20 21:55:04,108] True Game terminating: env_episode_reward=0.0 episode_length=525
[2018-05-20 21:55:04,120] Resetting environment logs
[2018-05-20 21:55:20,820] True Game terminating: env_episode_reward=0.0 episode_length=525
[2018-05-20 21:55:20,829] Resetting environment logs
[2018-05-20 21:55:37,660] True Game terminating: env_episode_reward=0.0 episode_length=525
[2018-05-20 21:55:37,690] Resetting environment logs
[2018-05-20 21:55:54,055] True Game terminating: env_episode_reward=0.0 episode_length=525
[2018-05-20 21:55:54,069] Resetting environment logs
[2018-05-20 21:56:10,312] True Game terminating: env_episode_reward=0.0 episode_length=525
[2018-05-20 21:56:10,328] Resetting environment logs
[2018-05-20 21:56:26,897] True Game terminating: env_episode_reward=0.0 episode_length=525
[2018-05-20 21:56:26,913] Resetting environment logs
[2018-05-20 21:56:43,097] True Game terminating: env_episode_reward=0.0 episode_length=525
[2018-05-20 21:56:43,118] Resetting environment logs
[2018-05-20 21:56:59,644] True Game terminating: env_episode_reward=0.0 episode_length=525
[2018-05-20 21:56:59,671] Resetting environment logs
[2018-05-20 21:57:16,574] True Game terminating: env_episode_reward=0.0 episode_length=525
[2018-05-20 21:57:16,588] Resetting environment logs
[2018-05-20 21:57:33,182] True Game terminating: env_episode_reward=0.0 episode_length=525
[2018-05-20 21:57:33,191] Resetting environment logs
[2018-05-20 21:57:43,917] True Game terminating: env_episode_reward=0.9999 episode_length=355
[2018-05-20 21:57:43,928] Resetting environment logs
[2018-05-20 21:58:00,502] True Game terminating: env_episode_reward=0.0 episode_length=525
[2018-05-20 21:58:00,518] Resetting environment logs
[2018-05-20 21:58:17,105] True Game terminating: env_episode_reward=0.0 episode_length=525
[2018-05-20 21:58:17,115] Resetting environment logs
[2018-05-20 21:58:33,207] True Game terminating: env_episode_reward=0.0 episode_length=525
[2018-05-20 21:58:33,223] Resetting environment logs
[2018-05-20 21:58:49,645] True Game terminating: env_episode_reward=0.0 episode_length=525
[2018-05-20 21:58:49,655] Resetting environment logs
[2018-05-20 21:58:50,432] True Game terminating: env_episode_reward=0.9999 episode_length=25
[2018-05-20 21:58:50,450] Resetting environment logs
[2018-05-20 21:59:06,867] True Game terminating: env_episode_reward=0.0 episode_length=525
[2018-05-20 21:59:06,877] Resetting environment logs
[2018-05-20 21:59:23,093] True Game terminating: env_episode_reward=0.0 episode_length=525
[2018-05-20 21:59:23,103] Resetting environment logs
m of shaped rewards: 0.00. Length: 525. Bonus: 1.4469.
Global Step Counter: 612013
Episode finished. Sum of shaped rewards: 0.00. Length: 525. Bonus: 0.4761.
Global Step Counter: 621893
Episode finished. Sum of shaped rewards: 0.00. Length: 525. Bonus: 0.8825.
Global Step Counter: 631979
Episode finished. Sum of shaped rewards: 0.00. Length: 525. Bonus: 1.6348.
Global Step Counter: 641851
Episode finished. Sum of shaped rewards: 0.00. Length: 525. Bonus: 1.3607.
Global Step Counter: 651726
Episode finished. Sum of shaped rewards: 0.00. Length: 208. Bonus: 0.1588.
Global Step Counter: 655716
Episode finished. Sum of shaped rewards: 0.00. Length: 525. Bonus: 0.2650.
Global Step Counter: 665592
Episode finished. Sum of shaped rewards: 0.00. Length: 525. Bonus: 0.8030.
Global Step Counter: 675442
Episode finished. Sum of shaped rewards: 0.00. Length: 525. Bonus: 0.3728.
Global Step Counter: 685431
Episode finished. Sum of shaped rewards: 0.00. Length: 525. Bonus: 0.5489.
Global Step Counter: 695321
Episode finished. Sum of shaped rewards: 0.00. Length: 525. Bonus: 1.1749.
Global Step Counter: 705251
Episode finished. Sum of shaped rewards: 0.00. Length: 525. Bonus: 0.2233.
Global Step Counter: 715032
Episode finished. Sum of shaped rewards: 0.00. Length: 525. Bonus: 0.3597.
Global Step Counter: 724869
Episode finished. Sum of shaped rewards: 0.00. Length: 525. Bonus: 0.3628.
Global Step Counter: 734783
Episode finished. Sum of shaped rewards: 0.00. Length: 525. Bonus: 0.2583.
Global Step Counter: 744704
Episode finished. Sum of shaped rewards: 0.00. Length: 525. Bonus: 0.5010.
Global Step Counter: 754613
Episode finished. Sum of shaped rewards: 0.00. Length: 525. Bonus: 0.3694.
Global Step Counter: 764426
Episode finished. Sum of shaped rewards: 0.00. Length: 525. Bonus: 0.7759.
Global Step Counter: 774421
Episode finished. Sum of shaped rewards: 0.00. Length: 525. Bonus: 0.4655.
Global Step Counter: 784408
Episode finished. Sum of shaped rewards: 0.00. Length: 525. Bonus: 0.5102.
Global Step Counter: 794378
Episode finished. Sum of shaped rewards: 0.00. Length: 525. Bonus: 0.9636.
Global Step Counter: 804437
Episode finished. Sum of shaped rewards: 0.00. Length: 525. Bonus: 0.2366.
Global Step Counter: 814252
Episode finished. Sum of shaped rewards: 0.00. Length: 525. Bonus: 0.4814.
Global Step Counter: 824202
Episode finished. Sum of shaped rewards: 0.00. Length: 525. Bonus: 0.9675.
Global Step Counter: 834265
Episode finished. Sum of shaped rewards: 0.00. Length: 525. Bonus: 0.5129.
Global Step Counter: 844460
Episode finished. Sum of shaped rewards: 0.00. Length: 525. Bonus: 0.0759.
Global Step Counter: 854240
Episode finished. Sum of shaped rewards: 0.00. Length: 525. Bonus: 0.5159.
Global Step Counter: 864050
Episode finished. Sum of shaped rewards: 0.00. Length: 525. Bonus: 1.2821.
Global Step Counter: 874075
Episode finished. Sum of shaped rewards: 0.00. Length: 525. Bonus: 0.2911.
Global Step Counter: 883874
Episode finished. Sum of shaped rewards: 0.00. Length: 525. Bonus: 0.1707.
Global Step Counter: 893807
Episode finished. Sum of shaped rewards: 0.00. Length: 525. Bonus: 0.1937.
Global Step Counter: 903962
Episode finished. Sum of shaped rewards: 0.00. Length: 525. Bonus: 0.3990.
Global Step Counter: 914012
Episode finished. Sum of shaped rewards: 0.00. Length: 355. Bonus: 0.3451.
Global Step Counter: 920527
Episode finished. Sum of shaped rewards: 0.00. Length: 525. Bonus: 2.2021.
Global Step Counter: 930497
Episode finished. Sum of shaped rewards: 0.00. Length: 525. Bonus: 1.6539.
Global Step Counter: 940434
Episode finished. Sum of shaped rewards: 0.00. Length: 525. Bonus: 0.4517.
Global Step Counter: 950213
Episode finished. Sum of shaped rewards: 0.00. Length: 525. Bonus: 0.9980.
Global Step Counter: 960163
Episode finished. Sum of shaped rewards: 0.00. Length: 25. Bonus: 0.0232.
Global Step Counter: 960678
Episode finished. Sum of shaped rewards: 0.00. Length: 525. Bonus: 0.4313.
Global Step Counter: 970483
Episode finished. Sum of shaped rewards: 0.00. Length: 525. Bonus: 0.4488.
Global Step Counter: 9803[2018-05-20 21:59:39,889] True Game terminating: env_episode_reward=0.0 episode_length=525
[2018-05-20 21:59:39,899] Resetting environment logs
[2018-05-20 21:59:56,384] True Game terminating: env_episode_reward=0.0 episode_length=525
[2018-05-20 21:59:56,394] Resetting environment logs
[2018-05-20 22:00:12,925] True Game terminating: env_episode_reward=0.0 episode_length=525
[2018-05-20 22:00:12,936] Resetting environment logs
[2018-05-20 22:00:29,610] True Game terminating: env_episode_reward=0.0 episode_length=525
[2018-05-20 22:00:29,621] Resetting environment logs
[2018-05-20 22:00:46,291] True Game terminating: env_episode_reward=0.0 episode_length=525
[2018-05-20 22:00:46,301] Resetting environment logs
[2018-05-20 22:01:02,929] True Game terminating: env_episode_reward=0.0 episode_length=525
[2018-05-20 22:01:02,950] Resetting environment logs
[2018-05-20 22:01:19,653] True Game terminating: env_episode_reward=0.0 episode_length=525
[2018-05-20 22:01:19,667] Resetting environment logs
[2018-05-20 22:01:35,979] True Game terminating: env_episode_reward=0.0 episode_length=525
[2018-05-20 22:01:35,998] Resetting environment logs
[2018-05-20 22:01:52,713] True Game terminating: env_episode_reward=0.0 episode_length=525
[2018-05-20 22:01:52,743] Resetting environment logs
[2018-05-20 22:02:09,235] True Game terminating: env_episode_reward=0.0 episode_length=525
[2018-05-20 22:02:09,244] Resetting environment logs
[2018-05-20 22:02:25,754] True Game terminating: env_episode_reward=0.0 episode_length=525
[2018-05-20 22:02:25,762] Resetting environment logs
[2018-05-20 22:02:42,001] True Game terminating: env_episode_reward=0.0 episode_length=525
[2018-05-20 22:02:42,009] Resetting environment logs
[2018-05-20 22:02:58,469] True Game terminating: env_episode_reward=0.0 episode_length=525
[2018-05-20 22:02:58,479] Resetting environment logs
[2018-05-20 22:03:15,090] True Game terminating: env_episode_reward=0.0 episode_length=525
[2018-05-20 22:03:15,100] Resetting environment logs
[2018-05-20 22:03:32,075] True Game terminating: env_episode_reward=0.0 episode_length=525
[2018-05-20 22:03:32,084] Resetting environment logs
[2018-05-20 22:03:48,229] True Game terminating: env_episode_reward=0.0 episode_length=525
[2018-05-20 22:03:48,246] Resetting environment logs
[2018-05-20 22:04:04,406] True Game terminating: env_episode_reward=0.0 episode_length=525
[2018-05-20 22:04:04,423] Resetting environment logs
[2018-05-20 22:04:20,972] True Game terminating: env_episode_reward=0.0 episode_length=525
[2018-05-20 22:04:21,002] Resetting environment logs
[2018-05-20 22:04:37,588] True Game terminating: env_episode_reward=0.0 episode_length=525
[2018-05-20 22:04:37,599] Resetting environment logs
[2018-05-20 22:04:53,987] True Game terminating: env_episode_reward=0.0 episode_length=525
[2018-05-20 22:04:53,997] Resetting environment logs
[2018-05-20 22:05:10,463] True Game terminating: env_episode_reward=0.0 episode_length=525
[2018-05-20 22:05:10,472] Resetting environment logs
[2018-05-20 22:05:27,412] True Game terminating: env_episode_reward=0.0 episode_length=525
[2018-05-20 22:05:27,421] Resetting environment logs
[2018-05-20 22:05:43,690] True Game terminating: env_episode_reward=0.0 episode_length=525
[2018-05-20 22:05:43,700] Resetting environment logs
[2018-05-20 22:05:59,997] True Game terminating: env_episode_reward=0.0 episode_length=525
[2018-05-20 22:06:00,008] Resetting environment logs
[2018-05-20 22:06:16,562] True Game terminating: env_episode_reward=0.0 episode_length=525
[2018-05-20 22:06:16,575] Resetting environment logs
[2018-05-20 22:06:33,046] True Game terminating: env_episode_reward=0.0 episode_length=525
[2018-05-20 22:06:33,056] Resetting environment logs
[2018-05-20 22:06:49,496] True Game terminating: env_episode_reward=0.0 episode_length=525
[2018-05-20 22:06:49,504] Resetting environment logs
[2018-05-20 22:07:05,996] True Game terminating: env_episode_reward=0.0 episode_length=525
[2018-05-20 22:07:06,010] Resetting environment logs
[2018-05-20 22:07:22,211] True Game terminating: env_episode_reward=0.0 episode_length=525
[2018-05-20 22:07:22,220] Resetting environment logs
[2018-05-20 22:07:38,513] True Game terminating: env_episode_reward=0.0 episode_length=525
[2018-05-20 22:07:38,522] Resetting environment logs
[2018-05-20 22:07:54,531] True Game terminating: env_episode_reward=0.0 episode_length=525
[2018-05-20 22:07:54,541] Resetting environment logs
[2018-05-20 22:08:11,006] True Game terminating: env_episode_reward=0.0 episode_length=525
[2018-05-20 22:08:11,016] Resetting environment logs
[2018-05-20 22:08:27,452] True Game terminating: env_episode_reward=0.0 episode_length=525
[2018-05-20 22:08:27,465] Resetting environment logs
[2018-05-20 22:08:43,435] True Game terminating: env_episode_reward=0.0 episode_length=525
[2018-05-20 22:08:43,445] Resetting environment logs
[2018-05-20 22:09:00,287] True Game terminating: env_episode_reward=0.0 episode_length=525
[2018-05-20 22:09:00,296] Resetting environment logs
[2018-05-20 22:09:03,400] True Game terminating: env_episode_reward=0.9999 episode_length=100
[2018-05-20 22:09:03,410] Resetting environment logs
[2018-05-20 22:09:19,950] True Game terminating: env_episode_reward=0.0 episode_length=525
[2018-05-20 22:09:19,962] Resetting environment logs
[2018-05-20 22:09:35,995] True Game terminating: env_episode_reward=0.0 episode_length=525
[2018-05-20 22:09:36,004] Resetting environment logs
[2018-05-20 22:09:52,350] True Game terminating: env_episode_reward=0.0 episode_length=525
[2018-05-20 22:09:52,360] Resetting environment logs
[2018-05-20 22:10:08,769] True Game terminating: env_episode_reward=0.0 episode_length=525
30
Episode finished. Sum of shaped rewards: 0.00. Length: 525. Bonus: 0.7992.
Global Step Counter: 990465
Episode finished. Sum of shaped rewards: 0.00. Length: 525. Bonus: 0.4555.
Global Step Counter: 1000519
Episode finished. Sum of shaped rewards: 0.00. Length: 525. Bonus: 2.3181.
Global Step Counter: 1010489
Episode finished. Sum of shaped rewards: 0.00. Length: 525. Bonus: 1.1913.
Global Step Counter: 1020464
Episode finished. Sum of shaped rewards: 0.00. Length: 525. Bonus: 0.2252.
Global Step Counter: 1030462
Episode finished. Sum of shaped rewards: 0.00. Length: 525. Bonus: 1.7738.
Global Step Counter: 1040572
Episode finished. Sum of shaped rewards: 0.00. Length: 525. Bonus: 0.6480.
Global Step Counter: 1050527
Episode finished. Sum of shaped rewards: 0.00. Length: 525. Bonus: 1.0790.
Global Step Counter: 1060325
Episode finished. Sum of shaped rewards: 0.00. Length: 525. Bonus: 0.6071.
Global Step Counter: 1070440
Episode finished. Sum of shaped rewards: 0.00. Length: 525. Bonus: 1.9594.
Global Step Counter: 1080387
Episode finished. Sum of shaped rewards: 0.00. Length: 525. Bonus: 1.3662.
Global Step Counter: 1090317
Episode finished. Sum of shaped rewards: 0.00. Length: 525. Bonus: 1.0816.
Global Step Counter: 1100136
Episode finished. Sum of shaped rewards: 0.00. Length: 525. Bonus: 1.1236.
Global Step Counter: 1110116
Episode finished. Sum of shaped rewards: 0.00. Length: 525. Bonus: 0.3576.
Global Step Counter: 1120143
Episode finished. Sum of shaped rewards: 0.00. Length: 525. Bonus: 1.9942.
Global Step Counter: 1130254
Episode finished. Sum of shaped rewards: 0.00. Length: 525. Bonus: 1.2196.
Global Step Counter: 1140067
Episode finished. Sum of shaped rewards: 0.00. Length: 525. Bonus: 0.5230.
Global Step Counter: 1149845
Episode finished. Sum of shaped rewards: 0.00. Length: 525. Bonus: 0.8327.
Global Step Counter: 1159843
Episode finished. Sum of shaped rewards: 0.00. Length: 525. Bonus: 0.5819.
Global Step Counter: 1169832
Episode finished. Sum of shaped rewards: 0.00. Length: 525. Bonus: 0.9528.
Global Step Counter: 1179732
Episode finished. Sum of shaped rewards: 0.00. Length: 525. Bonus: 0.4543.
Global Step Counter: 1189713
Episode finished. Sum of shaped rewards: 0.00. Length: 525. Bonus: 0.2575.
Global Step Counter: 1199888
Episode finished. Sum of shaped rewards: 0.00. Length: 525. Bonus: 1.3166.
Global Step Counter: 1209709
Episode finished. Sum of shaped rewards: 0.00. Length: 525. Bonus: 0.3153.
Global Step Counter: 1219637
Episode finished. Sum of shaped rewards: 0.00. Length: 525. Bonus: 1.0101.
Global Step Counter: 1229554
Episode finished. Sum of shaped rewards: 0.00. Length: 525. Bonus: 0.4515.
Global Step Counter: 1239509
Episode finished. Sum of shaped rewards: 0.00. Length: 525. Bonus: 0.1927.
Global Step Counter: 1249334
Episode finished. Sum of shaped rewards: 0.00. Length: 525. Bonus: 1.7702.
Global Step Counter: 1259414
Episode finished. Sum of shaped rewards: 0.00. Length: 525. Bonus: 0.1246.
Global Step Counter: 1269137
Episode finished. Sum of shaped rewards: 0.00. Length: 525. Bonus: 0.2410.
Global Step Counter: 1278971
Episode finished. Sum of shaped rewards: 0.00. Length: 525. Bonus: 1.1933.
Global Step Counter: 1288586
Episode finished. Sum of shaped rewards: 0.00. Length: 525. Bonus: 0.4403.
Global Step Counter: 1298499
Episode finished. Sum of shaped rewards: 0.00. Length: 525. Bonus: 1.0710.
Global Step Counter: 1308454
Episode finished. Sum of shaped rewards: 0.00. Length: 525. Bonus: 1.8439.
Global Step Counter: 1318129
Episode finished. Sum of shaped rewards: 0.00. Length: 525. Bonus: 0.5239.
Global Step Counter: 1328130
Episode finished. Sum of shaped rewards: 0.00. Length: 100. Bonus: 0.1178.
Global Step Counter: 1330010
Episode finished. Sum of shaped rewards: 0.00. Length: 525. Bonus: 0.5491.
Global Step Counter: 1340095
Episode finished. Sum of shaped rewards: 0.00. Length: 525. Bonus: 0.8085.
Global Step Counter: 1349830
Episode finished. Sum of shaped rewards: 0.00. Length: 525. Bonus: 0.1488.
Global Step Counter: 1359770
Episode finished. Sum of shaped reward[2018-05-20 22:10:08,789] Resetting environment logs
[2018-05-20 22:10:25,627] True Game terminating: env_episode_reward=0.0 episode_length=525
[2018-05-20 22:10:25,636] Resetting environment logs
[2018-05-20 22:10:41,420] True Game terminating: env_episode_reward=0.9999 episode_length=507
[2018-05-20 22:10:41,432] Resetting environment logs
[2018-05-20 22:10:57,614] True Game terminating: env_episode_reward=0.0 episode_length=525
[2018-05-20 22:10:57,624] Resetting environment logs
[2018-05-20 22:11:14,263] True Game terminating: env_episode_reward=0.0 episode_length=525
[2018-05-20 22:11:14,272] Resetting environment logs
[2018-05-20 22:11:30,403] True Game terminating: env_episode_reward=0.0 episode_length=525
[2018-05-20 22:11:30,417] Resetting environment logs
[2018-05-20 22:11:46,570] True Game terminating: env_episode_reward=0.0 episode_length=525
[2018-05-20 22:11:46,582] Resetting environment logs
[2018-05-20 22:12:02,291] True Game terminating: env_episode_reward=0.0 episode_length=525
[2018-05-20 22:12:02,300] Resetting environment logs
[2018-05-20 22:12:18,683] True Game terminating: env_episode_reward=0.0 episode_length=525
[2018-05-20 22:12:18,693] Resetting environment logs
[2018-05-20 22:12:35,081] True Game terminating: env_episode_reward=0.0 episode_length=525
[2018-05-20 22:12:35,091] Resetting environment logs
[2018-05-20 22:12:51,373] True Game terminating: env_episode_reward=0.0 episode_length=525
[2018-05-20 22:12:51,386] Resetting environment logs
[2018-05-20 22:13:08,073] True Game terminating: env_episode_reward=0.0 episode_length=525
[2018-05-20 22:13:08,084] Resetting environment logs
[2018-05-20 22:13:24,534] True Game terminating: env_episode_reward=0.0 episode_length=525
[2018-05-20 22:13:24,553] Resetting environment logs
[2018-05-20 22:13:40,970] True Game terminating: env_episode_reward=0.0 episode_length=525
[2018-05-20 22:13:40,979] Resetting environment logs
Exception in thread Thread-1:
Traceback (most recent call last):
  File "/usr/lib/python2.7/threading.py", line 801, in __bootstrap_inner
    self.run()
  File "/home/verma_rohil/noreward-rl/src/a3c.py", line 135, in run
    self._run()
  File "/home/verma_rohil/noreward-rl/src/a3c.py", line 146, in _run
    self.queue.put(next(rollout_provider), timeout=600.0)
  File "/home/verma_rohil/noreward-rl/src/a3c.py", line 228, in env_runner
    summary_writer.add_summary(summary, policy.global_step.eval())
  File "/home/verma_rohil/noreward-rl/curiosity/local/lib/python2.7/site-packages/tensorflow/python/ops/variables.py", line 515, in eval
    return self._variable.eval(session=session)
  File "/home/verma_rohil/noreward-rl/curiosity/local/lib/python2.7/site-packages/tensorflow/python/framework/ops.py", line 575, in eval
    return _eval_using_default_session(self, feed_dict, self.graph, session)
  File "/home/verma_rohil/noreward-rl/curiosity/local/lib/python2.7/site-packages/tensorflow/python/framework/ops.py", line 3633, in _eval_using_default_session
    return session.run(tensors, feed_dict)
  File "/home/verma_rohil/noreward-rl/curiosity/local/lib/python2.7/site-packages/tensorflow/python/client/session.py", line 766, in run
    run_metadata_ptr)
  File "/home/verma_rohil/noreward-rl/curiosity/local/lib/python2.7/site-packages/tensorflow/python/client/session.py", line 964, in _run
    feed_dict_string, options, run_metadata)
  File "/home/verma_rohil/noreward-rl/curiosity/local/lib/python2.7/site-packages/tensorflow/python/client/session.py", line 1014, in _do_run
    target_list, options, run_metadata)
  File "/home/verma_rohil/noreward-rl/curiosity/local/lib/python2.7/site-packages/tensorflow/python/client/session.py", line 1034, in _do_call
    raise type(e)(node_def, op, message)
CancelledError: RunManyGraphs

[2018-05-20 22:13:44,829] reached 1500222 steps. worker stopped.
s: 0.00. Length: 525. Bonus: 0.4865.
Global Step Counter: 1369637
Episode finished. Sum of shaped rewards: 0.00. Length: 525. Bonus: 1.0259.
Global Step Counter: 1379850
Episode finished. Sum of shaped rewards: 0.00. Length: 507. Bonus: 1.7321.
Global Step Counter: 1389415
Episode finished. Sum of shaped rewards: 0.00. Length: 525. Bonus: 1.5869.
Global Step Counter: 1399242
Episode finished. Sum of shaped rewards: 0.00. Length: 525. Bonus: 0.3940.
Global Step Counter: 1409257
Episode finished. Sum of shaped rewards: 0.00. Length: 525. Bonus: 1.2705.
Global Step Counter: 1419038
Episode finished. Sum of shaped rewards: 0.00. Length: 525. Bonus: 0.9148.
Global Step Counter: 1428898
Episode finished. Sum of shaped rewards: 0.00. Length: 525. Bonus: 0.4644.
Global Step Counter: 1438416
Episode finished. Sum of shaped rewards: 0.00. Length: 525. Bonus: 0.2833.
Global Step Counter: 1448253
Episode finished. Sum of shaped rewards: 0.00. Length: 525. Bonus: 0.6355.
Global Step Counter: 1458193
Episode finished. Sum of shaped rewards: 0.00. Length: 525. Bonus: 0.2457.
Global Step Counter: 1468122
Episode finished. Sum of shaped rewards: 0.00. Length: 525. Bonus: 0.7191.
Global Step Counter: 1478177
Episode finished. Sum of shaped rewards: 0.00. Length: 525. Bonus: 0.4171.
Global Step Counter: 1488047
Episode finished. Sum of shaped rewards: 0.00. Length: 525. Bonus: 0.4308.
Global Step Counter: 1497922
