[2018-05-20 21:31:05,862] Writing logs to file: /tmp/universe-10038.log
I tensorflow/core/distributed_runtime/rpc/grpc_channel.cc:197] Initialize GrpcChannelCache for job ps -> {0 -> 127.0.0.1:12222}
I tensorflow/core/distributed_runtime/rpc/grpc_channel.cc:197] Initialize GrpcChannelCache for job worker -> {0 -> 127.0.0.1:12223, 1 -> 127.0.0.1:12224, 2 -> 127.0.0.1:12225, 3 -> 127.0.0.1:12226, 4 -> 127.0.0.1:12227, 5 -> 127.0.0.1:12228, 6 -> 127.0.0.1:12229, 7 -> 127.0.0.1:12230, 8 -> 127.0.0.1:12231, 9 -> localhost:12232, 10 -> 127.0.0.1:12233, 11 -> 127.0.0.1:12234, 12 -> 127.0.0.1:12235, 13 -> 127.0.0.1:12236, 14 -> 127.0.0.1:12237, 15 -> 127.0.0.1:12238, 16 -> 127.0.0.1:12239, 17 -> 127.0.0.1:12240, 18 -> 127.0.0.1:12241, 19 -> 127.0.0.1:12242}
I tensorflow/core/distributed_runtime/rpc/grpc_server_lib.cc:211] Started server with target: grpc://localhost:12232
[2018-05-20 21:32:35,973] Making new env: ppaquette/DoomMyWayHome-v0
[2018-05-20 21:32:40,144] Trainable vars:
[2018-05-20 21:32:40,144]   global/l1/W:0 (3, 3, 4, 32)
[2018-05-20 21:32:40,145]   global/l1/b:0 (1, 1, 1, 32)
[2018-05-20 21:32:40,145]   global/l2/W:0 (3, 3, 32, 32)
[2018-05-20 21:32:40,145]   global/l2/b:0 (1, 1, 1, 32)
[2018-05-20 21:32:40,145]   global/l3/W:0 (3, 3, 32, 32)
[2018-05-20 21:32:40,145]   global/l3/b:0 (1, 1, 1, 32)
[2018-05-20 21:32:40,145]   global/l4/W:0 (3, 3, 32, 32)
[2018-05-20 21:32:40,145]   global/l4/b:0 (1, 1, 1, 32)
[2018-05-20 21:32:40,145]   global/RNN/BasicLSTMCell/Linear/Matrix:0 (544, 1024)
[2018-05-20 21:32:40,145]   global/RNN/BasicLSTMCell/Linear/Bias:0 (1024,)
[2018-05-20 21:32:40,145]   global/value/w:0 (256, 1)
[2018-05-20 21:32:40,145]   global/value/b:0 (1,)
[2018-05-20 21:32:40,145]   global/action/w:0 (256, 4)
[2018-05-20 21:32:40,146]   global/action/b:0 (4,)
[2018-05-20 21:32:40,146]   global/predictor/l1/W:0 (3, 3, 4, 32)
[2018-05-20 21:32:40,146]   global/predictor/l1/b:0 (1, 1, 1, 32)
[2018-05-20 21:32:40,146]   global/predictor/l2/W:0 (3, 3, 32, 32)
[2018-05-20 21:32:40,146]   global/predictor/l2/b:0 (1, 1, 1, 32)
[2018-05-20 21:32:40,146]   global/predictor/l3/W:0 (3, 3, 32, 32)
[2018-05-20 21:32:40,146]   global/predictor/l3/b:0 (1, 1, 1, 32)
[2018-05-20 21:32:40,146]   global/predictor/l4/W:0 (3, 3, 32, 32)
[2018-05-20 21:32:40,146]   global/predictor/l4/b:0 (1, 1, 1, 32)
[2018-05-20 21:32:40,146]   global/predictor/g1/w:0 (576, 256)
[2018-05-20 21:32:40,146]   global/predictor/g1/b:0 (256,)
[2018-05-20 21:32:40,146]   global/predictor/glast/w:0 (256, 4)
[2018-05-20 21:32:40,146]   global/predictor/glast/b:0 (4,)
[2018-05-20 21:32:40,146]   global/predictor/f1/w:0 (292, 256)
[2018-05-20 21:32:40,147]   global/predictor/f1/b:0 (256,)
[2018-05-20 21:32:40,147]   global/predictor/flast/w:0 (256, 288)
[2018-05-20 21:32:40,147]   global/predictor/flast/b:0 (288,)
[2018-05-20 21:32:40,147]   local/l1/W:0 (3, 3, 4, 32)
[2018-05-20 21:32:40,147]   local/l1/b:0 (1, 1, 1, 32)
[2018-05-20 21:32:40,147]   local/l2/W:0 (3, 3, 32, 32)
[2018-05-20 21:32:40,147]   local/l2/b:0 (1, 1, 1, 32)
[2018-05-20 21:32:40,147]   local/l3/W:0 (3, 3, 32, 32)
[2018-05-20 21:32:40,147]   local/l3/b:0 (1, 1, 1, 32)
[2018-05-20 21:32:40,147]   local/l4/W:0 (3, 3, 32, 32)
[2018-05-20 21:32:40,147]   local/l4/b:0 (1, 1, 1, 32)
[2018-05-20 21:32:40,147]   local/RNN/BasicLSTMCell/Linear/Matrix:0 (544, 1024)
[2018-05-20 21:32:40,147]   local/RNN/BasicLSTMCell/Linear/Bias:0 (1024,)
[2018-05-20 21:32:40,147]   local/value/w:0 (256, 1)
[2018-05-20 21:32:40,148]   local/value/b:0 (1,)
[2018-05-20 21:32:40,148]   local/action/w:0 (256, 4)
[2018-05-20 21:32:40,148]   local/action/b:0 (4,)
[2018-05-20 21:32:40,148]   local/predictor/l1/W:0 (3, 3, 4, 32)
[2018-05-20 21:32:40,148]   local/predictor/l1/b:0 (1, 1, 1, 32)
[2018-05-20 21:32:40,148]   local/predictor/l2/W:0 (3, 3, 32, 32)
[2018-05-20 21:32:40,148]   local/predictor/l2/b:0 (1, 1, 1, 32)
[2018-05-20 21:32:40,148]   local/predictor/l3/W:0 (3, 3, 32, 32)
[2018-05-20 21:32:40,148]   local/predictor/l3/b:0 (1, 1, 1, 32)
[2018-05-20 21:32:40,148]   local/predictor/l4/W:0 (3, 3, 32, 32)
[2018-05-20 21:32:40,148]   local/predictor/l4/b:0 (1, 1, 1, 32)
[2018-05-20 21:32:40,148]   local/predictor/g1/w:0 (576, 256)
[2018-05-20 21:32:40,148]   local/predictor/g1/b:0 (256,)
[2018-05-20 21:32:40,149]   local/predictor/glast/w:0 (256, 4)
[2018-05-20 21:32:40,149]   local/predictor/glast/b:0 (4,)
[2018-05-20 21:32:40,149]   local/predictor/f1/w:0 (292, 256)
[2018-05-20 21:32:40,149]   local/predictor/f1/b:0 (256,)
[2018-05-20 21:32:40,149]   local/predictor/flast/w:0 (256, 288)
[2018-05-20 21:32:40,149]   local/predictor/flast/b:0 (288,)
[2018-05-20 21:32:40,150] Events directory: /scratch/doomicm/train_9
[2018-05-20 21:32:42,246] Starting session. If this hangs, we're mostly likely waiting to connect to the parameter server. One common cause is that the parameter server DNS name isn't resolving yet, or is misspecified.
I tensorflow/core/distributed_runtime/master_session.cc:993] Start master session ecb27db87209a51c with config: 
device_filters: "/job:ps"
device_filters: "/job:worker/task:9/cpu:0"

[2018-05-20 21:32:43,285] Called reset on <Unvectorize<VectorizeFilter[<class 'envs.DiagnosticsInfoI'>]<Vectorize<SkipEnv<BufferedObsEnv<NoNegativeRewardEnv<SetPlayingModeWrapper<SetResolutionWrapper<ToDiscreteWrapper<TimeLimit<DoomMyWayHomeEnv instance>>>>>>>>>>> before configuring. Configuring automatically with default arguments
[2018-05-20 21:32:43,611] Starting training at gobal_step=24536
[2018-05-20 21:32:43,614] Resetting environment logs
[2018-05-20 21:32:55,069] True Game terminating: env_episode_reward=0.0 episode_length=525
[2018-05-20 21:32:55,079] Resetting environment logs
[2018-05-20 21:32:55,299] True Game terminating: env_episode_reward=0.9999 episode_length=12
[2018-05-20 21:32:55,308] Resetting environment logs
[2018-05-20 21:33:07,153] True Game terminating: env_episode_reward=0.0 episode_length=525
[2018-05-20 21:33:07,163] Resetting environment logs
[2018-05-20 21:33:19,649] True Game terminating: env_episode_reward=0.0 episode_length=525
[2018-05-20 21:33:19,659] Resetting environment logs
[2018-05-20 21:33:32,940] True Game terminating: env_episode_reward=0.0 episode_length=525
[2018-05-20 21:33:32,951] Resetting environment logs
[2018-05-20 21:33:46,680] True Game terminating: env_episode_reward=0.0 episode_length=525
[2018-05-20 21:33:46,707] Resetting environment logs
[2018-05-20 21:34:01,237] True Game terminating: env_episode_reward=0.0 episode_length=525
[2018-05-20 21:34:01,248] Resetting environment logs
[2018-05-20 21:34:17,054] True Game terminating: env_episode_reward=0.0 episode_length=525
[2018-05-20 21:34:17,064] Resetting environment logs
[2018-05-20 21:34:33,641] True Game terminating: env_episode_reward=0.0 episode_length=525
[2018-05-20 21:34:33,662] Resetting environment logs
[2018-05-20 21:34:50,281] True Game terminating: env_episode_reward=0.0 episode_length=525
[2018-05-20 21:34:50,291] Resetting environment logs
[2018-05-20 21:35:06,890] True Game terminating: env_episode_reward=0.0 episode_length=525
[2018-05-20 21:35:06,915] Resetting environment logs
[2018-05-20 21:35:23,777] True Game terminating: env_episode_reward=0.0 episode_length=525
[2018-05-20 21:35:23,787] Resetting environment logs
[2018-05-20 21:35:40,269] True Game terminating: env_episode_reward=0.0 episode_length=525
[2018-05-20 21:35:40,279] Resetting environment logs
[2018-05-20 21:35:56,761] True Game terminating: env_episode_reward=0.0 episode_length=525
[2018-05-20 21:35:56,771] Resetting environment logs
[2018-05-20 21:36:13,519] True Game terminating: env_episode_reward=0.0 episode_length=525
[2018-05-20 21:36:13,531] Resetting environment logs
[2018-05-20 21:36:30,692] True Game terminating: env_episode_reward=0.0 episode_length=525
[2018-05-20 21:36:30,701] Resetting environment logs
[2018-05-20 21:36:46,861] True Game terminating: env_episode_reward=0.0 episode_length=525
[2018-05-20 21:36:46,870] Resetting environment logs
[2018-05-20 21:37:03,567] True Game terminating: env_episode_reward=0.0 episode_length=525
[2018-05-20 21:37:03,578] Resetting environment logs
[2018-05-20 21:37:20,185] True Game terminating: env_episode_reward=0.0 episode_length=525
[2018-05-20 21:37:20,201] Resetting environment logs
[2018-05-20 21:37:36,850] True Game terminating: env_episode_reward=0.0 episode_length=525
[2018-05-20 21:37:36,859] Resetting environment logs
[2018-05-20 21:37:53,454] True Game terminating: env_episode_reward=0.0 episode_length=525
[2018-05-20 21:37:53,465] Resetting environment logs
[2018-05-20 21:38:09,928] True Game terminating: env_episode_reward=0.0 episode_length=525
[2018-05-20 21:38:09,939] Resetting environment logs
[2018-05-20 21:38:26,472] True Game terminating: env_episode_reward=0.0 episode_length=525
[2018-05-20 21:38:26,499] Resetting environment logs
[2018-05-20 21:38:43,267] True Game terminating: env_episode_reward=0.0 episode_length=525
[2018-05-20 21:38:43,277] Resetting environment logs
[2018-05-20 21:38:59,915] True Game terminating: env_episode_reward=0.0 episode_length=525
[2018-05-20 21:38:59,924] Resetting environment logs
[2018-05-20 21:39:16,443] True Game terminating: env_episode_reward=0.0 episode_length=525
[2018-05-20 21:39:16,453] Resetting environment logs
[2018-05-20 21:39:32,906] True Game terminating: env_episode_reward=0.0 episode_length=525
[2018-05-20 21:39:32,915] Resetting environment logs
[2018-05-20 21:39:49,674] True Game terminating: env_episode_reward=0.0 episode_length=525
[2018-05-20 21:39:49,683] Resetting environment logs
[2018-05-20 21:40:06,286] True Game terminating: env_episode_reward=0.0 episode_length=525
[2018-05-20 21:40:06,309] Resetting environment logs
[2018-05-20 21:40:22,595] True Game terminating: env_episode_reward=0.0 episode_length=525
[2018-05-20 21:40:22,606] Resetting environment logs
[2018-05-20 21:40:39,307] True Game terminating: env_episode_reward=0.0 episode_length=525
[2018-05-20 21:40:39,317] Resetting environment logs
[2018-05-20 21:40:55,772] True Game terminating: env_episode_reward=0.0 episode_length=525
[2018-05-20 21:40:55,790] Resetting environment logs
[2018-05-20 21:41:12,333] True Game terminating: env_episode_reward=0.0 episode_length=525
[2018-05-20 21:41:12,343] Resetting environment logs
[2018-05-20 21:41:28,699] True Game terminating: env_episode_reward=0.0 episode_length=525
[2018-05-20 21:41:28,709] Resetting environment logs
[2018-05-20 21:41:45,224] True Game terminating: env_episode_reward=0.0 episode_length=525
[2018-05-20 21:41:45,234] Resetting environment logs
[2018-05-20 21:42:01,555] True Game terminating: env_episode_reward=0.0 episode_length=525
[2018-05-20 21:42:01,566] Resetting environment logs
[2018-05-20 21:42:18,110] True Game terminating: env_episode_reward=0.0 episode_length=525
[2018-05-20 21:42:18,122] Resetting environment logs
[2018-05-20 21:42:34,710] True Game terminating: env_episode_reward=0.0 episode_length=525
Using universe head design
Using universe head design
Using universe head design
Using universe head design
Using universe head design
Using universe head design
Optimizer: ADAM with lr: 0.000100
Input observation shape:  (42, 42, 4)
	=> Special Config: Monsters Removed.
Episode finished. Sum of shaped rewards: 0.00. Length: 525. Bonus: 0.0469.
Global Step Counter: 29941
Episode finished. Sum of shaped rewards: 0.00. Length: 12. Bonus: 0.0026.
Global Step Counter: 30106
Episode finished. Sum of shaped rewards: 0.00. Length: 525. Bonus: 0.0463.
Global Step Counter: 35533
Episode finished. Sum of shaped rewards: 0.00. Length: 525. Bonus: 0.1382.
Global Step Counter: 41545
Episode finished. Sum of shaped rewards: 0.00. Length: 525. Bonus: 1.1301.
Global Step Counter: 48264
Episode finished. Sum of shaped rewards: 0.00. Length: 525. Bonus: 0.2115.
Global Step Counter: 55604
Episode finished. Sum of shaped rewards: 0.00. Length: 525. Bonus: 0.1483.
Global Step Counter: 63519
Episode finished. Sum of shaped rewards: 0.00. Length: 525. Bonus: 0.8524.
Global Step Counter: 72343
Episode finished. Sum of shaped rewards: 0.00. Length: 525. Bonus: 0.1884.
Global Step Counter: 82068
Episode finished. Sum of shaped rewards: 0.00. Length: 525. Bonus: 0.0994.
Global Step Counter: 92046
Episode finished. Sum of shaped rewards: 0.00. Length: 525. Bonus: 0.2895.
Global Step Counter: 102063
Episode finished. Sum of shaped rewards: 0.00. Length: 525. Bonus: 0.1320.
Global Step Counter: 112123
Episode finished. Sum of shaped rewards: 0.00. Length: 525. Bonus: 0.0670.
Global Step Counter: 122117
Episode finished. Sum of shaped rewards: 0.00. Length: 525. Bonus: 0.1373.
Global Step Counter: 132102
Episode finished. Sum of shaped rewards: 0.00. Length: 525. Bonus: 0.1095.
Global Step Counter: 142218
Episode finished. Sum of shaped rewards: 0.00. Length: 525. Bonus: 0.2155.
Global Step Counter: 152515
Episode finished. Sum of shaped rewards: 0.00. Length: 525. Bonus: 0.8680.
Global Step Counter: 162316
Episode finished. Sum of shaped rewards: 0.00. Length: 525. Bonus: 0.2720.
Global Step Counter: 172418
Episode finished. Sum of shaped rewards: 0.00. Length: 525. Bonus: 0.2431.
Global Step Counter: 182408
Episode finished. Sum of shaped rewards: 0.00. Length: 525. Bonus: 0.2148.
Global Step Counter: 192316
Episode finished. Sum of shaped rewards: 0.00. Length: 525. Bonus: 0.5583.
Global Step Counter: 202351
Episode finished. Sum of shaped rewards: 0.00. Length: 525. Bonus: 0.1746.
Global Step Counter: 212352
Episode finished. Sum of shaped rewards: 0.00. Length: 525. Bonus: 0.2618.
Global Step Counter: 222337
Episode finished. Sum of shaped rewards: 0.00. Length: 525. Bonus: 0.3290.
Global Step Counter: 232323
Episode finished. Sum of shaped rewards: 0.00. Length: 525. Bonus: 0.1996.
Global Step Counter: 242437
Episode finished. Sum of shaped rewards: 0.00. Length: 525. Bonus: 1.9441.
Global Step Counter: 252459
Episode finished. Sum of shaped rewards: 0.00. Length: 525. Bonus: 0.2609.
Global Step Counter: 262382
Episode finished. Sum of shaped rewards: 0.00. Length: 525. Bonus: 0.4808.
Global Step Counter: 272405
Episode finished. Sum of shaped rewards: 0.00. Length: 525. Bonus: 0.2791.
Global Step Counter: 282486
Episode finished. Sum of shaped rewards: 0.00. Length: 525. Bonus: 0.3361.
Global Step Counter: 292336
Episode finished. Sum of shaped rewards: 0.00. Length: 525. Bonus: 0.0753.
Global Step Counter: 302369
Episode finished. Sum of shaped rewards: 0.00. Length: 525. Bonus: 2.1450.
Global Step Counter: 312264
Episode finished. Sum of shaped rewards: 0.00. Length: 525. Bonus: 0.5052.
Global Step Counter: 322234
Episode finished. Sum of shaped rewards: 0.00. Length: 525. Bonus: 1.0087.
Global Step Counter: 332150
Episode finished. Sum of shaped rewards: 0.00. Length: 525. Bonus: 0.2482.
Global Step Counter: 342095
Episode finished. Sum of shaped rewards: 0.00. Length: 525. Bonus: 0.2691.
Global Step Counter: 351940
Episode finished. Sum of shaped rewards: 0.00. Length: 525. Bonus: 1.3809.
Global Step Counter: 361931
Episode finished. Sum of[2018-05-20 21:42:34,721] Resetting environment logs
[2018-05-20 21:42:51,341] True Game terminating: env_episode_reward=0.0 episode_length=525
[2018-05-20 21:42:51,350] Resetting environment logs
[2018-05-20 21:43:07,280] True Game terminating: env_episode_reward=0.0 episode_length=525
[2018-05-20 21:43:07,290] Resetting environment logs
[2018-05-20 21:43:23,785] True Game terminating: env_episode_reward=0.0 episode_length=525
[2018-05-20 21:43:23,796] Resetting environment logs
[2018-05-20 21:43:34,515] True Game terminating: env_episode_reward=0.9999 episode_length=343
[2018-05-20 21:43:34,528] Resetting environment logs
[2018-05-20 21:43:51,164] True Game terminating: env_episode_reward=0.0 episode_length=525
[2018-05-20 21:43:51,183] Resetting environment logs
[2018-05-20 21:44:08,063] True Game terminating: env_episode_reward=0.0 episode_length=525
[2018-05-20 21:44:08,073] Resetting environment logs
[2018-05-20 21:44:13,591] True Game terminating: env_episode_reward=0.9999 episode_length=183
[2018-05-20 21:44:13,615] Resetting environment logs
[2018-05-20 21:44:29,860] True Game terminating: env_episode_reward=0.0 episode_length=525
[2018-05-20 21:44:29,869] Resetting environment logs
[2018-05-20 21:44:46,026] True Game terminating: env_episode_reward=0.0 episode_length=525
[2018-05-20 21:44:46,046] Resetting environment logs
[2018-05-20 21:45:02,593] True Game terminating: env_episode_reward=0.0 episode_length=525
[2018-05-20 21:45:02,603] Resetting environment logs
[2018-05-20 21:45:19,294] True Game terminating: env_episode_reward=0.0 episode_length=525
[2018-05-20 21:45:19,312] Resetting environment logs
[2018-05-20 21:45:20,223] True Game terminating: env_episode_reward=0.9999 episode_length=31
[2018-05-20 21:45:20,234] Resetting environment logs
[2018-05-20 21:45:37,196] True Game terminating: env_episode_reward=0.0 episode_length=525
[2018-05-20 21:45:37,205] Resetting environment logs
[2018-05-20 21:45:53,685] True Game terminating: env_episode_reward=0.0 episode_length=525
[2018-05-20 21:45:53,693] Resetting environment logs
[2018-05-20 21:46:10,441] True Game terminating: env_episode_reward=0.0 episode_length=525
[2018-05-20 21:46:10,451] Resetting environment logs
[2018-05-20 21:46:27,110] True Game terminating: env_episode_reward=0.0 episode_length=525
[2018-05-20 21:46:27,121] Resetting environment logs
[2018-05-20 21:46:43,806] True Game terminating: env_episode_reward=0.0 episode_length=525
[2018-05-20 21:46:43,815] Resetting environment logs
[2018-05-20 21:47:00,308] True Game terminating: env_episode_reward=0.0 episode_length=525
[2018-05-20 21:47:00,318] Resetting environment logs
[2018-05-20 21:47:16,979] True Game terminating: env_episode_reward=0.0 episode_length=525
[2018-05-20 21:47:16,989] Resetting environment logs
[2018-05-20 21:47:33,247] True Game terminating: env_episode_reward=0.0 episode_length=525
[2018-05-20 21:47:33,257] Resetting environment logs
[2018-05-20 21:47:49,731] True Game terminating: env_episode_reward=0.0 episode_length=525
[2018-05-20 21:47:49,741] Resetting environment logs
[2018-05-20 21:48:05,972] True Game terminating: env_episode_reward=0.0 episode_length=525
[2018-05-20 21:48:05,984] Resetting environment logs
[2018-05-20 21:48:22,833] True Game terminating: env_episode_reward=0.0 episode_length=525
[2018-05-20 21:48:22,843] Resetting environment logs
[2018-05-20 21:48:39,476] True Game terminating: env_episode_reward=0.0 episode_length=525
[2018-05-20 21:48:39,491] Resetting environment logs
[2018-05-20 21:48:56,177] True Game terminating: env_episode_reward=0.0 episode_length=525
[2018-05-20 21:48:56,186] Resetting environment logs
[2018-05-20 21:49:12,949] True Game terminating: env_episode_reward=0.0 episode_length=525
[2018-05-20 21:49:12,959] Resetting environment logs
[2018-05-20 21:49:29,688] True Game terminating: env_episode_reward=0.0 episode_length=525
[2018-05-20 21:49:29,699] Resetting environment logs
[2018-05-20 21:49:45,940] True Game terminating: env_episode_reward=0.0 episode_length=525
[2018-05-20 21:49:45,951] Resetting environment logs
[2018-05-20 21:50:02,586] True Game terminating: env_episode_reward=0.0 episode_length=525
[2018-05-20 21:50:02,596] Resetting environment logs
[2018-05-20 21:50:19,372] True Game terminating: env_episode_reward=0.0 episode_length=525
[2018-05-20 21:50:19,382] Resetting environment logs
[2018-05-20 21:50:35,972] True Game terminating: env_episode_reward=0.0 episode_length=525
[2018-05-20 21:50:35,983] Resetting environment logs
[2018-05-20 21:50:52,291] True Game terminating: env_episode_reward=0.0 episode_length=525
[2018-05-20 21:50:52,301] Resetting environment logs
[2018-05-20 21:51:08,647] True Game terminating: env_episode_reward=0.0 episode_length=525
[2018-05-20 21:51:08,656] Resetting environment logs
[2018-05-20 21:51:25,139] True Game terminating: env_episode_reward=0.0 episode_length=525
[2018-05-20 21:51:25,150] Resetting environment logs
[2018-05-20 21:51:41,665] True Game terminating: env_episode_reward=0.0 episode_length=525
[2018-05-20 21:51:41,675] Resetting environment logs
[2018-05-20 21:51:57,580] True Game terminating: env_episode_reward=0.0 episode_length=525
[2018-05-20 21:51:57,591] Resetting environment logs
[2018-05-20 21:52:14,165] True Game terminating: env_episode_reward=0.0 episode_length=525
[2018-05-20 21:52:14,175] Resetting environment logs
[2018-05-20 21:52:30,927] True Game terminating: env_episode_reward=0.0 episode_length=525
[2018-05-20 21:52:30,938] Resetting environment logs
[2018-05-20 21:52:47,636] True Game terminating: env_episode_reward=0.0 episode_length=525
[2018-05-20 21:52:47,648] Resetting environment logs
[2018-05-20 21:53:04,328] True Game terminating: env_episode_reward=0.0 episode_length=525
 shaped rewards: 0.00. Length: 525. Bonus: 0.2369.
Global Step Counter: 371986
Episode finished. Sum of shaped rewards: 0.00. Length: 525. Bonus: 0.1299.
Global Step Counter: 381972
Episode finished. Sum of shaped rewards: 0.00. Length: 525. Bonus: 0.1879.
Global Step Counter: 391603
Episode finished. Sum of shaped rewards: 0.00. Length: 525. Bonus: 1.2048.
Global Step Counter: 401628
Episode finished. Sum of shaped rewards: 0.00. Length: 343. Bonus: 0.6078.
Global Step Counter: 408123
Episode finished. Sum of shaped rewards: 0.00. Length: 525. Bonus: 0.8564.
Global Step Counter: 418238
Episode finished. Sum of shaped rewards: 0.00. Length: 525. Bonus: 1.5911.
Global Step Counter: 428361
Episode finished. Sum of shaped rewards: 0.00. Length: 183. Bonus: 0.4892.
Global Step Counter: 431753
Episode finished. Sum of shaped rewards: 0.00. Length: 525. Bonus: 0.6763.
Global Step Counter: 441550
Episode finished. Sum of shaped rewards: 0.00. Length: 525. Bonus: 0.7066.
Global Step Counter: 451372
Episode finished. Sum of shaped rewards: 0.00. Length: 525. Bonus: 0.1852.
Global Step Counter: 461325
Episode finished. Sum of shaped rewards: 0.00. Length: 525. Bonus: 1.5617.
Global Step Counter: 471319
Episode finished. Sum of shaped rewards: 0.00. Length: 31. Bonus: 0.0188.
Global Step Counter: 471945
Episode finished. Sum of shaped rewards: 0.00. Length: 525. Bonus: 0.4473.
Global Step Counter: 482108
Episode finished. Sum of shaped rewards: 0.00. Length: 525. Bonus: 0.4610.
Global Step Counter: 492129
Episode finished. Sum of shaped rewards: 0.00. Length: 525. Bonus: 0.3622.
Global Step Counter: 502148
Episode finished. Sum of shaped rewards: 0.00. Length: 525. Bonus: 1.3396.
Global Step Counter: 512197
Episode finished. Sum of shaped rewards: 0.00. Length: 525. Bonus: 0.7555.
Global Step Counter: 522316
Episode finished. Sum of shaped rewards: 0.00. Length: 525. Bonus: 2.3012.
Global Step Counter: 532311
Episode finished. Sum of shaped rewards: 0.00. Length: 525. Bonus: 0.3046.
Global Step Counter: 542306
Episode finished. Sum of shaped rewards: 0.00. Length: 525. Bonus: 0.7550.
Global Step Counter: 552137
Episode finished. Sum of shaped rewards: 0.00. Length: 525. Bonus: 0.2085.
Global Step Counter: 562056
Episode finished. Sum of shaped rewards: 0.00. Length: 525. Bonus: 2.4318.
Global Step Counter: 571926
Episode finished. Sum of shaped rewards: 0.00. Length: 525. Bonus: 0.8691.
Global Step Counter: 581956
Episode finished. Sum of shaped rewards: 0.00. Length: 525. Bonus: 0.7067.
Global Step Counter: 592091
Episode finished. Sum of shaped rewards: 0.00. Length: 525. Bonus: 0.2538.
Global Step Counter: 602083
Episode finished. Sum of shaped rewards: 0.00. Length: 525. Bonus: 2.0969.
Global Step Counter: 612198
Episode finished. Sum of shaped rewards: 0.00. Length: 525. Bonus: 0.4973.
Global Step Counter: 622253
Episode finished. Sum of shaped rewards: 0.00. Length: 525. Bonus: 0.5234.
Global Step Counter: 632129
Episode finished. Sum of shaped rewards: 0.00. Length: 525. Bonus: 0.6982.
Global Step Counter: 642156
Episode finished. Sum of shaped rewards: 0.00. Length: 525. Bonus: 1.6628.
Global Step Counter: 652291
Episode finished. Sum of shaped rewards: 0.00. Length: 525. Bonus: 0.1705.
Global Step Counter: 662254
Episode finished. Sum of shaped rewards: 0.00. Length: 525. Bonus: 0.2674.
Global Step Counter: 672157
Episode finished. Sum of shaped rewards: 0.00. Length: 525. Bonus: 0.1129.
Global Step Counter: 682096
Episode finished. Sum of shaped rewards: 0.00. Length: 525. Bonus: 1.5898.
Global Step Counter: 692096
Episode finished. Sum of shaped rewards: 0.00. Length: 525. Bonus: 1.6219.
Global Step Counter: 701951
Episode finished. Sum of shaped rewards: 0.00. Length: 525. Bonus: 0.0589.
Global Step Counter: 711579
Episode finished. Sum of shaped rewards: 0.00. Length: 525. Bonus: 2.4784.
Global Step Counter: 721522
Episode finished. Sum of shaped rewards: 0.00. Length: 525. Bonus: 0.5429.
Global Step Counter: 731689
Episode finished. Sum of shaped rewards: 0.00. Length: 525. Bonus: 0.5893.
Global Step Counter: 741674
E[2018-05-20 21:53:04,340] Resetting environment logs
[2018-05-20 21:53:20,878] True Game terminating: env_episode_reward=0.0 episode_length=525
[2018-05-20 21:53:20,887] Resetting environment logs
[2018-05-20 21:53:37,427] True Game terminating: env_episode_reward=0.0 episode_length=525
[2018-05-20 21:53:37,436] Resetting environment logs
[2018-05-20 21:53:53,925] True Game terminating: env_episode_reward=0.0 episode_length=525
[2018-05-20 21:53:53,937] Resetting environment logs
[2018-05-20 21:54:10,295] True Game terminating: env_episode_reward=0.0 episode_length=525
[2018-05-20 21:54:10,308] Resetting environment logs
[2018-05-20 21:54:26,649] True Game terminating: env_episode_reward=0.0 episode_length=525
[2018-05-20 21:54:26,660] Resetting environment logs
[2018-05-20 21:54:42,769] True Game terminating: env_episode_reward=0.0 episode_length=525
[2018-05-20 21:54:42,781] Resetting environment logs
[2018-05-20 21:54:59,308] True Game terminating: env_episode_reward=0.0 episode_length=525
[2018-05-20 21:54:59,321] Resetting environment logs
[2018-05-20 21:55:15,858] True Game terminating: env_episode_reward=0.0 episode_length=525
[2018-05-20 21:55:15,870] Resetting environment logs
[2018-05-20 21:55:32,068] True Game terminating: env_episode_reward=0.0 episode_length=525
[2018-05-20 21:55:32,078] Resetting environment logs
[2018-05-20 21:55:48,611] True Game terminating: env_episode_reward=0.0 episode_length=525
[2018-05-20 21:55:48,621] Resetting environment logs
[2018-05-20 21:56:05,581] True Game terminating: env_episode_reward=0.0 episode_length=525
[2018-05-20 21:56:05,593] Resetting environment logs
[2018-05-20 21:56:22,493] True Game terminating: env_episode_reward=0.0 episode_length=525
[2018-05-20 21:56:22,506] Resetting environment logs
[2018-05-20 21:56:38,718] True Game terminating: env_episode_reward=0.0 episode_length=525
[2018-05-20 21:56:38,729] Resetting environment logs
[2018-05-20 21:56:54,948] True Game terminating: env_episode_reward=0.0 episode_length=525
[2018-05-20 21:56:54,959] Resetting environment logs
[2018-05-20 21:57:11,251] True Game terminating: env_episode_reward=0.0 episode_length=525
[2018-05-20 21:57:11,270] Resetting environment logs
[2018-05-20 21:57:27,615] True Game terminating: env_episode_reward=0.0 episode_length=525
[2018-05-20 21:57:27,641] Resetting environment logs
[2018-05-20 21:57:43,544] True Game terminating: env_episode_reward=0.0 episode_length=525
[2018-05-20 21:57:43,554] Resetting environment logs
[2018-05-20 21:58:00,228] True Game terminating: env_episode_reward=0.0 episode_length=525
[2018-05-20 21:58:00,243] Resetting environment logs
[2018-05-20 21:58:16,867] True Game terminating: env_episode_reward=0.0 episode_length=525
[2018-05-20 21:58:16,878] Resetting environment logs
[2018-05-20 21:58:33,169] True Game terminating: env_episode_reward=0.0 episode_length=525
[2018-05-20 21:58:33,180] Resetting environment logs
[2018-05-20 21:58:49,844] True Game terminating: env_episode_reward=0.0 episode_length=525
[2018-05-20 21:58:49,863] Resetting environment logs
[2018-05-20 21:59:05,968] True Game terminating: env_episode_reward=0.0 episode_length=525
[2018-05-20 21:59:05,978] Resetting environment logs
[2018-05-20 21:59:23,060] True Game terminating: env_episode_reward=0.0 episode_length=525
[2018-05-20 21:59:23,071] Resetting environment logs
[2018-05-20 21:59:39,546] True Game terminating: env_episode_reward=0.0 episode_length=525
[2018-05-20 21:59:39,558] Resetting environment logs
[2018-05-20 21:59:56,130] True Game terminating: env_episode_reward=0.0 episode_length=525
[2018-05-20 21:59:56,139] Resetting environment logs
[2018-05-20 22:00:12,691] True Game terminating: env_episode_reward=0.0 episode_length=525
[2018-05-20 22:00:12,702] Resetting environment logs
[2018-05-20 22:00:29,294] True Game terminating: env_episode_reward=0.0 episode_length=525
[2018-05-20 22:00:29,305] Resetting environment logs
[2018-05-20 22:00:45,856] True Game terminating: env_episode_reward=0.0 episode_length=525
[2018-05-20 22:00:45,866] Resetting environment logs
[2018-05-20 22:01:02,462] True Game terminating: env_episode_reward=0.0 episode_length=525
[2018-05-20 22:01:02,471] Resetting environment logs
[2018-05-20 22:01:19,029] True Game terminating: env_episode_reward=0.0 episode_length=525
[2018-05-20 22:01:19,038] Resetting environment logs
[2018-05-20 22:01:35,615] True Game terminating: env_episode_reward=0.0 episode_length=525
[2018-05-20 22:01:35,626] Resetting environment logs
[2018-05-20 22:01:52,335] True Game terminating: env_episode_reward=0.0 episode_length=525
[2018-05-20 22:01:52,345] Resetting environment logs
[2018-05-20 22:02:08,889] True Game terminating: env_episode_reward=0.0 episode_length=525
[2018-05-20 22:02:08,899] Resetting environment logs
[2018-05-20 22:02:25,487] True Game terminating: env_episode_reward=0.0 episode_length=525
[2018-05-20 22:02:25,498] Resetting environment logs
[2018-05-20 22:02:26,975] True Game terminating: env_episode_reward=0.9999 episode_length=47
[2018-05-20 22:02:26,999] Resetting environment logs
[2018-05-20 22:02:43,762] True Game terminating: env_episode_reward=0.0 episode_length=525
[2018-05-20 22:02:43,771] Resetting environment logs
[2018-05-20 22:03:00,293] True Game terminating: env_episode_reward=0.0 episode_length=525
[2018-05-20 22:03:00,304] Resetting environment logs
[2018-05-20 22:03:16,876] True Game terminating: env_episode_reward=0.0 episode_length=525
[2018-05-20 22:03:16,889] Resetting environment logs
[2018-05-20 22:03:33,632] True Game terminating: env_episode_reward=0.0 episode_length=525
pisode finished. Sum of shaped rewards: 0.00. Length: 525. Bonus: 0.5106.
Global Step Counter: 751772
Episode finished. Sum of shaped rewards: 0.00. Length: 525. Bonus: 0.2464.
Global Step Counter: 761786
Episode finished. Sum of shaped rewards: 0.00. Length: 525. Bonus: 1.2688.
Global Step Counter: 771781
Episode finished. Sum of shaped rewards: 0.00. Length: 525. Bonus: 0.4516.
Global Step Counter: 781713
Episode finished. Sum of shaped rewards: 0.00. Length: 525. Bonus: 2.1571.
Global Step Counter: 791603
Episode finished. Sum of shaped rewards: 0.00. Length: 525. Bonus: 0.1969.
Global Step Counter: 801547
Episode finished. Sum of shaped rewards: 0.00. Length: 525. Bonus: 0.9204.
Global Step Counter: 811317
Episode finished. Sum of shaped rewards: 0.00. Length: 525. Bonus: 1.8019.
Global Step Counter: 821307
Episode finished. Sum of shaped rewards: 0.00. Length: 525. Bonus: 2.0079.
Global Step Counter: 831215
Episode finished. Sum of shaped rewards: 0.00. Length: 525. Bonus: 0.8018.
Global Step Counter: 841038
Episode finished. Sum of shaped rewards: 0.00. Length: 525. Bonus: 1.2529.
Global Step Counter: 850995
Episode finished. Sum of shaped rewards: 0.00. Length: 525. Bonus: 0.4063.
Global Step Counter: 861150
Episode finished. Sum of shaped rewards: 0.00. Length: 525. Bonus: 1.1020.
Global Step Counter: 871415
Episode finished. Sum of shaped rewards: 0.00. Length: 525. Bonus: 0.5639.
Global Step Counter: 881216
Episode finished. Sum of shaped rewards: 0.00. Length: 525. Bonus: 0.3263.
Global Step Counter: 890974
Episode finished. Sum of shaped rewards: 0.00. Length: 525. Bonus: 0.4993.
Global Step Counter: 900722
Episode finished. Sum of shaped rewards: 0.00. Length: 525. Bonus: 0.1365.
Global Step Counter: 910652
Episode finished. Sum of shaped rewards: 0.00. Length: 525. Bonus: 0.6745.
Global Step Counter: 920322
Episode finished. Sum of shaped rewards: 0.00. Length: 525. Bonus: 1.7469.
Global Step Counter: 930322
Episode finished. Sum of shaped rewards: 0.00. Length: 525. Bonus: 1.0144.
Global Step Counter: 940349
Episode finished. Sum of shaped rewards: 0.00. Length: 525. Bonus: 1.1178.
Global Step Counter: 950193
Episode finished. Sum of shaped rewards: 0.00. Length: 525. Bonus: 0.2567.
Global Step Counter: 960248
Episode finished. Sum of shaped rewards: 0.00. Length: 525. Bonus: 1.2086.
Global Step Counter: 969993
Episode finished. Sum of shaped rewards: 0.00. Length: 525. Bonus: 1.3230.
Global Step Counter: 980330
Episode finished. Sum of shaped rewards: 0.00. Length: 525. Bonus: 1.2743.
Global Step Counter: 990255
Episode finished. Sum of shaped rewards: 0.00. Length: 525. Bonus: 0.2320.
Global Step Counter: 1000369
Episode finished. Sum of shaped rewards: 0.00. Length: 525. Bonus: 0.1766.
Global Step Counter: 1010339
Episode finished. Sum of shaped rewards: 0.00. Length: 525. Bonus: 0.7066.
Global Step Counter: 1020274
Episode finished. Sum of shaped rewards: 0.00. Length: 525. Bonus: 0.6411.
Global Step Counter: 1030222
Episode finished. Sum of shaped rewards: 0.00. Length: 525. Bonus: 2.2336.
Global Step Counter: 1040307
Episode finished. Sum of shaped rewards: 0.00. Length: 525. Bonus: 0.3203.
Global Step Counter: 1050097
Episode finished. Sum of shaped rewards: 0.00. Length: 525. Bonus: 0.8129.
Global Step Counter: 1060095
Episode finished. Sum of shaped rewards: 0.00. Length: 525. Bonus: 2.0343.
Global Step Counter: 1070195
Episode finished. Sum of shaped rewards: 0.00. Length: 525. Bonus: 0.1118.
Global Step Counter: 1080222
Episode finished. Sum of shaped rewards: 0.00. Length: 525. Bonus: 0.2792.
Global Step Counter: 1090155
Episode finished. Sum of shaped rewards: 0.00. Length: 47. Bonus: 0.0351.
Global Step Counter: 1091067
Episode finished. Sum of shaped rewards: 0.00. Length: 525. Bonus: 0.4100.
Global Step Counter: 1101151
Episode finished. Sum of shaped rewards: 0.00. Length: 525. Bonus: 0.5342.
Global Step Counter: 1111140
Episode finished. Sum of shaped rewards: 0.00. Length: 525. Bonus: 0.4241.
Global Step Counter: 1121198
Episode finished. Sum of shaped rewards: 0.00. Length: 525. Bonus: [2018-05-20 22:03:33,644] Resetting environment logs
[2018-05-20 22:03:50,239] True Game terminating: env_episode_reward=0.0 episode_length=525
[2018-05-20 22:03:50,249] Resetting environment logs
[2018-05-20 22:04:04,500] True Game terminating: env_episode_reward=0.9999 episode_length=452
[2018-05-20 22:04:04,509] Resetting environment logs
[2018-05-20 22:04:21,027] True Game terminating: env_episode_reward=0.0 episode_length=525
[2018-05-20 22:04:21,037] Resetting environment logs
[2018-05-20 22:04:29,600] True Game terminating: env_episode_reward=0.9999 episode_length=267
[2018-05-20 22:04:29,608] Resetting environment logs
[2018-05-20 22:04:46,595] True Game terminating: env_episode_reward=0.0 episode_length=525
[2018-05-20 22:04:46,605] Resetting environment logs
[2018-05-20 22:05:03,091] True Game terminating: env_episode_reward=0.0 episode_length=525
[2018-05-20 22:05:03,101] Resetting environment logs
[2018-05-20 22:05:09,760] True Game terminating: env_episode_reward=0.9999 episode_length=213
[2018-05-20 22:05:09,786] Resetting environment logs
[2018-05-20 22:05:26,089] True Game terminating: env_episode_reward=0.0 episode_length=525
[2018-05-20 22:05:26,099] Resetting environment logs
[2018-05-20 22:05:29,105] True Game terminating: env_episode_reward=0.9999 episode_length=98
[2018-05-20 22:05:29,117] Resetting environment logs
[2018-05-20 22:05:46,190] True Game terminating: env_episode_reward=0.0 episode_length=525
[2018-05-20 22:05:46,199] Resetting environment logs
[2018-05-20 22:06:02,584] True Game terminating: env_episode_reward=0.0 episode_length=525
[2018-05-20 22:06:02,594] Resetting environment logs
[2018-05-20 22:06:19,153] True Game terminating: env_episode_reward=0.0 episode_length=525
[2018-05-20 22:06:19,168] Resetting environment logs
[2018-05-20 22:06:35,615] True Game terminating: env_episode_reward=0.0 episode_length=525
[2018-05-20 22:06:35,626] Resetting environment logs
[2018-05-20 22:06:52,253] True Game terminating: env_episode_reward=0.0 episode_length=525
[2018-05-20 22:06:52,263] Resetting environment logs
[2018-05-20 22:07:08,618] True Game terminating: env_episode_reward=0.0 episode_length=525
[2018-05-20 22:07:08,628] Resetting environment logs
[2018-05-20 22:07:25,341] True Game terminating: env_episode_reward=0.0 episode_length=525
[2018-05-20 22:07:25,352] Resetting environment logs
[2018-05-20 22:07:41,836] True Game terminating: env_episode_reward=0.0 episode_length=525
[2018-05-20 22:07:41,846] Resetting environment logs
[2018-05-20 22:07:58,646] True Game terminating: env_episode_reward=0.0 episode_length=525
[2018-05-20 22:07:58,656] Resetting environment logs
[2018-05-20 22:08:15,035] True Game terminating: env_episode_reward=0.0 episode_length=525
[2018-05-20 22:08:15,045] Resetting environment logs
[2018-05-20 22:08:31,587] True Game terminating: env_episode_reward=0.0 episode_length=525
[2018-05-20 22:08:31,601] Resetting environment logs
[2018-05-20 22:08:48,243] True Game terminating: env_episode_reward=0.0 episode_length=525
[2018-05-20 22:08:48,255] Resetting environment logs
[2018-05-20 22:08:51,614] True Game terminating: env_episode_reward=0.9999 episode_length=106
[2018-05-20 22:08:51,624] Resetting environment logs
[2018-05-20 22:09:07,967] True Game terminating: env_episode_reward=0.0 episode_length=525
[2018-05-20 22:09:07,980] Resetting environment logs
[2018-05-20 22:09:24,143] True Game terminating: env_episode_reward=0.0 episode_length=525
[2018-05-20 22:09:24,152] Resetting environment logs
[2018-05-20 22:09:40,524] True Game terminating: env_episode_reward=0.0 episode_length=525
[2018-05-20 22:09:40,534] Resetting environment logs
[2018-05-20 22:09:57,263] True Game terminating: env_episode_reward=0.0 episode_length=525
[2018-05-20 22:09:57,272] Resetting environment logs
[2018-05-20 22:10:13,595] True Game terminating: env_episode_reward=0.0 episode_length=525
[2018-05-20 22:10:13,604] Resetting environment logs
[2018-05-20 22:10:29,736] True Game terminating: env_episode_reward=0.0 episode_length=525
[2018-05-20 22:10:29,749] Resetting environment logs
[2018-05-20 22:10:46,324] True Game terminating: env_episode_reward=0.0 episode_length=525
[2018-05-20 22:10:46,335] Resetting environment logs
[2018-05-20 22:11:02,765] True Game terminating: env_episode_reward=0.0 episode_length=525
[2018-05-20 22:11:02,785] Resetting environment logs
[2018-05-20 22:11:19,664] True Game terminating: env_episode_reward=0.0 episode_length=525
[2018-05-20 22:11:19,673] Resetting environment logs
[2018-05-20 22:11:36,225] True Game terminating: env_episode_reward=0.0 episode_length=525
[2018-05-20 22:11:36,234] Resetting environment logs
[2018-05-20 22:11:52,576] True Game terminating: env_episode_reward=0.0 episode_length=525
[2018-05-20 22:11:52,589] Resetting environment logs
[2018-05-20 22:12:09,044] True Game terminating: env_episode_reward=0.0 episode_length=525
[2018-05-20 22:12:09,054] Resetting environment logs
[2018-05-20 22:12:16,937] True Game terminating: env_episode_reward=0.9999 episode_length=256
[2018-05-20 22:12:16,947] Resetting environment logs
[2018-05-20 22:12:18,632] True Game terminating: env_episode_reward=0.9999 episode_length=46
[2018-05-20 22:12:18,654] Resetting environment logs
[2018-05-20 22:12:35,197] True Game terminating: env_episode_reward=0.0 episode_length=525
[2018-05-20 22:12:35,207] Resetting environment logs
[2018-05-20 22:12:51,704] True Game terminating: env_episode_reward=0.0 episode_length=525
[2018-05-20 22:12:51,713] Resetting environment logs
[2018-05-20 22:13:08,217] True Game terminating: env_episode_reward=0.0 episode_length=525
[2018-05-20 22:13:08,241] Resetting environment logs
[2018-05-20 22:13:24,686] True Game terminating: env_episode_reward=0.0 episode_length=525
1.8912.
Global Step Counter: 1131259
Episode finished. Sum of shaped rewards: 0.00. Length: 525. Bonus: 0.6327.
Global Step Counter: 1141297
Episode finished. Sum of shaped rewards: 0.00. Length: 452. Bonus: 0.4215.
Global Step Counter: 1149875
Episode finished. Sum of shaped rewards: 0.00. Length: 525. Bonus: 0.3309.
Global Step Counter: 1159848
Episode finished. Sum of shaped rewards: 0.00. Length: 267. Bonus: 0.2548.
Global Step Counter: 1165061
Episode finished. Sum of shaped rewards: 0.00. Length: 525. Bonus: 0.1491.
Global Step Counter: 1175202
Episode finished. Sum of shaped rewards: 0.00. Length: 525. Bonus: 0.7273.
Global Step Counter: 1185217
Episode finished. Sum of shaped rewards: 0.00. Length: 213. Bonus: 0.1937.
Global Step Counter: 1189295
Episode finished. Sum of shaped rewards: 0.00. Length: 525. Bonus: 1.2488.
Global Step Counter: 1199138
Episode finished. Sum of shaped rewards: 0.00. Length: 98. Bonus: 0.0885.
Global Step Counter: 1200978
Episode finished. Sum of shaped rewards: 0.00. Length: 525. Bonus: 0.4076.
Global Step Counter: 1211199
Episode finished. Sum of shaped rewards: 0.00. Length: 525. Bonus: 0.2880.
Global Step Counter: 1221147
Episode finished. Sum of shaped rewards: 0.00. Length: 525. Bonus: 1.1584.
Global Step Counter: 1231114
Episode finished. Sum of shaped rewards: 0.00. Length: 525. Bonus: 0.1703.
Global Step Counter: 1241049
Episode finished. Sum of shaped rewards: 0.00. Length: 525. Bonus: 0.6046.
Global Step Counter: 1250964
Episode finished. Sum of shaped rewards: 0.00. Length: 525. Bonus: 0.1628.
Global Step Counter: 1260934
Episode finished. Sum of shaped rewards: 0.00. Length: 525. Bonus: 1.7190.
Global Step Counter: 1271067
Episode finished. Sum of shaped rewards: 0.00. Length: 525. Bonus: 0.4543.
Global Step Counter: 1280981
Episode finished. Sum of shaped rewards: 0.00. Length: 525. Bonus: 0.3717.
Global Step Counter: 1291131
Episode finished. Sum of shaped rewards: 0.00. Length: 525. Bonus: 0.2668.
Global Step Counter: 1300914
Episode finished. Sum of shaped rewards: 0.00. Length: 525. Bonus: 1.5104.
Global Step Counter: 1310914
Episode finished. Sum of shaped rewards: 0.00. Length: 525. Bonus: 1.4824.
Global Step Counter: 1320959
Episode finished. Sum of shaped rewards: 0.00. Length: 106. Bonus: 0.1240.
Global Step Counter: 1322924
Episode finished. Sum of shaped rewards: 0.00. Length: 525. Bonus: 1.6194.
Global Step Counter: 1332780
Episode finished. Sum of shaped rewards: 0.00. Length: 525. Bonus: 0.3670.
Global Step Counter: 1342630
Episode finished. Sum of shaped rewards: 0.00. Length: 525. Bonus: 0.5051.
Global Step Counter: 1352565
Episode finished. Sum of shaped rewards: 0.00. Length: 525. Bonus: 0.9799.
Global Step Counter: 1362620
Episode finished. Sum of shaped rewards: 0.00. Length: 525. Bonus: 0.6781.
Global Step Counter: 1372570
Episode finished. Sum of shaped rewards: 0.00. Length: 525. Bonus: 0.5098.
Global Step Counter: 1382350
Episode finished. Sum of shaped rewards: 0.00. Length: 525. Bonus: 1.4257.
Global Step Counter: 1392427
Episode finished. Sum of shaped rewards: 0.00. Length: 525. Bonus: 1.4363.
Global Step Counter: 1402292
Episode finished. Sum of shaped rewards: 0.00. Length: 525. Bonus: 0.8006.
Global Step Counter: 1412527
Episode finished. Sum of shaped rewards: 0.00. Length: 525. Bonus: 0.3643.
Global Step Counter: 1422563
Episode finished. Sum of shaped rewards: 0.00. Length: 525. Bonus: 0.6805.
Global Step Counter: 1432518
Episode finished. Sum of shaped rewards: 0.00. Length: 525. Bonus: 1.5188.
Global Step Counter: 1442401
Episode finished. Sum of shaped rewards: 0.00. Length: 256. Bonus: 0.5579.
Global Step Counter: 1447161
Episode finished. Sum of shaped rewards: 0.00. Length: 46. Bonus: 0.0713.
Global Step Counter: 1448247
Episode finished. Sum of shaped rewards: 0.00. Length: 525. Bonus: 0.3869.
Global Step Counter: 1458328
Episode finished. Sum of shaped rewards: 0.00. Length: 525. Bonus: 0.3901.
Global Step Counter: 1468327
Episode finished. Sum of shaped rewards: 0.00. Length: 525. Bonus: 0.3138.
Global Step Counter: 1478302
Episo[2018-05-20 22:13:24,695] Resetting environment logs
[2018-05-20 22:13:39,993] True Game terminating: env_episode_reward=0.9999 episode_length=500
[2018-05-20 22:13:40,015] Resetting environment logs
Exception in thread Thread-1:
Traceback (most recent call last):
  File "/usr/lib/python2.7/threading.py", line 801, in __bootstrap_inner
    self.run()
  File "/home/verma_rohil/noreward-rl/src/a3c.py", line 135, in run
    self._run()
  File "/home/verma_rohil/noreward-rl/src/a3c.py", line 146, in _run
    self.queue.put(next(rollout_provider), timeout=600.0)
  File "/home/verma_rohil/noreward-rl/src/a3c.py", line 184, in env_runner
    bonus = predictor.pred_bonus(last_state, state, action)
  File "/home/verma_rohil/noreward-rl/src/model.py", line 310, in pred_bonus
    {self.s1: [s1], self.s2: [s2], self.asample: [asample]})
  File "/home/verma_rohil/noreward-rl/curiosity/local/lib/python2.7/site-packages/tensorflow/python/client/session.py", line 766, in run
    run_metadata_ptr)
  File "/home/verma_rohil/noreward-rl/curiosity/local/lib/python2.7/site-packages/tensorflow/python/client/session.py", line 902, in _run
    raise RuntimeError('Attempted to use a closed Session.')
RuntimeError: Attempted to use a closed Session.

[2018-05-20 22:13:44,524] reached 1500122 steps. worker stopped.
de finished. Sum of shaped rewards: 0.00. Length: 525. Bonus: 1.5386.
Global Step Counter: 1488072
Episode finished. Sum of shaped rewards: 0.00. Length: 500. Bonus: 1.1615.
Global Step Counter: 1497397
