[2018-05-20 21:31:05,750] Writing logs to file: /tmp/universe-10029.log
I tensorflow/core/distributed_runtime/rpc/grpc_channel.cc:197] Initialize GrpcChannelCache for job ps -> {0 -> 127.0.0.1:12222}
I tensorflow/core/distributed_runtime/rpc/grpc_channel.cc:197] Initialize GrpcChannelCache for job worker -> {0 -> localhost:12223, 1 -> 127.0.0.1:12224, 2 -> 127.0.0.1:12225, 3 -> 127.0.0.1:12226, 4 -> 127.0.0.1:12227, 5 -> 127.0.0.1:12228, 6 -> 127.0.0.1:12229, 7 -> 127.0.0.1:12230, 8 -> 127.0.0.1:12231, 9 -> 127.0.0.1:12232, 10 -> 127.0.0.1:12233, 11 -> 127.0.0.1:12234, 12 -> 127.0.0.1:12235, 13 -> 127.0.0.1:12236, 14 -> 127.0.0.1:12237, 15 -> 127.0.0.1:12238, 16 -> 127.0.0.1:12239, 17 -> 127.0.0.1:12240, 18 -> 127.0.0.1:12241, 19 -> 127.0.0.1:12242}
I tensorflow/core/distributed_runtime/rpc/grpc_server_lib.cc:211] Started server with target: grpc://localhost:12223
[2018-05-20 21:31:05,780] Making new env: ppaquette/DoomMyWayHome-v0
[2018-05-20 21:31:08,684] Trainable vars:
[2018-05-20 21:31:08,684]   global/l1/W:0 (3, 3, 4, 32)
[2018-05-20 21:31:08,684]   global/l1/b:0 (1, 1, 1, 32)
[2018-05-20 21:31:08,684]   global/l2/W:0 (3, 3, 32, 32)
[2018-05-20 21:31:08,684]   global/l2/b:0 (1, 1, 1, 32)
[2018-05-20 21:31:08,685]   global/l3/W:0 (3, 3, 32, 32)
[2018-05-20 21:31:08,685]   global/l3/b:0 (1, 1, 1, 32)
[2018-05-20 21:31:08,685]   global/l4/W:0 (3, 3, 32, 32)
[2018-05-20 21:31:08,685]   global/l4/b:0 (1, 1, 1, 32)
[2018-05-20 21:31:08,685]   global/RNN/BasicLSTMCell/Linear/Matrix:0 (544, 1024)
[2018-05-20 21:31:08,685]   global/RNN/BasicLSTMCell/Linear/Bias:0 (1024,)
[2018-05-20 21:31:08,685]   global/value/w:0 (256, 1)
[2018-05-20 21:31:08,685]   global/value/b:0 (1,)
[2018-05-20 21:31:08,685]   global/action/w:0 (256, 4)
[2018-05-20 21:31:08,685]   global/action/b:0 (4,)
[2018-05-20 21:31:08,685]   global/predictor/l1/W:0 (3, 3, 4, 32)
[2018-05-20 21:31:08,685]   global/predictor/l1/b:0 (1, 1, 1, 32)
[2018-05-20 21:31:08,686]   global/predictor/l2/W:0 (3, 3, 32, 32)
[2018-05-20 21:31:08,686]   global/predictor/l2/b:0 (1, 1, 1, 32)
[2018-05-20 21:31:08,686]   global/predictor/l3/W:0 (3, 3, 32, 32)
[2018-05-20 21:31:08,686]   global/predictor/l3/b:0 (1, 1, 1, 32)
[2018-05-20 21:31:08,686]   global/predictor/l4/W:0 (3, 3, 32, 32)
[2018-05-20 21:31:08,686]   global/predictor/l4/b:0 (1, 1, 1, 32)
[2018-05-20 21:31:08,686]   global/predictor/g1/w:0 (576, 256)
[2018-05-20 21:31:08,686]   global/predictor/g1/b:0 (256,)
[2018-05-20 21:31:08,686]   global/predictor/glast/w:0 (256, 4)
[2018-05-20 21:31:08,686]   global/predictor/glast/b:0 (4,)
[2018-05-20 21:31:08,686]   global/predictor/f1/w:0 (292, 256)
[2018-05-20 21:31:08,686]   global/predictor/f1/b:0 (256,)
[2018-05-20 21:31:08,686]   global/predictor/flast/w:0 (256, 288)
[2018-05-20 21:31:08,687]   global/predictor/flast/b:0 (288,)
[2018-05-20 21:31:08,687]   local/l1/W:0 (3, 3, 4, 32)
[2018-05-20 21:31:08,687]   local/l1/b:0 (1, 1, 1, 32)
[2018-05-20 21:31:08,687]   local/l2/W:0 (3, 3, 32, 32)
[2018-05-20 21:31:08,687]   local/l2/b:0 (1, 1, 1, 32)
[2018-05-20 21:31:08,687]   local/l3/W:0 (3, 3, 32, 32)
[2018-05-20 21:31:08,687]   local/l3/b:0 (1, 1, 1, 32)
[2018-05-20 21:31:08,687]   local/l4/W:0 (3, 3, 32, 32)
[2018-05-20 21:31:08,687]   local/l4/b:0 (1, 1, 1, 32)
[2018-05-20 21:31:08,687]   local/RNN/BasicLSTMCell/Linear/Matrix:0 (544, 1024)
[2018-05-20 21:31:08,687]   local/RNN/BasicLSTMCell/Linear/Bias:0 (1024,)
[2018-05-20 21:31:08,687]   local/value/w:0 (256, 1)
[2018-05-20 21:31:08,687]   local/value/b:0 (1,)
[2018-05-20 21:31:08,687]   local/action/w:0 (256, 4)
[2018-05-20 21:31:08,688]   local/action/b:0 (4,)
[2018-05-20 21:31:08,688]   local/predictor/l1/W:0 (3, 3, 4, 32)
[2018-05-20 21:31:08,688]   local/predictor/l1/b:0 (1, 1, 1, 32)
[2018-05-20 21:31:08,688]   local/predictor/l2/W:0 (3, 3, 32, 32)
[2018-05-20 21:31:08,688]   local/predictor/l2/b:0 (1, 1, 1, 32)
[2018-05-20 21:31:08,688]   local/predictor/l3/W:0 (3, 3, 32, 32)
[2018-05-20 21:31:08,688]   local/predictor/l3/b:0 (1, 1, 1, 32)
[2018-05-20 21:31:08,688]   local/predictor/l4/W:0 (3, 3, 32, 32)
[2018-05-20 21:31:08,688]   local/predictor/l4/b:0 (1, 1, 1, 32)
[2018-05-20 21:31:08,688]   local/predictor/g1/w:0 (576, 256)
[2018-05-20 21:31:08,688]   local/predictor/g1/b:0 (256,)
[2018-05-20 21:31:08,688]   local/predictor/glast/w:0 (256, 4)
[2018-05-20 21:31:08,688]   local/predictor/glast/b:0 (4,)
[2018-05-20 21:31:08,689]   local/predictor/f1/w:0 (292, 256)
[2018-05-20 21:31:08,689]   local/predictor/f1/b:0 (256,)
[2018-05-20 21:31:08,689]   local/predictor/flast/w:0 (256, 288)
[2018-05-20 21:31:08,689]   local/predictor/flast/b:0 (288,)
[2018-05-20 21:31:08,689] Events directory: /scratch/doomicm/train_0
[2018-05-20 21:31:10,212] Starting session. If this hangs, we're mostly likely waiting to connect to the parameter server. One common cause is that the parameter server DNS name isn't resolving yet, or is misspecified.
I tensorflow/core/distributed_runtime/master_session.cc:993] Start master session 4c04c79ba2f317b7 with config: 
device_filters: "/job:ps"
device_filters: "/job:worker/task:0/cpu:0"

[2018-05-20 21:31:10,938] Initializing all parameters.
[2018-05-20 21:31:14,829] Called reset on <Unvectorize<VectorizeFilter[<class 'envs.DiagnosticsInfoI'>]<Vectorize<SkipEnv<BufferedObsEnv<NoNegativeRewardEnv<SetPlayingModeWrapper<SetResolutionWrapper<ToDiscreteWrapper<TimeLimit<DoomMyWayHomeEnv instance>>>>>>>>>>> before configuring. Configuring automatically with default arguments
[2018-05-20 21:31:15,091] Starting training at gobal_step=0
[2018-05-20 21:31:15,093] Resetting environment logs
[2018-05-20 21:31:23,183] True Game terminating: env_episode_reward=0.0 episode_length=525
[2018-05-20 21:31:23,227] Resetting environment logs
[2018-05-20 21:31:27,631] True Game terminating: env_episode_reward=0.9999 episode_length=272
[2018-05-20 21:31:27,638] Resetting environment logs
[2018-05-20 21:31:36,296] True Game terminating: env_episode_reward=0.0 episode_length=525
[2018-05-20 21:31:36,304] Resetting environment logs
[2018-05-20 21:31:45,142] True Game terminating: env_episode_reward=0.0 episode_length=525
[2018-05-20 21:31:45,150] Resetting environment logs
[2018-05-20 21:31:54,167] True Game terminating: env_episode_reward=0.0 episode_length=525
[2018-05-20 21:31:54,176] Resetting environment logs
[2018-05-20 21:32:03,395] True Game terminating: env_episode_reward=0.0 episode_length=525
[2018-05-20 21:32:03,403] Resetting environment logs
[2018-05-20 21:32:12,893] True Game terminating: env_episode_reward=0.0 episode_length=525
[2018-05-20 21:32:12,901] Resetting environment logs
[2018-05-20 21:32:22,956] True Game terminating: env_episode_reward=0.0 episode_length=525
[2018-05-20 21:32:22,964] Resetting environment logs
[2018-05-20 21:32:33,348] True Game terminating: env_episode_reward=0.0 episode_length=525
[2018-05-20 21:32:33,357] Resetting environment logs
[2018-05-20 21:32:44,224] True Game terminating: env_episode_reward=0.0 episode_length=525
[2018-05-20 21:32:44,232] Resetting environment logs
[2018-05-20 21:32:55,462] True Game terminating: env_episode_reward=0.0 episode_length=525
[2018-05-20 21:32:55,470] Resetting environment logs
[2018-05-20 21:33:07,163] True Game terminating: env_episode_reward=0.0 episode_length=525
[2018-05-20 21:33:07,171] Resetting environment logs
[2018-05-20 21:33:19,528] True Game terminating: env_episode_reward=0.0 episode_length=525
[2018-05-20 21:33:19,537] Resetting environment logs
[2018-05-20 21:33:32,459] True Game terminating: env_episode_reward=0.0 episode_length=525
[2018-05-20 21:33:32,468] Resetting environment logs
[2018-05-20 21:33:45,983] True Game terminating: env_episode_reward=0.0 episode_length=525
[2018-05-20 21:33:45,992] Resetting environment logs
[2018-05-20 21:34:00,945] True Game terminating: env_episode_reward=0.0 episode_length=525
[2018-05-20 21:34:00,954] Resetting environment logs
[2018-05-20 21:34:16,768] True Game terminating: env_episode_reward=0.0 episode_length=525
[2018-05-20 21:34:16,779] Resetting environment logs
[2018-05-20 21:34:33,489] True Game terminating: env_episode_reward=0.0 episode_length=525
[2018-05-20 21:34:33,498] Resetting environment logs
[2018-05-20 21:34:50,395] True Game terminating: env_episode_reward=0.0 episode_length=525
[2018-05-20 21:34:50,408] Resetting environment logs
[2018-05-20 21:35:06,505] True Game terminating: env_episode_reward=0.0 episode_length=525
[2018-05-20 21:35:06,514] Resetting environment logs
[2018-05-20 21:35:22,873] True Game terminating: env_episode_reward=0.0 episode_length=525
[2018-05-20 21:35:22,884] Resetting environment logs
[2018-05-20 21:35:39,160] True Game terminating: env_episode_reward=0.0 episode_length=525
[2018-05-20 21:35:39,185] Resetting environment logs
[2018-05-20 21:35:55,412] True Game terminating: env_episode_reward=0.0 episode_length=525
[2018-05-20 21:35:55,421] Resetting environment logs
[2018-05-20 21:36:11,720] True Game terminating: env_episode_reward=0.0 episode_length=525
[2018-05-20 21:36:11,730] Resetting environment logs
[2018-05-20 21:36:28,453] True Game terminating: env_episode_reward=0.0 episode_length=525
[2018-05-20 21:36:28,465] Resetting environment logs
[2018-05-20 21:36:30,619] True Game terminating: env_episode_reward=0.9999 episode_length=74
[2018-05-20 21:36:30,629] Resetting environment logs
[2018-05-20 21:36:46,696] True Game terminating: env_episode_reward=0.0 episode_length=525
[2018-05-20 21:36:46,714] Resetting environment logs
[2018-05-20 21:36:57,868] True Game terminating: env_episode_reward=0.9999 episode_length=362
[2018-05-20 21:36:57,878] Resetting environment logs
[2018-05-20 21:37:14,518] True Game terminating: env_episode_reward=0.0 episode_length=525
[2018-05-20 21:37:14,527] Resetting environment logs
[2018-05-20 21:37:31,125] True Game terminating: env_episode_reward=0.0 episode_length=525
[2018-05-20 21:37:31,136] Resetting environment logs
[2018-05-20 21:37:47,616] True Game terminating: env_episode_reward=0.0 episode_length=525
[2018-05-20 21:37:47,625] Resetting environment logs
[2018-05-20 21:38:03,996] True Game terminating: env_episode_reward=0.0 episode_length=525
[2018-05-20 21:38:04,006] Resetting environment logs
[2018-05-20 21:38:20,461] True Game terminating: env_episode_reward=0.0 episode_length=525
[2018-05-20 21:38:20,472] Resetting environment logs
[2018-05-20 21:38:37,104] True Game terminating: env_episode_reward=0.0 episode_length=525
[2018-05-20 21:38:37,117] Resetting environment logs
[2018-05-20 21:38:53,670] True Game terminating: env_episode_reward=0.0 episode_length=525
[2018-05-20 21:38:53,685] Resetting environment logs
[2018-05-20 21:39:09,954] True Game terminating: env_episode_reward=0.0 episode_length=525
[2018-05-20 21:39:09,964] Resetting environment logs
[2018-05-20 21:39:26,504] True Game terminating: env_episode_reward=0.0 episode_length=525
[2018-05-20 21:39:26,513] Resetting environment logs
[2018-05-20 21:39:43,205] True Game terminating: env_episode_reward=0.0 episode_length=525
Using universe head design
Using universe head design
Using universe head design
Using universe head design
Using universe head design
Using universe head design
Optimizer: ADAM with lr: 0.000100
Input observation shape:  (42, 42, 4)
	=> Special Config: Monsters Removed.
Episode finished. Sum of shaped rewards: 0.00. Length: 525. Bonus: 0.9467.
Global Step Counter: 605
Episode finished. Sum of shaped rewards: 0.00. Length: 272. Bonus: 0.1130.
Global Step Counter: 1145
Episode finished. Sum of shaped rewards: 0.00. Length: 525. Bonus: 0.1348.
Global Step Counter: 2492
Episode finished. Sum of shaped rewards: 0.00. Length: 525. Bonus: 0.2121.
Global Step Counter: 4247
Episode finished. Sum of shaped rewards: 0.00. Length: 525. Bonus: 0.0549.
Global Step Counter: 6472
Episode finished. Sum of shaped rewards: 0.00. Length: 525. Bonus: 0.2809.
Global Step Counter: 9205
Episode finished. Sum of shaped rewards: 0.00. Length: 525. Bonus: 0.0701.
Global Step Counter: 12371
Episode finished. Sum of shaped rewards: 0.00. Length: 525. Bonus: 0.0421.
Global Step Counter: 16066
Episode finished. Sum of shaped rewards: 0.00. Length: 525. Bonus: 0.1412.
Global Step Counter: 20246
Episode finished. Sum of shaped rewards: 0.00. Length: 525. Bonus: 0.1237.
Global Step Counter: 24921
Episode finished. Sum of shaped rewards: 0.00. Length: 525. Bonus: 0.1949.
Global Step Counter: 30143
Episode finished. Sum of shaped rewards: 0.00. Length: 525. Bonus: 0.0690.
Global Step Counter: 35533
Episode finished. Sum of shaped rewards: 0.00. Length: 525. Bonus: 0.5630.
Global Step Counter: 41495
Episode finished. Sum of shaped rewards: 0.00. Length: 525. Bonus: 0.0441.
Global Step Counter: 48014
Episode finished. Sum of shaped rewards: 0.00. Length: 525. Bonus: 0.1631.
Global Step Counter: 55179
Episode finished. Sum of shaped rewards: 0.00. Length: 525. Bonus: 1.8308.
Global Step Counter: 63379
Episode finished. Sum of shaped rewards: 0.00. Length: 525. Bonus: 0.4899.
Global Step Counter: 72173
Episode finished. Sum of shaped rewards: 0.00. Length: 525. Bonus: 0.2444.
Global Step Counter: 81938
Episode finished. Sum of shaped rewards: 0.00. Length: 525. Bonus: 0.5861.
Global Step Counter: 92076
Episode finished. Sum of shaped rewards: 0.00. Length: 525. Bonus: 0.2165.
Global Step Counter: 101778
Episode finished. Sum of shaped rewards: 0.00. Length: 525. Bonus: 0.0578.
Global Step Counter: 111553
Episode finished. Sum of shaped rewards: 0.00. Length: 525. Bonus: 0.0313.
Global Step Counter: 121452
Episode finished. Sum of shaped rewards: 0.00. Length: 525. Bonus: 1.4121.
Global Step Counter: 131312
Episode finished. Sum of shaped rewards: 0.00. Length: 525. Bonus: 0.6594.
Global Step Counter: 141108
Episode finished. Sum of shaped rewards: 0.00. Length: 525. Bonus: 0.2726.
Global Step Counter: 151176
Episode finished. Sum of shaped rewards: 0.00. Length: 74. Bonus: 0.0313.
Global Step Counter: 152441
Episode finished. Sum of shaped rewards: 0.00. Length: 525. Bonus: 0.1247.
Global Step Counter: 162211
Episode finished. Sum of shaped rewards: 0.00. Length: 362. Bonus: 0.7777.
Global Step Counter: 169061
Episode finished. Sum of shaped rewards: 0.00. Length: 525. Bonus: 0.2619.
Global Step Counter: 178938
Episode finished. Sum of shaped rewards: 0.00. Length: 525. Bonus: 0.1859.
Global Step Counter: 188838
Episode finished. Sum of shaped rewards: 0.00. Length: 525. Bonus: 0.0749.
Global Step Counter: 198801
Episode finished. Sum of shaped rewards: 0.00. Length: 525. Bonus: 0.2611.
Global Step Counter: 208727
Episode finished. Sum of shaped rewards: 0.00. Length: 525. Bonus: 0.9049.
Global Step Counter: 218682
Episode finished. Sum of shaped rewards: 0.00. Length: 525. Bonus: 0.9058.
Global Step Counter: 228578
Episode finished. Sum of shaped rewards: 0.00. Length: 525. Bonus: 0.3336.
Global Step Counter: 238612
Episode finished. Sum of shaped rewards: 0.00. Length: 525. Bonus: 0.1096.
Global Step Counter: 248519
Episode finished. Sum of shaped rewards: 0.00. Length: 525. Bonus: 2.0546.
Global Step Counter: 258532
Episode finished. Sum of shaped rewards:[2018-05-20 21:39:43,217] Resetting environment logs
[2018-05-20 21:39:59,536] True Game terminating: env_episode_reward=0.0 episode_length=525
[2018-05-20 21:39:59,548] Resetting environment logs
[2018-05-20 21:40:03,485] True Game terminating: env_episode_reward=0.9999 episode_length=126
[2018-05-20 21:40:03,497] Resetting environment logs
[2018-05-20 21:40:19,804] True Game terminating: env_episode_reward=0.0 episode_length=525
[2018-05-20 21:40:19,813] Resetting environment logs
[2018-05-20 21:40:36,267] True Game terminating: env_episode_reward=0.0 episode_length=525
[2018-05-20 21:40:36,290] Resetting environment logs
[2018-05-20 21:40:52,670] True Game terminating: env_episode_reward=0.0 episode_length=525
[2018-05-20 21:40:52,693] Resetting environment logs
[2018-05-20 21:41:08,824] True Game terminating: env_episode_reward=0.0 episode_length=525
[2018-05-20 21:41:08,834] Resetting environment logs
[2018-05-20 21:41:25,208] True Game terminating: env_episode_reward=0.0 episode_length=525
[2018-05-20 21:41:25,216] Resetting environment logs
[2018-05-20 21:41:41,577] True Game terminating: env_episode_reward=0.0 episode_length=525
[2018-05-20 21:41:41,588] Resetting environment logs
[2018-05-20 21:41:58,017] True Game terminating: env_episode_reward=0.0 episode_length=525
[2018-05-20 21:41:58,026] Resetting environment logs
[2018-05-20 21:42:14,431] True Game terminating: env_episode_reward=0.0 episode_length=525
[2018-05-20 21:42:14,441] Resetting environment logs
[2018-05-20 21:42:30,613] True Game terminating: env_episode_reward=0.0 episode_length=525
[2018-05-20 21:42:30,622] Resetting environment logs
[2018-05-20 21:42:46,349] True Game terminating: env_episode_reward=0.0 episode_length=525
[2018-05-20 21:42:46,367] Resetting environment logs
[2018-05-20 21:43:02,556] True Game terminating: env_episode_reward=0.0 episode_length=525
[2018-05-20 21:43:02,566] Resetting environment logs
[2018-05-20 21:43:19,161] True Game terminating: env_episode_reward=0.0 episode_length=525
[2018-05-20 21:43:19,172] Resetting environment logs
[2018-05-20 21:43:35,750] True Game terminating: env_episode_reward=0.0 episode_length=525
[2018-05-20 21:43:35,760] Resetting environment logs
[2018-05-20 21:43:38,373] True Game terminating: env_episode_reward=0.9999 episode_length=85
[2018-05-20 21:43:38,387] Resetting environment logs
[2018-05-20 21:43:54,916] True Game terminating: env_episode_reward=0.0 episode_length=525
[2018-05-20 21:43:54,926] Resetting environment logs
[2018-05-20 21:44:11,227] True Game terminating: env_episode_reward=0.0 episode_length=525
[2018-05-20 21:44:11,237] Resetting environment logs
[2018-05-20 21:44:26,984] True Game terminating: env_episode_reward=0.0 episode_length=525
[2018-05-20 21:44:26,995] Resetting environment logs
[2018-05-20 21:44:43,094] True Game terminating: env_episode_reward=0.0 episode_length=525
[2018-05-20 21:44:43,107] Resetting environment logs
[2018-05-20 21:44:59,044] True Game terminating: env_episode_reward=0.0 episode_length=525
[2018-05-20 21:44:59,054] Resetting environment logs
[2018-05-20 21:45:16,041] True Game terminating: env_episode_reward=0.0 episode_length=525
[2018-05-20 21:45:16,053] Resetting environment logs
[2018-05-20 21:45:32,337] True Game terminating: env_episode_reward=0.0 episode_length=525
[2018-05-20 21:45:32,349] Resetting environment logs
[2018-05-20 21:45:48,649] True Game terminating: env_episode_reward=0.0 episode_length=525
[2018-05-20 21:45:48,660] Resetting environment logs
[2018-05-20 21:46:05,209] True Game terminating: env_episode_reward=0.0 episode_length=525
[2018-05-20 21:46:05,220] Resetting environment logs
[2018-05-20 21:46:21,896] True Game terminating: env_episode_reward=0.0 episode_length=525
[2018-05-20 21:46:21,919] Resetting environment logs
[2018-05-20 21:46:38,354] True Game terminating: env_episode_reward=0.0 episode_length=525
[2018-05-20 21:46:38,365] Resetting environment logs
[2018-05-20 21:46:54,464] True Game terminating: env_episode_reward=0.0 episode_length=525
[2018-05-20 21:46:54,473] Resetting environment logs
[2018-05-20 21:47:10,663] True Game terminating: env_episode_reward=0.0 episode_length=525
[2018-05-20 21:47:10,676] Resetting environment logs
[2018-05-20 21:47:27,397] True Game terminating: env_episode_reward=0.0 episode_length=525
[2018-05-20 21:47:27,406] Resetting environment logs
[2018-05-20 21:47:43,807] True Game terminating: env_episode_reward=0.0 episode_length=525
[2018-05-20 21:47:43,816] Resetting environment logs
[2018-05-20 21:47:59,710] True Game terminating: env_episode_reward=0.0 episode_length=525
[2018-05-20 21:47:59,720] Resetting environment logs
[2018-05-20 21:48:16,300] True Game terminating: env_episode_reward=0.0 episode_length=525
[2018-05-20 21:48:16,313] Resetting environment logs
[2018-05-20 21:48:33,107] True Game terminating: env_episode_reward=0.0 episode_length=525
[2018-05-20 21:48:33,117] Resetting environment logs
[2018-05-20 21:48:49,643] True Game terminating: env_episode_reward=0.0 episode_length=525
[2018-05-20 21:48:49,653] Resetting environment logs
[2018-05-20 21:49:06,362] True Game terminating: env_episode_reward=0.0 episode_length=525
[2018-05-20 21:49:06,373] Resetting environment logs
[2018-05-20 21:49:23,003] True Game terminating: env_episode_reward=0.0 episode_length=525
[2018-05-20 21:49:23,013] Resetting environment logs
[2018-05-20 21:49:39,690] True Game terminating: env_episode_reward=0.0 episode_length=525
[2018-05-20 21:49:39,709] Resetting environment logs
[2018-05-20 21:49:55,908] True Game terminating: env_episode_reward=0.0 episode_length=525
[2018-05-20 21:49:55,918] Resetting environment logs
[2018-05-20 21:50:12,404] True Game terminating: env_episode_reward=0.0 episode_length=525
 0.00. Length: 525. Bonus: 0.1378.
Global Step Counter: 268515
Episode finished. Sum of shaped rewards: 0.00. Length: 525. Bonus: 1.4862.
Global Step Counter: 278410
Episode finished. Sum of shaped rewards: 0.00. Length: 126. Bonus: 0.3843.
Global Step Counter: 280790
Episode finished. Sum of shaped rewards: 0.00. Length: 525. Bonus: 1.0858.
Global Step Counter: 290697
Episode finished. Sum of shaped rewards: 0.00. Length: 525. Bonus: 0.2753.
Global Step Counter: 300536
Episode finished. Sum of shaped rewards: 0.00. Length: 525. Bonus: 2.1665.
Global Step Counter: 310404
Episode finished. Sum of shaped rewards: 0.00. Length: 525. Bonus: 0.4199.
Global Step Counter: 320114
Episode finished. Sum of shaped rewards: 0.00. Length: 525. Bonus: 2.4037.
Global Step Counter: 330005
Episode finished. Sum of shaped rewards: 0.00. Length: 525. Bonus: 1.1203.
Global Step Counter: 339925
Episode finished. Sum of shaped rewards: 0.00. Length: 525. Bonus: 0.3947.
Global Step Counter: 349775
Episode finished. Sum of shaped rewards: 0.00. Length: 525. Bonus: 0.4817.
Global Step Counter: 359741
Episode finished. Sum of shaped rewards: 0.00. Length: 525. Bonus: 1.2951.
Global Step Counter: 369491
Episode finished. Sum of shaped rewards: 0.00. Length: 525. Bonus: 0.7560.
Global Step Counter: 379102
Episode finished. Sum of shaped rewards: 0.00. Length: 525. Bonus: 0.2776.
Global Step Counter: 388748
Episode finished. Sum of shaped rewards: 0.00. Length: 525. Bonus: 0.1645.
Global Step Counter: 398813
Episode finished. Sum of shaped rewards: 0.00. Length: 525. Bonus: 1.5926.
Global Step Counter: 408871
Episode finished. Sum of shaped rewards: 0.00. Length: 85. Bonus: 0.0580.
Global Step Counter: 410446
Episode finished. Sum of shaped rewards: 0.00. Length: 525. Bonus: 0.4946.
Global Step Counter: 420468
Episode finished. Sum of shaped rewards: 0.00. Length: 525. Bonus: 0.5947.
Global Step Counter: 430320
Episode finished. Sum of shaped rewards: 0.00. Length: 525. Bonus: 0.3561.
Global Step Counter: 439805
Episode finished. Sum of shaped rewards: 0.00. Length: 525. Bonus: 0.3958.
Global Step Counter: 449552
Episode finished. Sum of shaped rewards: 0.00. Length: 525. Bonus: 1.7945.
Global Step Counter: 459238
Episode finished. Sum of shaped rewards: 0.00. Length: 525. Bonus: 0.4163.
Global Step Counter: 469409
Episode finished. Sum of shaped rewards: 0.00. Length: 525. Bonus: 0.4520.
Global Step Counter: 479202
Episode finished. Sum of shaped rewards: 0.00. Length: 525. Bonus: 0.2175.
Global Step Counter: 489033
Episode finished. Sum of shaped rewards: 0.00. Length: 525. Bonus: 2.2984.
Global Step Counter: 499077
Episode finished. Sum of shaped rewards: 0.00. Length: 525. Bonus: 0.3520.
Global Step Counter: 509102
Episode finished. Sum of shaped rewards: 0.00. Length: 525. Bonus: 0.6105.
Global Step Counter: 518977
Episode finished. Sum of shaped rewards: 0.00. Length: 525. Bonus: 2.2475.
Global Step Counter: 528776
Episode finished. Sum of shaped rewards: 0.00. Length: 525. Bonus: 0.1755.
Global Step Counter: 538561
Episode finished. Sum of shaped rewards: 0.00. Length: 525. Bonus: 0.7702.
Global Step Counter: 548612
Episode finished. Sum of shaped rewards: 0.00. Length: 525. Bonus: 0.2075.
Global Step Counter: 558522
Episode finished. Sum of shaped rewards: 0.00. Length: 525. Bonus: 0.2520.
Global Step Counter: 568216
Episode finished. Sum of shaped rewards: 0.00. Length: 525. Bonus: 1.5809.
Global Step Counter: 578086
Episode finished. Sum of shaped rewards: 0.00. Length: 525. Bonus: 0.3605.
Global Step Counter: 588206
Episode finished. Sum of shaped rewards: 0.00. Length: 525. Bonus: 0.9985.
Global Step Counter: 598213
Episode finished. Sum of shaped rewards: 0.00. Length: 525. Bonus: 0.2578.
Global Step Counter: 608228
Episode finished. Sum of shaped rewards: 0.00. Length: 525. Bonus: 2.4204.
Global Step Counter: 618223
Episode finished. Sum of shaped rewards: 0.00. Length: 525. Bonus: 0.1691.
Global Step Counter: 628338
Episode finished. Sum of shaped rewards: 0.00. Length: 525. Bonus: 0.5547.
Global Step Counter: 638156
Episode finished.[2018-05-20 21:50:12,415] Resetting environment logs
[2018-05-20 21:50:28,615] True Game terminating: env_episode_reward=0.0 episode_length=525
[2018-05-20 21:50:28,625] Resetting environment logs
[2018-05-20 21:50:37,978] True Game terminating: env_episode_reward=0.9999 episode_length=293
[2018-05-20 21:50:37,988] Resetting environment logs
[2018-05-20 21:50:54,400] True Game terminating: env_episode_reward=0.0 episode_length=525
[2018-05-20 21:50:54,409] Resetting environment logs
[2018-05-20 21:51:10,939] True Game terminating: env_episode_reward=0.0 episode_length=525
[2018-05-20 21:51:10,958] Resetting environment logs
[2018-05-20 21:51:27,452] True Game terminating: env_episode_reward=0.0 episode_length=525
[2018-05-20 21:51:27,462] Resetting environment logs
[2018-05-20 21:51:43,979] True Game terminating: env_episode_reward=0.0 episode_length=525
[2018-05-20 21:51:43,988] Resetting environment logs
[2018-05-20 21:52:00,784] True Game terminating: env_episode_reward=0.0 episode_length=525
[2018-05-20 21:52:00,811] Resetting environment logs
[2018-05-20 21:52:17,096] True Game terminating: env_episode_reward=0.0 episode_length=525
[2018-05-20 21:52:17,108] Resetting environment logs
[2018-05-20 21:52:33,461] True Game terminating: env_episode_reward=0.0 episode_length=525
[2018-05-20 21:52:33,474] Resetting environment logs
[2018-05-20 21:52:49,852] True Game terminating: env_episode_reward=0.0 episode_length=525
[2018-05-20 21:52:49,867] Resetting environment logs
[2018-05-20 21:53:06,194] True Game terminating: env_episode_reward=0.0 episode_length=525
[2018-05-20 21:53:06,211] Resetting environment logs
[2018-05-20 21:53:22,176] True Game terminating: env_episode_reward=0.0 episode_length=525
[2018-05-20 21:53:22,186] Resetting environment logs
[2018-05-20 21:53:38,490] True Game terminating: env_episode_reward=0.0 episode_length=525
[2018-05-20 21:53:38,516] Resetting environment logs
[2018-05-20 21:53:54,856] True Game terminating: env_episode_reward=0.0 episode_length=525
[2018-05-20 21:53:54,865] Resetting environment logs
[2018-05-20 21:54:11,647] True Game terminating: env_episode_reward=0.0 episode_length=525
[2018-05-20 21:54:11,660] Resetting environment logs
[2018-05-20 21:54:27,809] True Game terminating: env_episode_reward=0.0 episode_length=525
[2018-05-20 21:54:27,819] Resetting environment logs
[2018-05-20 21:54:43,880] True Game terminating: env_episode_reward=0.0 episode_length=525
[2018-05-20 21:54:43,889] Resetting environment logs
[2018-05-20 21:55:00,676] True Game terminating: env_episode_reward=0.0 episode_length=525
[2018-05-20 21:55:00,686] Resetting environment logs
[2018-05-20 21:55:17,033] True Game terminating: env_episode_reward=0.0 episode_length=525
[2018-05-20 21:55:17,057] Resetting environment logs
[2018-05-20 21:55:33,445] True Game terminating: env_episode_reward=0.0 episode_length=525
[2018-05-20 21:55:33,454] Resetting environment logs
[2018-05-20 21:55:35,960] True Game terminating: env_episode_reward=0.9999 episode_length=82
[2018-05-20 21:55:36,073] Resetting environment logs
[2018-05-20 21:55:52,571] True Game terminating: env_episode_reward=0.0 episode_length=525
[2018-05-20 21:55:52,582] Resetting environment logs
[2018-05-20 21:56:09,170] True Game terminating: env_episode_reward=0.0 episode_length=525
[2018-05-20 21:56:09,180] Resetting environment logs
[2018-05-20 21:56:25,711] True Game terminating: env_episode_reward=0.0 episode_length=525
[2018-05-20 21:56:25,720] Resetting environment logs
[2018-05-20 21:56:42,315] True Game terminating: env_episode_reward=0.0 episode_length=525
[2018-05-20 21:56:42,326] Resetting environment logs
[2018-05-20 21:56:59,006] True Game terminating: env_episode_reward=0.0 episode_length=525
[2018-05-20 21:56:59,016] Resetting environment logs
[2018-05-20 21:57:15,465] True Game terminating: env_episode_reward=0.0 episode_length=525
[2018-05-20 21:57:15,476] Resetting environment logs
[2018-05-20 21:57:31,492] True Game terminating: env_episode_reward=0.0 episode_length=525
[2018-05-20 21:57:31,503] Resetting environment logs
[2018-05-20 21:57:47,741] True Game terminating: env_episode_reward=0.0 episode_length=525
[2018-05-20 21:57:47,754] Resetting environment logs
[2018-05-20 21:58:03,963] True Game terminating: env_episode_reward=0.0 episode_length=525
[2018-05-20 21:58:03,985] Resetting environment logs
[2018-05-20 21:58:06,099] True Game terminating: env_episode_reward=0.9999 episode_length=69
[2018-05-20 21:58:06,110] Resetting environment logs
[2018-05-20 21:58:22,436] True Game terminating: env_episode_reward=0.0 episode_length=525
[2018-05-20 21:58:22,445] Resetting environment logs
[2018-05-20 21:58:38,667] True Game terminating: env_episode_reward=0.0 episode_length=525
[2018-05-20 21:58:38,677] Resetting environment logs
[2018-05-20 21:58:54,990] True Game terminating: env_episode_reward=0.0 episode_length=525
[2018-05-20 21:58:54,999] Resetting environment logs
[2018-05-20 21:59:11,537] True Game terminating: env_episode_reward=0.0 episode_length=525
[2018-05-20 21:59:11,554] Resetting environment logs
[2018-05-20 21:59:27,350] True Game terminating: env_episode_reward=0.0 episode_length=525
[2018-05-20 21:59:27,360] Resetting environment logs
[2018-05-20 21:59:43,908] True Game terminating: env_episode_reward=0.0 episode_length=525
[2018-05-20 21:59:43,919] Resetting environment logs
[2018-05-20 22:00:00,323] True Game terminating: env_episode_reward=0.0 episode_length=525
[2018-05-20 22:00:00,333] Resetting environment logs
[2018-05-20 22:00:17,065] True Game terminating: env_episode_reward=0.0 episode_length=525
[2018-05-20 22:00:17,075] Resetting environment logs
 Sum of shaped rewards: 0.00. Length: 525. Bonus: 0.5824.
Global Step Counter: 648076
Episode finished. Sum of shaped rewards: 0.00. Length: 525. Bonus: 0.1645.
Global Step Counter: 657819
Episode finished. Sum of shaped rewards: 0.00. Length: 293. Bonus: 1.2428.
Global Step Counter: 663469
Episode finished. Sum of shaped rewards: 0.00. Length: 525. Bonus: 0.2536.
Global Step Counter: 673412
Episode finished. Sum of shaped rewards: 0.00. Length: 525. Bonus: 0.1616.
Global Step Counter: 683401
Episode finished. Sum of shaped rewards: 0.00. Length: 525. Bonus: 1.3503.
Global Step Counter: 693466
Episode finished. Sum of shaped rewards: 0.00. Length: 525. Bonus: 0.2278.
Global Step Counter: 703341
Episode finished. Sum of shaped rewards: 0.00. Length: 525. Bonus: 0.4764.
Global Step Counter: 713512
Episode finished. Sum of shaped rewards: 0.00. Length: 525. Bonus: 0.2281.
Global Step Counter: 723307
Episode finished. Sum of shaped rewards: 0.00. Length: 525. Bonus: 1.9205.
Global Step Counter: 733223
Episode finished. Sum of shaped rewards: 0.00. Length: 525. Bonus: 1.6522.
Global Step Counter: 742969
Episode finished. Sum of shaped rewards: 0.00. Length: 525. Bonus: 1.1815.
Global Step Counter: 752898
Episode finished. Sum of shaped rewards: 0.00. Length: 525. Bonus: 1.2817.
Global Step Counter: 762576
Episode finished. Sum of shaped rewards: 0.00. Length: 525. Bonus: 0.4043.
Global Step Counter: 772451
Episode finished. Sum of shaped rewards: 0.00. Length: 525. Bonus: 1.3931.
Global Step Counter: 782293
Episode finished. Sum of shaped rewards: 0.00. Length: 525. Bonus: 0.4126.
Global Step Counter: 792493
Episode finished. Sum of shaped rewards: 0.00. Length: 525. Bonus: 1.7384.
Global Step Counter: 802267
Episode finished. Sum of shaped rewards: 0.00. Length: 525. Bonus: 0.5197.
Global Step Counter: 812032
Episode finished. Sum of shaped rewards: 0.00. Length: 525. Bonus: 0.1037.
Global Step Counter: 822057
Episode finished. Sum of shaped rewards: 0.00. Length: 525. Bonus: 0.4637.
Global Step Counter: 832005
Episode finished. Sum of shaped rewards: 0.00. Length: 525. Bonus: 0.2674.
Global Step Counter: 841848
Episode finished. Sum of shaped rewards: 0.00. Length: 82. Bonus: 0.0638.
Global Step Counter: 843533
Episode finished. Sum of shaped rewards: 0.00. Length: 525. Bonus: 1.3402.
Global Step Counter: 853350
Episode finished. Sum of shaped rewards: 0.00. Length: 525. Bonus: 0.1609.
Global Step Counter: 863345
Episode finished. Sum of shaped rewards: 0.00. Length: 525. Bonus: 1.7349.
Global Step Counter: 873300
Episode finished. Sum of shaped rewards: 0.00. Length: 525. Bonus: 0.2333.
Global Step Counter: 883386
Episode finished. Sum of shaped rewards: 0.00. Length: 525. Bonus: 1.4200.
Global Step Counter: 893389
Episode finished. Sum of shaped rewards: 0.00. Length: 525. Bonus: 1.6075.
Global Step Counter: 903367
Episode finished. Sum of shaped rewards: 0.00. Length: 525. Bonus: 2.9583.
Global Step Counter: 913002
Episode finished. Sum of shaped rewards: 0.00. Length: 525. Bonus: 1.2403.
Global Step Counter: 922852
Episode finished. Sum of shaped rewards: 0.00. Length: 525. Bonus: 1.8070.
Global Step Counter: 932562
Episode finished. Sum of shaped rewards: 0.00. Length: 69. Bonus: 0.0600.
Global Step Counter: 933852
Episode finished. Sum of shaped rewards: 0.00. Length: 525. Bonus: 0.5533.
Global Step Counter: 943678
Episode finished. Sum of shaped rewards: 0.00. Length: 525. Bonus: 0.8588.
Global Step Counter: 953523
Episode finished. Sum of shaped rewards: 0.00. Length: 525. Bonus: 0.0995.
Global Step Counter: 963378
Episode finished. Sum of shaped rewards: 0.00. Length: 525. Bonus: 0.7307.
Global Step Counter: 973308
Episode finished. Sum of shaped rewards: 0.00. Length: 525. Bonus: 0.5315.
Global Step Counter: 982940
Episode finished. Sum of shaped rewards: 0.00. Length: 525. Bonus: 0.6870.
Global Step Counter: 992930
Episode finished. Sum of shaped rewards: 0.00. Length: 525. Bonus: 0.3519.
Global Step Counter: 1002899
Episode finished. Sum of shaped rewards: 0.00. Length: 525. Bonus: 0.5530.
Global Step Counter: 1[2018-05-20 22:00:33,410] True Game terminating: env_episode_reward=0.0 episode_length=525
[2018-05-20 22:00:33,420] Resetting environment logs
[2018-05-20 22:00:49,927] True Game terminating: env_episode_reward=0.0 episode_length=525
[2018-05-20 22:00:49,941] Resetting environment logs
[2018-05-20 22:01:06,198] True Game terminating: env_episode_reward=0.0 episode_length=525
[2018-05-20 22:01:06,208] Resetting environment logs
[2018-05-20 22:01:22,736] True Game terminating: env_episode_reward=0.0 episode_length=525
[2018-05-20 22:01:22,744] Resetting environment logs
[2018-05-20 22:01:38,886] True Game terminating: env_episode_reward=0.0 episode_length=525
[2018-05-20 22:01:38,895] Resetting environment logs
[2018-05-20 22:01:55,292] True Game terminating: env_episode_reward=0.0 episode_length=525
[2018-05-20 22:01:55,302] Resetting environment logs
[2018-05-20 22:02:11,543] True Game terminating: env_episode_reward=0.0 episode_length=525
[2018-05-20 22:02:11,555] Resetting environment logs
[2018-05-20 22:02:28,350] True Game terminating: env_episode_reward=0.0 episode_length=525
[2018-05-20 22:02:28,360] Resetting environment logs
[2018-05-20 22:02:44,711] True Game terminating: env_episode_reward=0.0 episode_length=525
[2018-05-20 22:02:44,720] Resetting environment logs
[2018-05-20 22:03:00,111] True Game terminating: env_episode_reward=0.9999 episode_length=494
[2018-05-20 22:03:00,120] Resetting environment logs
[2018-05-20 22:03:16,920] True Game terminating: env_episode_reward=0.0 episode_length=525
[2018-05-20 22:03:16,931] Resetting environment logs
[2018-05-20 22:03:33,654] True Game terminating: env_episode_reward=0.0 episode_length=525
[2018-05-20 22:03:33,664] Resetting environment logs
[2018-05-20 22:03:50,220] True Game terminating: env_episode_reward=0.0 episode_length=525
[2018-05-20 22:03:50,238] Resetting environment logs
[2018-05-20 22:03:51,694] True Game terminating: env_episode_reward=0.9999 episode_length=48
[2018-05-20 22:03:51,707] Resetting environment logs
[2018-05-20 22:04:08,181] True Game terminating: env_episode_reward=0.0 episode_length=525
[2018-05-20 22:04:08,190] Resetting environment logs
[2018-05-20 22:04:24,759] True Game terminating: env_episode_reward=0.0 episode_length=525
[2018-05-20 22:04:24,771] Resetting environment logs
[2018-05-20 22:04:41,237] True Game terminating: env_episode_reward=0.0 episode_length=525
[2018-05-20 22:04:41,249] Resetting environment logs
[2018-05-20 22:04:57,480] True Game terminating: env_episode_reward=0.0 episode_length=525
[2018-05-20 22:04:57,493] Resetting environment logs
[2018-05-20 22:05:14,230] True Game terminating: env_episode_reward=0.0 episode_length=525
[2018-05-20 22:05:14,242] Resetting environment logs
[2018-05-20 22:05:30,822] True Game terminating: env_episode_reward=0.0 episode_length=525
[2018-05-20 22:05:30,835] Resetting environment logs
[2018-05-20 22:05:47,383] True Game terminating: env_episode_reward=0.0 episode_length=525
[2018-05-20 22:05:47,394] Resetting environment logs
[2018-05-20 22:06:03,751] True Game terminating: env_episode_reward=0.0 episode_length=525
[2018-05-20 22:06:03,760] Resetting environment logs
[2018-05-20 22:06:19,939] True Game terminating: env_episode_reward=0.0 episode_length=525
[2018-05-20 22:06:19,950] Resetting environment logs
[2018-05-20 22:06:36,794] True Game terminating: env_episode_reward=0.0 episode_length=525
[2018-05-20 22:06:36,815] Resetting environment logs
[2018-05-20 22:06:53,150] True Game terminating: env_episode_reward=0.0 episode_length=525
[2018-05-20 22:06:53,161] Resetting environment logs
[2018-05-20 22:07:09,557] True Game terminating: env_episode_reward=0.0 episode_length=525
[2018-05-20 22:07:09,574] Resetting environment logs
[2018-05-20 22:07:25,932] True Game terminating: env_episode_reward=0.0 episode_length=525
[2018-05-20 22:07:25,943] Resetting environment logs
[2018-05-20 22:07:42,139] True Game terminating: env_episode_reward=0.0 episode_length=525
[2018-05-20 22:07:42,151] Resetting environment logs
[2018-05-20 22:07:58,850] True Game terminating: env_episode_reward=0.0 episode_length=525
[2018-05-20 22:07:58,859] Resetting environment logs
[2018-05-20 22:08:15,337] True Game terminating: env_episode_reward=0.0 episode_length=525
[2018-05-20 22:08:15,346] Resetting environment logs
[2018-05-20 22:08:32,224] True Game terminating: env_episode_reward=0.0 episode_length=525
[2018-05-20 22:08:32,235] Resetting environment logs
[2018-05-20 22:08:48,724] True Game terminating: env_episode_reward=0.0 episode_length=525
[2018-05-20 22:08:48,734] Resetting environment logs
[2018-05-20 22:09:05,183] True Game terminating: env_episode_reward=0.0 episode_length=525
[2018-05-20 22:09:05,194] Resetting environment logs
[2018-05-20 22:09:21,271] True Game terminating: env_episode_reward=0.0 episode_length=525
[2018-05-20 22:09:21,281] Resetting environment logs
[2018-05-20 22:09:37,754] True Game terminating: env_episode_reward=0.0 episode_length=525
[2018-05-20 22:09:37,764] Resetting environment logs
[2018-05-20 22:09:54,135] True Game terminating: env_episode_reward=0.0 episode_length=525
[2018-05-20 22:09:54,144] Resetting environment logs
[2018-05-20 22:10:10,837] True Game terminating: env_episode_reward=0.0 episode_length=525
[2018-05-20 22:10:10,850] Resetting environment logs
[2018-05-20 22:10:27,380] True Game terminating: env_episode_reward=0.0 episode_length=525
[2018-05-20 22:10:27,390] Resetting environment logs
[2018-05-20 22:10:43,745] True Game terminating: env_episode_reward=0.0 episode_length=525
[2018-05-20 22:10:43,755] Resetting environment logs
[2018-05-20 22:11:00,820] True Game terminating: env_episode_reward=0.0 episode_length=525
012949
Episode finished. Sum of shaped rewards: 0.00. Length: 525. Bonus: 0.3733.
Global Step Counter: 1022787
Episode finished. Sum of shaped rewards: 0.00. Length: 525. Bonus: 0.2100.
Global Step Counter: 1032687
Episode finished. Sum of shaped rewards: 0.00. Length: 525. Bonus: 1.9266.
Global Step Counter: 1042557
Episode finished. Sum of shaped rewards: 0.00. Length: 525. Bonus: 1.5023.
Global Step Counter: 1052332
Episode finished. Sum of shaped rewards: 0.00. Length: 525. Bonus: 2.2458.
Global Step Counter: 1062045
Episode finished. Sum of shaped rewards: 0.00. Length: 525. Bonus: 1.6999.
Global Step Counter: 1071960
Episode finished. Sum of shaped rewards: 0.00. Length: 525. Bonus: 0.2400.
Global Step Counter: 1081832
Episode finished. Sum of shaped rewards: 0.00. Length: 525. Bonus: 0.5561.
Global Step Counter: 1091879
Episode finished. Sum of shaped rewards: 0.00. Length: 525. Bonus: 0.4757.
Global Step Counter: 1101721
Episode finished. Sum of shaped rewards: 0.00. Length: 494. Bonus: 1.4028.
Global Step Counter: 1111046
Episode finished. Sum of shaped rewards: 0.00. Length: 525. Bonus: 0.6511.
Global Step Counter: 1121228
Episode finished. Sum of shaped rewards: 0.00. Length: 525. Bonus: 1.4917.
Global Step Counter: 1131284
Episode finished. Sum of shaped rewards: 0.00. Length: 525. Bonus: 1.3332.
Global Step Counter: 1141277
Episode finished. Sum of shaped rewards: 0.00. Length: 48. Bonus: 0.0738.
Global Step Counter: 1142115
Episode finished. Sum of shaped rewards: 0.00. Length: 525. Bonus: 0.1764.
Global Step Counter: 1152103
Episode finished. Sum of shaped rewards: 0.00. Length: 525. Bonus: 1.8071.
Global Step Counter: 1162138
Episode finished. Sum of shaped rewards: 0.00. Length: 525. Bonus: 0.4712.
Global Step Counter: 1172032
Episode finished. Sum of shaped rewards: 0.00. Length: 525. Bonus: 0.9966.
Global Step Counter: 1181852
Episode finished. Sum of shaped rewards: 0.00. Length: 525. Bonus: 0.5078.
Global Step Counter: 1192018
Episode finished. Sum of shaped rewards: 0.00. Length: 525. Bonus: 0.8401.
Global Step Counter: 1202031
Episode finished. Sum of shaped rewards: 0.00. Length: 525. Bonus: 1.2775.
Global Step Counter: 1211904
Episode finished. Sum of shaped rewards: 0.00. Length: 525. Bonus: 0.7588.
Global Step Counter: 1221857
Episode finished. Sum of shaped rewards: 0.00. Length: 525. Bonus: 1.0948.
Global Step Counter: 1231619
Episode finished. Sum of shaped rewards: 0.00. Length: 525. Bonus: 0.3855.
Global Step Counter: 1241794
Episode finished. Sum of shaped rewards: 0.00. Length: 525. Bonus: 1.5166.
Global Step Counter: 1251574
Episode finished. Sum of shaped rewards: 0.00. Length: 525. Bonus: 0.6324.
Global Step Counter: 1261504
Episode finished. Sum of shaped rewards: 0.00. Length: 525. Bonus: 0.9126.
Global Step Counter: 1271352
Episode finished. Sum of shaped rewards: 0.00. Length: 525. Bonus: 0.6817.
Global Step Counter: 1281201
Episode finished. Sum of shaped rewards: 0.00. Length: 525. Bonus: 0.3802.
Global Step Counter: 1291156
Episode finished. Sum of shaped rewards: 0.00. Length: 525. Bonus: 0.4279.
Global Step Counter: 1301124
Episode finished. Sum of shaped rewards: 0.00. Length: 525. Bonus: 0.3028.
Global Step Counter: 1311279
Episode finished. Sum of shaped rewards: 0.00. Length: 525. Bonus: 0.7990.
Global Step Counter: 1321264
Episode finished. Sum of shaped rewards: 0.00. Length: 525. Bonus: 0.8767.
Global Step Counter: 1331120
Episode finished. Sum of shaped rewards: 0.00. Length: 525. Bonus: 0.4435.
Global Step Counter: 1340890
Episode finished. Sum of shaped rewards: 0.00. Length: 525. Bonus: 1.7970.
Global Step Counter: 1350925
Episode finished. Sum of shaped rewards: 0.00. Length: 525. Bonus: 0.8825.
Global Step Counter: 1360820
Episode finished. Sum of shaped rewards: 0.00. Length: 525. Bonus: 0.2819.
Global Step Counter: 1370837
Episode finished. Sum of shaped rewards: 0.00. Length: 525. Bonus: 0.7466.
Global Step Counter: 1380900
Episode finished. Sum of shaped rewards: 0.00. Length: 525. Bonus: 0.3782.
Global Step Counter: 1390837
Episode finished. Sum of shaped re[2018-05-20 22:11:00,833] Resetting environment logs
[2018-05-20 22:11:17,261] True Game terminating: env_episode_reward=0.0 episode_length=525
[2018-05-20 22:11:17,271] Resetting environment logs
[2018-05-20 22:11:33,612] True Game terminating: env_episode_reward=0.0 episode_length=525
[2018-05-20 22:11:33,625] Resetting environment logs
[2018-05-20 22:11:49,859] True Game terminating: env_episode_reward=0.0 episode_length=525
[2018-05-20 22:11:49,872] Resetting environment logs
[2018-05-20 22:12:06,374] True Game terminating: env_episode_reward=0.0 episode_length=525
[2018-05-20 22:12:06,386] Resetting environment logs
[2018-05-20 22:12:22,836] True Game terminating: env_episode_reward=0.0 episode_length=525
[2018-05-20 22:12:22,850] Resetting environment logs
[2018-05-20 22:12:39,059] True Game terminating: env_episode_reward=0.0 episode_length=525
[2018-05-20 22:12:39,070] Resetting environment logs
[2018-05-20 22:12:55,135] True Game terminating: env_episode_reward=0.0 episode_length=525
[2018-05-20 22:12:55,150] Resetting environment logs
[2018-05-20 22:13:11,727] True Game terminating: env_episode_reward=0.0 episode_length=525
[2018-05-20 22:13:11,749] Resetting environment logs
[2018-05-20 22:13:28,287] True Game terminating: env_episode_reward=0.0 episode_length=525
[2018-05-20 22:13:28,297] Resetting environment logs
[2018-05-20 22:13:44,363] True Game terminating: env_episode_reward=0.0 episode_length=525
[2018-05-20 22:13:44,371] Resetting environment logs
Exception in thread Thread-1:
Traceback (most recent call last):
  File "/usr/lib/python2.7/threading.py", line 801, in __bootstrap_inner
    self.run()
  File "/home/verma_rohil/noreward-rl/src/a3c.py", line 135, in run
    self._run()
  File "/home/verma_rohil/noreward-rl/src/a3c.py", line 146, in _run
    self.queue.put(next(rollout_provider), timeout=600.0)
  File "/home/verma_rohil/noreward-rl/src/a3c.py", line 184, in env_runner
    bonus = predictor.pred_bonus(last_state, state, action)
  File "/home/verma_rohil/noreward-rl/src/model.py", line 310, in pred_bonus
    {self.s1: [s1], self.s2: [s2], self.asample: [asample]})
  File "/home/verma_rohil/noreward-rl/curiosity/local/lib/python2.7/site-packages/tensorflow/python/client/session.py", line 766, in run
    run_metadata_ptr)
  File "/home/verma_rohil/noreward-rl/curiosity/local/lib/python2.7/site-packages/tensorflow/python/client/session.py", line 964, in _run
    feed_dict_string, options, run_metadata)
  File "/home/verma_rohil/noreward-rl/curiosity/local/lib/python2.7/site-packages/tensorflow/python/client/session.py", line 1014, in _do_run
    target_list, options, run_metadata)
  File "/home/verma_rohil/noreward-rl/curiosity/local/lib/python2.7/site-packages/tensorflow/python/client/session.py", line 1034, in _do_call
    raise type(e)(node_def, op, message)
CancelledError: Step was cancelled

[2018-05-20 22:13:44,562] reached 1500102 steps. worker stopped.
wards: 0.00. Length: 525. Bonus: 0.3987.
Global Step Counter: 1401167
Episode finished. Sum of shaped rewards: 0.00. Length: 525. Bonus: 0.8836.
Global Step Counter: 1411082
Episode finished. Sum of shaped rewards: 0.00. Length: 525. Bonus: 1.4376.
Global Step Counter: 1421008
Episode finished. Sum of shaped rewards: 0.00. Length: 525. Bonus: 1.4795.
Global Step Counter: 1430858
Episode finished. Sum of shaped rewards: 0.00. Length: 525. Bonus: 0.3325.
Global Step Counter: 1440831
Episode finished. Sum of shaped rewards: 0.00. Length: 525. Bonus: 0.5321.
Global Step Counter: 1450808
Episode finished. Sum of shaped rewards: 0.00. Length: 525. Bonus: 0.4746.
Global Step Counter: 1460648
Episode finished. Sum of shaped rewards: 0.00. Length: 525. Bonus: 0.4330.
Global Step Counter: 1470367
Episode finished. Sum of shaped rewards: 0.00. Length: 525. Bonus: 1.7876.
Global Step Counter: 1480322
Episode finished. Sum of shaped rewards: 0.00. Length: 525. Bonus: 2.1592.
Global Step Counter: 1490257
Episode finished. Sum of shaped rewards: 0.00. Length: 525. Bonus: 0.4643.
Global Step Counter: 1500057
