[2018-05-20 21:31:05,906] Writing logs to file: /tmp/universe-10046.log
I tensorflow/core/distributed_runtime/rpc/grpc_channel.cc:197] Initialize GrpcChannelCache for job ps -> {0 -> 127.0.0.1:12222}
I tensorflow/core/distributed_runtime/rpc/grpc_channel.cc:197] Initialize GrpcChannelCache for job worker -> {0 -> 127.0.0.1:12223, 1 -> 127.0.0.1:12224, 2 -> 127.0.0.1:12225, 3 -> 127.0.0.1:12226, 4 -> 127.0.0.1:12227, 5 -> 127.0.0.1:12228, 6 -> 127.0.0.1:12229, 7 -> 127.0.0.1:12230, 8 -> 127.0.0.1:12231, 9 -> 127.0.0.1:12232, 10 -> 127.0.0.1:12233, 11 -> 127.0.0.1:12234, 12 -> 127.0.0.1:12235, 13 -> 127.0.0.1:12236, 14 -> 127.0.0.1:12237, 15 -> 127.0.0.1:12238, 16 -> 127.0.0.1:12239, 17 -> localhost:12240, 18 -> 127.0.0.1:12241, 19 -> 127.0.0.1:12242}
I tensorflow/core/distributed_runtime/rpc/grpc_server_lib.cc:211] Started server with target: grpc://localhost:12240
[2018-05-20 21:33:56,025] Making new env: ppaquette/DoomMyWayHome-v0
[2018-05-20 21:34:01,070] Trainable vars:
[2018-05-20 21:34:01,070]   global/l1/W:0 (3, 3, 4, 32)
[2018-05-20 21:34:01,071]   global/l1/b:0 (1, 1, 1, 32)
[2018-05-20 21:34:01,071]   global/l2/W:0 (3, 3, 32, 32)
[2018-05-20 21:34:01,071]   global/l2/b:0 (1, 1, 1, 32)
[2018-05-20 21:34:01,071]   global/l3/W:0 (3, 3, 32, 32)
[2018-05-20 21:34:01,071]   global/l3/b:0 (1, 1, 1, 32)
[2018-05-20 21:34:01,071]   global/l4/W:0 (3, 3, 32, 32)
[2018-05-20 21:34:01,072]   global/l4/b:0 (1, 1, 1, 32)
[2018-05-20 21:34:01,072]   global/RNN/BasicLSTMCell/Linear/Matrix:0 (544, 1024)
[2018-05-20 21:34:01,072]   global/RNN/BasicLSTMCell/Linear/Bias:0 (1024,)
[2018-05-20 21:34:01,072]   global/value/w:0 (256, 1)
[2018-05-20 21:34:01,072]   global/value/b:0 (1,)
[2018-05-20 21:34:01,072]   global/action/w:0 (256, 4)
[2018-05-20 21:34:01,072]   global/action/b:0 (4,)
[2018-05-20 21:34:01,072]   global/predictor/l1/W:0 (3, 3, 4, 32)
[2018-05-20 21:34:01,073]   global/predictor/l1/b:0 (1, 1, 1, 32)
[2018-05-20 21:34:01,073]   global/predictor/l2/W:0 (3, 3, 32, 32)
[2018-05-20 21:34:01,073]   global/predictor/l2/b:0 (1, 1, 1, 32)
[2018-05-20 21:34:01,073]   global/predictor/l3/W:0 (3, 3, 32, 32)
[2018-05-20 21:34:01,073]   global/predictor/l3/b:0 (1, 1, 1, 32)
[2018-05-20 21:34:01,073]   global/predictor/l4/W:0 (3, 3, 32, 32)
[2018-05-20 21:34:01,073]   global/predictor/l4/b:0 (1, 1, 1, 32)
[2018-05-20 21:34:01,073]   global/predictor/g1/w:0 (576, 256)
[2018-05-20 21:34:01,073]   global/predictor/g1/b:0 (256,)
[2018-05-20 21:34:01,073]   global/predictor/glast/w:0 (256, 4)
[2018-05-20 21:34:01,074]   global/predictor/glast/b:0 (4,)
[2018-05-20 21:34:01,074]   global/predictor/f1/w:0 (292, 256)
[2018-05-20 21:34:01,074]   global/predictor/f1/b:0 (256,)
[2018-05-20 21:34:01,074]   global/predictor/flast/w:0 (256, 288)
[2018-05-20 21:34:01,074]   global/predictor/flast/b:0 (288,)
[2018-05-20 21:34:01,074]   local/l1/W:0 (3, 3, 4, 32)
[2018-05-20 21:34:01,074]   local/l1/b:0 (1, 1, 1, 32)
[2018-05-20 21:34:01,074]   local/l2/W:0 (3, 3, 32, 32)
[2018-05-20 21:34:01,074]   local/l2/b:0 (1, 1, 1, 32)
[2018-05-20 21:34:01,074]   local/l3/W:0 (3, 3, 32, 32)
[2018-05-20 21:34:01,075]   local/l3/b:0 (1, 1, 1, 32)
[2018-05-20 21:34:01,075]   local/l4/W:0 (3, 3, 32, 32)
[2018-05-20 21:34:01,075]   local/l4/b:0 (1, 1, 1, 32)
[2018-05-20 21:34:01,075]   local/RNN/BasicLSTMCell/Linear/Matrix:0 (544, 1024)
[2018-05-20 21:34:01,075]   local/RNN/BasicLSTMCell/Linear/Bias:0 (1024,)
[2018-05-20 21:34:01,075]   local/value/w:0 (256, 1)
[2018-05-20 21:34:01,075]   local/value/b:0 (1,)
[2018-05-20 21:34:01,075]   local/action/w:0 (256, 4)
[2018-05-20 21:34:01,075]   local/action/b:0 (4,)
[2018-05-20 21:34:01,076]   local/predictor/l1/W:0 (3, 3, 4, 32)
[2018-05-20 21:34:01,076]   local/predictor/l1/b:0 (1, 1, 1, 32)
[2018-05-20 21:34:01,076]   local/predictor/l2/W:0 (3, 3, 32, 32)
[2018-05-20 21:34:01,076]   local/predictor/l2/b:0 (1, 1, 1, 32)
[2018-05-20 21:34:01,076]   local/predictor/l3/W:0 (3, 3, 32, 32)
[2018-05-20 21:34:01,076]   local/predictor/l3/b:0 (1, 1, 1, 32)
[2018-05-20 21:34:01,076]   local/predictor/l4/W:0 (3, 3, 32, 32)
[2018-05-20 21:34:01,076]   local/predictor/l4/b:0 (1, 1, 1, 32)
[2018-05-20 21:34:01,076]   local/predictor/g1/w:0 (576, 256)
[2018-05-20 21:34:01,077]   local/predictor/g1/b:0 (256,)
[2018-05-20 21:34:01,077]   local/predictor/glast/w:0 (256, 4)
[2018-05-20 21:34:01,077]   local/predictor/glast/b:0 (4,)
[2018-05-20 21:34:01,077]   local/predictor/f1/w:0 (292, 256)
[2018-05-20 21:34:01,077]   local/predictor/f1/b:0 (256,)
[2018-05-20 21:34:01,077]   local/predictor/flast/w:0 (256, 288)
[2018-05-20 21:34:01,077]   local/predictor/flast/b:0 (288,)
[2018-05-20 21:34:01,080] Events directory: /scratch/doomicm/train_17
[2018-05-20 21:34:03,547] Starting session. If this hangs, we're mostly likely waiting to connect to the parameter server. One common cause is that the parameter server DNS name isn't resolving yet, or is misspecified.
I tensorflow/core/distributed_runtime/master_session.cc:993] Start master session 15f5a0e39e33a615 with config: 
device_filters: "/job:ps"
device_filters: "/job:worker/task:17/cpu:0"

[2018-05-20 21:34:04,836] Called reset on <Unvectorize<VectorizeFilter[<class 'envs.DiagnosticsInfoI'>]<Vectorize<SkipEnv<BufferedObsEnv<NoNegativeRewardEnv<SetPlayingModeWrapper<SetResolutionWrapper<ToDiscreteWrapper<TimeLimit<DoomMyWayHomeEnv instance>>>>>>>>>>> before configuring. Configuring automatically with default arguments
[2018-05-20 21:34:05,232] Resetting environment logs
[2018-05-20 21:34:05,234] Starting training at gobal_step=65484
[2018-05-20 21:34:21,644] True Game terminating: env_episode_reward=0.0 episode_length=525
[2018-05-20 21:34:21,653] Resetting environment logs
[2018-05-20 21:34:38,501] True Game terminating: env_episode_reward=0.0 episode_length=525
[2018-05-20 21:34:38,511] Resetting environment logs
[2018-05-20 21:34:50,764] True Game terminating: env_episode_reward=0.9999 episode_length=383
[2018-05-20 21:34:50,776] Resetting environment logs
[2018-05-20 21:35:07,559] True Game terminating: env_episode_reward=0.0 episode_length=525
[2018-05-20 21:35:07,568] Resetting environment logs
[2018-05-20 21:35:24,317] True Game terminating: env_episode_reward=0.0 episode_length=525
[2018-05-20 21:35:24,330] Resetting environment logs
[2018-05-20 21:35:41,155] True Game terminating: env_episode_reward=0.0 episode_length=525
[2018-05-20 21:35:41,168] Resetting environment logs
[2018-05-20 21:35:57,683] True Game terminating: env_episode_reward=0.0 episode_length=525
[2018-05-20 21:35:57,705] Resetting environment logs
[2018-05-20 21:36:14,101] True Game terminating: env_episode_reward=0.0 episode_length=525
[2018-05-20 21:36:14,110] Resetting environment logs
[2018-05-20 21:36:30,845] True Game terminating: env_episode_reward=0.0 episode_length=525
[2018-05-20 21:36:30,854] Resetting environment logs
[2018-05-20 21:36:47,647] True Game terminating: env_episode_reward=0.0 episode_length=525
[2018-05-20 21:36:47,670] Resetting environment logs
[2018-05-20 21:37:04,522] True Game terminating: env_episode_reward=0.0 episode_length=525
[2018-05-20 21:37:04,532] Resetting environment logs
[2018-05-20 21:37:21,219] True Game terminating: env_episode_reward=0.0 episode_length=525
[2018-05-20 21:37:21,237] Resetting environment logs
[2018-05-20 21:37:37,794] True Game terminating: env_episode_reward=0.0 episode_length=525
[2018-05-20 21:37:37,804] Resetting environment logs
[2018-05-20 21:37:54,685] True Game terminating: env_episode_reward=0.0 episode_length=525
[2018-05-20 21:37:54,697] Resetting environment logs
[2018-05-20 21:38:11,375] True Game terminating: env_episode_reward=0.0 episode_length=525
[2018-05-20 21:38:11,391] Resetting environment logs
[2018-05-20 21:38:27,792] True Game terminating: env_episode_reward=0.0 episode_length=525
[2018-05-20 21:38:27,802] Resetting environment logs
[2018-05-20 21:38:44,287] True Game terminating: env_episode_reward=0.0 episode_length=525
[2018-05-20 21:38:44,298] Resetting environment logs
[2018-05-20 21:39:00,719] True Game terminating: env_episode_reward=0.0 episode_length=525
[2018-05-20 21:39:00,728] Resetting environment logs
[2018-05-20 21:39:17,331] True Game terminating: env_episode_reward=0.0 episode_length=525
[2018-05-20 21:39:17,342] Resetting environment logs
[2018-05-20 21:39:33,793] True Game terminating: env_episode_reward=0.0 episode_length=525
[2018-05-20 21:39:33,803] Resetting environment logs
[2018-05-20 21:39:50,077] True Game terminating: env_episode_reward=0.0 episode_length=525
[2018-05-20 21:39:50,088] Resetting environment logs
[2018-05-20 21:40:06,557] True Game terminating: env_episode_reward=0.0 episode_length=525
[2018-05-20 21:40:06,587] Resetting environment logs
[2018-05-20 21:40:23,032] True Game terminating: env_episode_reward=0.0 episode_length=525
[2018-05-20 21:40:23,043] Resetting environment logs
[2018-05-20 21:40:33,202] True Game terminating: env_episode_reward=0.9999 episode_length=325
[2018-05-20 21:40:33,222] Resetting environment logs
[2018-05-20 21:40:33,617] True Game terminating: env_episode_reward=0.9999 episode_length=15
[2018-05-20 21:40:33,627] Resetting environment logs
[2018-05-20 21:40:50,190] True Game terminating: env_episode_reward=0.0 episode_length=525
[2018-05-20 21:40:50,211] Resetting environment logs
[2018-05-20 21:41:07,489] True Game terminating: env_episode_reward=0.0 episode_length=525
[2018-05-20 21:41:07,498] Resetting environment logs
[2018-05-20 21:41:23,777] True Game terminating: env_episode_reward=0.0 episode_length=525
[2018-05-20 21:41:23,787] Resetting environment logs
[2018-05-20 21:41:40,170] True Game terminating: env_episode_reward=0.0 episode_length=525
[2018-05-20 21:41:40,179] Resetting environment logs
[2018-05-20 21:41:56,547] True Game terminating: env_episode_reward=0.0 episode_length=525
[2018-05-20 21:41:56,558] Resetting environment logs
[2018-05-20 21:42:13,021] True Game terminating: env_episode_reward=0.0 episode_length=525
[2018-05-20 21:42:13,031] Resetting environment logs
[2018-05-20 21:42:29,887] True Game terminating: env_episode_reward=0.0 episode_length=525
[2018-05-20 21:42:29,909] Resetting environment logs
[2018-05-20 21:42:46,368] True Game terminating: env_episode_reward=0.0 episode_length=525
[2018-05-20 21:42:46,389] Resetting environment logs
[2018-05-20 21:43:03,018] True Game terminating: env_episode_reward=0.0 episode_length=525
[2018-05-20 21:43:03,035] Resetting environment logs
[2018-05-20 21:43:19,437] True Game terminating: env_episode_reward=0.0 episode_length=525
[2018-05-20 21:43:19,448] Resetting environment logs
[2018-05-20 21:43:36,019] True Game terminating: env_episode_reward=0.0 episode_length=525
[2018-05-20 21:43:36,029] Resetting environment logs
[2018-05-20 21:43:52,334] True Game terminating: env_episode_reward=0.0 episode_length=525
[2018-05-20 21:43:52,344] Resetting environment logs
[2018-05-20 21:44:09,226] True Game terminating: env_episode_reward=0.0 episode_length=525
Using universe head design
Using universe head design
Using universe head design
Using universe head design
Using universe head design
Using universe head design
Optimizer: ADAM with lr: 0.000100
Input observation shape:  (42, 42, 4)
	=> Special Config: Monsters Removed.
Episode finished. Sum of shaped rewards: 0.00. Length: 525. Bonus: 0.0643.
Global Step Counter: 74949
Episode finished. Sum of shaped rewards: 0.00. Length: 525. Bonus: 0.8513.
Global Step Counter: 84963
Episode finished. Sum of shaped rewards: 0.00. Length: 383. Bonus: 0.5201.
Global Step Counter: 92296
Episode finished. Sum of shaped rewards: 0.00. Length: 525. Bonus: 0.1870.
Global Step Counter: 102460
Episode finished. Sum of shaped rewards: 0.00. Length: 525. Bonus: 0.8886.
Global Step Counter: 112448
Episode finished. Sum of shaped rewards: 0.00. Length: 525. Bonus: 0.3535.
Global Step Counter: 122642
Episode finished. Sum of shaped rewards: 0.00. Length: 525. Bonus: 0.2528.
Global Step Counter: 132690
Episode finished. Sum of shaped rewards: 0.00. Length: 525. Bonus: 0.2211.
Global Step Counter: 142583
Episode finished. Sum of shaped rewards: 0.00. Length: 525. Bonus: 0.2464.
Global Step Counter: 152560
Episode finished. Sum of shaped rewards: 0.00. Length: 525. Bonus: 0.1381.
Global Step Counter: 162821
Episode finished. Sum of shaped rewards: 0.00. Length: 525. Bonus: 1.3975.
Global Step Counter: 172938
Episode finished. Sum of shaped rewards: 0.00. Length: 525. Bonus: 0.4340.
Global Step Counter: 182978
Episode finished. Sum of shaped rewards: 0.00. Length: 525. Bonus: 0.0446.
Global Step Counter: 192881
Episode finished. Sum of shaped rewards: 0.00. Length: 525. Bonus: 0.2688.
Global Step Counter: 203101
Episode finished. Sum of shaped rewards: 0.00. Length: 525. Bonus: 1.7514.
Global Step Counter: 213256
Episode finished. Sum of shaped rewards: 0.00. Length: 525. Bonus: 1.9830.
Global Step Counter: 223112
Episode finished. Sum of shaped rewards: 0.00. Length: 525. Bonus: 0.9128.
Global Step Counter: 232948
Episode finished. Sum of shaped rewards: 0.00. Length: 525. Bonus: 0.2863.
Global Step Counter: 242927
Episode finished. Sum of shaped rewards: 0.00. Length: 525. Bonus: 0.4094.
Global Step Counter: 252969
Episode finished. Sum of shaped rewards: 0.00. Length: 525. Bonus: 0.4081.
Global Step Counter: 262950
Episode finished. Sum of shaped rewards: 0.00. Length: 525. Bonus: 0.3377.
Global Step Counter: 272690
Episode finished. Sum of shaped rewards: 0.00. Length: 525. Bonus: 0.5959.
Global Step Counter: 282676
Episode finished. Sum of shaped rewards: 0.00. Length: 525. Bonus: 0.2581.
Global Step Counter: 292581
Episode finished. Sum of shaped rewards: 0.00. Length: 325. Bonus: 1.0097.
Global Step Counter: 298741
Episode finished. Sum of shaped rewards: 0.00. Length: 15. Bonus: 0.0091.
Global Step Counter: 298946
Episode finished. Sum of shaped rewards: 0.00. Length: 525. Bonus: 0.4350.
Global Step Counter: 308884
Episode finished. Sum of shaped rewards: 0.00. Length: 525. Bonus: 2.5271.
Global Step Counter: 319330
Episode finished. Sum of shaped rewards: 0.00. Length: 525. Bonus: 0.1196.
Global Step Counter: 329150
Episode finished. Sum of shaped rewards: 0.00. Length: 525. Bonus: 0.4379.
Global Step Counter: 339105
Episode finished. Sum of shaped rewards: 0.00. Length: 525. Bonus: 2.1018.
Global Step Counter: 348920
Episode finished. Sum of shaped rewards: 0.00. Length: 525. Bonus: 0.3218.
Global Step Counter: 358871
Episode finished. Sum of shaped rewards: 0.00. Length: 525. Bonus: 1.4800.
Global Step Counter: 369066
Episode finished. Sum of shaped rewards: 0.00. Length: 525. Bonus: 1.3575.
Global Step Counter: 379102
Episode finished. Sum of shaped rewards: 0.00. Length: 525. Bonus: 1.7972.
Global Step Counter: 389018
Episode finished. Sum of shaped rewards: 0.00. Length: 525. Bonus: 1.5981.
Global Step Counter: 398983
Episode finished. Sum of shaped rewards: 0.00. Length: 525. Bonus: 0.8197.
Global Step Counter: 409061
Episode finished. Sum of shaped rewards: 0.00. Length: 525. Bonus: 0.2854.
Global Step Counter: 418923
Episode finished.[2018-05-20 21:44:09,236] Resetting environment logs
[2018-05-20 21:44:25,897] True Game terminating: env_episode_reward=0.0 episode_length=525
[2018-05-20 21:44:25,905] Resetting environment logs
[2018-05-20 21:44:42,512] True Game terminating: env_episode_reward=0.0 episode_length=525
[2018-05-20 21:44:42,524] Resetting environment logs
[2018-05-20 21:44:59,381] True Game terminating: env_episode_reward=0.0 episode_length=525
[2018-05-20 21:44:59,391] Resetting environment logs
[2018-05-20 21:45:16,318] True Game terminating: env_episode_reward=0.0 episode_length=525
[2018-05-20 21:45:16,335] Resetting environment logs
[2018-05-20 21:45:32,984] True Game terminating: env_episode_reward=0.0 episode_length=525
[2018-05-20 21:45:32,995] Resetting environment logs
[2018-05-20 21:45:49,631] True Game terminating: env_episode_reward=0.0 episode_length=525
[2018-05-20 21:45:49,641] Resetting environment logs
[2018-05-20 21:46:06,145] True Game terminating: env_episode_reward=0.0 episode_length=525
[2018-05-20 21:46:06,161] Resetting environment logs
[2018-05-20 21:46:23,209] True Game terminating: env_episode_reward=0.0 episode_length=525
[2018-05-20 21:46:23,220] Resetting environment logs
[2018-05-20 21:46:40,060] True Game terminating: env_episode_reward=0.0 episode_length=525
[2018-05-20 21:46:40,070] Resetting environment logs
[2018-05-20 21:46:57,002] True Game terminating: env_episode_reward=0.0 episode_length=525
[2018-05-20 21:46:57,012] Resetting environment logs
[2018-05-20 21:47:13,360] True Game terminating: env_episode_reward=0.0 episode_length=525
[2018-05-20 21:47:13,371] Resetting environment logs
[2018-05-20 21:47:30,018] True Game terminating: env_episode_reward=0.0 episode_length=525
[2018-05-20 21:47:30,028] Resetting environment logs
[2018-05-20 21:47:46,558] True Game terminating: env_episode_reward=0.0 episode_length=525
[2018-05-20 21:47:46,568] Resetting environment logs
[2018-05-20 21:48:03,253] True Game terminating: env_episode_reward=0.0 episode_length=525
[2018-05-20 21:48:03,263] Resetting environment logs
[2018-05-20 21:48:19,536] True Game terminating: env_episode_reward=0.0 episode_length=525
[2018-05-20 21:48:19,545] Resetting environment logs
[2018-05-20 21:48:36,198] True Game terminating: env_episode_reward=0.0 episode_length=525
[2018-05-20 21:48:36,207] Resetting environment logs
[2018-05-20 21:48:52,822] True Game terminating: env_episode_reward=0.0 episode_length=525
[2018-05-20 21:48:52,831] Resetting environment logs
[2018-05-20 21:49:09,080] True Game terminating: env_episode_reward=0.0 episode_length=525
[2018-05-20 21:49:09,092] Resetting environment logs
[2018-05-20 21:49:25,807] True Game terminating: env_episode_reward=0.0 episode_length=525
[2018-05-20 21:49:25,816] Resetting environment logs
[2018-05-20 21:49:42,823] True Game terminating: env_episode_reward=0.0 episode_length=525
[2018-05-20 21:49:42,833] Resetting environment logs
[2018-05-20 21:49:59,417] True Game terminating: env_episode_reward=0.0 episode_length=525
[2018-05-20 21:49:59,438] Resetting environment logs
[2018-05-20 21:50:15,508] True Game terminating: env_episode_reward=0.0 episode_length=525
[2018-05-20 21:50:15,528] Resetting environment logs
[2018-05-20 21:50:32,089] True Game terminating: env_episode_reward=0.0 episode_length=525
[2018-05-20 21:50:32,098] Resetting environment logs
[2018-05-20 21:50:48,706] True Game terminating: env_episode_reward=0.0 episode_length=525
[2018-05-20 21:50:48,717] Resetting environment logs
[2018-05-20 21:51:05,555] True Game terminating: env_episode_reward=0.0 episode_length=525
[2018-05-20 21:51:05,566] Resetting environment logs
[2018-05-20 21:51:15,801] True Game terminating: env_episode_reward=0.9999 episode_length=335
[2018-05-20 21:51:15,811] Resetting environment logs
[2018-05-20 21:51:32,516] True Game terminating: env_episode_reward=0.0 episode_length=525
[2018-05-20 21:51:32,526] Resetting environment logs
[2018-05-20 21:51:49,286] True Game terminating: env_episode_reward=0.0 episode_length=525
[2018-05-20 21:51:49,295] Resetting environment logs
[2018-05-20 21:52:05,839] True Game terminating: env_episode_reward=0.0 episode_length=525
[2018-05-20 21:52:05,851] Resetting environment logs
[2018-05-20 21:52:22,658] True Game terminating: env_episode_reward=0.0 episode_length=525
[2018-05-20 21:52:22,667] Resetting environment logs
[2018-05-20 21:52:39,385] True Game terminating: env_episode_reward=0.0 episode_length=525
[2018-05-20 21:52:39,394] Resetting environment logs
[2018-05-20 21:52:55,719] True Game terminating: env_episode_reward=0.0 episode_length=525
[2018-05-20 21:52:55,728] Resetting environment logs
[2018-05-20 21:53:12,112] True Game terminating: env_episode_reward=0.0 episode_length=525
[2018-05-20 21:53:12,123] Resetting environment logs
[2018-05-20 21:53:28,964] True Game terminating: env_episode_reward=0.0 episode_length=525
[2018-05-20 21:53:28,973] Resetting environment logs
[2018-05-20 21:53:45,566] True Game terminating: env_episode_reward=0.0 episode_length=525
[2018-05-20 21:53:45,578] Resetting environment logs
[2018-05-20 21:54:02,130] True Game terminating: env_episode_reward=0.0 episode_length=525
[2018-05-20 21:54:02,140] Resetting environment logs
[2018-05-20 21:54:18,746] True Game terminating: env_episode_reward=0.0 episode_length=525
[2018-05-20 21:54:18,757] Resetting environment logs
[2018-05-20 21:54:35,153] True Game terminating: env_episode_reward=0.0 episode_length=525
[2018-05-20 21:54:35,163] Resetting environment logs
[2018-05-20 21:54:51,857] True Game terminating: env_episode_reward=0.0 episode_length=525
[2018-05-20 21:54:51,867] Resetting environment logs
 Sum of shaped rewards: 0.00. Length: 525. Bonus: 0.3459.
Global Step Counter: 429106
Episode finished. Sum of shaped rewards: 0.00. Length: 525. Bonus: 0.5327.
Global Step Counter: 439085
Episode finished. Sum of shaped rewards: 0.00. Length: 525. Bonus: 0.1713.
Global Step Counter: 449222
Episode finished. Sum of shaped rewards: 0.00. Length: 525. Bonus: 0.3908.
Global Step Counter: 459418
Episode finished. Sum of shaped rewards: 0.00. Length: 525. Bonus: 0.4589.
Global Step Counter: 469639
Episode finished. Sum of shaped rewards: 0.00. Length: 525. Bonus: 1.8553.
Global Step Counter: 479547
Episode finished. Sum of shaped rewards: 0.00. Length: 525. Bonus: 0.7186.
Global Step Counter: 489683
Episode finished. Sum of shaped rewards: 0.00. Length: 525. Bonus: 0.6408.
Global Step Counter: 499627
Episode finished. Sum of shaped rewards: 0.00. Length: 525. Bonus: 0.2796.
Global Step Counter: 509877
Episode finished. Sum of shaped rewards: 0.00. Length: 525. Bonus: 0.6957.
Global Step Counter: 520037
Episode finished. Sum of shaped rewards: 0.00. Length: 525. Bonus: 0.2350.
Global Step Counter: 530316
Episode finished. Sum of shaped rewards: 0.00. Length: 525. Bonus: 1.6057.
Global Step Counter: 540151
Episode finished. Sum of shaped rewards: 0.00. Length: 525. Bonus: 0.9827.
Global Step Counter: 550257
Episode finished. Sum of shaped rewards: 0.00. Length: 525. Bonus: 0.2278.
Global Step Counter: 560192
Episode finished. Sum of shaped rewards: 0.00. Length: 525. Bonus: 1.2945.
Global Step Counter: 570306
Episode finished. Sum of shaped rewards: 0.00. Length: 525. Bonus: 0.4197.
Global Step Counter: 579976
Episode finished. Sum of shaped rewards: 0.00. Length: 525. Bonus: 1.6770.
Global Step Counter: 590056
Episode finished. Sum of shaped rewards: 0.00. Length: 525. Bonus: 0.1587.
Global Step Counter: 600118
Episode finished. Sum of shaped rewards: 0.00. Length: 525. Bonus: 0.4690.
Global Step Counter: 609898
Episode finished. Sum of shaped rewards: 0.00. Length: 525. Bonus: 0.4003.
Global Step Counter: 619893
Episode finished. Sum of shaped rewards: 0.00. Length: 525. Bonus: 0.6398.
Global Step Counter: 630158
Episode finished. Sum of shaped rewards: 0.00. Length: 525. Bonus: 0.3505.
Global Step Counter: 640301
Episode finished. Sum of shaped rewards: 0.00. Length: 525. Bonus: 1.7259.
Global Step Counter: 650001
Episode finished. Sum of shaped rewards: 0.00. Length: 525. Bonus: 0.4268.
Global Step Counter: 659899
Episode finished. Sum of shaped rewards: 0.00. Length: 525. Bonus: 1.3829.
Global Step Counter: 669997
Episode finished. Sum of shaped rewards: 0.00. Length: 525. Bonus: 1.1268.
Global Step Counter: 680201
Episode finished. Sum of shaped rewards: 0.00. Length: 335. Bonus: 0.3268.
Global Step Counter: 686381
Episode finished. Sum of shaped rewards: 0.00. Length: 525. Bonus: 0.8326.
Global Step Counter: 696426
Episode finished. Sum of shaped rewards: 0.00. Length: 525. Bonus: 0.8065.
Global Step Counter: 706541
Episode finished. Sum of shaped rewards: 0.00. Length: 525. Bonus: 2.4750.
Global Step Counter: 716522
Episode finished. Sum of shaped rewards: 0.00. Length: 525. Bonus: 2.4550.
Global Step Counter: 726669
Episode finished. Sum of shaped rewards: 0.00. Length: 525. Bonus: 0.2447.
Global Step Counter: 736693
Episode finished. Sum of shaped rewards: 0.00. Length: 525. Bonus: 2.1845.
Global Step Counter: 746599
Episode finished. Sum of shaped rewards: 0.00. Length: 525. Bonus: 0.9274.
Global Step Counter: 756458
Episode finished. Sum of shaped rewards: 0.00. Length: 525. Bonus: 0.4950.
Global Step Counter: 766671
Episode finished. Sum of shaped rewards: 0.00. Length: 525. Bonus: 0.7283.
Global Step Counter: 776601
Episode finished. Sum of shaped rewards: 0.00. Length: 525. Bonus: 0.1806.
Global Step Counter: 786688
Episode finished. Sum of shaped rewards: 0.00. Length: 525. Bonus: 0.6716.
Global Step Counter: 796727
Episode finished. Sum of shaped rewards: 0.00. Length: 525. Bonus: 1.6807.
Global Step Counter: 806702
Episode finished. Sum of shaped rewards: 0.00. Length: 525. Bonus: 1.4150.
Global Step Counter: [2018-05-20 21:55:08,620] True Game terminating: env_episode_reward=0.0 episode_length=525
[2018-05-20 21:55:08,631] Resetting environment logs
[2018-05-20 21:55:25,451] True Game terminating: env_episode_reward=0.0 episode_length=525
[2018-05-20 21:55:25,461] Resetting environment logs
[2018-05-20 21:55:41,708] True Game terminating: env_episode_reward=0.0 episode_length=525
[2018-05-20 21:55:41,718] Resetting environment logs
[2018-05-20 21:55:58,615] True Game terminating: env_episode_reward=0.0 episode_length=525
[2018-05-20 21:55:58,625] Resetting environment logs
[2018-05-20 21:56:15,235] True Game terminating: env_episode_reward=0.0 episode_length=525
[2018-05-20 21:56:15,248] Resetting environment logs
[2018-05-20 21:56:32,004] True Game terminating: env_episode_reward=0.0 episode_length=525
[2018-05-20 21:56:32,022] Resetting environment logs
[2018-05-20 21:56:48,135] True Game terminating: env_episode_reward=0.0 episode_length=525
[2018-05-20 21:56:48,145] Resetting environment logs
[2018-05-20 21:57:05,000] True Game terminating: env_episode_reward=0.0 episode_length=525
[2018-05-20 21:57:05,011] Resetting environment logs
[2018-05-20 21:57:21,881] True Game terminating: env_episode_reward=0.0 episode_length=525
[2018-05-20 21:57:21,891] Resetting environment logs
[2018-05-20 21:57:38,587] True Game terminating: env_episode_reward=0.0 episode_length=525
[2018-05-20 21:57:38,596] Resetting environment logs
[2018-05-20 21:57:55,096] True Game terminating: env_episode_reward=0.0 episode_length=525
[2018-05-20 21:57:55,122] Resetting environment logs
[2018-05-20 21:57:56,391] True Game terminating: env_episode_reward=0.9999 episode_length=40
[2018-05-20 21:57:56,401] Resetting environment logs
[2018-05-20 21:58:13,527] True Game terminating: env_episode_reward=0.0 episode_length=525
[2018-05-20 21:58:13,539] Resetting environment logs
[2018-05-20 21:58:29,749] True Game terminating: env_episode_reward=0.0 episode_length=525
[2018-05-20 21:58:29,759] Resetting environment logs
[2018-05-20 21:58:46,200] True Game terminating: env_episode_reward=0.0 episode_length=525
[2018-05-20 21:58:46,233] Resetting environment logs
[2018-05-20 21:59:02,469] True Game terminating: env_episode_reward=0.0 episode_length=525
[2018-05-20 21:59:02,478] Resetting environment logs
[2018-05-20 21:59:19,370] True Game terminating: env_episode_reward=0.0 episode_length=525
[2018-05-20 21:59:19,382] Resetting environment logs
[2018-05-20 21:59:35,757] True Game terminating: env_episode_reward=0.0 episode_length=525
[2018-05-20 21:59:35,770] Resetting environment logs
[2018-05-20 21:59:52,033] True Game terminating: env_episode_reward=0.0 episode_length=525
[2018-05-20 21:59:52,053] Resetting environment logs
[2018-05-20 22:00:08,541] True Game terminating: env_episode_reward=0.0 episode_length=525
[2018-05-20 22:00:08,565] Resetting environment logs
[2018-05-20 22:00:25,347] True Game terminating: env_episode_reward=0.0 episode_length=525
[2018-05-20 22:00:25,356] Resetting environment logs
[2018-05-20 22:00:41,616] True Game terminating: env_episode_reward=0.0 episode_length=525
[2018-05-20 22:00:41,628] Resetting environment logs
[2018-05-20 22:00:57,727] True Game terminating: env_episode_reward=0.0 episode_length=525
[2018-05-20 22:00:57,738] Resetting environment logs
[2018-05-20 22:01:14,556] True Game terminating: env_episode_reward=0.0 episode_length=525
[2018-05-20 22:01:14,567] Resetting environment logs
[2018-05-20 22:01:31,140] True Game terminating: env_episode_reward=0.0 episode_length=525
[2018-05-20 22:01:31,150] Resetting environment logs
[2018-05-20 22:01:47,762] True Game terminating: env_episode_reward=0.0 episode_length=525
[2018-05-20 22:01:47,778] Resetting environment logs
[2018-05-20 22:01:58,833] True Game terminating: env_episode_reward=0.9999 episode_length=352
[2018-05-20 22:01:58,843] Resetting environment logs
[2018-05-20 22:02:01,060] True Game terminating: env_episode_reward=0.9999 episode_length=70
[2018-05-20 22:02:01,081] Resetting environment logs
[2018-05-20 22:02:17,566] True Game terminating: env_episode_reward=0.0 episode_length=525
[2018-05-20 22:02:17,586] Resetting environment logs
[2018-05-20 22:02:34,397] True Game terminating: env_episode_reward=0.0 episode_length=525
[2018-05-20 22:02:34,407] Resetting environment logs
[2018-05-20 22:02:51,248] True Game terminating: env_episode_reward=0.0 episode_length=525
[2018-05-20 22:02:51,259] Resetting environment logs
[2018-05-20 22:03:07,684] True Game terminating: env_episode_reward=0.0 episode_length=525
[2018-05-20 22:03:07,695] Resetting environment logs
[2018-05-20 22:03:24,358] True Game terminating: env_episode_reward=0.0 episode_length=525
[2018-05-20 22:03:24,369] Resetting environment logs
[2018-05-20 22:03:41,036] True Game terminating: env_episode_reward=0.0 episode_length=525
[2018-05-20 22:03:41,048] Resetting environment logs
[2018-05-20 22:03:57,767] True Game terminating: env_episode_reward=0.0 episode_length=525
[2018-05-20 22:03:57,778] Resetting environment logs
[2018-05-20 22:04:14,157] True Game terminating: env_episode_reward=0.0 episode_length=525
[2018-05-20 22:04:14,166] Resetting environment logs
[2018-05-20 22:04:30,970] True Game terminating: env_episode_reward=0.0 episode_length=525
[2018-05-20 22:04:30,979] Resetting environment logs
[2018-05-20 22:04:47,710] True Game terminating: env_episode_reward=0.0 episode_length=525
[2018-05-20 22:04:47,723] Resetting environment logs
[2018-05-20 22:05:04,190] True Game terminating: env_episode_reward=0.0 episode_length=525
[2018-05-20 22:05:04,209] Resetting environment logs
[2018-05-20 22:05:20,717] True Game terminating: env_episode_reward=0.0 episode_length=525
816779
Episode finished. Sum of shaped rewards: 0.00. Length: 525. Bonus: 0.2671.
Global Step Counter: 826867
Episode finished. Sum of shaped rewards: 0.00. Length: 525. Bonus: 0.4872.
Global Step Counter: 837038
Episode finished. Sum of shaped rewards: 0.00. Length: 525. Bonus: 1.6544.
Global Step Counter: 846835
Episode finished. Sum of shaped rewards: 0.00. Length: 525. Bonus: 0.3151.
Global Step Counter: 856990
Episode finished. Sum of shaped rewards: 0.00. Length: 525. Bonus: 0.2376.
Global Step Counter: 867025
Episode finished. Sum of shaped rewards: 0.00. Length: 525. Bonus: 0.6445.
Global Step Counter: 877180
Episode finished. Sum of shaped rewards: 0.00. Length: 525. Bonus: 0.2918.
Global Step Counter: 886924
Episode finished. Sum of shaped rewards: 0.00. Length: 525. Bonus: 1.4238.
Global Step Counter: 896972
Episode finished. Sum of shaped rewards: 0.00. Length: 525. Bonus: 0.5250.
Global Step Counter: 907137
Episode finished. Sum of shaped rewards: 0.00. Length: 525. Bonus: 0.5644.
Global Step Counter: 917297
Episode finished. Sum of shaped rewards: 0.00. Length: 525. Bonus: 0.5319.
Global Step Counter: 927307
Episode finished. Sum of shaped rewards: 0.00. Length: 40. Bonus: 0.0355.
Global Step Counter: 928102
Episode finished. Sum of shaped rewards: 0.00. Length: 525. Bonus: 0.3363.
Global Step Counter: 938271
Episode finished. Sum of shaped rewards: 0.00. Length: 525. Bonus: 0.4421.
Global Step Counter: 948088
Episode finished. Sum of shaped rewards: 0.00. Length: 525. Bonus: 0.6914.
Global Step Counter: 958158
Episode finished. Sum of shaped rewards: 0.00. Length: 525. Bonus: 1.2406.
Global Step Counter: 967873
Episode finished. Sum of shaped rewards: 0.00. Length: 525. Bonus: 0.6026.
Global Step Counter: 978068
Episode finished. Sum of shaped rewards: 0.00. Length: 525. Bonus: 0.5728.
Global Step Counter: 987995
Episode finished. Sum of shaped rewards: 0.00. Length: 525. Bonus: 0.2329.
Global Step Counter: 997879
Episode finished. Sum of shaped rewards: 0.00. Length: 525. Bonus: 2.0583.
Global Step Counter: 1007934
Episode finished. Sum of shaped rewards: 0.00. Length: 525. Bonus: 0.6775.
Global Step Counter: 1017924
Episode finished. Sum of shaped rewards: 0.00. Length: 525. Bonus: 0.5914.
Global Step Counter: 1027687
Episode finished. Sum of shaped rewards: 0.00. Length: 525. Bonus: 0.7136.
Global Step Counter: 1037422
Episode finished. Sum of shaped rewards: 0.00. Length: 525. Bonus: 0.5299.
Global Step Counter: 1047512
Episode finished. Sum of shaped rewards: 0.00. Length: 525. Bonus: 0.6108.
Global Step Counter: 1057415
Episode finished. Sum of shaped rewards: 0.00. Length: 525. Bonus: 0.3832.
Global Step Counter: 1067470
Episode finished. Sum of shaped rewards: 0.00. Length: 352. Bonus: 1.1923.
Global Step Counter: 1074155
Episode finished. Sum of shaped rewards: 0.00. Length: 70. Bonus: 0.0501.
Global Step Counter: 1075517
Episode finished. Sum of shaped rewards: 0.00. Length: 525. Bonus: 1.3679.
Global Step Counter: 1085477
Episode finished. Sum of shaped rewards: 0.00. Length: 525. Bonus: 0.2358.
Global Step Counter: 1095529
Episode finished. Sum of shaped rewards: 0.00. Length: 525. Bonus: 1.3437.
Global Step Counter: 1105721
Episode finished. Sum of shaped rewards: 0.00. Length: 525. Bonus: 0.2714.
Global Step Counter: 1115625
Episode finished. Sum of shaped rewards: 0.00. Length: 525. Bonus: 0.3390.
Global Step Counter: 1125705
Episode finished. Sum of shaped rewards: 0.00. Length: 525. Bonus: 0.6770.
Global Step Counter: 1135736
Episode finished. Sum of shaped rewards: 0.00. Length: 525. Bonus: 0.3535.
Global Step Counter: 1145885
Episode finished. Sum of shaped rewards: 0.00. Length: 525. Bonus: 1.2459.
Global Step Counter: 1155768
Episode finished. Sum of shaped rewards: 0.00. Length: 525. Bonus: 0.9422.
Global Step Counter: 1165833
Episode finished. Sum of shaped rewards: 0.00. Length: 525. Bonus: 0.2212.
Global Step Counter: 1175932
Episode finished. Sum of shaped rewards: 0.00. Length: 525. Bonus: 1.1551.
Global Step Counter: 1185927
Episode finished. Sum of shaped rewards: 0.00. Length:[2018-05-20 22:05:20,730] Resetting environment logs
[2018-05-20 22:05:37,160] True Game terminating: env_episode_reward=0.0 episode_length=525
[2018-05-20 22:05:37,171] Resetting environment logs
[2018-05-20 22:05:53,773] True Game terminating: env_episode_reward=0.0 episode_length=525
[2018-05-20 22:05:53,781] Resetting environment logs
[2018-05-20 22:06:10,475] True Game terminating: env_episode_reward=0.0 episode_length=525
[2018-05-20 22:06:10,485] Resetting environment logs
[2018-05-20 22:06:26,911] True Game terminating: env_episode_reward=0.0 episode_length=525
[2018-05-20 22:06:26,923] Resetting environment logs
[2018-05-20 22:06:43,307] True Game terminating: env_episode_reward=0.0 episode_length=525
[2018-05-20 22:06:43,317] Resetting environment logs
[2018-05-20 22:06:59,699] True Game terminating: env_episode_reward=0.0 episode_length=525
[2018-05-20 22:06:59,708] Resetting environment logs
[2018-05-20 22:07:16,566] True Game terminating: env_episode_reward=0.0 episode_length=525
[2018-05-20 22:07:16,575] Resetting environment logs
[2018-05-20 22:07:33,142] True Game terminating: env_episode_reward=0.0 episode_length=525
[2018-05-20 22:07:33,157] Resetting environment logs
[2018-05-20 22:07:50,057] True Game terminating: env_episode_reward=0.0 episode_length=525
[2018-05-20 22:07:50,067] Resetting environment logs
[2018-05-20 22:08:06,734] True Game terminating: env_episode_reward=0.0 episode_length=525
[2018-05-20 22:08:06,745] Resetting environment logs
[2018-05-20 22:08:23,245] True Game terminating: env_episode_reward=0.0 episode_length=525
[2018-05-20 22:08:23,255] Resetting environment logs
[2018-05-20 22:08:40,215] True Game terminating: env_episode_reward=0.0 episode_length=525
[2018-05-20 22:08:40,224] Resetting environment logs
[2018-05-20 22:08:56,434] True Game terminating: env_episode_reward=0.0 episode_length=525
[2018-05-20 22:08:56,446] Resetting environment logs
[2018-05-20 22:09:13,014] True Game terminating: env_episode_reward=0.0 episode_length=525
[2018-05-20 22:09:13,023] Resetting environment logs
[2018-05-20 22:09:29,543] True Game terminating: env_episode_reward=0.0 episode_length=525
[2018-05-20 22:09:29,574] Resetting environment logs
[2018-05-20 22:09:45,718] True Game terminating: env_episode_reward=0.0 episode_length=525
[2018-05-20 22:09:45,729] Resetting environment logs
[2018-05-20 22:10:02,033] True Game terminating: env_episode_reward=0.0 episode_length=525
[2018-05-20 22:10:02,046] Resetting environment logs
[2018-05-20 22:10:17,960] True Game terminating: env_episode_reward=0.0 episode_length=525
[2018-05-20 22:10:17,970] Resetting environment logs
[2018-05-20 22:10:34,484] True Game terminating: env_episode_reward=0.0 episode_length=525
[2018-05-20 22:10:34,493] Resetting environment logs
[2018-05-20 22:10:51,016] True Game terminating: env_episode_reward=0.0 episode_length=525
[2018-05-20 22:10:51,026] Resetting environment logs
[2018-05-20 22:11:07,646] True Game terminating: env_episode_reward=0.0 episode_length=525
[2018-05-20 22:11:07,657] Resetting environment logs
[2018-05-20 22:11:24,105] True Game terminating: env_episode_reward=0.0 episode_length=525
[2018-05-20 22:11:24,115] Resetting environment logs
[2018-05-20 22:11:40,367] True Game terminating: env_episode_reward=0.0 episode_length=525
[2018-05-20 22:11:40,376] Resetting environment logs
[2018-05-20 22:11:56,669] True Game terminating: env_episode_reward=0.0 episode_length=525
[2018-05-20 22:11:56,679] Resetting environment logs
[2018-05-20 22:12:13,210] True Game terminating: env_episode_reward=0.0 episode_length=525
[2018-05-20 22:12:13,221] Resetting environment logs
[2018-05-20 22:12:29,607] True Game terminating: env_episode_reward=0.0 episode_length=525
[2018-05-20 22:12:29,616] Resetting environment logs
[2018-05-20 22:12:46,151] True Game terminating: env_episode_reward=0.0 episode_length=525
[2018-05-20 22:12:46,161] Resetting environment logs
[2018-05-20 22:13:02,569] True Game terminating: env_episode_reward=0.0 episode_length=525
[2018-05-20 22:13:02,592] Resetting environment logs
[2018-05-20 22:13:19,685] True Game terminating: env_episode_reward=0.0 episode_length=525
[2018-05-20 22:13:19,702] Resetting environment logs
[2018-05-20 22:13:35,683] True Game terminating: env_episode_reward=0.0 episode_length=525
[2018-05-20 22:13:35,695] Resetting environment logs
Exception in thread Thread-1:
Traceback (most recent call last):
  File "/usr/lib/python2.7/threading.py", line 801, in __bootstrap_inner
    self.run()
  File "/home/verma_rohil/noreward-rl/src/a3c.py", line 135, in run
    self._run()
  File "/home/verma_rohil/noreward-rl/src/a3c.py", line 146, in _run
    self.queue.put(next(rollout_provider), timeout=600.0)
  File "/home/verma_rohil/noreward-rl/src/a3c.py", line 171, in env_runner
    fetched = policy.act(last_state, *last_features)
  File "/home/verma_rohil/noreward-rl/src/model.py", line 224, in act
    {self.x: [ob], self.state_in[0]: c, self.state_in[1]: h})
  File "/home/verma_rohil/noreward-rl/curiosity/local/lib/python2.7/site-packages/tensorflow/python/client/session.py", line 766, in run
    run_metadata_ptr)
  File "/home/verma_rohil/noreward-rl/curiosity/local/lib/python2.7/site-packages/tensorflow/python/client/session.py", line 964, in _run
    feed_dict_string, options, run_metadata)
  File "/home/verma_rohil/noreward-rl/curiosity/local/lib/python2.7/site-packages/tensorflow/python/client/session.py", line 1014, in _do_run
    target_list, options, run_metadata)
  File "/home/verma_rohil/noreward-rl/curiosity/local/lib/python2.7/site-packages/tensorflow/python/client/session.py", line 1034, in _do_call
    raise type(e)(node_def, op, message)
CancelledError: RunManyGraphs

[2018-05-20 22:13:44,837] reached 1500222 steps. worker stopped.
 525. Bonus: 0.1930.
Global Step Counter: 1195888
Episode finished. Sum of shaped rewards: 0.00. Length: 525. Bonus: 0.6189.
Global Step Counter: 1205774
Episode finished. Sum of shaped rewards: 0.00. Length: 525. Bonus: 1.1555.
Global Step Counter: 1215819
Episode finished. Sum of shaped rewards: 0.00. Length: 525. Bonus: 0.3146.
Global Step Counter: 1225849
Episode finished. Sum of shaped rewards: 0.00. Length: 525. Bonus: 0.7118.
Global Step Counter: 1235779
Episode finished. Sum of shaped rewards: 0.00. Length: 525. Bonus: 0.7487.
Global Step Counter: 1245554
Episode finished. Sum of shaped rewards: 0.00. Length: 525. Bonus: 1.3356.
Global Step Counter: 1255509
Episode finished. Sum of shaped rewards: 0.00. Length: 525. Bonus: 1.4973.
Global Step Counter: 1265722
Episode finished. Sum of shaped rewards: 0.00. Length: 525. Bonus: 1.0328.
Global Step Counter: 1275737
Episode finished. Sum of shaped rewards: 0.00. Length: 525. Bonus: 1.6379.
Global Step Counter: 1285891
Episode finished. Sum of shaped rewards: 0.00. Length: 525. Bonus: 0.5173.
Global Step Counter: 1295946
Episode finished. Sum of shaped rewards: 0.00. Length: 525. Bonus: 0.6212.
Global Step Counter: 1305914
Episode finished. Sum of shaped rewards: 0.00. Length: 525. Bonus: 1.1051.
Global Step Counter: 1316124
Episode finished. Sum of shaped rewards: 0.00. Length: 525. Bonus: 0.5998.
Global Step Counter: 1325830
Episode finished. Sum of shaped rewards: 0.00. Length: 525. Bonus: 1.4135.
Global Step Counter: 1335840
Episode finished. Sum of shaped rewards: 0.00. Length: 525. Bonus: 1.5232.
Global Step Counter: 1345935
Episode finished. Sum of shaped rewards: 0.00. Length: 525. Bonus: 0.3002.
Global Step Counter: 1355730
Episode finished. Sum of shaped rewards: 0.00. Length: 525. Bonus: 0.2758.
Global Step Counter: 1365505
Episode finished. Sum of shaped rewards: 0.00. Length: 525. Bonus: 2.3566.
Global Step Counter: 1375250
Episode finished. Sum of shaped rewards: 0.00. Length: 525. Bonus: 1.4440.
Global Step Counter: 1385225
Episode finished. Sum of shaped rewards: 0.00. Length: 525. Bonus: 0.2405.
Global Step Counter: 1395277
Episode finished. Sum of shaped rewards: 0.00. Length: 525. Bonus: 0.5951.
Global Step Counter: 1405272
Episode finished. Sum of shaped rewards: 0.00. Length: 525. Bonus: 1.0809.
Global Step Counter: 1415187
Episode finished. Sum of shaped rewards: 0.00. Length: 525. Bonus: 1.2618.
Global Step Counter: 1425048
Episode finished. Sum of shaped rewards: 0.00. Length: 525. Bonus: 1.7197.
Global Step Counter: 1435043
Episode finished. Sum of shaped rewards: 0.00. Length: 525. Bonus: 0.4657.
Global Step Counter: 1444946
Episode finished. Sum of shaped rewards: 0.00. Length: 525. Bonus: 0.5903.
Global Step Counter: 1454838
Episode finished. Sum of shaped rewards: 0.00. Length: 525. Bonus: 1.3180.
Global Step Counter: 1464957
Episode finished. Sum of shaped rewards: 0.00. Length: 525. Bonus: 1.5168.
Global Step Counter: 1474912
Episode finished. Sum of shaped rewards: 0.00. Length: 525. Bonus: 0.2770.
Global Step Counter: 1485082
Episode finished. Sum of shaped rewards: 0.00. Length: 525. Bonus: 0.2650.
Global Step Counter: 1494782
