[2018-05-20 21:31:05,744] Writing logs to file: /tmp/universe-10042.log
I tensorflow/core/distributed_runtime/rpc/grpc_channel.cc:197] Initialize GrpcChannelCache for job ps -> {0 -> 127.0.0.1:12222}
I tensorflow/core/distributed_runtime/rpc/grpc_channel.cc:197] Initialize GrpcChannelCache for job worker -> {0 -> 127.0.0.1:12223, 1 -> 127.0.0.1:12224, 2 -> 127.0.0.1:12225, 3 -> 127.0.0.1:12226, 4 -> 127.0.0.1:12227, 5 -> 127.0.0.1:12228, 6 -> 127.0.0.1:12229, 7 -> 127.0.0.1:12230, 8 -> 127.0.0.1:12231, 9 -> 127.0.0.1:12232, 10 -> 127.0.0.1:12233, 11 -> 127.0.0.1:12234, 12 -> 127.0.0.1:12235, 13 -> localhost:12236, 14 -> 127.0.0.1:12237, 15 -> 127.0.0.1:12238, 16 -> 127.0.0.1:12239, 17 -> 127.0.0.1:12240, 18 -> 127.0.0.1:12241, 19 -> 127.0.0.1:12242}
I tensorflow/core/distributed_runtime/rpc/grpc_server_lib.cc:211] Started server with target: grpc://localhost:12236
[2018-05-20 21:33:15,871] Making new env: ppaquette/DoomMyWayHome-v0
[2018-05-20 21:33:20,459] Trainable vars:
[2018-05-20 21:33:20,459]   global/l1/W:0 (3, 3, 4, 32)
[2018-05-20 21:33:20,459]   global/l1/b:0 (1, 1, 1, 32)
[2018-05-20 21:33:20,460]   global/l2/W:0 (3, 3, 32, 32)
[2018-05-20 21:33:20,460]   global/l2/b:0 (1, 1, 1, 32)
[2018-05-20 21:33:20,460]   global/l3/W:0 (3, 3, 32, 32)
[2018-05-20 21:33:20,460]   global/l3/b:0 (1, 1, 1, 32)
[2018-05-20 21:33:20,460]   global/l4/W:0 (3, 3, 32, 32)
[2018-05-20 21:33:20,460]   global/l4/b:0 (1, 1, 1, 32)
[2018-05-20 21:33:20,460]   global/RNN/BasicLSTMCell/Linear/Matrix:0 (544, 1024)
[2018-05-20 21:33:20,460]   global/RNN/BasicLSTMCell/Linear/Bias:0 (1024,)
[2018-05-20 21:33:20,460]   global/value/w:0 (256, 1)
[2018-05-20 21:33:20,460]   global/value/b:0 (1,)
[2018-05-20 21:33:20,460]   global/action/w:0 (256, 4)
[2018-05-20 21:33:20,461]   global/action/b:0 (4,)
[2018-05-20 21:33:20,461]   global/predictor/l1/W:0 (3, 3, 4, 32)
[2018-05-20 21:33:20,461]   global/predictor/l1/b:0 (1, 1, 1, 32)
[2018-05-20 21:33:20,461]   global/predictor/l2/W:0 (3, 3, 32, 32)
[2018-05-20 21:33:20,461]   global/predictor/l2/b:0 (1, 1, 1, 32)
[2018-05-20 21:33:20,461]   global/predictor/l3/W:0 (3, 3, 32, 32)
[2018-05-20 21:33:20,461]   global/predictor/l3/b:0 (1, 1, 1, 32)
[2018-05-20 21:33:20,461]   global/predictor/l4/W:0 (3, 3, 32, 32)
[2018-05-20 21:33:20,461]   global/predictor/l4/b:0 (1, 1, 1, 32)
[2018-05-20 21:33:20,461]   global/predictor/g1/w:0 (576, 256)
[2018-05-20 21:33:20,462]   global/predictor/g1/b:0 (256,)
[2018-05-20 21:33:20,462]   global/predictor/glast/w:0 (256, 4)
[2018-05-20 21:33:20,462]   global/predictor/glast/b:0 (4,)
[2018-05-20 21:33:20,462]   global/predictor/f1/w:0 (292, 256)
[2018-05-20 21:33:20,462]   global/predictor/f1/b:0 (256,)
[2018-05-20 21:33:20,462]   global/predictor/flast/w:0 (256, 288)
[2018-05-20 21:33:20,462]   global/predictor/flast/b:0 (288,)
[2018-05-20 21:33:20,462]   local/l1/W:0 (3, 3, 4, 32)
[2018-05-20 21:33:20,462]   local/l1/b:0 (1, 1, 1, 32)
[2018-05-20 21:33:20,462]   local/l2/W:0 (3, 3, 32, 32)
[2018-05-20 21:33:20,463]   local/l2/b:0 (1, 1, 1, 32)
[2018-05-20 21:33:20,463]   local/l3/W:0 (3, 3, 32, 32)
[2018-05-20 21:33:20,463]   local/l3/b:0 (1, 1, 1, 32)
[2018-05-20 21:33:20,463]   local/l4/W:0 (3, 3, 32, 32)
[2018-05-20 21:33:20,463]   local/l4/b:0 (1, 1, 1, 32)
[2018-05-20 21:33:20,463]   local/RNN/BasicLSTMCell/Linear/Matrix:0 (544, 1024)
[2018-05-20 21:33:20,463]   local/RNN/BasicLSTMCell/Linear/Bias:0 (1024,)
[2018-05-20 21:33:20,463]   local/value/w:0 (256, 1)
[2018-05-20 21:33:20,463]   local/value/b:0 (1,)
[2018-05-20 21:33:20,463]   local/action/w:0 (256, 4)
[2018-05-20 21:33:20,463]   local/action/b:0 (4,)
[2018-05-20 21:33:20,464]   local/predictor/l1/W:0 (3, 3, 4, 32)
[2018-05-20 21:33:20,464]   local/predictor/l1/b:0 (1, 1, 1, 32)
[2018-05-20 21:33:20,464]   local/predictor/l2/W:0 (3, 3, 32, 32)
[2018-05-20 21:33:20,464]   local/predictor/l2/b:0 (1, 1, 1, 32)
[2018-05-20 21:33:20,464]   local/predictor/l3/W:0 (3, 3, 32, 32)
[2018-05-20 21:33:20,464]   local/predictor/l3/b:0 (1, 1, 1, 32)
[2018-05-20 21:33:20,464]   local/predictor/l4/W:0 (3, 3, 32, 32)
[2018-05-20 21:33:20,464]   local/predictor/l4/b:0 (1, 1, 1, 32)
[2018-05-20 21:33:20,465]   local/predictor/g1/w:0 (576, 256)
[2018-05-20 21:33:20,465]   local/predictor/g1/b:0 (256,)
[2018-05-20 21:33:20,465]   local/predictor/glast/w:0 (256, 4)
[2018-05-20 21:33:20,465]   local/predictor/glast/b:0 (4,)
[2018-05-20 21:33:20,465]   local/predictor/f1/w:0 (292, 256)
[2018-05-20 21:33:20,465]   local/predictor/f1/b:0 (256,)
[2018-05-20 21:33:20,465]   local/predictor/flast/w:0 (256, 288)
[2018-05-20 21:33:20,465]   local/predictor/flast/b:0 (288,)
[2018-05-20 21:33:20,467] Events directory: /scratch/doomicm/train_13
[2018-05-20 21:33:22,724] Starting session. If this hangs, we're mostly likely waiting to connect to the parameter server. One common cause is that the parameter server DNS name isn't resolving yet, or is misspecified.
I tensorflow/core/distributed_runtime/master_session.cc:993] Start master session 2f97cba830e6c893 with config: 
device_filters: "/job:ps"
device_filters: "/job:worker/task:13/cpu:0"

[2018-05-20 21:33:23,882] Called reset on <Unvectorize<VectorizeFilter[<class 'envs.DiagnosticsInfoI'>]<Vectorize<SkipEnv<BufferedObsEnv<NoNegativeRewardEnv<SetPlayingModeWrapper<SetResolutionWrapper<ToDiscreteWrapper<TimeLimit<DoomMyWayHomeEnv instance>>>>>>>>>>> before configuring. Configuring automatically with default arguments
[2018-05-20 21:33:24,225] Starting training at gobal_step=43625
[2018-05-20 21:33:24,230] Resetting environment logs
[2018-05-20 21:33:37,957] True Game terminating: env_episode_reward=0.0 episode_length=525
[2018-05-20 21:33:37,966] Resetting environment logs
[2018-05-20 21:33:51,988] True Game terminating: env_episode_reward=0.0 episode_length=525
[2018-05-20 21:33:51,999] Resetting environment logs
[2018-05-20 21:34:07,248] True Game terminating: env_episode_reward=0.0 episode_length=525
[2018-05-20 21:34:07,270] Resetting environment logs
[2018-05-20 21:34:23,457] True Game terminating: env_episode_reward=0.0 episode_length=525
[2018-05-20 21:34:23,469] Resetting environment logs
[2018-05-20 21:34:40,012] True Game terminating: env_episode_reward=0.0 episode_length=525
[2018-05-20 21:34:40,023] Resetting environment logs
[2018-05-20 21:34:56,530] True Game terminating: env_episode_reward=0.0 episode_length=525
[2018-05-20 21:34:56,546] Resetting environment logs
[2018-05-20 21:35:13,268] True Game terminating: env_episode_reward=0.0 episode_length=525
[2018-05-20 21:35:13,280] Resetting environment logs
[2018-05-20 21:35:29,897] True Game terminating: env_episode_reward=0.0 episode_length=525
[2018-05-20 21:35:29,907] Resetting environment logs
[2018-05-20 21:35:46,117] True Game terminating: env_episode_reward=0.0 episode_length=525
[2018-05-20 21:35:46,131] Resetting environment logs
[2018-05-20 21:36:02,069] True Game terminating: env_episode_reward=0.0 episode_length=525
[2018-05-20 21:36:02,079] Resetting environment logs
[2018-05-20 21:36:18,384] True Game terminating: env_episode_reward=0.0 episode_length=525
[2018-05-20 21:36:18,395] Resetting environment logs
[2018-05-20 21:36:34,819] True Game terminating: env_episode_reward=0.0 episode_length=525
[2018-05-20 21:36:34,829] Resetting environment logs
[2018-05-20 21:36:50,918] True Game terminating: env_episode_reward=0.0 episode_length=525
[2018-05-20 21:36:50,928] Resetting environment logs
[2018-05-20 21:37:07,437] True Game terminating: env_episode_reward=0.0 episode_length=525
[2018-05-20 21:37:07,448] Resetting environment logs
[2018-05-20 21:37:24,078] True Game terminating: env_episode_reward=0.0 episode_length=525
[2018-05-20 21:37:24,087] Resetting environment logs
[2018-05-20 21:37:40,639] True Game terminating: env_episode_reward=0.0 episode_length=525
[2018-05-20 21:37:40,651] Resetting environment logs
[2018-05-20 21:37:57,113] True Game terminating: env_episode_reward=0.0 episode_length=525
[2018-05-20 21:37:57,125] Resetting environment logs
[2018-05-20 21:38:13,351] True Game terminating: env_episode_reward=0.0 episode_length=525
[2018-05-20 21:38:13,362] Resetting environment logs
[2018-05-20 21:38:29,977] True Game terminating: env_episode_reward=0.0 episode_length=525
[2018-05-20 21:38:29,987] Resetting environment logs
[2018-05-20 21:38:46,387] True Game terminating: env_episode_reward=0.0 episode_length=525
[2018-05-20 21:38:46,399] Resetting environment logs
[2018-05-20 21:39:02,649] True Game terminating: env_episode_reward=0.0 episode_length=525
[2018-05-20 21:39:02,672] Resetting environment logs
[2018-05-20 21:39:19,180] True Game terminating: env_episode_reward=0.0 episode_length=525
[2018-05-20 21:39:19,194] Resetting environment logs
[2018-05-20 21:39:35,818] True Game terminating: env_episode_reward=0.0 episode_length=525
[2018-05-20 21:39:35,829] Resetting environment logs
[2018-05-20 21:39:52,321] True Game terminating: env_episode_reward=0.0 episode_length=525
[2018-05-20 21:39:52,331] Resetting environment logs
[2018-05-20 21:40:08,570] True Game terminating: env_episode_reward=0.0 episode_length=525
[2018-05-20 21:40:08,582] Resetting environment logs
[2018-05-20 21:40:25,295] True Game terminating: env_episode_reward=0.0 episode_length=525
[2018-05-20 21:40:25,304] Resetting environment logs
[2018-05-20 21:40:42,026] True Game terminating: env_episode_reward=0.0 episode_length=525
[2018-05-20 21:40:42,039] Resetting environment logs
[2018-05-20 21:40:58,394] True Game terminating: env_episode_reward=0.0 episode_length=525
[2018-05-20 21:40:58,403] Resetting environment logs
[2018-05-20 21:41:15,071] True Game terminating: env_episode_reward=0.0 episode_length=525
[2018-05-20 21:41:15,079] Resetting environment logs
[2018-05-20 21:41:31,792] True Game terminating: env_episode_reward=0.0 episode_length=525
[2018-05-20 21:41:31,802] Resetting environment logs
[2018-05-20 21:41:48,096] True Game terminating: env_episode_reward=0.0 episode_length=525
[2018-05-20 21:41:48,123] Resetting environment logs
[2018-05-20 21:42:04,524] True Game terminating: env_episode_reward=0.0 episode_length=525
[2018-05-20 21:42:04,534] Resetting environment logs
[2018-05-20 21:42:20,816] True Game terminating: env_episode_reward=0.0 episode_length=525
[2018-05-20 21:42:20,826] Resetting environment logs
[2018-05-20 21:42:37,375] True Game terminating: env_episode_reward=0.0 episode_length=525
[2018-05-20 21:42:37,386] Resetting environment logs
[2018-05-20 21:42:53,694] True Game terminating: env_episode_reward=0.0 episode_length=525
[2018-05-20 21:42:53,708] Resetting environment logs
[2018-05-20 21:43:10,504] True Game terminating: env_episode_reward=0.0 episode_length=525
[2018-05-20 21:43:10,513] Resetting environment logs
[2018-05-20 21:43:27,113] True Game terminating: env_episode_reward=0.0 episode_length=525
[2018-05-20 21:43:27,123] Resetting environment logs
[2018-05-20 21:43:43,719] True Game terminating: env_episode_reward=0.0 episode_length=525
Using universe head design
Using universe head design
Using universe head design
Using universe head design
Using universe head design
Using universe head design
Optimizer: ADAM with lr: 0.000100
Input observation shape:  (42, 42, 4)
	=> Special Config: Monsters Removed.
Episode finished. Sum of shaped rewards: 0.00. Length: 525. Bonus: 0.6614.
Global Step Counter: 50884
Episode finished. Sum of shaped rewards: 0.00. Length: 525. Bonus: 0.1697.
Global Step Counter: 58489
Episode finished. Sum of shaped rewards: 0.00. Length: 525. Bonus: 0.0632.
Global Step Counter: 66904
Episode finished. Sum of shaped rewards: 0.00. Length: 525. Bonus: 1.3090.
Global Step Counter: 76014
Episode finished. Sum of shaped rewards: 0.00. Length: 525. Bonus: 1.5508.
Global Step Counter: 85868
Episode finished. Sum of shaped rewards: 0.00. Length: 525. Bonus: 0.0691.
Global Step Counter: 95837
Episode finished. Sum of shaped rewards: 0.00. Length: 525. Bonus: 0.2417.
Global Step Counter: 105842
Episode finished. Sum of shaped rewards: 0.00. Length: 525. Bonus: 1.3500.
Global Step Counter: 115829
Episode finished. Sum of shaped rewards: 0.00. Length: 525. Bonus: 1.4673.
Global Step Counter: 125647
Episode finished. Sum of shaped rewards: 0.00. Length: 525. Bonus: 1.2484.
Global Step Counter: 135283
Episode finished. Sum of shaped rewards: 0.00. Length: 525. Bonus: 0.0877.
Global Step Counter: 145158
Episode finished. Sum of shaped rewards: 0.00. Length: 525. Bonus: 0.4268.
Global Step Counter: 154965
Episode finished. Sum of shaped rewards: 0.00. Length: 525. Bonus: 0.3048.
Global Step Counter: 164726
Episode finished. Sum of shaped rewards: 0.00. Length: 525. Bonus: 0.0790.
Global Step Counter: 174703
Episode finished. Sum of shaped rewards: 0.00. Length: 525. Bonus: 0.4724.
Global Step Counter: 184723
Episode finished. Sum of shaped rewards: 0.00. Length: 525. Bonus: 0.8871.
Global Step Counter: 194606
Episode finished. Sum of shaped rewards: 0.00. Length: 525. Bonus: 0.2422.
Global Step Counter: 204519
Episode finished. Sum of shaped rewards: 0.00. Length: 525. Bonus: 0.0624.
Global Step Counter: 214411
Episode finished. Sum of shaped rewards: 0.00. Length: 525. Bonus: 0.3237.
Global Step Counter: 224358
Episode finished. Sum of shaped rewards: 0.00. Length: 525. Bonus: 1.6811.
Global Step Counter: 234212
Episode finished. Sum of shaped rewards: 0.00. Length: 525. Bonus: 1.5424.
Global Step Counter: 244106
Episode finished. Sum of shaped rewards: 0.00. Length: 525. Bonus: 1.8138.
Global Step Counter: 254078
Episode finished. Sum of shaped rewards: 0.00. Length: 525. Bonus: 0.2952.
Global Step Counter: 264130
Episode finished. Sum of shaped rewards: 0.00. Length: 525. Bonus: 1.0004.
Global Step Counter: 274045
Episode finished. Sum of shaped rewards: 0.00. Length: 525. Bonus: 2.0676.
Global Step Counter: 283866
Episode finished. Sum of shaped rewards: 0.00. Length: 525. Bonus: 1.7368.
Global Step Counter: 293951
Episode finished. Sum of shaped rewards: 0.00. Length: 525. Bonus: 0.3358.
Global Step Counter: 303974
Episode finished. Sum of shaped rewards: 0.00. Length: 525. Bonus: 2.2737.
Global Step Counter: 313801
Episode finished. Sum of shaped rewards: 0.00. Length: 525. Bonus: 0.3992.
Global Step Counter: 323909
Episode finished. Sum of shaped rewards: 0.00. Length: 525. Bonus: 0.2363.
Global Step Counter: 334000
Episode finished. Sum of shaped rewards: 0.00. Length: 525. Bonus: 1.4573.
Global Step Counter: 343815
Episode finished. Sum of shaped rewards: 0.00. Length: 525. Bonus: 0.3686.
Global Step Counter: 353794
Episode finished. Sum of shaped rewards: 0.00. Length: 525. Bonus: 2.0509.
Global Step Counter: 363556
Episode finished. Sum of shaped rewards: 0.00. Length: 525. Bonus: 0.1498.
Global Step Counter: 373589
Episode finished. Sum of shaped rewards: 0.00. Length: 525. Bonus: 2.0988.
Global Step Counter: 383367
Episode finished. Sum of shaped rewards: 0.00. Length: 525. Bonus: 3.1678.
Global Step Counter: 393573
Episode finished. Sum of shaped rewards: 0.00. Length: 525. Bonus: 0.4606.
Global Step Counter: 403593
Episode finished. S[2018-05-20 21:43:43,729] Resetting environment logs
[2018-05-20 21:43:49,740] True Game terminating: env_episode_reward=0.9999 episode_length=189
[2018-05-20 21:43:49,751] Resetting environment logs
[2018-05-20 21:44:06,178] True Game terminating: env_episode_reward=0.0 episode_length=525
[2018-05-20 21:44:06,188] Resetting environment logs
[2018-05-20 21:44:22,571] True Game terminating: env_episode_reward=0.0 episode_length=525
[2018-05-20 21:44:22,581] Resetting environment logs
[2018-05-20 21:44:39,304] True Game terminating: env_episode_reward=0.0 episode_length=525
[2018-05-20 21:44:39,326] Resetting environment logs
[2018-05-20 21:44:55,790] True Game terminating: env_episode_reward=0.0 episode_length=525
[2018-05-20 21:44:55,806] Resetting environment logs
[2018-05-20 21:45:12,271] True Game terminating: env_episode_reward=0.0 episode_length=525
[2018-05-20 21:45:12,282] Resetting environment logs
[2018-05-20 21:45:28,597] True Game terminating: env_episode_reward=0.0 episode_length=525
[2018-05-20 21:45:28,610] Resetting environment logs
[2018-05-20 21:45:34,760] True Game terminating: env_episode_reward=0.9999 episode_length=191
[2018-05-20 21:45:34,770] Resetting environment logs
[2018-05-20 21:45:51,058] True Game terminating: env_episode_reward=0.0 episode_length=525
[2018-05-20 21:45:51,066] Resetting environment logs
[2018-05-20 21:46:07,271] True Game terminating: env_episode_reward=0.0 episode_length=525
[2018-05-20 21:46:07,280] Resetting environment logs
[2018-05-20 21:46:23,676] True Game terminating: env_episode_reward=0.0 episode_length=525
[2018-05-20 21:46:23,686] Resetting environment logs
[2018-05-20 21:46:39,857] True Game terminating: env_episode_reward=0.0 episode_length=525
[2018-05-20 21:46:39,869] Resetting environment logs
[2018-05-20 21:46:56,044] True Game terminating: env_episode_reward=0.0 episode_length=525
[2018-05-20 21:46:56,053] Resetting environment logs
[2018-05-20 21:47:12,702] True Game terminating: env_episode_reward=0.0 episode_length=525
[2018-05-20 21:47:12,713] Resetting environment logs
[2018-05-20 21:47:29,282] True Game terminating: env_episode_reward=0.0 episode_length=525
[2018-05-20 21:47:29,292] Resetting environment logs
[2018-05-20 21:47:45,907] True Game terminating: env_episode_reward=0.0 episode_length=525
[2018-05-20 21:47:45,917] Resetting environment logs
[2018-05-20 21:48:03,002] True Game terminating: env_episode_reward=0.0 episode_length=525
[2018-05-20 21:48:03,011] Resetting environment logs
[2018-05-20 21:48:19,392] True Game terminating: env_episode_reward=0.0 episode_length=525
[2018-05-20 21:48:19,424] Resetting environment logs
[2018-05-20 21:48:35,775] True Game terminating: env_episode_reward=0.0 episode_length=525
[2018-05-20 21:48:35,784] Resetting environment logs
[2018-05-20 21:48:52,378] True Game terminating: env_episode_reward=0.0 episode_length=525
[2018-05-20 21:48:52,388] Resetting environment logs
[2018-05-20 21:49:09,193] True Game terminating: env_episode_reward=0.0 episode_length=525
[2018-05-20 21:49:09,202] Resetting environment logs
[2018-05-20 21:49:25,930] True Game terminating: env_episode_reward=0.0 episode_length=525
[2018-05-20 21:49:25,940] Resetting environment logs
[2018-05-20 21:49:42,354] True Game terminating: env_episode_reward=0.0 episode_length=525
[2018-05-20 21:49:42,376] Resetting environment logs
[2018-05-20 21:49:43,502] True Game terminating: env_episode_reward=0.9999 episode_length=36
[2018-05-20 21:49:43,535] Resetting environment logs
[2018-05-20 21:49:59,816] True Game terminating: env_episode_reward=0.0 episode_length=525
[2018-05-20 21:49:59,825] Resetting environment logs
[2018-05-20 21:50:16,286] True Game terminating: env_episode_reward=0.0 episode_length=525
[2018-05-20 21:50:16,295] Resetting environment logs
[2018-05-20 21:50:33,185] True Game terminating: env_episode_reward=0.0 episode_length=525
[2018-05-20 21:50:33,199] Resetting environment logs
[2018-05-20 21:50:49,688] True Game terminating: env_episode_reward=0.0 episode_length=525
[2018-05-20 21:50:49,707] Resetting environment logs
[2018-05-20 21:51:06,507] True Game terminating: env_episode_reward=0.0 episode_length=525
[2018-05-20 21:51:06,516] Resetting environment logs
[2018-05-20 21:51:22,829] True Game terminating: env_episode_reward=0.0 episode_length=525
[2018-05-20 21:51:22,857] Resetting environment logs
[2018-05-20 21:51:39,237] True Game terminating: env_episode_reward=0.0 episode_length=525
[2018-05-20 21:51:39,261] Resetting environment logs
[2018-05-20 21:51:55,803] True Game terminating: env_episode_reward=0.0 episode_length=525
[2018-05-20 21:51:55,815] Resetting environment logs
[2018-05-20 21:52:12,541] True Game terminating: env_episode_reward=0.0 episode_length=525
[2018-05-20 21:52:12,550] Resetting environment logs
[2018-05-20 21:52:28,974] True Game terminating: env_episode_reward=0.0 episode_length=525
[2018-05-20 21:52:28,986] Resetting environment logs
[2018-05-20 21:52:45,626] True Game terminating: env_episode_reward=0.0 episode_length=525
[2018-05-20 21:52:45,635] Resetting environment logs
[2018-05-20 21:53:02,378] True Game terminating: env_episode_reward=0.0 episode_length=525
[2018-05-20 21:53:02,394] Resetting environment logs
[2018-05-20 21:53:18,731] True Game terminating: env_episode_reward=0.0 episode_length=525
[2018-05-20 21:53:18,740] Resetting environment logs
[2018-05-20 21:53:34,907] True Game terminating: env_episode_reward=0.0 episode_length=525
[2018-05-20 21:53:34,918] Resetting environment logs
[2018-05-20 21:53:51,550] True Game terminating: env_episode_reward=0.0 episode_length=525
[2018-05-20 21:53:51,561] Resetting environment logs
um of shaped rewards: 0.00. Length: 525. Bonus: 2.0115.
Global Step Counter: 413731
Episode finished. Sum of shaped rewards: 0.00. Length: 189. Bonus: 0.1763.
Global Step Counter: 417364
Episode finished. Sum of shaped rewards: 0.00. Length: 525. Bonus: 0.8846.
Global Step Counter: 427231
Episode finished. Sum of shaped rewards: 0.00. Length: 525. Bonus: 1.0869.
Global Step Counter: 437175
Episode finished. Sum of shaped rewards: 0.00. Length: 525. Bonus: 0.3636.
Global Step Counter: 447282
Episode finished. Sum of shaped rewards: 0.00. Length: 525. Bonus: 0.3735.
Global Step Counter: 457318
Episode finished. Sum of shaped rewards: 0.00. Length: 525. Bonus: 0.2126.
Global Step Counter: 467114
Episode finished. Sum of shaped rewards: 0.00. Length: 525. Bonus: 2.3567.
Global Step Counter: 477000
Episode finished. Sum of shaped rewards: 0.00. Length: 191. Bonus: 0.8233.
Global Step Counter: 480662
Episode finished. Sum of shaped rewards: 0.00. Length: 525. Bonus: 0.1094.
Global Step Counter: 490558
Episode finished. Sum of shaped rewards: 0.00. Length: 525. Bonus: 0.3148.
Global Step Counter: 500297
Episode finished. Sum of shaped rewards: 0.00. Length: 525. Bonus: 0.5744.
Global Step Counter: 510162
Episode finished. Sum of shaped rewards: 0.00. Length: 525. Bonus: 0.5516.
Global Step Counter: 519952
Episode finished. Sum of shaped rewards: 0.00. Length: 525. Bonus: 0.5861.
Global Step Counter: 529711
Episode finished. Sum of shaped rewards: 0.00. Length: 525. Bonus: 0.2305.
Global Step Counter: 539766
Episode finished. Sum of shaped rewards: 0.00. Length: 525. Bonus: 0.2835.
Global Step Counter: 549707
Episode finished. Sum of shaped rewards: 0.00. Length: 525. Bonus: 0.3078.
Global Step Counter: 559782
Episode finished. Sum of shaped rewards: 0.00. Length: 525. Bonus: 2.4605.
Global Step Counter: 570076
Episode finished. Sum of shaped rewards: 0.00. Length: 525. Bonus: 1.3867.
Global Step Counter: 579956
Episode finished. Sum of shaped rewards: 0.00. Length: 525. Bonus: 1.0235.
Global Step Counter: 589766
Episode finished. Sum of shaped rewards: 0.00. Length: 525. Bonus: 1.9835.
Global Step Counter: 599823
Episode finished. Sum of shaped rewards: 0.00. Length: 525. Bonus: 1.1881.
Global Step Counter: 609968
Episode finished. Sum of shaped rewards: 0.00. Length: 525. Bonus: 0.2368.
Global Step Counter: 620018
Episode finished. Sum of shaped rewards: 0.00. Length: 525. Bonus: 2.0468.
Global Step Counter: 629908
Episode finished. Sum of shaped rewards: 0.00. Length: 36. Bonus: 0.0301.
Global Step Counter: 630628
Episode finished. Sum of shaped rewards: 0.00. Length: 525. Bonus: 1.3714.
Global Step Counter: 640446
Episode finished. Sum of shaped rewards: 0.00. Length: 525. Bonus: 0.5005.
Global Step Counter: 650511
Episode finished. Sum of shaped rewards: 0.00. Length: 525. Bonus: 0.8454.
Global Step Counter: 660529
Episode finished. Sum of shaped rewards: 0.00. Length: 525. Bonus: 1.7118.
Global Step Counter: 670572
Episode finished. Sum of shaped rewards: 0.00. Length: 525. Bonus: 1.2018.
Global Step Counter: 680746
Episode finished. Sum of shaped rewards: 0.00. Length: 525. Bonus: 0.0913.
Global Step Counter: 690656
Episode finished. Sum of shaped rewards: 0.00. Length: 525. Bonus: 1.1250.
Global Step Counter: 700506
Episode finished. Sum of shaped rewards: 0.00. Length: 525. Bonus: 0.5973.
Global Step Counter: 710514
Episode finished. Sum of shaped rewards: 0.00. Length: 525. Bonus: 0.7714.
Global Step Counter: 720577
Episode finished. Sum of shaped rewards: 0.00. Length: 525. Bonus: 0.3274.
Global Step Counter: 730539
Episode finished. Sum of shaped rewards: 0.00. Length: 525. Bonus: 0.3998.
Global Step Counter: 740443
Episode finished. Sum of shaped rewards: 0.00. Length: 525. Bonus: 0.2332.
Global Step Counter: 750617
Episode finished. Sum of shaped rewards: 0.00. Length: 525. Bonus: 0.5524.
Global Step Counter: 760456
Episode finished. Sum of shaped rewards: 0.00. Length: 525. Bonus: 0.5094.
Global Step Counter: 770251
Episode finished. Sum of shaped rewards: 0.00. Length: 525. Bonus: 1.2869.
Global Step Counter: 780[2018-05-20 21:54:07,982] True Game terminating: env_episode_reward=0.0 episode_length=525
[2018-05-20 21:54:08,006] Resetting environment logs
[2018-05-20 21:54:24,280] True Game terminating: env_episode_reward=0.0 episode_length=525
[2018-05-20 21:54:24,290] Resetting environment logs
[2018-05-20 21:54:40,640] True Game terminating: env_episode_reward=0.0 episode_length=525
[2018-05-20 21:54:40,650] Resetting environment logs
[2018-05-20 21:54:57,310] True Game terminating: env_episode_reward=0.0 episode_length=525
[2018-05-20 21:54:57,322] Resetting environment logs
[2018-05-20 21:55:13,732] True Game terminating: env_episode_reward=0.0 episode_length=525
[2018-05-20 21:55:13,744] Resetting environment logs
[2018-05-20 21:55:30,107] True Game terminating: env_episode_reward=0.0 episode_length=525
[2018-05-20 21:55:30,121] Resetting environment logs
[2018-05-20 21:55:46,381] True Game terminating: env_episode_reward=0.0 episode_length=525
[2018-05-20 21:55:46,392] Resetting environment logs
[2018-05-20 21:56:03,278] True Game terminating: env_episode_reward=0.0 episode_length=525
[2018-05-20 21:56:03,288] Resetting environment logs
[2018-05-20 21:56:20,173] True Game terminating: env_episode_reward=0.0 episode_length=525
[2018-05-20 21:56:20,198] Resetting environment logs
[2018-05-20 21:56:36,556] True Game terminating: env_episode_reward=0.0 episode_length=525
[2018-05-20 21:56:36,565] Resetting environment logs
[2018-05-20 21:56:53,153] True Game terminating: env_episode_reward=0.0 episode_length=525
[2018-05-20 21:56:53,165] Resetting environment logs
[2018-05-20 21:57:09,789] True Game terminating: env_episode_reward=0.0 episode_length=525
[2018-05-20 21:57:09,812] Resetting environment logs
[2018-05-20 21:57:26,484] True Game terminating: env_episode_reward=0.0 episode_length=525
[2018-05-20 21:57:26,493] Resetting environment logs
[2018-05-20 21:57:42,997] True Game terminating: env_episode_reward=0.0 episode_length=525
[2018-05-20 21:57:43,010] Resetting environment logs
[2018-05-20 21:57:59,353] True Game terminating: env_episode_reward=0.0 episode_length=525
[2018-05-20 21:57:59,365] Resetting environment logs
[2018-05-20 21:58:16,194] True Game terminating: env_episode_reward=0.0 episode_length=525
[2018-05-20 21:58:16,206] Resetting environment logs
[2018-05-20 21:58:32,591] True Game terminating: env_episode_reward=0.0 episode_length=525
[2018-05-20 21:58:32,600] Resetting environment logs
[2018-05-20 21:58:49,060] True Game terminating: env_episode_reward=0.0 episode_length=525
[2018-05-20 21:58:49,071] Resetting environment logs
[2018-05-20 21:59:05,711] True Game terminating: env_episode_reward=0.0 episode_length=525
[2018-05-20 21:59:05,722] Resetting environment logs
[2018-05-20 21:59:22,162] True Game terminating: env_episode_reward=0.0 episode_length=525
[2018-05-20 21:59:22,172] Resetting environment logs
[2018-05-20 21:59:38,436] True Game terminating: env_episode_reward=0.0 episode_length=525
[2018-05-20 21:59:38,445] Resetting environment logs
[2018-05-20 21:59:54,836] True Game terminating: env_episode_reward=0.0 episode_length=525
[2018-05-20 21:59:54,846] Resetting environment logs
[2018-05-20 22:00:03,916] True Game terminating: env_episode_reward=0.9999 episode_length=288
[2018-05-20 22:00:03,925] Resetting environment logs
[2018-05-20 22:00:20,198] True Game terminating: env_episode_reward=0.0 episode_length=525
[2018-05-20 22:00:20,209] Resetting environment logs
[2018-05-20 22:00:36,554] True Game terminating: env_episode_reward=0.0 episode_length=525
[2018-05-20 22:00:36,568] Resetting environment logs
[2018-05-20 22:00:52,691] True Game terminating: env_episode_reward=0.0 episode_length=525
[2018-05-20 22:00:52,701] Resetting environment logs
[2018-05-20 22:01:09,282] True Game terminating: env_episode_reward=0.0 episode_length=525
[2018-05-20 22:01:09,291] Resetting environment logs
[2018-05-20 22:01:26,025] True Game terminating: env_episode_reward=0.0 episode_length=525
[2018-05-20 22:01:26,035] Resetting environment logs
[2018-05-20 22:01:42,820] True Game terminating: env_episode_reward=0.0 episode_length=525
[2018-05-20 22:01:42,838] Resetting environment logs
[2018-05-20 22:01:59,494] True Game terminating: env_episode_reward=0.0 episode_length=525
[2018-05-20 22:01:59,505] Resetting environment logs
[2018-05-20 22:02:15,898] True Game terminating: env_episode_reward=0.0 episode_length=525
[2018-05-20 22:02:15,911] Resetting environment logs
[2018-05-20 22:02:33,089] True Game terminating: env_episode_reward=0.0 episode_length=525
[2018-05-20 22:02:33,100] Resetting environment logs
[2018-05-20 22:02:49,417] True Game terminating: env_episode_reward=0.0 episode_length=525
[2018-05-20 22:02:49,428] Resetting environment logs
[2018-05-20 22:03:06,039] True Game terminating: env_episode_reward=0.0 episode_length=525
[2018-05-20 22:03:06,048] Resetting environment logs
[2018-05-20 22:03:22,252] True Game terminating: env_episode_reward=0.0 episode_length=525
[2018-05-20 22:03:22,275] Resetting environment logs
[2018-05-20 22:03:39,360] True Game terminating: env_episode_reward=0.0 episode_length=525
[2018-05-20 22:03:39,371] Resetting environment logs
[2018-05-20 22:03:56,016] True Game terminating: env_episode_reward=0.0 episode_length=525
[2018-05-20 22:03:56,043] Resetting environment logs
[2018-05-20 22:04:12,396] True Game terminating: env_episode_reward=0.0 episode_length=525
[2018-05-20 22:04:12,418] Resetting environment logs
[2018-05-20 22:04:29,194] True Game terminating: env_episode_reward=0.0 episode_length=525
[2018-05-20 22:04:29,203] Resetting environment logs
[2018-05-20 22:04:45,824] True Game terminating: env_episode_reward=0.0 episode_length=525
243
Episode finished. Sum of shaped rewards: 0.00. Length: 525. Bonus: 0.9771.
Global Step Counter: 790263
Episode finished. Sum of shaped rewards: 0.00. Length: 525. Bonus: 0.2304.
Global Step Counter: 800077
Episode finished. Sum of shaped rewards: 0.00. Length: 525. Bonus: 0.3135.
Global Step Counter: 810072
Episode finished. Sum of shaped rewards: 0.00. Length: 525. Bonus: 0.3863.
Global Step Counter: 820084
Episode finished. Sum of shaped rewards: 0.00. Length: 525. Bonus: 0.4737.
Global Step Counter: 829965
Episode finished. Sum of shaped rewards: 0.00. Length: 525. Bonus: 1.6699.
Global Step Counter: 839908
Episode finished. Sum of shaped rewards: 0.00. Length: 525. Bonus: 0.1197.
Global Step Counter: 849720
Episode finished. Sum of shaped rewards: 0.00. Length: 525. Bonus: 1.8063.
Global Step Counter: 859785
Episode finished. Sum of shaped rewards: 0.00. Length: 525. Bonus: 0.5178.
Global Step Counter: 870025
Episode finished. Sum of shaped rewards: 0.00. Length: 525. Bonus: 0.6318.
Global Step Counter: 879855
Episode finished. Sum of shaped rewards: 0.00. Length: 525. Bonus: 0.2375.
Global Step Counter: 889979
Episode finished. Sum of shaped rewards: 0.00. Length: 525. Bonus: 0.0752.
Global Step Counter: 899862
Episode finished. Sum of shaped rewards: 0.00. Length: 525. Bonus: 0.9074.
Global Step Counter: 909952
Episode finished. Sum of shaped rewards: 0.00. Length: 525. Bonus: 0.2794.
Global Step Counter: 919972
Episode finished. Sum of shaped rewards: 0.00. Length: 525. Bonus: 0.2919.
Global Step Counter: 929852
Episode finished. Sum of shaped rewards: 0.00. Length: 525. Bonus: 0.4554.
Global Step Counter: 939924
Episode finished. Sum of shaped rewards: 0.00. Length: 525. Bonus: 1.2208.
Global Step Counter: 949858
Episode finished. Sum of shaped rewards: 0.00. Length: 525. Bonus: 1.0282.
Global Step Counter: 959793
Episode finished. Sum of shaped rewards: 0.00. Length: 525. Bonus: 1.9860.
Global Step Counter: 969828
Episode finished. Sum of shaped rewards: 0.00. Length: 525. Bonus: 1.5321.
Global Step Counter: 979720
Episode finished. Sum of shaped rewards: 0.00. Length: 525. Bonus: 0.3337.
Global Step Counter: 989605
Episode finished. Sum of shaped rewards: 0.00. Length: 525. Bonus: 0.2217.
Global Step Counter: 999579
Episode finished. Sum of shaped rewards: 0.00. Length: 288. Bonus: 0.9250.
Global Step Counter: 1005094
Episode finished. Sum of shaped rewards: 0.00. Length: 525. Bonus: 1.2608.
Global Step Counter: 1014859
Episode finished. Sum of shaped rewards: 0.00. Length: 525. Bonus: 0.1049.
Global Step Counter: 1024677
Episode finished. Sum of shaped rewards: 0.00. Length: 525. Bonus: 1.2673.
Global Step Counter: 1034397
Episode finished. Sum of shaped rewards: 0.00. Length: 525. Bonus: 0.2764.
Global Step Counter: 1044367
Episode finished. Sum of shaped rewards: 0.00. Length: 525. Bonus: 0.5308.
Global Step Counter: 1054325
Episode finished. Sum of shaped rewards: 0.00. Length: 525. Bonus: 1.6714.
Global Step Counter: 1064480
Episode finished. Sum of shaped rewards: 0.00. Length: 525. Bonus: 0.1432.
Global Step Counter: 1074527
Episode finished. Sum of shaped rewards: 0.00. Length: 525. Bonus: 0.5001.
Global Step Counter: 1084447
Episode finished. Sum of shaped rewards: 0.00. Length: 525. Bonus: 1.4865.
Global Step Counter: 1094739
Episode finished. Sum of shaped rewards: 0.00. Length: 525. Bonus: 0.9643.
Global Step Counter: 1104596
Episode finished. Sum of shaped rewards: 0.00. Length: 525. Bonus: 0.4906.
Global Step Counter: 1114645
Episode finished. Sum of shaped rewards: 0.00. Length: 525. Bonus: 0.1094.
Global Step Counter: 1124435
Episode finished. Sum of shaped rewards: 0.00. Length: 525. Bonus: 0.5878.
Global Step Counter: 1134686
Episode finished. Sum of shaped rewards: 0.00. Length: 525. Bonus: 1.2934.
Global Step Counter: 1144800
Episode finished. Sum of shaped rewards: 0.00. Length: 525. Bonus: 0.4773.
Global Step Counter: 1154678
Episode finished. Sum of shaped rewards: 0.00. Length: 525. Bonus: 0.3889.
Global Step Counter: 1164796
Episode finished. Sum of shaped rewards: 0.00. Length: 525[2018-05-20 22:04:45,833] Resetting environment logs
[2018-05-20 22:04:52,181] True Game terminating: env_episode_reward=0.9999 episode_length=203
[2018-05-20 22:04:52,267] Resetting environment logs
[2018-05-20 22:05:08,520] True Game terminating: env_episode_reward=0.0 episode_length=525
[2018-05-20 22:05:08,529] Resetting environment logs
[2018-05-20 22:05:24,709] True Game terminating: env_episode_reward=0.0 episode_length=525
[2018-05-20 22:05:24,731] Resetting environment logs
[2018-05-20 22:05:40,894] True Game terminating: env_episode_reward=0.0 episode_length=525
[2018-05-20 22:05:40,904] Resetting environment logs
[2018-05-20 22:05:57,067] True Game terminating: env_episode_reward=0.0 episode_length=525
[2018-05-20 22:05:57,085] Resetting environment logs
[2018-05-20 22:06:04,525] True Game terminating: env_episode_reward=0.9999 episode_length=237
[2018-05-20 22:06:04,538] Resetting environment logs
[2018-05-20 22:06:21,284] True Game terminating: env_episode_reward=0.0 episode_length=525
[2018-05-20 22:06:21,298] Resetting environment logs
[2018-05-20 22:06:37,917] True Game terminating: env_episode_reward=0.0 episode_length=525
[2018-05-20 22:06:37,927] Resetting environment logs
[2018-05-20 22:06:54,350] True Game terminating: env_episode_reward=0.0 episode_length=525
[2018-05-20 22:06:54,360] Resetting environment logs
[2018-05-20 22:07:10,913] True Game terminating: env_episode_reward=0.0 episode_length=525
[2018-05-20 22:07:10,923] Resetting environment logs
[2018-05-20 22:07:27,511] True Game terminating: env_episode_reward=0.0 episode_length=525
[2018-05-20 22:07:27,521] Resetting environment logs
[2018-05-20 22:07:44,209] True Game terminating: env_episode_reward=0.0 episode_length=525
[2018-05-20 22:07:44,220] Resetting environment logs
[2018-05-20 22:08:00,573] True Game terminating: env_episode_reward=0.0 episode_length=525
[2018-05-20 22:08:00,584] Resetting environment logs
[2018-05-20 22:08:17,046] True Game terminating: env_episode_reward=0.0 episode_length=525
[2018-05-20 22:08:17,069] Resetting environment logs
[2018-05-20 22:08:33,726] True Game terminating: env_episode_reward=0.0 episode_length=525
[2018-05-20 22:08:33,750] Resetting environment logs
[2018-05-20 22:08:46,069] True Game terminating: env_episode_reward=0.9999 episode_length=392
[2018-05-20 22:08:46,079] Resetting environment logs
[2018-05-20 22:09:02,753] True Game terminating: env_episode_reward=0.0 episode_length=525
[2018-05-20 22:09:02,764] Resetting environment logs
[2018-05-20 22:09:19,097] True Game terminating: env_episode_reward=0.0 episode_length=525
[2018-05-20 22:09:19,108] Resetting environment logs
[2018-05-20 22:09:35,742] True Game terminating: env_episode_reward=0.0 episode_length=525
[2018-05-20 22:09:35,752] Resetting environment logs
[2018-05-20 22:09:52,253] True Game terminating: env_episode_reward=0.0 episode_length=525
[2018-05-20 22:09:52,263] Resetting environment logs
[2018-05-20 22:10:08,850] True Game terminating: env_episode_reward=0.0 episode_length=525
[2018-05-20 22:10:08,859] Resetting environment logs
[2018-05-20 22:10:25,309] True Game terminating: env_episode_reward=0.0 episode_length=525
[2018-05-20 22:10:25,319] Resetting environment logs
[2018-05-20 22:10:41,794] True Game terminating: env_episode_reward=0.0 episode_length=525
[2018-05-20 22:10:41,807] Resetting environment logs
[2018-05-20 22:10:58,045] True Game terminating: env_episode_reward=0.0 episode_length=525
[2018-05-20 22:10:58,070] Resetting environment logs
[2018-05-20 22:11:14,176] True Game terminating: env_episode_reward=0.0 episode_length=525
[2018-05-20 22:11:14,190] Resetting environment logs
[2018-05-20 22:11:30,644] True Game terminating: env_episode_reward=0.0 episode_length=525
[2018-05-20 22:11:30,654] Resetting environment logs
[2018-05-20 22:11:47,075] True Game terminating: env_episode_reward=0.0 episode_length=525
[2018-05-20 22:11:47,088] Resetting environment logs
[2018-05-20 22:12:03,340] True Game terminating: env_episode_reward=0.0 episode_length=525
[2018-05-20 22:12:03,354] Resetting environment logs
[2018-05-20 22:12:20,041] True Game terminating: env_episode_reward=0.0 episode_length=525
[2018-05-20 22:12:20,052] Resetting environment logs
[2018-05-20 22:12:36,973] True Game terminating: env_episode_reward=0.0 episode_length=525
[2018-05-20 22:12:36,983] Resetting environment logs
[2018-05-20 22:12:39,794] True Game terminating: env_episode_reward=0.9999 episode_length=89
[2018-05-20 22:12:39,804] Resetting environment logs
[2018-05-20 22:12:56,180] True Game terminating: env_episode_reward=0.0 episode_length=525
[2018-05-20 22:12:56,192] Resetting environment logs
[2018-05-20 22:13:12,845] True Game terminating: env_episode_reward=0.0 episode_length=525
[2018-05-20 22:13:12,858] Resetting environment logs
[2018-05-20 22:13:29,400] True Game terminating: env_episode_reward=0.0 episode_length=525
[2018-05-20 22:13:29,412] Resetting environment logs
[2018-05-20 22:13:44,387] reached 1500017 steps. worker stopped.
. Bonus: 0.5685.
Global Step Counter: 1174812
Episode finished. Sum of shaped rewards: 0.00. Length: 203. Bonus: 0.2047.
Global Step Counter: 1178707
Episode finished. Sum of shaped rewards: 0.00. Length: 525. Bonus: 1.6117.
Global Step Counter: 1188497
Episode finished. Sum of shaped rewards: 0.00. Length: 525. Bonus: 1.6154.
Global Step Counter: 1198333
Episode finished. Sum of shaped rewards: 0.00. Length: 525. Bonus: 1.1264.
Global Step Counter: 1207979
Episode finished. Sum of shaped rewards: 0.00. Length: 525. Bonus: 1.3763.
Global Step Counter: 1217852
Episode finished. Sum of shaped rewards: 0.00. Length: 237. Bonus: 0.2224.
Global Step Counter: 1222307
Episode finished. Sum of shaped rewards: 0.00. Length: 525. Bonus: 2.3253.
Global Step Counter: 1232399
Episode finished. Sum of shaped rewards: 0.00. Length: 525. Bonus: 1.5860.
Global Step Counter: 1242389
Episode finished. Sum of shaped rewards: 0.00. Length: 525. Bonus: 0.8507.
Global Step Counter: 1252259
Episode finished. Sum of shaped rewards: 0.00. Length: 525. Bonus: 0.4059.
Global Step Counter: 1262334
Episode finished. Sum of shaped rewards: 0.00. Length: 525. Bonus: 0.9262.
Global Step Counter: 1272302
Episode finished. Sum of shaped rewards: 0.00. Length: 525. Bonus: 1.6036.
Global Step Counter: 1282436
Episode finished. Sum of shaped rewards: 0.00. Length: 525. Bonus: 1.0599.
Global Step Counter: 1292266
Episode finished. Sum of shaped rewards: 0.00. Length: 525. Bonus: 0.3412.
Global Step Counter: 1302194
Episode finished. Sum of shaped rewards: 0.00. Length: 525. Bonus: 0.5710.
Global Step Counter: 1312229
Episode finished. Sum of shaped rewards: 0.00. Length: 392. Bonus: 0.4092.
Global Step Counter: 1319697
Episode finished. Sum of shaped rewards: 0.00. Length: 525. Bonus: 0.5026.
Global Step Counter: 1329605
Episode finished. Sum of shaped rewards: 0.00. Length: 525. Bonus: 0.1663.
Global Step Counter: 1339545
Episode finished. Sum of shaped rewards: 0.00. Length: 525. Bonus: 1.6981.
Global Step Counter: 1349665
Episode finished. Sum of shaped rewards: 0.00. Length: 525. Bonus: 0.8954.
Global Step Counter: 1359680
Episode finished. Sum of shaped rewards: 0.00. Length: 525. Bonus: 1.8197.
Global Step Counter: 1369662
Episode finished. Sum of shaped rewards: 0.00. Length: 525. Bonus: 0.4922.
Global Step Counter: 1379640
Episode finished. Sum of shaped rewards: 0.00. Length: 525. Bonus: 0.2165.
Global Step Counter: 1389687
Episode finished. Sum of shaped rewards: 0.00. Length: 525. Bonus: 1.1023.
Global Step Counter: 1399572
Episode finished. Sum of shaped rewards: 0.00. Length: 525. Bonus: 1.5028.
Global Step Counter: 1409257
Episode finished. Sum of shaped rewards: 0.00. Length: 525. Bonus: 1.2569.
Global Step Counter: 1419203
Episode finished. Sum of shaped rewards: 0.00. Length: 525. Bonus: 0.5201.
Global Step Counter: 1429203
Episode finished. Sum of shaped rewards: 0.00. Length: 525. Bonus: 0.7576.
Global Step Counter: 1439091
Episode finished. Sum of shaped rewards: 0.00. Length: 525. Bonus: 0.9425.
Global Step Counter: 1449128
Episode finished. Sum of shaped rewards: 0.00. Length: 525. Bonus: 1.6334.
Global Step Counter: 1459453
Episode finished. Sum of shaped rewards: 0.00. Length: 89. Bonus: 0.0928.
Global Step Counter: 1461053
Episode finished. Sum of shaped rewards: 0.00. Length: 525. Bonus: 2.1495.
Global Step Counter: 1471012
Episode finished. Sum of shaped rewards: 0.00. Length: 525. Bonus: 1.5786.
Global Step Counter: 1480967
Episode finished. Sum of shaped rewards: 0.00. Length: 525. Bonus: 0.9841.
Global Step Counter: 1490982
