[2018-05-20 21:31:05,848] Writing logs to file: /tmp/universe-10041.log
I tensorflow/core/distributed_runtime/rpc/grpc_channel.cc:197] Initialize GrpcChannelCache for job ps -> {0 -> 127.0.0.1:12222}
I tensorflow/core/distributed_runtime/rpc/grpc_channel.cc:197] Initialize GrpcChannelCache for job worker -> {0 -> 127.0.0.1:12223, 1 -> 127.0.0.1:12224, 2 -> 127.0.0.1:12225, 3 -> 127.0.0.1:12226, 4 -> 127.0.0.1:12227, 5 -> 127.0.0.1:12228, 6 -> 127.0.0.1:12229, 7 -> 127.0.0.1:12230, 8 -> 127.0.0.1:12231, 9 -> 127.0.0.1:12232, 10 -> 127.0.0.1:12233, 11 -> 127.0.0.1:12234, 12 -> localhost:12235, 13 -> 127.0.0.1:12236, 14 -> 127.0.0.1:12237, 15 -> 127.0.0.1:12238, 16 -> 127.0.0.1:12239, 17 -> 127.0.0.1:12240, 18 -> 127.0.0.1:12241, 19 -> 127.0.0.1:12242}
I tensorflow/core/distributed_runtime/rpc/grpc_server_lib.cc:211] Started server with target: grpc://localhost:12235
[2018-05-20 21:33:05,973] Making new env: ppaquette/DoomMyWayHome-v0
[2018-05-20 21:33:10,637] Trainable vars:
[2018-05-20 21:33:10,637]   global/l1/W:0 (3, 3, 4, 32)
[2018-05-20 21:33:10,637]   global/l1/b:0 (1, 1, 1, 32)
[2018-05-20 21:33:10,638]   global/l2/W:0 (3, 3, 32, 32)
[2018-05-20 21:33:10,638]   global/l2/b:0 (1, 1, 1, 32)
[2018-05-20 21:33:10,638]   global/l3/W:0 (3, 3, 32, 32)
[2018-05-20 21:33:10,638]   global/l3/b:0 (1, 1, 1, 32)
[2018-05-20 21:33:10,638]   global/l4/W:0 (3, 3, 32, 32)
[2018-05-20 21:33:10,638]   global/l4/b:0 (1, 1, 1, 32)
[2018-05-20 21:33:10,638]   global/RNN/BasicLSTMCell/Linear/Matrix:0 (544, 1024)
[2018-05-20 21:33:10,638]   global/RNN/BasicLSTMCell/Linear/Bias:0 (1024,)
[2018-05-20 21:33:10,638]   global/value/w:0 (256, 1)
[2018-05-20 21:33:10,638]   global/value/b:0 (1,)
[2018-05-20 21:33:10,638]   global/action/w:0 (256, 4)
[2018-05-20 21:33:10,639]   global/action/b:0 (4,)
[2018-05-20 21:33:10,639]   global/predictor/l1/W:0 (3, 3, 4, 32)
[2018-05-20 21:33:10,639]   global/predictor/l1/b:0 (1, 1, 1, 32)
[2018-05-20 21:33:10,639]   global/predictor/l2/W:0 (3, 3, 32, 32)
[2018-05-20 21:33:10,639]   global/predictor/l2/b:0 (1, 1, 1, 32)
[2018-05-20 21:33:10,639]   global/predictor/l3/W:0 (3, 3, 32, 32)
[2018-05-20 21:33:10,639]   global/predictor/l3/b:0 (1, 1, 1, 32)
[2018-05-20 21:33:10,639]   global/predictor/l4/W:0 (3, 3, 32, 32)
[2018-05-20 21:33:10,639]   global/predictor/l4/b:0 (1, 1, 1, 32)
[2018-05-20 21:33:10,639]   global/predictor/g1/w:0 (576, 256)
[2018-05-20 21:33:10,639]   global/predictor/g1/b:0 (256,)
[2018-05-20 21:33:10,639]   global/predictor/glast/w:0 (256, 4)
[2018-05-20 21:33:10,640]   global/predictor/glast/b:0 (4,)
[2018-05-20 21:33:10,640]   global/predictor/f1/w:0 (292, 256)
[2018-05-20 21:33:10,640]   global/predictor/f1/b:0 (256,)
[2018-05-20 21:33:10,640]   global/predictor/flast/w:0 (256, 288)
[2018-05-20 21:33:10,640]   global/predictor/flast/b:0 (288,)
[2018-05-20 21:33:10,640]   local/l1/W:0 (3, 3, 4, 32)
[2018-05-20 21:33:10,640]   local/l1/b:0 (1, 1, 1, 32)
[2018-05-20 21:33:10,640]   local/l2/W:0 (3, 3, 32, 32)
[2018-05-20 21:33:10,640]   local/l2/b:0 (1, 1, 1, 32)
[2018-05-20 21:33:10,640]   local/l3/W:0 (3, 3, 32, 32)
[2018-05-20 21:33:10,641]   local/l3/b:0 (1, 1, 1, 32)
[2018-05-20 21:33:10,641]   local/l4/W:0 (3, 3, 32, 32)
[2018-05-20 21:33:10,641]   local/l4/b:0 (1, 1, 1, 32)
[2018-05-20 21:33:10,641]   local/RNN/BasicLSTMCell/Linear/Matrix:0 (544, 1024)
[2018-05-20 21:33:10,641]   local/RNN/BasicLSTMCell/Linear/Bias:0 (1024,)
[2018-05-20 21:33:10,641]   local/value/w:0 (256, 1)
[2018-05-20 21:33:10,641]   local/value/b:0 (1,)
[2018-05-20 21:33:10,641]   local/action/w:0 (256, 4)
[2018-05-20 21:33:10,642]   local/action/b:0 (4,)
[2018-05-20 21:33:10,642]   local/predictor/l1/W:0 (3, 3, 4, 32)
[2018-05-20 21:33:10,642]   local/predictor/l1/b:0 (1, 1, 1, 32)
[2018-05-20 21:33:10,642]   local/predictor/l2/W:0 (3, 3, 32, 32)
[2018-05-20 21:33:10,642]   local/predictor/l2/b:0 (1, 1, 1, 32)
[2018-05-20 21:33:10,642]   local/predictor/l3/W:0 (3, 3, 32, 32)
[2018-05-20 21:33:10,642]   local/predictor/l3/b:0 (1, 1, 1, 32)
[2018-05-20 21:33:10,642]   local/predictor/l4/W:0 (3, 3, 32, 32)
[2018-05-20 21:33:10,642]   local/predictor/l4/b:0 (1, 1, 1, 32)
[2018-05-20 21:33:10,643]   local/predictor/g1/w:0 (576, 256)
[2018-05-20 21:33:10,643]   local/predictor/g1/b:0 (256,)
[2018-05-20 21:33:10,643]   local/predictor/glast/w:0 (256, 4)
[2018-05-20 21:33:10,643]   local/predictor/glast/b:0 (4,)
[2018-05-20 21:33:10,643]   local/predictor/f1/w:0 (292, 256)
[2018-05-20 21:33:10,643]   local/predictor/f1/b:0 (256,)
[2018-05-20 21:33:10,643]   local/predictor/flast/w:0 (256, 288)
[2018-05-20 21:33:10,643]   local/predictor/flast/b:0 (288,)
[2018-05-20 21:33:10,646] Events directory: /scratch/doomicm/train_12
[2018-05-20 21:33:12,852] Starting session. If this hangs, we're mostly likely waiting to connect to the parameter server. One common cause is that the parameter server DNS name isn't resolving yet, or is misspecified.
I tensorflow/core/distributed_runtime/master_session.cc:993] Start master session 84eb9154c10d05ad with config: 
device_filters: "/job:ps"
device_filters: "/job:worker/task:12/cpu:0"

[2018-05-20 21:33:13,978] Called reset on <Unvectorize<VectorizeFilter[<class 'envs.DiagnosticsInfoI'>]<Vectorize<SkipEnv<BufferedObsEnv<NoNegativeRewardEnv<SetPlayingModeWrapper<SetResolutionWrapper<ToDiscreteWrapper<TimeLimit<DoomMyWayHomeEnv instance>>>>>>>>>>> before configuring. Configuring automatically with default arguments
[2018-05-20 21:33:14,341] Starting training at gobal_step=38718
[2018-05-20 21:33:14,345] Resetting environment logs
[2018-05-20 21:33:27,489] True Game terminating: env_episode_reward=0.0 episode_length=525
[2018-05-20 21:33:27,499] Resetting environment logs
[2018-05-20 21:33:41,244] True Game terminating: env_episode_reward=0.0 episode_length=525
[2018-05-20 21:33:41,254] Resetting environment logs
[2018-05-20 21:33:55,327] True Game terminating: env_episode_reward=0.0 episode_length=525
[2018-05-20 21:33:55,337] Resetting environment logs
[2018-05-20 21:34:10,990] True Game terminating: env_episode_reward=0.0 episode_length=525
[2018-05-20 21:34:11,000] Resetting environment logs
[2018-05-20 21:34:27,284] True Game terminating: env_episode_reward=0.0 episode_length=525
[2018-05-20 21:34:27,295] Resetting environment logs
[2018-05-20 21:34:43,786] True Game terminating: env_episode_reward=0.0 episode_length=525
[2018-05-20 21:34:43,807] Resetting environment logs
[2018-05-20 21:35:00,543] True Game terminating: env_episode_reward=0.0 episode_length=525
[2018-05-20 21:35:00,553] Resetting environment logs
[2018-05-20 21:35:09,661] True Game terminating: env_episode_reward=0.9999 episode_length=297
[2018-05-20 21:35:09,671] Resetting environment logs
[2018-05-20 21:35:26,262] True Game terminating: env_episode_reward=0.0 episode_length=525
[2018-05-20 21:35:26,271] Resetting environment logs
[2018-05-20 21:35:42,624] True Game terminating: env_episode_reward=0.0 episode_length=525
[2018-05-20 21:35:42,634] Resetting environment logs
[2018-05-20 21:35:59,240] True Game terminating: env_episode_reward=0.0 episode_length=525
[2018-05-20 21:35:59,251] Resetting environment logs
[2018-05-20 21:36:15,966] True Game terminating: env_episode_reward=0.0 episode_length=525
[2018-05-20 21:36:15,975] Resetting environment logs
[2018-05-20 21:36:32,221] True Game terminating: env_episode_reward=0.0 episode_length=525
[2018-05-20 21:36:32,231] Resetting environment logs
[2018-05-20 21:36:48,663] True Game terminating: env_episode_reward=0.0 episode_length=525
[2018-05-20 21:36:48,673] Resetting environment logs
[2018-05-20 21:37:05,128] True Game terminating: env_episode_reward=0.0 episode_length=525
[2018-05-20 21:37:05,139] Resetting environment logs
[2018-05-20 21:37:22,054] True Game terminating: env_episode_reward=0.0 episode_length=525
[2018-05-20 21:37:22,063] Resetting environment logs
[2018-05-20 21:37:38,427] True Game terminating: env_episode_reward=0.0 episode_length=525
[2018-05-20 21:37:38,436] Resetting environment logs
[2018-05-20 21:37:55,068] True Game terminating: env_episode_reward=0.0 episode_length=525
[2018-05-20 21:37:55,080] Resetting environment logs
[2018-05-20 21:38:11,432] True Game terminating: env_episode_reward=0.0 episode_length=525
[2018-05-20 21:38:11,445] Resetting environment logs
[2018-05-20 21:38:28,119] True Game terminating: env_episode_reward=0.0 episode_length=525
[2018-05-20 21:38:28,129] Resetting environment logs
[2018-05-20 21:38:44,822] True Game terminating: env_episode_reward=0.0 episode_length=525
[2018-05-20 21:38:44,834] Resetting environment logs
[2018-05-20 21:39:01,448] True Game terminating: env_episode_reward=0.0 episode_length=525
[2018-05-20 21:39:01,457] Resetting environment logs
[2018-05-20 21:39:18,275] True Game terminating: env_episode_reward=0.0 episode_length=525
[2018-05-20 21:39:18,286] Resetting environment logs
[2018-05-20 21:39:34,976] True Game terminating: env_episode_reward=0.0 episode_length=525
[2018-05-20 21:39:34,986] Resetting environment logs
[2018-05-20 21:39:51,663] True Game terminating: env_episode_reward=0.0 episode_length=525
[2018-05-20 21:39:51,672] Resetting environment logs
[2018-05-20 21:40:08,138] True Game terminating: env_episode_reward=0.0 episode_length=525
[2018-05-20 21:40:08,148] Resetting environment logs
[2018-05-20 21:40:11,090] True Game terminating: env_episode_reward=0.9999 episode_length=96
[2018-05-20 21:40:11,102] Resetting environment logs
[2018-05-20 21:40:28,083] True Game terminating: env_episode_reward=0.0 episode_length=525
[2018-05-20 21:40:28,096] Resetting environment logs
[2018-05-20 21:40:44,931] True Game terminating: env_episode_reward=0.0 episode_length=525
[2018-05-20 21:40:44,945] Resetting environment logs
[2018-05-20 21:41:01,118] True Game terminating: env_episode_reward=0.0 episode_length=525
[2018-05-20 21:41:01,130] Resetting environment logs
[2018-05-20 21:41:01,614] True Game terminating: env_episode_reward=0.9999 episode_length=17
[2018-05-20 21:41:01,624] Resetting environment logs
[2018-05-20 21:41:15,698] True Game terminating: env_episode_reward=0.9999 episode_length=446
[2018-05-20 21:41:15,714] Resetting environment logs
[2018-05-20 21:41:32,448] True Game terminating: env_episode_reward=0.0 episode_length=525
[2018-05-20 21:41:32,458] Resetting environment logs
[2018-05-20 21:41:49,131] True Game terminating: env_episode_reward=0.0 episode_length=525
[2018-05-20 21:41:49,142] Resetting environment logs
[2018-05-20 21:42:05,979] True Game terminating: env_episode_reward=0.0 episode_length=525
[2018-05-20 21:42:06,002] Resetting environment logs
[2018-05-20 21:42:22,539] True Game terminating: env_episode_reward=0.0 episode_length=525
[2018-05-20 21:42:22,549] Resetting environment logs
[2018-05-20 21:42:39,077] True Game terminating: env_episode_reward=0.0 episode_length=525
[2018-05-20 21:42:39,106] Resetting environment logs
[2018-05-20 21:42:56,073] True Game terminating: env_episode_reward=0.0 episode_length=525
Using universe head design
Using universe head design
Using universe head design
Using universe head design
Using universe head design
Using universe head design
Optimizer: ADAM with lr: 0.000100
Input observation shape:  (42, 42, 4)
	=> Special Config: Monsters Removed.
Episode finished. Sum of shaped rewards: 0.00. Length: 525. Bonus: 0.1543.
Global Step Counter: 45470
Episode finished. Sum of shaped rewards: 0.00. Length: 525. Bonus: 0.1627.
Global Step Counter: 52654
Episode finished. Sum of shaped rewards: 0.00. Length: 525. Bonus: 0.1866.
Global Step Counter: 60234
Episode finished. Sum of shaped rewards: 0.00. Length: 525. Bonus: 0.4246.
Global Step Counter: 68956
Episode finished. Sum of shaped rewards: 0.00. Length: 525. Bonus: 0.1961.
Global Step Counter: 78226
Episode finished. Sum of shaped rewards: 0.00. Length: 525. Bonus: 0.3815.
Global Step Counter: 88176
Episode finished. Sum of shaped rewards: 0.00. Length: 525. Bonus: 0.3091.
Global Step Counter: 98218
Episode finished. Sum of shaped rewards: 0.00. Length: 297. Bonus: 0.4985.
Global Step Counter: 103715
Episode finished. Sum of shaped rewards: 0.00. Length: 525. Bonus: 0.2295.
Global Step Counter: 113603
Episode finished. Sum of shaped rewards: 0.00. Length: 525. Bonus: 0.1661.
Global Step Counter: 123502
Episode finished. Sum of shaped rewards: 0.00. Length: 525. Bonus: 0.0528.
Global Step Counter: 133595
Episode finished. Sum of shaped rewards: 0.00. Length: 525. Bonus: 1.2170.
Global Step Counter: 143708
Episode finished. Sum of shaped rewards: 0.00. Length: 525. Bonus: 0.4075.
Global Step Counter: 153425
Episode finished. Sum of shaped rewards: 0.00. Length: 525. Bonus: 0.1654.
Global Step Counter: 163391
Episode finished. Sum of shaped rewards: 0.00. Length: 525. Bonus: 0.2731.
Global Step Counter: 173323
Episode finished. Sum of shaped rewards: 0.00. Length: 525. Bonus: 0.0539.
Global Step Counter: 183543
Episode finished. Sum of shaped rewards: 0.00. Length: 525. Bonus: 0.1357.
Global Step Counter: 193226
Episode finished. Sum of shaped rewards: 0.00. Length: 525. Bonus: 1.4934.
Global Step Counter: 203321
Episode finished. Sum of shaped rewards: 0.00. Length: 525. Bonus: 0.3902.
Global Step Counter: 213281
Episode finished. Sum of shaped rewards: 0.00. Length: 525. Bonus: 1.4399.
Global Step Counter: 223262
Episode finished. Sum of shaped rewards: 0.00. Length: 525. Bonus: 1.1977.
Global Step Counter: 233278
Episode finished. Sum of shaped rewards: 0.00. Length: 525. Bonus: 0.2452.
Global Step Counter: 243392
Episode finished. Sum of shaped rewards: 0.00. Length: 525. Bonus: 0.3235.
Global Step Counter: 253499
Episode finished. Sum of shaped rewards: 0.00. Length: 525. Bonus: 1.4968.
Global Step Counter: 263605
Episode finished. Sum of shaped rewards: 0.00. Length: 525. Bonus: 0.0482.
Global Step Counter: 273635
Episode finished. Sum of shaped rewards: 0.00. Length: 525. Bonus: 0.5143.
Global Step Counter: 283601
Episode finished. Sum of shaped rewards: 0.00. Length: 96. Bonus: 0.0458.
Global Step Counter: 285392
Episode finished. Sum of shaped rewards: 0.00. Length: 525. Bonus: 0.3818.
Global Step Counter: 295681
Episode finished. Sum of shaped rewards: 0.00. Length: 525. Bonus: 1.6202.
Global Step Counter: 305684
Episode finished. Sum of shaped rewards: 0.00. Length: 525. Bonus: 0.5475.
Global Step Counter: 315458
Episode finished. Sum of shaped rewards: 0.00. Length: 17. Bonus: 0.0081.
Global Step Counter: 315723
Episode finished. Sum of shaped rewards: 0.00. Length: 446. Bonus: 0.2724.
Global Step Counter: 324289
Episode finished. Sum of shaped rewards: 0.00. Length: 525. Bonus: 0.1500.
Global Step Counter: 334425
Episode finished. Sum of shaped rewards: 0.00. Length: 525. Bonus: 2.2409.
Global Step Counter: 344440
Episode finished. Sum of shaped rewards: 0.00. Length: 525. Bonus: 1.3278.
Global Step Counter: 354674
Episode finished. Sum of shaped rewards: 0.00. Length: 525. Bonus: 1.5773.
Global Step Counter: 364626
Episode finished. Sum of shaped rewards: 0.00. Length: 525. Bonus: 1.6999.
Global Step Counter: 374614
Episode finished. Sum [2018-05-20 21:42:56,083] Resetting environment logs
[2018-05-20 21:43:12,486] True Game terminating: env_episode_reward=0.0 episode_length=525
[2018-05-20 21:43:12,495] Resetting environment logs
[2018-05-20 21:43:28,962] True Game terminating: env_episode_reward=0.0 episode_length=525
[2018-05-20 21:43:28,973] Resetting environment logs
[2018-05-20 21:43:44,949] True Game terminating: env_episode_reward=0.0 episode_length=525
[2018-05-20 21:43:44,960] Resetting environment logs
[2018-05-20 21:44:01,791] True Game terminating: env_episode_reward=0.0 episode_length=525
[2018-05-20 21:44:01,822] Resetting environment logs
[2018-05-20 21:44:18,063] True Game terminating: env_episode_reward=0.0 episode_length=525
[2018-05-20 21:44:18,074] Resetting environment logs
[2018-05-20 21:44:34,632] True Game terminating: env_episode_reward=0.0 episode_length=525
[2018-05-20 21:44:34,642] Resetting environment logs
[2018-05-20 21:44:51,127] True Game terminating: env_episode_reward=0.0 episode_length=525
[2018-05-20 21:44:51,136] Resetting environment logs
[2018-05-20 21:45:07,935] True Game terminating: env_episode_reward=0.0 episode_length=525
[2018-05-20 21:45:07,947] Resetting environment logs
[2018-05-20 21:45:24,250] True Game terminating: env_episode_reward=0.0 episode_length=525
[2018-05-20 21:45:24,259] Resetting environment logs
[2018-05-20 21:45:41,061] True Game terminating: env_episode_reward=0.0 episode_length=525
[2018-05-20 21:45:41,073] Resetting environment logs
[2018-05-20 21:45:57,666] True Game terminating: env_episode_reward=0.0 episode_length=525
[2018-05-20 21:45:57,699] Resetting environment logs
[2018-05-20 21:46:14,730] True Game terminating: env_episode_reward=0.0 episode_length=525
[2018-05-20 21:46:14,740] Resetting environment logs
[2018-05-20 21:46:31,163] True Game terminating: env_episode_reward=0.0 episode_length=525
[2018-05-20 21:46:31,173] Resetting environment logs
[2018-05-20 21:46:48,027] True Game terminating: env_episode_reward=0.0 episode_length=525
[2018-05-20 21:46:48,036] Resetting environment logs
[2018-05-20 21:47:04,378] True Game terminating: env_episode_reward=0.0 episode_length=525
[2018-05-20 21:47:04,389] Resetting environment logs
[2018-05-20 21:47:21,023] True Game terminating: env_episode_reward=0.0 episode_length=525
[2018-05-20 21:47:21,034] Resetting environment logs
[2018-05-20 21:47:37,400] True Game terminating: env_episode_reward=0.0 episode_length=525
[2018-05-20 21:47:37,409] Resetting environment logs
[2018-05-20 21:47:54,098] True Game terminating: env_episode_reward=0.0 episode_length=525
[2018-05-20 21:47:54,107] Resetting environment logs
[2018-05-20 21:48:10,449] True Game terminating: env_episode_reward=0.0 episode_length=525
[2018-05-20 21:48:10,460] Resetting environment logs
[2018-05-20 21:48:27,177] True Game terminating: env_episode_reward=0.0 episode_length=525
[2018-05-20 21:48:27,187] Resetting environment logs
[2018-05-20 21:48:43,663] True Game terminating: env_episode_reward=0.0 episode_length=525
[2018-05-20 21:48:43,674] Resetting environment logs
[2018-05-20 21:49:00,217] True Game terminating: env_episode_reward=0.0 episode_length=525
[2018-05-20 21:49:00,226] Resetting environment logs
[2018-05-20 21:49:16,835] True Game terminating: env_episode_reward=0.0 episode_length=525
[2018-05-20 21:49:16,845] Resetting environment logs
[2018-05-20 21:49:33,522] True Game terminating: env_episode_reward=0.0 episode_length=525
[2018-05-20 21:49:33,542] Resetting environment logs
[2018-05-20 21:49:50,274] True Game terminating: env_episode_reward=0.0 episode_length=525
[2018-05-20 21:49:50,294] Resetting environment logs
[2018-05-20 21:49:50,609] True Game terminating: env_episode_reward=0.9999 episode_length=12
[2018-05-20 21:49:50,630] Resetting environment logs
[2018-05-20 21:50:06,932] True Game terminating: env_episode_reward=0.0 episode_length=525
[2018-05-20 21:50:06,951] Resetting environment logs
[2018-05-20 21:50:23,434] True Game terminating: env_episode_reward=0.0 episode_length=525
[2018-05-20 21:50:23,444] Resetting environment logs
[2018-05-20 21:50:40,098] True Game terminating: env_episode_reward=0.0 episode_length=525
[2018-05-20 21:50:40,110] Resetting environment logs
[2018-05-20 21:50:56,663] True Game terminating: env_episode_reward=0.0 episode_length=525
[2018-05-20 21:50:56,673] Resetting environment logs
[2018-05-20 21:51:13,393] True Game terminating: env_episode_reward=0.0 episode_length=525
[2018-05-20 21:51:13,416] Resetting environment logs
[2018-05-20 21:51:29,611] True Game terminating: env_episode_reward=0.0 episode_length=525
[2018-05-20 21:51:29,620] Resetting environment logs
[2018-05-20 21:51:46,405] True Game terminating: env_episode_reward=0.0 episode_length=525
[2018-05-20 21:51:46,417] Resetting environment logs
[2018-05-20 21:52:03,070] True Game terminating: env_episode_reward=0.0 episode_length=525
[2018-05-20 21:52:03,079] Resetting environment logs
[2018-05-20 21:52:19,802] True Game terminating: env_episode_reward=0.0 episode_length=525
[2018-05-20 21:52:19,814] Resetting environment logs
[2018-05-20 21:52:36,153] True Game terminating: env_episode_reward=0.0 episode_length=525
[2018-05-20 21:52:36,162] Resetting environment logs
[2018-05-20 21:52:52,730] True Game terminating: env_episode_reward=0.0 episode_length=525
[2018-05-20 21:52:52,739] Resetting environment logs
[2018-05-20 21:53:08,825] True Game terminating: env_episode_reward=0.0 episode_length=525
[2018-05-20 21:53:08,846] Resetting environment logs
[2018-05-20 21:53:26,037] True Game terminating: env_episode_reward=0.0 episode_length=525
[2018-05-20 21:53:26,049] Resetting environment logs
of shaped rewards: 0.00. Length: 525. Bonus: 1.3118.
Global Step Counter: 384782
Episode finished. Sum of shaped rewards: 0.00. Length: 525. Bonus: 1.1945.
Global Step Counter: 394708
Episode finished. Sum of shaped rewards: 0.00. Length: 525. Bonus: 0.5801.
Global Step Counter: 404703
Episode finished. Sum of shaped rewards: 0.00. Length: 525. Bonus: 0.0439.
Global Step Counter: 414466
Episode finished. Sum of shaped rewards: 0.00. Length: 525. Bonus: 0.3688.
Global Step Counter: 424598
Episode finished. Sum of shaped rewards: 0.00. Length: 525. Bonus: 0.1856.
Global Step Counter: 434410
Episode finished. Sum of shaped rewards: 0.00. Length: 525. Bonus: 0.3619.
Global Step Counter: 444410
Episode finished. Sum of shaped rewards: 0.00. Length: 525. Bonus: 0.1443.
Global Step Counter: 454432
Episode finished. Sum of shaped rewards: 0.00. Length: 525. Bonus: 0.3812.
Global Step Counter: 464509
Episode finished. Sum of shaped rewards: 0.00. Length: 525. Bonus: 0.1195.
Global Step Counter: 474375
Episode finished. Sum of shaped rewards: 0.00. Length: 525. Bonus: 0.1290.
Global Step Counter: 484458
Episode finished. Sum of shaped rewards: 0.00. Length: 525. Bonus: 0.4225.
Global Step Counter: 494606
Episode finished. Sum of shaped rewards: 0.00. Length: 525. Bonus: 1.9909.
Global Step Counter: 504698
Episode finished. Sum of shaped rewards: 0.00. Length: 525. Bonus: 0.6921.
Global Step Counter: 514682
Episode finished. Sum of shaped rewards: 0.00. Length: 525. Bonus: 0.8132.
Global Step Counter: 524891
Episode finished. Sum of shaped rewards: 0.00. Length: 525. Bonus: 2.7335.
Global Step Counter: 534761
Episode finished. Sum of shaped rewards: 0.00. Length: 525. Bonus: 0.5228.
Global Step Counter: 544736
Episode finished. Sum of shaped rewards: 0.00. Length: 525. Bonus: 2.1016.
Global Step Counter: 554672
Episode finished. Sum of shaped rewards: 0.00. Length: 525. Bonus: 0.2759.
Global Step Counter: 564785
Episode finished. Sum of shaped rewards: 0.00. Length: 525. Bonus: 1.5159.
Global Step Counter: 574571
Episode finished. Sum of shaped rewards: 0.00. Length: 525. Bonus: 1.4913.
Global Step Counter: 584581
Episode finished. Sum of shaped rewards: 0.00. Length: 525. Bonus: 1.2783.
Global Step Counter: 594568
Episode finished. Sum of shaped rewards: 0.00. Length: 525. Bonus: 0.1788.
Global Step Counter: 604568
Episode finished. Sum of shaped rewards: 0.00. Length: 525. Bonus: 0.6647.
Global Step Counter: 614543
Episode finished. Sum of shaped rewards: 0.00. Length: 525. Bonus: 0.3880.
Global Step Counter: 624538
Episode finished. Sum of shaped rewards: 0.00. Length: 525. Bonus: 0.0549.
Global Step Counter: 634784
Episode finished. Sum of shaped rewards: 0.00. Length: 12. Bonus: 0.0098.
Global Step Counter: 634961
Episode finished. Sum of shaped rewards: 0.00. Length: 525. Bonus: 1.6777.
Global Step Counter: 644785
Episode finished. Sum of shaped rewards: 0.00. Length: 525. Bonus: 0.3920.
Global Step Counter: 654746
Episode finished. Sum of shaped rewards: 0.00. Length: 525. Bonus: 0.7953.
Global Step Counter: 664802
Episode finished. Sum of shaped rewards: 0.00. Length: 525. Bonus: 0.5563.
Global Step Counter: 674797
Episode finished. Sum of shaped rewards: 0.00. Length: 525. Bonus: 0.4563.
Global Step Counter: 684966
Episode finished. Sum of shaped rewards: 0.00. Length: 525. Bonus: 0.4920.
Global Step Counter: 694786
Episode finished. Sum of shaped rewards: 0.00. Length: 525. Bonus: 0.9688.
Global Step Counter: 704846
Episode finished. Sum of shaped rewards: 0.00. Length: 525. Bonus: 2.3273.
Global Step Counter: 714832
Episode finished. Sum of shaped rewards: 0.00. Length: 525. Bonus: 0.9118.
Global Step Counter: 724954
Episode finished. Sum of shaped rewards: 0.00. Length: 525. Bonus: 0.7050.
Global Step Counter: 734823
Episode finished. Sum of shaped rewards: 0.00. Length: 525. Bonus: 0.6562.
Global Step Counter: 744764
Episode finished. Sum of shaped rewards: 0.00. Length: 525. Bonus: 0.4859.
Global Step Counter: 754478
Episode finished. Sum of shaped rewards: 0.00. Length: 525. Bonus: 0.4248.
Global Step Counter: 764861[2018-05-20 21:53:42,471] True Game terminating: env_episode_reward=0.0 episode_length=525
[2018-05-20 21:53:42,486] Resetting environment logs
[2018-05-20 21:53:59,301] True Game terminating: env_episode_reward=0.0 episode_length=525
[2018-05-20 21:53:59,313] Resetting environment logs
[2018-05-20 21:54:15,939] True Game terminating: env_episode_reward=0.0 episode_length=525
[2018-05-20 21:54:15,953] Resetting environment logs
[2018-05-20 21:54:32,054] True Game terminating: env_episode_reward=0.0 episode_length=525
[2018-05-20 21:54:32,064] Resetting environment logs
[2018-05-20 21:54:49,346] True Game terminating: env_episode_reward=0.0 episode_length=525
[2018-05-20 21:54:49,356] Resetting environment logs
[2018-05-20 21:55:05,814] True Game terminating: env_episode_reward=0.0 episode_length=525
[2018-05-20 21:55:05,824] Resetting environment logs
[2018-05-20 21:55:22,317] True Game terminating: env_episode_reward=0.0 episode_length=525
[2018-05-20 21:55:22,328] Resetting environment logs
[2018-05-20 21:55:38,989] True Game terminating: env_episode_reward=0.0 episode_length=525
[2018-05-20 21:55:38,998] Resetting environment logs
[2018-05-20 21:55:55,660] True Game terminating: env_episode_reward=0.0 episode_length=525
[2018-05-20 21:55:55,669] Resetting environment logs
[2018-05-20 21:56:12,117] True Game terminating: env_episode_reward=0.0 episode_length=525
[2018-05-20 21:56:12,128] Resetting environment logs
[2018-05-20 21:56:28,164] True Game terminating: env_episode_reward=0.0 episode_length=525
[2018-05-20 21:56:28,174] Resetting environment logs
[2018-05-20 21:56:44,382] True Game terminating: env_episode_reward=0.0 episode_length=525
[2018-05-20 21:56:44,392] Resetting environment logs
[2018-05-20 21:57:01,387] True Game terminating: env_episode_reward=0.0 episode_length=525
[2018-05-20 21:57:01,397] Resetting environment logs
[2018-05-20 21:57:18,105] True Game terminating: env_episode_reward=0.0 episode_length=525
[2018-05-20 21:57:18,113] Resetting environment logs
[2018-05-20 21:57:34,697] True Game terminating: env_episode_reward=0.0 episode_length=525
[2018-05-20 21:57:34,707] Resetting environment logs
[2018-05-20 21:57:51,362] True Game terminating: env_episode_reward=0.0 episode_length=525
[2018-05-20 21:57:51,378] Resetting environment logs
[2018-05-20 21:58:07,896] True Game terminating: env_episode_reward=0.0 episode_length=525
[2018-05-20 21:58:07,907] Resetting environment logs
[2018-05-20 21:58:24,616] True Game terminating: env_episode_reward=0.0 episode_length=525
[2018-05-20 21:58:24,637] Resetting environment logs
[2018-05-20 21:58:41,398] True Game terminating: env_episode_reward=0.0 episode_length=525
[2018-05-20 21:58:41,411] Resetting environment logs
[2018-05-20 21:58:57,968] True Game terminating: env_episode_reward=0.0 episode_length=525
[2018-05-20 21:58:57,978] Resetting environment logs
[2018-05-20 21:59:14,322] True Game terminating: env_episode_reward=0.0 episode_length=525
[2018-05-20 21:59:14,332] Resetting environment logs
[2018-05-20 21:59:30,495] True Game terminating: env_episode_reward=0.0 episode_length=525
[2018-05-20 21:59:30,505] Resetting environment logs
[2018-05-20 21:59:46,761] True Game terminating: env_episode_reward=0.0 episode_length=525
[2018-05-20 21:59:46,771] Resetting environment logs
[2018-05-20 22:00:03,481] True Game terminating: env_episode_reward=0.0 episode_length=525
[2018-05-20 22:00:03,491] Resetting environment logs
[2018-05-20 22:00:20,192] True Game terminating: env_episode_reward=0.0 episode_length=525
[2018-05-20 22:00:20,202] Resetting environment logs
[2018-05-20 22:00:36,732] True Game terminating: env_episode_reward=0.0 episode_length=525
[2018-05-20 22:00:36,741] Resetting environment logs
[2018-05-20 22:00:53,252] True Game terminating: env_episode_reward=0.0 episode_length=525
[2018-05-20 22:00:53,261] Resetting environment logs
[2018-05-20 22:01:09,519] True Game terminating: env_episode_reward=0.0 episode_length=525
[2018-05-20 22:01:09,529] Resetting environment logs
[2018-05-20 22:01:26,397] True Game terminating: env_episode_reward=0.0 episode_length=525
[2018-05-20 22:01:26,406] Resetting environment logs
[2018-05-20 22:01:42,962] True Game terminating: env_episode_reward=0.0 episode_length=525
[2018-05-20 22:01:42,975] Resetting environment logs
[2018-05-20 22:01:59,801] True Game terminating: env_episode_reward=0.0 episode_length=525
[2018-05-20 22:01:59,815] Resetting environment logs
[2018-05-20 22:02:16,225] True Game terminating: env_episode_reward=0.0 episode_length=525
[2018-05-20 22:02:16,235] Resetting environment logs
[2018-05-20 22:02:25,628] True Game terminating: env_episode_reward=0.9999 episode_length=297
[2018-05-20 22:02:25,638] Resetting environment logs
[2018-05-20 22:02:42,377] True Game terminating: env_episode_reward=0.0 episode_length=525
[2018-05-20 22:02:42,387] Resetting environment logs
[2018-05-20 22:02:58,849] True Game terminating: env_episode_reward=0.0 episode_length=525
[2018-05-20 22:02:58,859] Resetting environment logs
[2018-05-20 22:03:15,317] True Game terminating: env_episode_reward=0.0 episode_length=525
[2018-05-20 22:03:15,328] Resetting environment logs
[2018-05-20 22:03:32,053] True Game terminating: env_episode_reward=0.0 episode_length=525
[2018-05-20 22:03:32,063] Resetting environment logs
[2018-05-20 22:03:48,472] True Game terminating: env_episode_reward=0.0 episode_length=525
[2018-05-20 22:03:48,485] Resetting environment logs
[2018-05-20 22:04:05,375] True Game terminating: env_episode_reward=0.0 episode_length=525
[2018-05-20 22:04:05,386] Resetting environment logs
[2018-05-20 22:04:21,953] True Game terminating: env_episode_reward=0.0 episode_length=525

Episode finished. Sum of shaped rewards: 0.00. Length: 525. Bonus: 2.2299.
Global Step Counter: 774816
Episode finished. Sum of shaped rewards: 0.00. Length: 525. Bonus: 0.1912.
Global Step Counter: 784973
Episode finished. Sum of shaped rewards: 0.00. Length: 525. Bonus: 1.8724.
Global Step Counter: 795093
Episode finished. Sum of shaped rewards: 0.00. Length: 525. Bonus: 0.2591.
Global Step Counter: 804852
Episode finished. Sum of shaped rewards: 0.00. Length: 525. Bonus: 1.0497.
Global Step Counter: 815202
Episode finished. Sum of shaped rewards: 0.00. Length: 525. Bonus: 0.5100.
Global Step Counter: 825217
Episode finished. Sum of shaped rewards: 0.00. Length: 525. Bonus: 1.4767.
Global Step Counter: 835170
Episode finished. Sum of shaped rewards: 0.00. Length: 525. Bonus: 0.4803.
Global Step Counter: 845215
Episode finished. Sum of shaped rewards: 0.00. Length: 525. Bonus: 0.4628.
Global Step Counter: 855155
Episode finished. Sum of shaped rewards: 0.00. Length: 525. Bonus: 0.9301.
Global Step Counter: 865105
Episode finished. Sum of shaped rewards: 0.00. Length: 525. Bonus: 1.1442.
Global Step Counter: 874845
Episode finished. Sum of shaped rewards: 0.00. Length: 525. Bonus: 2.2529.
Global Step Counter: 884639
Episode finished. Sum of shaped rewards: 0.00. Length: 525. Bonus: 0.2874.
Global Step Counter: 894822
Episode finished. Sum of shaped rewards: 0.00. Length: 525. Bonus: 0.4752.
Global Step Counter: 904902
Episode finished. Sum of shaped rewards: 0.00. Length: 525. Bonus: 0.3666.
Global Step Counter: 914917
Episode finished. Sum of shaped rewards: 0.00. Length: 525. Bonus: 0.6401.
Global Step Counter: 925027
Episode finished. Sum of shaped rewards: 0.00. Length: 525. Bonus: 1.4513.
Global Step Counter: 934921
Episode finished. Sum of shaped rewards: 0.00. Length: 525. Bonus: 0.6291.
Global Step Counter: 945073
Episode finished. Sum of shaped rewards: 0.00. Length: 525. Bonus: 0.2873.
Global Step Counter: 955193
Episode finished. Sum of shaped rewards: 0.00. Length: 525. Bonus: 0.7527.
Global Step Counter: 965168
Episode finished. Sum of shaped rewards: 0.00. Length: 525. Bonus: 0.7921.
Global Step Counter: 975023
Episode finished. Sum of shaped rewards: 0.00. Length: 525. Bonus: 0.4697.
Global Step Counter: 984785
Episode finished. Sum of shaped rewards: 0.00. Length: 525. Bonus: 0.4199.
Global Step Counter: 994645
Episode finished. Sum of shaped rewards: 0.00. Length: 525. Bonus: 1.2273.
Global Step Counter: 1004801
Episode finished. Sum of shaped rewards: 0.00. Length: 525. Bonus: 0.7035.
Global Step Counter: 1014839
Episode finished. Sum of shaped rewards: 0.00. Length: 525. Bonus: 0.6380.
Global Step Counter: 1024742
Episode finished. Sum of shaped rewards: 0.00. Length: 525. Bonus: 0.9043.
Global Step Counter: 1034662
Episode finished. Sum of shaped rewards: 0.00. Length: 525. Bonus: 0.3362.
Global Step Counter: 1044512
Episode finished. Sum of shaped rewards: 0.00. Length: 525. Bonus: 0.5064.
Global Step Counter: 1054470
Episode finished. Sum of shaped rewards: 0.00. Length: 525. Bonus: 1.2015.
Global Step Counter: 1064525
Episode finished. Sum of shaped rewards: 0.00. Length: 525. Bonus: 1.2789.
Global Step Counter: 1074772
Episode finished. Sum of shaped rewards: 0.00. Length: 525. Bonus: 1.2510.
Global Step Counter: 1084672
Episode finished. Sum of shaped rewards: 0.00. Length: 297. Bonus: 0.3781.
Global Step Counter: 1090217
Episode finished. Sum of shaped rewards: 0.00. Length: 525. Bonus: 0.2553.
Global Step Counter: 1100361
Episode finished. Sum of shaped rewards: 0.00. Length: 525. Bonus: 1.0952.
Global Step Counter: 1110256
Episode finished. Sum of shaped rewards: 0.00. Length: 525. Bonus: 0.3427.
Global Step Counter: 1120228
Episode finished. Sum of shaped rewards: 0.00. Length: 525. Bonus: 1.9766.
Global Step Counter: 1130224
Episode finished. Sum of shaped rewards: 0.00. Length: 525. Bonus: 1.3540.
Global Step Counter: 1140212
Episode finished. Sum of shaped rewards: 0.00. Length: 525. Bonus: 1.4175.
Global Step Counter: 1150477
Episode finished. Sum of shaped rewards: 0.00. Length: 525. Bo[2018-05-20 22:04:21,962] Resetting environment logs
[2018-05-20 22:04:38,583] True Game terminating: env_episode_reward=0.0 episode_length=525
[2018-05-20 22:04:38,595] Resetting environment logs
[2018-05-20 22:04:53,308] True Game terminating: env_episode_reward=0.9999 episode_length=467
[2018-05-20 22:04:53,320] Resetting environment logs
[2018-05-20 22:05:09,994] True Game terminating: env_episode_reward=0.0 episode_length=525
[2018-05-20 22:05:10,005] Resetting environment logs
[2018-05-20 22:05:26,935] True Game terminating: env_episode_reward=0.0 episode_length=525
[2018-05-20 22:05:26,947] Resetting environment logs
[2018-05-20 22:05:43,401] True Game terminating: env_episode_reward=0.0 episode_length=525
[2018-05-20 22:05:43,412] Resetting environment logs
[2018-05-20 22:06:00,011] True Game terminating: env_episode_reward=0.0 episode_length=525
[2018-05-20 22:06:00,022] Resetting environment logs
[2018-05-20 22:06:16,753] True Game terminating: env_episode_reward=0.0 episode_length=525
[2018-05-20 22:06:16,762] Resetting environment logs
[2018-05-20 22:06:33,280] True Game terminating: env_episode_reward=0.0 episode_length=525
[2018-05-20 22:06:33,293] Resetting environment logs
[2018-05-20 22:06:49,856] True Game terminating: env_episode_reward=0.0 episode_length=525
[2018-05-20 22:06:49,866] Resetting environment logs
[2018-05-20 22:07:06,559] True Game terminating: env_episode_reward=0.0 episode_length=525
[2018-05-20 22:07:06,573] Resetting environment logs
[2018-05-20 22:07:22,668] True Game terminating: env_episode_reward=0.0 episode_length=525
[2018-05-20 22:07:22,679] Resetting environment logs
[2018-05-20 22:07:38,920] True Game terminating: env_episode_reward=0.0 episode_length=525
[2018-05-20 22:07:38,930] Resetting environment logs
[2018-05-20 22:07:55,889] True Game terminating: env_episode_reward=0.0 episode_length=525
[2018-05-20 22:07:55,898] Resetting environment logs
[2018-05-20 22:08:12,323] True Game terminating: env_episode_reward=0.0 episode_length=525
[2018-05-20 22:08:12,334] Resetting environment logs
[2018-05-20 22:08:28,878] True Game terminating: env_episode_reward=0.0 episode_length=525
[2018-05-20 22:08:28,891] Resetting environment logs
[2018-05-20 22:08:45,472] True Game terminating: env_episode_reward=0.0 episode_length=525
[2018-05-20 22:08:45,481] Resetting environment logs
[2018-05-20 22:09:02,169] True Game terminating: env_episode_reward=0.0 episode_length=525
[2018-05-20 22:09:02,179] Resetting environment logs
[2018-05-20 22:09:18,578] True Game terminating: env_episode_reward=0.0 episode_length=525
[2018-05-20 22:09:18,596] Resetting environment logs
[2018-05-20 22:09:35,051] True Game terminating: env_episode_reward=0.0 episode_length=525
[2018-05-20 22:09:35,060] Resetting environment logs
[2018-05-20 22:09:51,443] True Game terminating: env_episode_reward=0.0 episode_length=525
[2018-05-20 22:09:51,452] Resetting environment logs
[2018-05-20 22:10:07,880] True Game terminating: env_episode_reward=0.0 episode_length=525
[2018-05-20 22:10:07,890] Resetting environment logs
[2018-05-20 22:10:24,519] True Game terminating: env_episode_reward=0.0 episode_length=525
[2018-05-20 22:10:24,539] Resetting environment logs
[2018-05-20 22:10:40,759] True Game terminating: env_episode_reward=0.0 episode_length=525
[2018-05-20 22:10:40,770] Resetting environment logs
[2018-05-20 22:10:56,925] True Game terminating: env_episode_reward=0.0 episode_length=525
[2018-05-20 22:10:56,935] Resetting environment logs
[2018-05-20 22:11:13,586] True Game terminating: env_episode_reward=0.0 episode_length=525
[2018-05-20 22:11:13,599] Resetting environment logs
[2018-05-20 22:11:29,839] True Game terminating: env_episode_reward=0.0 episode_length=525
[2018-05-20 22:11:29,850] Resetting environment logs
[2018-05-20 22:11:46,469] True Game terminating: env_episode_reward=0.0 episode_length=525
[2018-05-20 22:11:46,481] Resetting environment logs
[2018-05-20 22:12:03,249] True Game terminating: env_episode_reward=0.0 episode_length=525
[2018-05-20 22:12:03,259] Resetting environment logs
[2018-05-20 22:12:20,025] True Game terminating: env_episode_reward=0.0 episode_length=525
[2018-05-20 22:12:20,046] Resetting environment logs
[2018-05-20 22:12:30,299] True Game terminating: env_episode_reward=0.9999 episode_length=335
[2018-05-20 22:12:30,310] Resetting environment logs
[2018-05-20 22:12:46,731] True Game terminating: env_episode_reward=0.0 episode_length=525
[2018-05-20 22:12:46,740] Resetting environment logs
[2018-05-20 22:13:03,221] True Game terminating: env_episode_reward=0.0 episode_length=525
[2018-05-20 22:13:03,232] Resetting environment logs
[2018-05-20 22:13:20,331] True Game terminating: env_episode_reward=0.0 episode_length=525
[2018-05-20 22:13:20,340] Resetting environment logs
[2018-05-20 22:13:36,962] True Game terminating: env_episode_reward=0.0 episode_length=525
[2018-05-20 22:13:36,972] Resetting environment logs
Exception in thread Thread-1:
Traceback (most recent call last):
  File "/usr/lib/python2.7/threading.py", line 801, in __bootstrap_inner
    self.run()
  File "/home/verma_rohil/noreward-rl/src/a3c.py", line 135, in run
    self._run()
  File "/home/verma_rohil/noreward-rl/src/a3c.py", line 146, in _run
    self.queue.put(next(rollout_provider), timeout=600.0)
  File "/home/verma_rohil/noreward-rl/src/a3c.py", line 228, in env_runner
    summary_writer.add_summary(summary, policy.global_step.eval())
  File "/home/verma_rohil/noreward-rl/curiosity/local/lib/python2.7/site-packages/tensorflow/python/ops/variables.py", line 515, in eval
    return self._variable.eval(session=session)
  File "/home/verma_rohil/noreward-rl/curiosity/local/lib/python2.7/site-packages/tensorflow/python/framework/ops.py", line 575, in eval
    return _eval_using_default_session(self, feed_dict, self.graph, session)
  File "/home/verma_rohil/noreward-rl/curiosity/local/lib/python2.7/site-packages/tensorflow/python/framework/ops.py", line 3633, in _eval_using_default_session
    return session.run(tensors, feed_dict)
  File "/home/verma_rohil/noreward-rl/curiosity/local/lib/python2.7/site-packages/tensorflow/python/client/session.py", line 766, in run
    run_metadata_ptr)
  File "/home/verma_rohil/noreward-rl/curiosity/local/lib/python2.7/site-packages/tensorflow/python/client/session.py", line 902, in _run
    raise RuntimeError('Attempted to use a closed Session.')
RuntimeError: Attempted to use a closed Session.

[2018-05-20 22:13:44,587] reached 1500142 steps. worker stopped.
nus: 1.7287.
Global Step Counter: 1160438
Episode finished. Sum of shaped rewards: 0.00. Length: 525. Bonus: 1.9588.
Global Step Counter: 1170362
Episode finished. Sum of shaped rewards: 0.00. Length: 467. Bonus: 0.4569.
Global Step Counter: 1179320
Episode finished. Sum of shaped rewards: 0.00. Length: 525. Bonus: 0.2896.
Global Step Counter: 1189408
Episode finished. Sum of shaped rewards: 0.00. Length: 525. Bonus: 1.2221.
Global Step Counter: 1199683
Episode finished. Sum of shaped rewards: 0.00. Length: 525. Bonus: 1.1810.
Global Step Counter: 1209519
Episode finished. Sum of shaped rewards: 0.00. Length: 525. Bonus: 1.5974.
Global Step Counter: 1219637
Episode finished. Sum of shaped rewards: 0.00. Length: 525. Bonus: 1.6678.
Global Step Counter: 1229679
Episode finished. Sum of shaped rewards: 0.00. Length: 525. Bonus: 0.8754.
Global Step Counter: 1239634
Episode finished. Sum of shaped rewards: 0.00. Length: 525. Bonus: 1.8347.
Global Step Counter: 1249559
Episode finished. Sum of shaped rewards: 0.00. Length: 525. Bonus: 1.6066.
Global Step Counter: 1259644
Episode finished. Sum of shaped rewards: 0.00. Length: 525. Bonus: 1.4451.
Global Step Counter: 1269407
Episode finished. Sum of shaped rewards: 0.00. Length: 525. Bonus: 1.1015.
Global Step Counter: 1279236
Episode finished. Sum of shaped rewards: 0.00. Length: 525. Bonus: 1.6560.
Global Step Counter: 1289371
Episode finished. Sum of shaped rewards: 0.00. Length: 525. Bonus: 1.6841.
Global Step Counter: 1299329
Episode finished. Sum of shaped rewards: 0.00. Length: 525. Bonus: 0.7258.
Global Step Counter: 1309264
Episode finished. Sum of shaped rewards: 0.00. Length: 525. Bonus: 1.8350.
Global Step Counter: 1319354
Episode finished. Sum of shaped rewards: 0.00. Length: 525. Bonus: 0.5925.
Global Step Counter: 1329235
Episode finished. Sum of shaped rewards: 0.00. Length: 525. Bonus: 0.2815.
Global Step Counter: 1339260
Episode finished. Sum of shaped rewards: 0.00. Length: 525. Bonus: 1.3755.
Global Step Counter: 1349275
Episode finished. Sum of shaped rewards: 0.00. Length: 525. Bonus: 0.8505.
Global Step Counter: 1359250
Episode finished. Sum of shaped rewards: 0.00. Length: 525. Bonus: 1.5372.
Global Step Counter: 1369045
Episode finished. Sum of shaped rewards: 0.00. Length: 525. Bonus: 0.5838.
Global Step Counter: 1379230
Episode finished. Sum of shaped rewards: 0.00. Length: 525. Bonus: 0.6324.
Global Step Counter: 1389060
Episode finished. Sum of shaped rewards: 0.00. Length: 525. Bonus: 0.6899.
Global Step Counter: 1398857
Episode finished. Sum of shaped rewards: 0.00. Length: 525. Bonus: 1.8406.
Global Step Counter: 1408867
Episode finished. Sum of shaped rewards: 0.00. Length: 525. Bonus: 1.1355.
Global Step Counter: 1418698
Episode finished. Sum of shaped rewards: 0.00. Length: 525. Bonus: 0.4545.
Global Step Counter: 1428808
Episode finished. Sum of shaped rewards: 0.00. Length: 525. Bonus: 1.6447.
Global Step Counter: 1439021
Episode finished. Sum of shaped rewards: 0.00. Length: 525. Bonus: 1.6456.
Global Step Counter: 1449058
Episode finished. Sum of shaped rewards: 0.00. Length: 335. Bonus: 0.7673.
Global Step Counter: 1455343
Episode finished. Sum of shaped rewards: 0.00. Length: 525. Bonus: 0.7685.
Global Step Counter: 1465297
Episode finished. Sum of shaped rewards: 0.00. Length: 525. Bonus: 1.4328.
Global Step Counter: 1475292
Episode finished. Sum of shaped rewards: 0.00. Length: 525. Bonus: 1.2120.
Global Step Counter: 1485487
Episode finished. Sum of shaped rewards: 0.00. Length: 525. Bonus: 1.0435.
Global Step Counter: 1495602
