[2018-05-20 21:31:05,800] Writing logs to file: /tmp/universe-10035.log
I tensorflow/core/distributed_runtime/rpc/grpc_channel.cc:197] Initialize GrpcChannelCache for job ps -> {0 -> 127.0.0.1:12222}
I tensorflow/core/distributed_runtime/rpc/grpc_channel.cc:197] Initialize GrpcChannelCache for job worker -> {0 -> 127.0.0.1:12223, 1 -> 127.0.0.1:12224, 2 -> 127.0.0.1:12225, 3 -> 127.0.0.1:12226, 4 -> 127.0.0.1:12227, 5 -> 127.0.0.1:12228, 6 -> localhost:12229, 7 -> 127.0.0.1:12230, 8 -> 127.0.0.1:12231, 9 -> 127.0.0.1:12232, 10 -> 127.0.0.1:12233, 11 -> 127.0.0.1:12234, 12 -> 127.0.0.1:12235, 13 -> 127.0.0.1:12236, 14 -> 127.0.0.1:12237, 15 -> 127.0.0.1:12238, 16 -> 127.0.0.1:12239, 17 -> 127.0.0.1:12240, 18 -> 127.0.0.1:12241, 19 -> 127.0.0.1:12242}
I tensorflow/core/distributed_runtime/rpc/grpc_server_lib.cc:211] Started server with target: grpc://localhost:12229
[2018-05-20 21:32:05,881] Making new env: ppaquette/DoomMyWayHome-v0
[2018-05-20 21:32:09,333] Trainable vars:
[2018-05-20 21:32:09,334]   global/l1/W:0 (3, 3, 4, 32)
[2018-05-20 21:32:09,334]   global/l1/b:0 (1, 1, 1, 32)
[2018-05-20 21:32:09,334]   global/l2/W:0 (3, 3, 32, 32)
[2018-05-20 21:32:09,334]   global/l2/b:0 (1, 1, 1, 32)
[2018-05-20 21:32:09,334]   global/l3/W:0 (3, 3, 32, 32)
[2018-05-20 21:32:09,334]   global/l3/b:0 (1, 1, 1, 32)
[2018-05-20 21:32:09,334]   global/l4/W:0 (3, 3, 32, 32)
[2018-05-20 21:32:09,334]   global/l4/b:0 (1, 1, 1, 32)
[2018-05-20 21:32:09,334]   global/RNN/BasicLSTMCell/Linear/Matrix:0 (544, 1024)
[2018-05-20 21:32:09,334]   global/RNN/BasicLSTMCell/Linear/Bias:0 (1024,)
[2018-05-20 21:32:09,335]   global/value/w:0 (256, 1)
[2018-05-20 21:32:09,335]   global/value/b:0 (1,)
[2018-05-20 21:32:09,335]   global/action/w:0 (256, 4)
[2018-05-20 21:32:09,335]   global/action/b:0 (4,)
[2018-05-20 21:32:09,335]   global/predictor/l1/W:0 (3, 3, 4, 32)
[2018-05-20 21:32:09,335]   global/predictor/l1/b:0 (1, 1, 1, 32)
[2018-05-20 21:32:09,335]   global/predictor/l2/W:0 (3, 3, 32, 32)
[2018-05-20 21:32:09,335]   global/predictor/l2/b:0 (1, 1, 1, 32)
[2018-05-20 21:32:09,335]   global/predictor/l3/W:0 (3, 3, 32, 32)
[2018-05-20 21:32:09,335]   global/predictor/l3/b:0 (1, 1, 1, 32)
[2018-05-20 21:32:09,336]   global/predictor/l4/W:0 (3, 3, 32, 32)
[2018-05-20 21:32:09,336]   global/predictor/l4/b:0 (1, 1, 1, 32)
[2018-05-20 21:32:09,336]   global/predictor/g1/w:0 (576, 256)
[2018-05-20 21:32:09,336]   global/predictor/g1/b:0 (256,)
[2018-05-20 21:32:09,336]   global/predictor/glast/w:0 (256, 4)
[2018-05-20 21:32:09,336]   global/predictor/glast/b:0 (4,)
[2018-05-20 21:32:09,336]   global/predictor/f1/w:0 (292, 256)
[2018-05-20 21:32:09,336]   global/predictor/f1/b:0 (256,)
[2018-05-20 21:32:09,336]   global/predictor/flast/w:0 (256, 288)
[2018-05-20 21:32:09,337]   global/predictor/flast/b:0 (288,)
[2018-05-20 21:32:09,337]   local/l1/W:0 (3, 3, 4, 32)
[2018-05-20 21:32:09,337]   local/l1/b:0 (1, 1, 1, 32)
[2018-05-20 21:32:09,337]   local/l2/W:0 (3, 3, 32, 32)
[2018-05-20 21:32:09,337]   local/l2/b:0 (1, 1, 1, 32)
[2018-05-20 21:32:09,337]   local/l3/W:0 (3, 3, 32, 32)
[2018-05-20 21:32:09,337]   local/l3/b:0 (1, 1, 1, 32)
[2018-05-20 21:32:09,337]   local/l4/W:0 (3, 3, 32, 32)
[2018-05-20 21:32:09,338]   local/l4/b:0 (1, 1, 1, 32)
[2018-05-20 21:32:09,338]   local/RNN/BasicLSTMCell/Linear/Matrix:0 (544, 1024)
[2018-05-20 21:32:09,338]   local/RNN/BasicLSTMCell/Linear/Bias:0 (1024,)
[2018-05-20 21:32:09,338]   local/value/w:0 (256, 1)
[2018-05-20 21:32:09,338]   local/value/b:0 (1,)
[2018-05-20 21:32:09,338]   local/action/w:0 (256, 4)
[2018-05-20 21:32:09,338]   local/action/b:0 (4,)
[2018-05-20 21:32:09,338]   local/predictor/l1/W:0 (3, 3, 4, 32)
[2018-05-20 21:32:09,338]   local/predictor/l1/b:0 (1, 1, 1, 32)
[2018-05-20 21:32:09,338]   local/predictor/l2/W:0 (3, 3, 32, 32)
[2018-05-20 21:32:09,339]   local/predictor/l2/b:0 (1, 1, 1, 32)
[2018-05-20 21:32:09,339]   local/predictor/l3/W:0 (3, 3, 32, 32)
[2018-05-20 21:32:09,339]   local/predictor/l3/b:0 (1, 1, 1, 32)
[2018-05-20 21:32:09,339]   local/predictor/l4/W:0 (3, 3, 32, 32)
[2018-05-20 21:32:09,339]   local/predictor/l4/b:0 (1, 1, 1, 32)
[2018-05-20 21:32:09,339]   local/predictor/g1/w:0 (576, 256)
[2018-05-20 21:32:09,339]   local/predictor/g1/b:0 (256,)
[2018-05-20 21:32:09,339]   local/predictor/glast/w:0 (256, 4)
[2018-05-20 21:32:09,340]   local/predictor/glast/b:0 (4,)
[2018-05-20 21:32:09,340]   local/predictor/f1/w:0 (292, 256)
[2018-05-20 21:32:09,340]   local/predictor/f1/b:0 (256,)
[2018-05-20 21:32:09,340]   local/predictor/flast/w:0 (256, 288)
[2018-05-20 21:32:09,340]   local/predictor/flast/b:0 (288,)
[2018-05-20 21:32:09,341] Events directory: /scratch/doomicm/train_6
[2018-05-20 21:32:11,170] Starting session. If this hangs, we're mostly likely waiting to connect to the parameter server. One common cause is that the parameter server DNS name isn't resolving yet, or is misspecified.
I tensorflow/core/distributed_runtime/master_session.cc:993] Start master session 562c5de995532569 with config: 
device_filters: "/job:ps"
device_filters: "/job:worker/task:6/cpu:0"

[2018-05-20 21:32:12,110] Called reset on <Unvectorize<VectorizeFilter[<class 'envs.DiagnosticsInfoI'>]<Vectorize<SkipEnv<BufferedObsEnv<NoNegativeRewardEnv<SetPlayingModeWrapper<SetResolutionWrapper<ToDiscreteWrapper<TimeLimit<DoomMyWayHomeEnv instance>>>>>>>>>>> before configuring. Configuring automatically with default arguments
[2018-05-20 21:32:12,390] Starting training at gobal_step=12111
[2018-05-20 21:32:12,393] Resetting environment logs
[2018-05-20 21:32:22,479] True Game terminating: env_episode_reward=0.0 episode_length=525
[2018-05-20 21:32:22,489] Resetting environment logs
[2018-05-20 21:32:32,921] True Game terminating: env_episode_reward=0.0 episode_length=525
[2018-05-20 21:32:32,932] Resetting environment logs
[2018-05-20 21:32:43,938] True Game terminating: env_episode_reward=0.0 episode_length=525
[2018-05-20 21:32:43,947] Resetting environment logs
[2018-05-20 21:32:55,354] True Game terminating: env_episode_reward=0.0 episode_length=525
[2018-05-20 21:32:55,377] Resetting environment logs
[2018-05-20 21:33:07,095] True Game terminating: env_episode_reward=0.0 episode_length=525
[2018-05-20 21:33:07,103] Resetting environment logs
[2018-05-20 21:33:19,557] True Game terminating: env_episode_reward=0.0 episode_length=525
[2018-05-20 21:33:19,566] Resetting environment logs
[2018-05-20 21:33:32,441] True Game terminating: env_episode_reward=0.0 episode_length=525
[2018-05-20 21:33:32,453] Resetting environment logs
[2018-05-20 21:33:46,188] True Game terminating: env_episode_reward=0.0 episode_length=525
[2018-05-20 21:33:46,213] Resetting environment logs
[2018-05-20 21:34:00,890] True Game terminating: env_episode_reward=0.0 episode_length=525
[2018-05-20 21:34:00,900] Resetting environment logs
[2018-05-20 21:34:16,486] True Game terminating: env_episode_reward=0.0 episode_length=525
[2018-05-20 21:34:16,500] Resetting environment logs
[2018-05-20 21:34:32,736] True Game terminating: env_episode_reward=0.0 episode_length=525
[2018-05-20 21:34:32,759] Resetting environment logs
[2018-05-20 21:34:49,150] True Game terminating: env_episode_reward=0.0 episode_length=525
[2018-05-20 21:34:49,163] Resetting environment logs
[2018-05-20 21:35:05,689] True Game terminating: env_episode_reward=0.0 episode_length=525
[2018-05-20 21:35:05,727] Resetting environment logs
[2018-05-20 21:35:22,419] True Game terminating: env_episode_reward=0.0 episode_length=525
[2018-05-20 21:35:22,430] Resetting environment logs
[2018-05-20 21:35:36,490] True Game terminating: env_episode_reward=0.9999 episode_length=458
[2018-05-20 21:35:36,500] Resetting environment logs
[2018-05-20 21:35:53,407] True Game terminating: env_episode_reward=0.0 episode_length=525
[2018-05-20 21:35:53,418] Resetting environment logs
[2018-05-20 21:36:10,015] True Game terminating: env_episode_reward=0.0 episode_length=525
[2018-05-20 21:36:10,024] Resetting environment logs
[2018-05-20 21:36:26,921] True Game terminating: env_episode_reward=0.0 episode_length=525
[2018-05-20 21:36:26,932] Resetting environment logs
[2018-05-20 21:36:43,409] True Game terminating: env_episode_reward=0.0 episode_length=525
[2018-05-20 21:36:43,418] Resetting environment logs
[2018-05-20 21:37:00,049] True Game terminating: env_episode_reward=0.0 episode_length=525
[2018-05-20 21:37:00,059] Resetting environment logs
[2018-05-20 21:37:16,519] True Game terminating: env_episode_reward=0.0 episode_length=525
[2018-05-20 21:37:16,531] Resetting environment logs
[2018-05-20 21:37:33,376] True Game terminating: env_episode_reward=0.0 episode_length=525
[2018-05-20 21:37:33,385] Resetting environment logs
[2018-05-20 21:37:50,002] True Game terminating: env_episode_reward=0.0 episode_length=525
[2018-05-20 21:37:50,012] Resetting environment logs
[2018-05-20 21:38:06,424] True Game terminating: env_episode_reward=0.0 episode_length=525
[2018-05-20 21:38:06,434] Resetting environment logs
[2018-05-20 21:38:22,777] True Game terminating: env_episode_reward=0.0 episode_length=525
[2018-05-20 21:38:22,787] Resetting environment logs
[2018-05-20 21:38:39,094] True Game terminating: env_episode_reward=0.0 episode_length=525
[2018-05-20 21:38:39,107] Resetting environment logs
[2018-05-20 21:38:55,369] True Game terminating: env_episode_reward=0.0 episode_length=525
[2018-05-20 21:38:55,379] Resetting environment logs
[2018-05-20 21:39:11,943] True Game terminating: env_episode_reward=0.0 episode_length=525
[2018-05-20 21:39:11,952] Resetting environment logs
[2018-05-20 21:39:28,417] True Game terminating: env_episode_reward=0.0 episode_length=525
[2018-05-20 21:39:28,438] Resetting environment logs
[2018-05-20 21:39:45,181] True Game terminating: env_episode_reward=0.0 episode_length=525
[2018-05-20 21:39:45,190] Resetting environment logs
[2018-05-20 21:40:01,677] True Game terminating: env_episode_reward=0.0 episode_length=525
[2018-05-20 21:40:01,690] Resetting environment logs
[2018-05-20 21:40:17,974] True Game terminating: env_episode_reward=0.0 episode_length=525
[2018-05-20 21:40:17,984] Resetting environment logs
[2018-05-20 21:40:34,666] True Game terminating: env_episode_reward=0.0 episode_length=525
[2018-05-20 21:40:34,677] Resetting environment logs
[2018-05-20 21:40:51,303] True Game terminating: env_episode_reward=0.0 episode_length=525
[2018-05-20 21:40:51,313] Resetting environment logs
[2018-05-20 21:41:07,743] True Game terminating: env_episode_reward=0.0 episode_length=525
[2018-05-20 21:41:07,753] Resetting environment logs
[2018-05-20 21:41:08,515] True Game terminating: env_episode_reward=0.9999 episode_length=24
[2018-05-20 21:41:08,524] Resetting environment logs
[2018-05-20 21:41:24,867] True Game terminating: env_episode_reward=0.0 episode_length=525
[2018-05-20 21:41:24,876] Resetting environment logs
[2018-05-20 21:41:41,176] True Game terminating: env_episode_reward=0.0 episode_length=525
Using universe head design
Using universe head design
Using universe head design
Using universe head design
Using universe head design
Using universe head design
Optimizer: ADAM with lr: 0.000100
Input observation shape:  (42, 42, 4)
	=> Special Config: Monsters Removed.
Episode finished. Sum of shaped rewards: 0.00. Length: 525. Bonus: 0.0278.
Global Step Counter: 15901
Episode finished. Sum of shaped rewards: 0.00. Length: 525. Bonus: 0.0619.
Global Step Counter: 20076
Episode finished. Sum of shaped rewards: 0.00. Length: 525. Bonus: 0.0438.
Global Step Counter: 24796
Episode finished. Sum of shaped rewards: 0.00. Length: 525. Bonus: 0.3539.
Global Step Counter: 30118
Episode finished. Sum of shaped rewards: 0.00. Length: 525. Bonus: 0.1937.
Global Step Counter: 35503
Episode finished. Sum of shaped rewards: 0.00. Length: 525. Bonus: 0.3943.
Global Step Counter: 41500
Episode finished. Sum of shaped rewards: 0.00. Length: 525. Bonus: 0.1819.
Global Step Counter: 48039
Episode finished. Sum of shaped rewards: 0.00. Length: 525. Bonus: 0.0913.
Global Step Counter: 55299
Episode finished. Sum of shaped rewards: 0.00. Length: 525. Bonus: 0.8507.
Global Step Counter: 63369
Episode finished. Sum of shaped rewards: 0.00. Length: 525. Bonus: 0.2000.
Global Step Counter: 71993
Episode finished. Sum of shaped rewards: 0.00. Length: 525. Bonus: 1.1360.
Global Step Counter: 81533
Episode finished. Sum of shaped rewards: 0.00. Length: 525. Bonus: 0.2268.
Global Step Counter: 91361
Episode finished. Sum of shaped rewards: 0.00. Length: 525. Bonus: 0.1520.
Global Step Counter: 101353
Episode finished. Sum of shaped rewards: 0.00. Length: 525. Bonus: 0.5288.
Global Step Counter: 111308
Episode finished. Sum of shaped rewards: 0.00. Length: 458. Bonus: 0.1352.
Global Step Counter: 119832
Episode finished. Sum of shaped rewards: 0.00. Length: 525. Bonus: 0.1686.
Global Step Counter: 130052
Episode finished. Sum of shaped rewards: 0.00. Length: 525. Bonus: 0.3190.
Global Step Counter: 140123
Episode finished. Sum of shaped rewards: 0.00. Length: 525. Bonus: 1.3241.
Global Step Counter: 150206
Episode finished. Sum of shaped rewards: 0.00. Length: 525. Bonus: 0.1626.
Global Step Counter: 160244
Episode finished. Sum of shaped rewards: 0.00. Length: 525. Bonus: 0.2522.
Global Step Counter: 170333
Episode finished. Sum of shaped rewards: 0.00. Length: 525. Bonus: 0.2612.
Global Step Counter: 180158
Episode finished. Sum of shaped rewards: 0.00. Length: 525. Bonus: 0.1738.
Global Step Counter: 190243
Episode finished. Sum of shaped rewards: 0.00. Length: 525. Bonus: 1.6789.
Global Step Counter: 200241
Episode finished. Sum of shaped rewards: 0.00. Length: 525. Bonus: 0.5072.
Global Step Counter: 210247
Episode finished. Sum of shaped rewards: 0.00. Length: 525. Bonus: 0.5598.
Global Step Counter: 220042
Episode finished. Sum of shaped rewards: 0.00. Length: 525. Bonus: 0.0926.
Global Step Counter: 229818
Episode finished. Sum of shaped rewards: 0.00. Length: 525. Bonus: 0.9877.
Global Step Counter: 239652
Episode finished. Sum of shaped rewards: 0.00. Length: 525. Bonus: 0.2749.
Global Step Counter: 249689
Episode finished. Sum of shaped rewards: 0.00. Length: 525. Bonus: 0.1120.
Global Step Counter: 259732
Episode finished. Sum of shaped rewards: 0.00. Length: 525. Bonus: 0.9049.
Global Step Counter: 269710
Episode finished. Sum of shaped rewards: 0.00. Length: 525. Bonus: 0.3745.
Global Step Counter: 279705
Episode finished. Sum of shaped rewards: 0.00. Length: 525. Bonus: 0.0453.
Global Step Counter: 289587
Episode finished. Sum of shaped rewards: 0.00. Length: 525. Bonus: 0.4253.
Global Step Counter: 299581
Episode finished. Sum of shaped rewards: 0.00. Length: 525. Bonus: 0.2104.
Global Step Counter: 309574
Episode finished. Sum of shaped rewards: 0.00. Length: 525. Bonus: 0.3273.
Global Step Counter: 319395
Episode finished. Sum of shaped rewards: 0.00. Length: 24. Bonus: 0.0133.
Global Step Counter: 319865
Episode finished. Sum of shaped rewards: 0.00. Length: 525. Bonus: 1.1989.
Global Step Counter: 329860
Episode finished. Sum of s[2018-05-20 21:41:41,188] Resetting environment logs
[2018-05-20 21:41:57,665] True Game terminating: env_episode_reward=0.0 episode_length=525
[2018-05-20 21:41:57,676] Resetting environment logs
[2018-05-20 21:42:13,996] True Game terminating: env_episode_reward=0.0 episode_length=525
[2018-05-20 21:42:14,006] Resetting environment logs
[2018-05-20 21:42:30,840] True Game terminating: env_episode_reward=0.0 episode_length=525
[2018-05-20 21:42:30,850] Resetting environment logs
[2018-05-20 21:42:47,503] True Game terminating: env_episode_reward=0.0 episode_length=525
[2018-05-20 21:42:47,516] Resetting environment logs
[2018-05-20 21:43:01,572] True Game terminating: env_episode_reward=0.9999 episode_length=451
[2018-05-20 21:43:01,581] Resetting environment logs
[2018-05-20 21:43:17,950] True Game terminating: env_episode_reward=0.0 episode_length=525
[2018-05-20 21:43:17,960] Resetting environment logs
[2018-05-20 21:43:34,470] True Game terminating: env_episode_reward=0.0 episode_length=525
[2018-05-20 21:43:34,488] Resetting environment logs
[2018-05-20 21:43:50,798] True Game terminating: env_episode_reward=0.0 episode_length=525
[2018-05-20 21:43:50,807] Resetting environment logs
[2018-05-20 21:44:07,323] True Game terminating: env_episode_reward=0.0 episode_length=525
[2018-05-20 21:44:07,336] Resetting environment logs
[2018-05-20 21:44:24,292] True Game terminating: env_episode_reward=0.0 episode_length=525
[2018-05-20 21:44:24,303] Resetting environment logs
[2018-05-20 21:44:38,617] True Game terminating: env_episode_reward=0.9999 episode_length=457
[2018-05-20 21:44:38,628] Resetting environment logs
[2018-05-20 21:44:55,151] True Game terminating: env_episode_reward=0.0 episode_length=525
[2018-05-20 21:44:55,160] Resetting environment logs
[2018-05-20 21:45:01,127] True Game terminating: env_episode_reward=0.9999 episode_length=187
[2018-05-20 21:45:01,136] Resetting environment logs
[2018-05-20 21:45:17,725] True Game terminating: env_episode_reward=0.0 episode_length=525
[2018-05-20 21:45:17,737] Resetting environment logs
[2018-05-20 21:45:34,272] True Game terminating: env_episode_reward=0.0 episode_length=525
[2018-05-20 21:45:34,282] Resetting environment logs
[2018-05-20 21:45:50,876] True Game terminating: env_episode_reward=0.0 episode_length=525
[2018-05-20 21:45:50,911] Resetting environment logs
[2018-05-20 21:46:07,181] True Game terminating: env_episode_reward=0.0 episode_length=525
[2018-05-20 21:46:07,193] Resetting environment logs
[2018-05-20 21:46:23,236] True Game terminating: env_episode_reward=0.0 episode_length=525
[2018-05-20 21:46:23,250] Resetting environment logs
[2018-05-20 21:46:39,609] True Game terminating: env_episode_reward=0.0 episode_length=525
[2018-05-20 21:46:39,619] Resetting environment logs
[2018-05-20 21:46:55,977] True Game terminating: env_episode_reward=0.0 episode_length=525
[2018-05-20 21:46:55,988] Resetting environment logs
[2018-05-20 21:47:12,529] True Game terminating: env_episode_reward=0.0 episode_length=525
[2018-05-20 21:47:12,540] Resetting environment logs
[2018-05-20 21:47:29,169] True Game terminating: env_episode_reward=0.0 episode_length=525
[2018-05-20 21:47:29,178] Resetting environment logs
[2018-05-20 21:47:45,692] True Game terminating: env_episode_reward=0.0 episode_length=525
[2018-05-20 21:47:45,702] Resetting environment logs
[2018-05-20 21:48:02,425] True Game terminating: env_episode_reward=0.0 episode_length=525
[2018-05-20 21:48:02,435] Resetting environment logs
[2018-05-20 21:48:19,264] True Game terminating: env_episode_reward=0.0 episode_length=525
[2018-05-20 21:48:19,287] Resetting environment logs
[2018-05-20 21:48:36,056] True Game terminating: env_episode_reward=0.0 episode_length=525
[2018-05-20 21:48:36,065] Resetting environment logs
[2018-05-20 21:48:52,564] True Game terminating: env_episode_reward=0.0 episode_length=525
[2018-05-20 21:48:52,575] Resetting environment logs
[2018-05-20 21:49:09,376] True Game terminating: env_episode_reward=0.0 episode_length=525
[2018-05-20 21:49:09,386] Resetting environment logs
[2018-05-20 21:49:26,157] True Game terminating: env_episode_reward=0.0 episode_length=525
[2018-05-20 21:49:26,168] Resetting environment logs
[2018-05-20 21:49:42,632] True Game terminating: env_episode_reward=0.0 episode_length=525
[2018-05-20 21:49:42,641] Resetting environment logs
[2018-05-20 21:49:59,288] True Game terminating: env_episode_reward=0.0 episode_length=525
[2018-05-20 21:49:59,301] Resetting environment logs
[2018-05-20 21:50:15,731] True Game terminating: env_episode_reward=0.0 episode_length=525
[2018-05-20 21:50:15,743] Resetting environment logs
[2018-05-20 21:50:32,679] True Game terminating: env_episode_reward=0.0 episode_length=525
[2018-05-20 21:50:32,688] Resetting environment logs
[2018-05-20 21:50:49,097] True Game terminating: env_episode_reward=0.0 episode_length=525
[2018-05-20 21:50:49,107] Resetting environment logs
[2018-05-20 21:51:05,506] True Game terminating: env_episode_reward=0.0 episode_length=525
[2018-05-20 21:51:05,517] Resetting environment logs
[2018-05-20 21:51:21,488] True Game terminating: env_episode_reward=0.0 episode_length=525
[2018-05-20 21:51:21,497] Resetting environment logs
[2018-05-20 21:51:38,031] True Game terminating: env_episode_reward=0.0 episode_length=525
[2018-05-20 21:51:38,040] Resetting environment logs
[2018-05-20 21:51:54,540] True Game terminating: env_episode_reward=0.0 episode_length=525
[2018-05-20 21:51:54,551] Resetting environment logs
[2018-05-20 21:52:10,820] True Game terminating: env_episode_reward=0.0 episode_length=525
[2018-05-20 21:52:10,831] Resetting environment logs
[2018-05-20 21:52:27,299] True Game terminating: env_episode_reward=0.0 episode_length=525
haped rewards: 0.00. Length: 525. Bonus: 0.7151.
Global Step Counter: 339715
Episode finished. Sum of shaped rewards: 0.00. Length: 525. Bonus: 0.0951.
Global Step Counter: 349630
Episode finished. Sum of shaped rewards: 0.00. Length: 525. Bonus: 0.1545.
Global Step Counter: 359436
Episode finished. Sum of shaped rewards: 0.00. Length: 525. Bonus: 0.8314.
Global Step Counter: 369642
Episode finished. Sum of shaped rewards: 0.00. Length: 525. Bonus: 0.4506.
Global Step Counter: 379697
Episode finished. Sum of shaped rewards: 0.00. Length: 451. Bonus: 1.4333.
Global Step Counter: 388077
Episode finished. Sum of shaped rewards: 0.00. Length: 525. Bonus: 1.0237.
Global Step Counter: 398053
Episode finished. Sum of shaped rewards: 0.00. Length: 525. Bonus: 0.1679.
Global Step Counter: 408126
Episode finished. Sum of shaped rewards: 0.00. Length: 525. Bonus: 0.8143.
Global Step Counter: 417993
Episode finished. Sum of shaped rewards: 0.00. Length: 525. Bonus: 0.3698.
Global Step Counter: 427956
Episode finished. Sum of shaped rewards: 0.00. Length: 525. Bonus: 0.4510.
Global Step Counter: 438200
Episode finished. Sum of shaped rewards: 0.00. Length: 457. Bonus: 1.8630.
Global Step Counter: 446882
Episode finished. Sum of shaped rewards: 0.00. Length: 525. Bonus: 1.8829.
Global Step Counter: 456912
Episode finished. Sum of shaped rewards: 0.00. Length: 187. Bonus: 0.1363.
Global Step Counter: 460438
Episode finished. Sum of shaped rewards: 0.00. Length: 525. Bonus: 0.2788.
Global Step Counter: 470414
Episode finished. Sum of shaped rewards: 0.00. Length: 525. Bonus: 0.9638.
Global Step Counter: 480382
Episode finished. Sum of shaped rewards: 0.00. Length: 525. Bonus: 0.2329.
Global Step Counter: 490473
Episode finished. Sum of shaped rewards: 0.00. Length: 525. Bonus: 2.1514.
Global Step Counter: 500252
Episode finished. Sum of shaped rewards: 0.00. Length: 525. Bonus: 0.5829.
Global Step Counter: 509877
Episode finished. Sum of shaped rewards: 0.00. Length: 525. Bonus: 0.1264.
Global Step Counter: 519727
Episode finished. Sum of shaped rewards: 0.00. Length: 525. Bonus: 0.2603.
Global Step Counter: 529646
Episode finished. Sum of shaped rewards: 0.00. Length: 525. Bonus: 0.8483.
Global Step Counter: 539666
Episode finished. Sum of shaped rewards: 0.00. Length: 525. Bonus: 0.2476.
Global Step Counter: 549662
Episode finished. Sum of shaped rewards: 0.00. Length: 525. Bonus: 0.9259.
Global Step Counter: 559717
Episode finished. Sum of shaped rewards: 0.00. Length: 525. Bonus: 0.5488.
Global Step Counter: 569796
Episode finished. Sum of shaped rewards: 0.00. Length: 525. Bonus: 0.0817.
Global Step Counter: 579851
Episode finished. Sum of shaped rewards: 0.00. Length: 525. Bonus: 1.2256.
Global Step Counter: 590026
Episode finished. Sum of shaped rewards: 0.00. Length: 525. Bonus: 0.1623.
Global Step Counter: 599948
Episode finished. Sum of shaped rewards: 0.00. Length: 525. Bonus: 0.4150.
Global Step Counter: 610068
Episode finished. Sum of shaped rewards: 0.00. Length: 525. Bonus: 0.3463.
Global Step Counter: 620103
Episode finished. Sum of shaped rewards: 0.00. Length: 525. Bonus: 0.0451.
Global Step Counter: 630153
Episode finished. Sum of shaped rewards: 0.00. Length: 525. Bonus: 0.3109.
Global Step Counter: 640251
Episode finished. Sum of shaped rewards: 0.00. Length: 525. Bonus: 0.3455.
Global Step Counter: 650126
Episode finished. Sum of shaped rewards: 0.00. Length: 525. Bonus: 0.1640.
Global Step Counter: 660259
Episode finished. Sum of shaped rewards: 0.00. Length: 525. Bonus: 0.3413.
Global Step Counter: 670207
Episode finished. Sum of shaped rewards: 0.00. Length: 525. Bonus: 0.4482.
Global Step Counter: 680091
Episode finished. Sum of shaped rewards: 0.00. Length: 525. Bonus: 0.3688.
Global Step Counter: 689846
Episode finished. Sum of shaped rewards: 0.00. Length: 525. Bonus: 0.3270.
Global Step Counter: 699756
Episode finished. Sum of shaped rewards: 0.00. Length: 525. Bonus: 0.2199.
Global Step Counter: 709704
Episode finished. Sum of shaped rewards: 0.00. Length: 525. Bonus: 1.7291.
Global Step Counter: 719527
Ep[2018-05-20 21:52:27,309] Resetting environment logs
[2018-05-20 21:52:44,044] True Game terminating: env_episode_reward=0.0 episode_length=525
[2018-05-20 21:52:44,054] Resetting environment logs
[2018-05-20 21:53:00,649] True Game terminating: env_episode_reward=0.0 episode_length=525
[2018-05-20 21:53:00,667] Resetting environment logs
[2018-05-20 21:53:17,226] True Game terminating: env_episode_reward=0.0 episode_length=525
[2018-05-20 21:53:17,241] Resetting environment logs
[2018-05-20 21:53:18,129] True Game terminating: env_episode_reward=0.9999 episode_length=33
[2018-05-20 21:53:18,143] Resetting environment logs
[2018-05-20 21:53:34,689] True Game terminating: env_episode_reward=0.0 episode_length=525
[2018-05-20 21:53:34,701] Resetting environment logs
[2018-05-20 21:53:51,116] True Game terminating: env_episode_reward=0.0 episode_length=525
[2018-05-20 21:53:51,126] Resetting environment logs
[2018-05-20 21:54:07,287] True Game terminating: env_episode_reward=0.0 episode_length=525
[2018-05-20 21:54:07,298] Resetting environment logs
[2018-05-20 21:54:23,837] True Game terminating: env_episode_reward=0.0 episode_length=525
[2018-05-20 21:54:23,848] Resetting environment logs
[2018-05-20 21:54:40,021] True Game terminating: env_episode_reward=0.0 episode_length=525
[2018-05-20 21:54:40,032] Resetting environment logs
[2018-05-20 21:54:56,480] True Game terminating: env_episode_reward=0.0 episode_length=525
[2018-05-20 21:54:56,489] Resetting environment logs
[2018-05-20 21:55:12,725] True Game terminating: env_episode_reward=0.0 episode_length=525
[2018-05-20 21:55:12,749] Resetting environment logs
[2018-05-20 21:55:29,165] True Game terminating: env_episode_reward=0.0 episode_length=525
[2018-05-20 21:55:29,174] Resetting environment logs
[2018-05-20 21:55:45,490] True Game terminating: env_episode_reward=0.0 episode_length=525
[2018-05-20 21:55:45,499] Resetting environment logs
[2018-05-20 21:56:02,477] True Game terminating: env_episode_reward=0.0 episode_length=525
[2018-05-20 21:56:02,490] Resetting environment logs
[2018-05-20 21:56:19,336] True Game terminating: env_episode_reward=0.0 episode_length=525
[2018-05-20 21:56:19,347] Resetting environment logs
[2018-05-20 21:56:35,651] True Game terminating: env_episode_reward=0.0 episode_length=525
[2018-05-20 21:56:35,663] Resetting environment logs
[2018-05-20 21:56:52,300] True Game terminating: env_episode_reward=0.0 episode_length=525
[2018-05-20 21:56:52,321] Resetting environment logs
[2018-05-20 21:57:08,832] True Game terminating: env_episode_reward=0.0 episode_length=525
[2018-05-20 21:57:08,842] Resetting environment logs
[2018-05-20 21:57:25,272] True Game terminating: env_episode_reward=0.0 episode_length=525
[2018-05-20 21:57:25,282] Resetting environment logs
[2018-05-20 21:57:37,257] True Game terminating: env_episode_reward=0.9999 episode_length=385
[2018-05-20 21:57:37,266] Resetting environment logs
[2018-05-20 21:57:53,889] True Game terminating: env_episode_reward=0.0 episode_length=525
[2018-05-20 21:57:53,899] Resetting environment logs
[2018-05-20 21:58:10,576] True Game terminating: env_episode_reward=0.0 episode_length=525
[2018-05-20 21:58:10,585] Resetting environment logs
[2018-05-20 21:58:26,528] True Game terminating: env_episode_reward=0.0 episode_length=525
[2018-05-20 21:58:26,541] Resetting environment logs
[2018-05-20 21:58:43,286] True Game terminating: env_episode_reward=0.0 episode_length=525
[2018-05-20 21:58:43,296] Resetting environment logs
[2018-05-20 21:58:59,641] True Game terminating: env_episode_reward=0.0 episode_length=525
[2018-05-20 21:58:59,651] Resetting environment logs
[2018-05-20 21:59:16,355] True Game terminating: env_episode_reward=0.0 episode_length=525
[2018-05-20 21:59:16,367] Resetting environment logs
[2018-05-20 21:59:32,597] True Game terminating: env_episode_reward=0.0 episode_length=525
[2018-05-20 21:59:32,606] Resetting environment logs
[2018-05-20 21:59:49,027] True Game terminating: env_episode_reward=0.0 episode_length=525
[2018-05-20 21:59:49,057] Resetting environment logs
[2018-05-20 21:59:50,653] True Game terminating: env_episode_reward=0.9999 episode_length=54
[2018-05-20 21:59:50,664] Resetting environment logs
[2018-05-20 22:00:06,958] True Game terminating: env_episode_reward=0.0 episode_length=525
[2018-05-20 22:00:06,967] Resetting environment logs
[2018-05-20 22:00:23,616] True Game terminating: env_episode_reward=0.0 episode_length=525
[2018-05-20 22:00:23,625] Resetting environment logs
[2018-05-20 22:00:40,307] True Game terminating: env_episode_reward=0.0 episode_length=525
[2018-05-20 22:00:40,317] Resetting environment logs
[2018-05-20 22:00:56,995] True Game terminating: env_episode_reward=0.0 episode_length=525
[2018-05-20 22:00:57,006] Resetting environment logs
[2018-05-20 22:01:13,469] True Game terminating: env_episode_reward=0.0 episode_length=525
[2018-05-20 22:01:13,481] Resetting environment logs
[2018-05-20 22:01:29,886] True Game terminating: env_episode_reward=0.0 episode_length=525
[2018-05-20 22:01:29,895] Resetting environment logs
[2018-05-20 22:01:46,061] True Game terminating: env_episode_reward=0.0 episode_length=525
[2018-05-20 22:01:46,071] Resetting environment logs
[2018-05-20 22:02:02,651] True Game terminating: env_episode_reward=0.0 episode_length=525
[2018-05-20 22:02:02,665] Resetting environment logs
[2018-05-20 22:02:18,831] True Game terminating: env_episode_reward=0.0 episode_length=525
[2018-05-20 22:02:18,841] Resetting environment logs
[2018-05-20 22:02:35,579] True Game terminating: env_episode_reward=0.0 episode_length=525
isode finished. Sum of shaped rewards: 0.00. Length: 525. Bonus: 0.3078.
Global Step Counter: 729489
Episode finished. Sum of shaped rewards: 0.00. Length: 525. Bonus: 0.3256.
Global Step Counter: 739533
Episode finished. Sum of shaped rewards: 0.00. Length: 525. Bonus: 2.0990.
Global Step Counter: 749567
Episode finished. Sum of shaped rewards: 0.00. Length: 525. Bonus: 2.0573.
Global Step Counter: 759618
Episode finished. Sum of shaped rewards: 0.00. Length: 33. Bonus: 0.0193.
Global Step Counter: 760083
Episode finished. Sum of shaped rewards: 0.00. Length: 525. Bonus: 1.3012.
Global Step Counter: 770066
Episode finished. Sum of shaped rewards: 0.00. Length: 525. Bonus: 0.3917.
Global Step Counter: 780038
Episode finished. Sum of shaped rewards: 0.00. Length: 525. Bonus: 1.5827.
Global Step Counter: 789813
Episode finished. Sum of shaped rewards: 0.00. Length: 525. Bonus: 2.2253.
Global Step Counter: 799832
Episode finished. Sum of shaped rewards: 0.00. Length: 525. Bonus: 1.0334.
Global Step Counter: 809747
Episode finished. Sum of shaped rewards: 0.00. Length: 525. Bonus: 1.3508.
Global Step Counter: 819559
Episode finished. Sum of shaped rewards: 0.00. Length: 525. Bonus: 0.3753.
Global Step Counter: 829401
Episode finished. Sum of shaped rewards: 0.00. Length: 525. Bonus: 0.4146.
Global Step Counter: 839258
Episode finished. Sum of shaped rewards: 0.00. Length: 525. Bonus: 0.2298.
Global Step Counter: 849135
Episode finished. Sum of shaped rewards: 0.00. Length: 525. Bonus: 0.3374.
Global Step Counter: 859290
Episode finished. Sum of shaped rewards: 0.00. Length: 525. Bonus: 1.6125.
Global Step Counter: 869470
Episode finished. Sum of shaped rewards: 0.00. Length: 525. Bonus: 0.2529.
Global Step Counter: 879305
Episode finished. Sum of shaped rewards: 0.00. Length: 525. Bonus: 0.4402.
Global Step Counter: 889459
Episode finished. Sum of shaped rewards: 0.00. Length: 525. Bonus: 0.4230.
Global Step Counter: 899297
Episode finished. Sum of shaped rewards: 0.00. Length: 525. Bonus: 1.0647.
Global Step Counter: 909222
Episode finished. Sum of shaped rewards: 0.00. Length: 385. Bonus: 1.0483.
Global Step Counter: 916472
Episode finished. Sum of shaped rewards: 0.00. Length: 525. Bonus: 2.1628.
Global Step Counter: 926557
Episode finished. Sum of shaped rewards: 0.00. Length: 525. Bonus: 0.3841.
Global Step Counter: 936486
Episode finished. Sum of shaped rewards: 0.00. Length: 525. Bonus: 1.0434.
Global Step Counter: 946203
Episode finished. Sum of shaped rewards: 0.00. Length: 525. Bonus: 1.3971.
Global Step Counter: 956333
Episode finished. Sum of shaped rewards: 0.00. Length: 525. Bonus: 1.3720.
Global Step Counter: 966193
Episode finished. Sum of shaped rewards: 0.00. Length: 525. Bonus: 1.4245.
Global Step Counter: 976263
Episode finished. Sum of shaped rewards: 0.00. Length: 525. Bonus: 0.1977.
Global Step Counter: 986050
Episode finished. Sum of shaped rewards: 0.00. Length: 525. Bonus: 1.9819.
Global Step Counter: 996085
Episode finished. Sum of shaped rewards: 0.00. Length: 54. Bonus: 0.0552.
Global Step Counter: 997075
Episode finished. Sum of shaped rewards: 0.00. Length: 525. Bonus: 1.0591.
Global Step Counter: 1006939
Episode finished. Sum of shaped rewards: 0.00. Length: 525. Bonus: 0.6926.
Global Step Counter: 1016814
Episode finished. Sum of shaped rewards: 0.00. Length: 525. Bonus: 0.3781.
Global Step Counter: 1026912
Episode finished. Sum of shaped rewards: 0.00. Length: 525. Bonus: 0.3566.
Global Step Counter: 1037027
Episode finished. Sum of shaped rewards: 0.00. Length: 525. Bonus: 0.1517.
Global Step Counter: 1046862
Episode finished. Sum of shaped rewards: 0.00. Length: 525. Bonus: 0.8660.
Global Step Counter: 1056640
Episode finished. Sum of shaped rewards: 0.00. Length: 525. Bonus: 1.2462.
Global Step Counter: 1066415
Episode finished. Sum of shaped rewards: 0.00. Length: 525. Bonus: 1.7412.
Global Step Counter: 1076437
Episode finished. Sum of shaped rewards: 0.00. Length: 525. Bonus: 1.6395.
Global Step Counter: 1086212
Episode finished. Sum of shaped rewards: 0.00. Length: 525. Bonus: 0.0954.[2018-05-20 22:02:35,602] Resetting environment logs
[2018-05-20 22:02:52,371] True Game terminating: env_episode_reward=0.0 episode_length=525
[2018-05-20 22:02:52,382] Resetting environment logs
[2018-05-20 22:03:08,911] True Game terminating: env_episode_reward=0.0 episode_length=525
[2018-05-20 22:03:08,922] Resetting environment logs
[2018-05-20 22:03:24,907] True Game terminating: env_episode_reward=0.0 episode_length=525
[2018-05-20 22:03:24,921] Resetting environment logs
[2018-05-20 22:03:29,659] True Game terminating: env_episode_reward=0.9999 episode_length=154
[2018-05-20 22:03:29,671] Resetting environment logs
[2018-05-20 22:03:46,568] True Game terminating: env_episode_reward=0.0 episode_length=525
[2018-05-20 22:03:46,578] Resetting environment logs
[2018-05-20 22:04:02,990] True Game terminating: env_episode_reward=0.0 episode_length=525
[2018-05-20 22:04:03,000] Resetting environment logs
[2018-05-20 22:04:19,276] True Game terminating: env_episode_reward=0.0 episode_length=525
[2018-05-20 22:04:19,287] Resetting environment logs
[2018-05-20 22:04:35,881] True Game terminating: env_episode_reward=0.0 episode_length=525
[2018-05-20 22:04:35,908] Resetting environment logs
[2018-05-20 22:04:52,193] True Game terminating: env_episode_reward=0.0 episode_length=525
[2018-05-20 22:04:52,203] Resetting environment logs
[2018-05-20 22:05:08,617] True Game terminating: env_episode_reward=0.0 episode_length=525
[2018-05-20 22:05:08,626] Resetting environment logs
[2018-05-20 22:05:25,134] True Game terminating: env_episode_reward=0.0 episode_length=525
[2018-05-20 22:05:25,145] Resetting environment logs
[2018-05-20 22:05:42,108] True Game terminating: env_episode_reward=0.0 episode_length=525
[2018-05-20 22:05:42,117] Resetting environment logs
[2018-05-20 22:05:58,483] True Game terminating: env_episode_reward=0.0 episode_length=525
[2018-05-20 22:05:58,495] Resetting environment logs
[2018-05-20 22:06:15,145] True Game terminating: env_episode_reward=0.0 episode_length=525
[2018-05-20 22:06:15,156] Resetting environment logs
[2018-05-20 22:06:31,884] True Game terminating: env_episode_reward=0.0 episode_length=525
[2018-05-20 22:06:31,897] Resetting environment logs
[2018-05-20 22:06:48,708] True Game terminating: env_episode_reward=0.0 episode_length=525
[2018-05-20 22:06:48,718] Resetting environment logs
[2018-05-20 22:07:04,960] True Game terminating: env_episode_reward=0.0 episode_length=525
[2018-05-20 22:07:04,971] Resetting environment logs
[2018-05-20 22:07:21,200] True Game terminating: env_episode_reward=0.0 episode_length=525
[2018-05-20 22:07:21,223] Resetting environment logs
[2018-05-20 22:07:37,905] True Game terminating: env_episode_reward=0.0 episode_length=525
[2018-05-20 22:07:37,915] Resetting environment logs
[2018-05-20 22:07:54,259] True Game terminating: env_episode_reward=0.0 episode_length=525
[2018-05-20 22:07:54,269] Resetting environment logs
[2018-05-20 22:08:10,731] True Game terminating: env_episode_reward=0.0 episode_length=525
[2018-05-20 22:08:10,741] Resetting environment logs
[2018-05-20 22:08:27,387] True Game terminating: env_episode_reward=0.0 episode_length=525
[2018-05-20 22:08:27,399] Resetting environment logs
[2018-05-20 22:08:43,421] True Game terminating: env_episode_reward=0.0 episode_length=525
[2018-05-20 22:08:43,431] Resetting environment logs
[2018-05-20 22:09:00,544] True Game terminating: env_episode_reward=0.0 episode_length=525
[2018-05-20 22:09:00,560] Resetting environment logs
[2018-05-20 22:09:16,915] True Game terminating: env_episode_reward=0.0 episode_length=525
[2018-05-20 22:09:16,926] Resetting environment logs
[2018-05-20 22:09:33,572] True Game terminating: env_episode_reward=0.0 episode_length=525
[2018-05-20 22:09:33,598] Resetting environment logs
[2018-05-20 22:09:50,114] True Game terminating: env_episode_reward=0.0 episode_length=525
[2018-05-20 22:09:50,123] Resetting environment logs
[2018-05-20 22:10:06,974] True Game terminating: env_episode_reward=0.0 episode_length=525
[2018-05-20 22:10:06,984] Resetting environment logs
[2018-05-20 22:10:23,297] True Game terminating: env_episode_reward=0.0 episode_length=525
[2018-05-20 22:10:23,310] Resetting environment logs
[2018-05-20 22:10:39,634] True Game terminating: env_episode_reward=0.0 episode_length=525
[2018-05-20 22:10:39,658] Resetting environment logs
[2018-05-20 22:10:55,906] True Game terminating: env_episode_reward=0.0 episode_length=525
[2018-05-20 22:10:55,918] Resetting environment logs
[2018-05-20 22:11:12,698] True Game terminating: env_episode_reward=0.0 episode_length=525
[2018-05-20 22:11:12,711] Resetting environment logs
[2018-05-20 22:11:29,257] True Game terminating: env_episode_reward=0.0 episode_length=525
[2018-05-20 22:11:29,268] Resetting environment logs
[2018-05-20 22:11:45,713] True Game terminating: env_episode_reward=0.0 episode_length=525
[2018-05-20 22:11:45,726] Resetting environment logs
[2018-05-20 22:12:02,109] True Game terminating: env_episode_reward=0.0 episode_length=525
[2018-05-20 22:12:02,121] Resetting environment logs
[2018-05-20 22:12:18,589] True Game terminating: env_episode_reward=0.0 episode_length=525
[2018-05-20 22:12:18,610] Resetting environment logs
[2018-05-20 22:12:35,142] True Game terminating: env_episode_reward=0.0 episode_length=525
[2018-05-20 22:12:35,152] Resetting environment logs
[2018-05-20 22:12:51,165] True Game terminating: env_episode_reward=0.0 episode_length=525
[2018-05-20 22:12:51,175] Resetting environment logs
[2018-05-20 22:13:07,515] True Game terminating: env_episode_reward=0.0 episode_length=525
[2018-05-20 22:13:07,526] Resetting environment logs
[2018-05-20 22:13:24,520] True Game terminating: env_episode_reward=0.0 episode_length=525

Global Step Counter: 1096294
Episode finished. Sum of shaped rewards: 0.00. Length: 525. Bonus: 0.3065.
Global Step Counter: 1106396
Episode finished. Sum of shaped rewards: 0.00. Length: 525. Bonus: 0.4261.
Global Step Counter: 1116360
Episode finished. Sum of shaped rewards: 0.00. Length: 525. Bonus: 1.7306.
Global Step Counter: 1126025
Episode finished. Sum of shaped rewards: 0.00. Length: 154. Bonus: 0.1547.
Global Step Counter: 1128820
Episode finished. Sum of shaped rewards: 0.00. Length: 525. Bonus: 1.2425.
Global Step Counter: 1139102
Episode finished. Sum of shaped rewards: 0.00. Length: 525. Bonus: 1.2858.
Global Step Counter: 1148995
Episode finished. Sum of shaped rewards: 0.00. Length: 525. Bonus: 0.6994.
Global Step Counter: 1158843
Episode finished. Sum of shaped rewards: 0.00. Length: 525. Bonus: 1.3560.
Global Step Counter: 1168798
Episode finished. Sum of shaped rewards: 0.00. Length: 525. Bonus: 0.7293.
Global Step Counter: 1178647
Episode finished. Sum of shaped rewards: 0.00. Length: 525. Bonus: 0.2586.
Global Step Counter: 1188562
Episode finished. Sum of shaped rewards: 0.00. Length: 525. Bonus: 0.6174.
Global Step Counter: 1198598
Episode finished. Sum of shaped rewards: 0.00. Length: 525. Bonus: 0.2368.
Global Step Counter: 1208709
Episode finished. Sum of shaped rewards: 0.00. Length: 525. Bonus: 0.5311.
Global Step Counter: 1218617
Episode finished. Sum of shaped rewards: 0.00. Length: 525. Bonus: 0.3292.
Global Step Counter: 1228704
Episode finished. Sum of shaped rewards: 0.00. Length: 525. Bonus: 1.5667.
Global Step Counter: 1238814
Episode finished. Sum of shaped rewards: 0.00. Length: 525. Bonus: 1.4250.
Global Step Counter: 1248829
Episode finished. Sum of shaped rewards: 0.00. Length: 525. Bonus: 0.5191.
Global Step Counter: 1258684
Episode finished. Sum of shaped rewards: 0.00. Length: 525. Bonus: 1.7611.
Global Step Counter: 1268577
Episode finished. Sum of shaped rewards: 0.00. Length: 525. Bonus: 0.3560.
Global Step Counter: 1278626
Episode finished. Sum of shaped rewards: 0.00. Length: 525. Bonus: 1.2050.
Global Step Counter: 1288466
Episode finished. Sum of shaped rewards: 0.00. Length: 525. Bonus: 0.5226.
Global Step Counter: 1298394
Episode finished. Sum of shaped rewards: 0.00. Length: 525. Bonus: 0.2902.
Global Step Counter: 1308409
Episode finished. Sum of shaped rewards: 0.00. Length: 525. Bonus: 0.2185.
Global Step Counter: 1318104
Episode finished. Sum of shaped rewards: 0.00. Length: 525. Bonus: 1.2533.
Global Step Counter: 1328270
Episode finished. Sum of shaped rewards: 0.00. Length: 525. Bonus: 1.2298.
Global Step Counter: 1338295
Episode finished. Sum of shaped rewards: 0.00. Length: 525. Bonus: 0.2809.
Global Step Counter: 1348330
Episode finished. Sum of shaped rewards: 0.00. Length: 525. Bonus: 1.2132.
Global Step Counter: 1358385
Episode finished. Sum of shaped rewards: 0.00. Length: 525. Bonus: 1.6865.
Global Step Counter: 1368505
Episode finished. Sum of shaped rewards: 0.00. Length: 525. Bonus: 0.5698.
Global Step Counter: 1378500
Episode finished. Sum of shaped rewards: 0.00. Length: 525. Bonus: 1.4274.
Global Step Counter: 1388395
Episode finished. Sum of shaped rewards: 0.00. Length: 525. Bonus: 0.4042.
Global Step Counter: 1398247
Episode finished. Sum of shaped rewards: 0.00. Length: 525. Bonus: 0.9909.
Global Step Counter: 1408282
Episode finished. Sum of shaped rewards: 0.00. Length: 525. Bonus: 0.2728.
Global Step Counter: 1418348
Episode finished. Sum of shaped rewards: 0.00. Length: 525. Bonus: 1.2426.
Global Step Counter: 1428343
Episode finished. Sum of shaped rewards: 0.00. Length: 525. Bonus: 0.4342.
Global Step Counter: 1438336
Episode finished. Sum of shaped rewards: 0.00. Length: 525. Bonus: 0.8623.
Global Step Counter: 1448222
Episode finished. Sum of shaped rewards: 0.00. Length: 525. Bonus: 0.2008.
Global Step Counter: 1458218
Episode finished. Sum of shaped rewards: 0.00. Length: 525. Bonus: 1.3145.
Global Step Counter: 1468052
Episode finished. Sum of shaped rewards: 0.00. Length: 525. Bonus: 1.2051.
Global Step Counter: 1477867
Episode fi[2018-05-20 22:13:24,532] Resetting environment logs
[2018-05-20 22:13:41,067] True Game terminating: env_episode_reward=0.0 episode_length=525
[2018-05-20 22:13:41,080] Resetting environment logs
Exception in thread Thread-1:
Traceback (most recent call last):
  File "/usr/lib/python2.7/threading.py", line 801, in __bootstrap_inner
    self.run()
  File "/home/verma_rohil/noreward-rl/src/a3c.py", line 135, in run
    self._run()
  File "/home/verma_rohil/noreward-rl/src/a3c.py", line 146, in _run
    self.queue.put(next(rollout_provider), timeout=600.0)
  File "/home/verma_rohil/noreward-rl/src/a3c.py", line 184, in env_runner
    bonus = predictor.pred_bonus(last_state, state, action)
  File "/home/verma_rohil/noreward-rl/src/model.py", line 310, in pred_bonus
    {self.s1: [s1], self.s2: [s2], self.asample: [asample]})
  File "/home/verma_rohil/noreward-rl/curiosity/local/lib/python2.7/site-packages/tensorflow/python/client/session.py", line 766, in run
    run_metadata_ptr)
  File "/home/verma_rohil/noreward-rl/curiosity/local/lib/python2.7/site-packages/tensorflow/python/client/session.py", line 902, in _run
    raise RuntimeError('Attempted to use a closed Session.')
RuntimeError: Attempted to use a closed Session.

[2018-05-20 22:13:44,383] reached 1500017 steps. worker stopped.
nished. Sum of shaped rewards: 0.00. Length: 525. Bonus: 1.1185.
Global Step Counter: 1488002
Episode finished. Sum of shaped rewards: 0.00. Length: 525. Bonus: 0.4981.
Global Step Counter: 1498007
