[2018-05-20 21:31:05,862] Writing logs to file: /tmp/universe-10047.log
I tensorflow/core/distributed_runtime/rpc/grpc_channel.cc:197] Initialize GrpcChannelCache for job ps -> {0 -> 127.0.0.1:12222}
I tensorflow/core/distributed_runtime/rpc/grpc_channel.cc:197] Initialize GrpcChannelCache for job worker -> {0 -> 127.0.0.1:12223, 1 -> 127.0.0.1:12224, 2 -> 127.0.0.1:12225, 3 -> 127.0.0.1:12226, 4 -> 127.0.0.1:12227, 5 -> 127.0.0.1:12228, 6 -> 127.0.0.1:12229, 7 -> 127.0.0.1:12230, 8 -> 127.0.0.1:12231, 9 -> 127.0.0.1:12232, 10 -> 127.0.0.1:12233, 11 -> 127.0.0.1:12234, 12 -> 127.0.0.1:12235, 13 -> 127.0.0.1:12236, 14 -> 127.0.0.1:12237, 15 -> 127.0.0.1:12238, 16 -> 127.0.0.1:12239, 17 -> 127.0.0.1:12240, 18 -> localhost:12241, 19 -> 127.0.0.1:12242}
I tensorflow/core/distributed_runtime/rpc/grpc_server_lib.cc:211] Started server with target: grpc://localhost:12241
[2018-05-20 21:34:05,986] Making new env: ppaquette/DoomMyWayHome-v0
[2018-05-20 21:34:11,186] Trainable vars:
[2018-05-20 21:34:11,187]   global/l1/W:0 (3, 3, 4, 32)
[2018-05-20 21:34:11,187]   global/l1/b:0 (1, 1, 1, 32)
[2018-05-20 21:34:11,187]   global/l2/W:0 (3, 3, 32, 32)
[2018-05-20 21:34:11,187]   global/l2/b:0 (1, 1, 1, 32)
[2018-05-20 21:34:11,187]   global/l3/W:0 (3, 3, 32, 32)
[2018-05-20 21:34:11,187]   global/l3/b:0 (1, 1, 1, 32)
[2018-05-20 21:34:11,187]   global/l4/W:0 (3, 3, 32, 32)
[2018-05-20 21:34:11,188]   global/l4/b:0 (1, 1, 1, 32)
[2018-05-20 21:34:11,188]   global/RNN/BasicLSTMCell/Linear/Matrix:0 (544, 1024)
[2018-05-20 21:34:11,188]   global/RNN/BasicLSTMCell/Linear/Bias:0 (1024,)
[2018-05-20 21:34:11,188]   global/value/w:0 (256, 1)
[2018-05-20 21:34:11,188]   global/value/b:0 (1,)
[2018-05-20 21:34:11,188]   global/action/w:0 (256, 4)
[2018-05-20 21:34:11,188]   global/action/b:0 (4,)
[2018-05-20 21:34:11,188]   global/predictor/l1/W:0 (3, 3, 4, 32)
[2018-05-20 21:34:11,189]   global/predictor/l1/b:0 (1, 1, 1, 32)
[2018-05-20 21:34:11,189]   global/predictor/l2/W:0 (3, 3, 32, 32)
[2018-05-20 21:34:11,189]   global/predictor/l2/b:0 (1, 1, 1, 32)
[2018-05-20 21:34:11,189]   global/predictor/l3/W:0 (3, 3, 32, 32)
[2018-05-20 21:34:11,189]   global/predictor/l3/b:0 (1, 1, 1, 32)
[2018-05-20 21:34:11,189]   global/predictor/l4/W:0 (3, 3, 32, 32)
[2018-05-20 21:34:11,189]   global/predictor/l4/b:0 (1, 1, 1, 32)
[2018-05-20 21:34:11,190]   global/predictor/g1/w:0 (576, 256)
[2018-05-20 21:34:11,190]   global/predictor/g1/b:0 (256,)
[2018-05-20 21:34:11,190]   global/predictor/glast/w:0 (256, 4)
[2018-05-20 21:34:11,190]   global/predictor/glast/b:0 (4,)
[2018-05-20 21:34:11,190]   global/predictor/f1/w:0 (292, 256)
[2018-05-20 21:34:11,190]   global/predictor/f1/b:0 (256,)
[2018-05-20 21:34:11,190]   global/predictor/flast/w:0 (256, 288)
[2018-05-20 21:34:11,191]   global/predictor/flast/b:0 (288,)
[2018-05-20 21:34:11,191]   local/l1/W:0 (3, 3, 4, 32)
[2018-05-20 21:34:11,191]   local/l1/b:0 (1, 1, 1, 32)
[2018-05-20 21:34:11,191]   local/l2/W:0 (3, 3, 32, 32)
[2018-05-20 21:34:11,191]   local/l2/b:0 (1, 1, 1, 32)
[2018-05-20 21:34:11,191]   local/l3/W:0 (3, 3, 32, 32)
[2018-05-20 21:34:11,191]   local/l3/b:0 (1, 1, 1, 32)
[2018-05-20 21:34:11,191]   local/l4/W:0 (3, 3, 32, 32)
[2018-05-20 21:34:11,192]   local/l4/b:0 (1, 1, 1, 32)
[2018-05-20 21:34:11,192]   local/RNN/BasicLSTMCell/Linear/Matrix:0 (544, 1024)
[2018-05-20 21:34:11,192]   local/RNN/BasicLSTMCell/Linear/Bias:0 (1024,)
[2018-05-20 21:34:11,192]   local/value/w:0 (256, 1)
[2018-05-20 21:34:11,192]   local/value/b:0 (1,)
[2018-05-20 21:34:11,192]   local/action/w:0 (256, 4)
[2018-05-20 21:34:11,192]   local/action/b:0 (4,)
[2018-05-20 21:34:11,192]   local/predictor/l1/W:0 (3, 3, 4, 32)
[2018-05-20 21:34:11,193]   local/predictor/l1/b:0 (1, 1, 1, 32)
[2018-05-20 21:34:11,193]   local/predictor/l2/W:0 (3, 3, 32, 32)
[2018-05-20 21:34:11,193]   local/predictor/l2/b:0 (1, 1, 1, 32)
[2018-05-20 21:34:11,193]   local/predictor/l3/W:0 (3, 3, 32, 32)
[2018-05-20 21:34:11,193]   local/predictor/l3/b:0 (1, 1, 1, 32)
[2018-05-20 21:34:11,193]   local/predictor/l4/W:0 (3, 3, 32, 32)
[2018-05-20 21:34:11,193]   local/predictor/l4/b:0 (1, 1, 1, 32)
[2018-05-20 21:34:11,194]   local/predictor/g1/w:0 (576, 256)
[2018-05-20 21:34:11,194]   local/predictor/g1/b:0 (256,)
[2018-05-20 21:34:11,194]   local/predictor/glast/w:0 (256, 4)
[2018-05-20 21:34:11,194]   local/predictor/glast/b:0 (4,)
[2018-05-20 21:34:11,194]   local/predictor/f1/w:0 (292, 256)
[2018-05-20 21:34:11,194]   local/predictor/f1/b:0 (256,)
[2018-05-20 21:34:11,194]   local/predictor/flast/w:0 (256, 288)
[2018-05-20 21:34:11,195]   local/predictor/flast/b:0 (288,)
[2018-05-20 21:34:11,196] Events directory: /scratch/doomicm/train_18
[2018-05-20 21:34:13,656] Starting session. If this hangs, we're mostly likely waiting to connect to the parameter server. One common cause is that the parameter server DNS name isn't resolving yet, or is misspecified.
I tensorflow/core/distributed_runtime/master_session.cc:993] Start master session a5ce98c52a3f05f7 with config: 
device_filters: "/job:ps"
device_filters: "/job:worker/task:18/cpu:0"

[2018-05-20 21:34:14,872] Called reset on <Unvectorize<VectorizeFilter[<class 'envs.DiagnosticsInfoI'>]<Vectorize<SkipEnv<BufferedObsEnv<NoNegativeRewardEnv<SetPlayingModeWrapper<SetResolutionWrapper<ToDiscreteWrapper<TimeLimit<DoomMyWayHomeEnv instance>>>>>>>>>>> before configuring. Configuring automatically with default arguments
[2018-05-20 21:34:15,271] Resetting environment logs
[2018-05-20 21:34:15,273] Starting training at gobal_step=71041
[2018-05-20 21:34:31,875] True Game terminating: env_episode_reward=0.0 episode_length=525
[2018-05-20 21:34:31,887] Resetting environment logs
[2018-05-20 21:34:48,437] True Game terminating: env_episode_reward=0.0 episode_length=525
[2018-05-20 21:34:48,447] Resetting environment logs
[2018-05-20 21:34:56,964] True Game terminating: env_episode_reward=0.9999 episode_length=271
[2018-05-20 21:34:56,976] Resetting environment logs
[2018-05-20 21:35:13,268] True Game terminating: env_episode_reward=0.0 episode_length=525
[2018-05-20 21:35:13,277] Resetting environment logs
[2018-05-20 21:35:30,213] True Game terminating: env_episode_reward=0.0 episode_length=525
[2018-05-20 21:35:30,223] Resetting environment logs
[2018-05-20 21:35:46,925] True Game terminating: env_episode_reward=0.0 episode_length=525
[2018-05-20 21:35:46,950] Resetting environment logs
[2018-05-20 21:36:01,099] True Game terminating: env_episode_reward=0.9999 episode_length=453
[2018-05-20 21:36:01,108] Resetting environment logs
[2018-05-20 21:36:17,922] True Game terminating: env_episode_reward=0.0 episode_length=525
[2018-05-20 21:36:17,931] Resetting environment logs
[2018-05-20 21:36:18,824] True Game terminating: env_episode_reward=0.9999 episode_length=28
[2018-05-20 21:36:18,835] Resetting environment logs
[2018-05-20 21:36:35,729] True Game terminating: env_episode_reward=0.0 episode_length=525
[2018-05-20 21:36:35,739] Resetting environment logs
[2018-05-20 21:36:52,126] True Game terminating: env_episode_reward=0.0 episode_length=525
[2018-05-20 21:36:52,136] Resetting environment logs
[2018-05-20 21:37:08,989] True Game terminating: env_episode_reward=0.0 episode_length=525
[2018-05-20 21:37:08,998] Resetting environment logs
[2018-05-20 21:37:25,657] True Game terminating: env_episode_reward=0.0 episode_length=525
[2018-05-20 21:37:25,679] Resetting environment logs
[2018-05-20 21:37:36,016] True Game terminating: env_episode_reward=0.9999 episode_length=313
[2018-05-20 21:37:36,029] Resetting environment logs
[2018-05-20 21:37:52,579] True Game terminating: env_episode_reward=0.0 episode_length=525
[2018-05-20 21:37:52,591] Resetting environment logs
[2018-05-20 21:38:09,399] True Game terminating: env_episode_reward=0.0 episode_length=525
[2018-05-20 21:38:09,410] Resetting environment logs
[2018-05-20 21:38:26,513] True Game terminating: env_episode_reward=0.0 episode_length=525
[2018-05-20 21:38:26,523] Resetting environment logs
[2018-05-20 21:38:43,513] True Game terminating: env_episode_reward=0.0 episode_length=525
[2018-05-20 21:38:43,536] Resetting environment logs
[2018-05-20 21:38:59,492] True Game terminating: env_episode_reward=0.0 episode_length=525
[2018-05-20 21:38:59,502] Resetting environment logs
[2018-05-20 21:39:15,694] True Game terminating: env_episode_reward=0.0 episode_length=525
[2018-05-20 21:39:15,703] Resetting environment logs
[2018-05-20 21:39:32,242] True Game terminating: env_episode_reward=0.0 episode_length=525
[2018-05-20 21:39:32,252] Resetting environment logs
[2018-05-20 21:39:49,017] True Game terminating: env_episode_reward=0.0 episode_length=525
[2018-05-20 21:39:49,029] Resetting environment logs
[2018-05-20 21:40:05,941] True Game terminating: env_episode_reward=0.0 episode_length=525
[2018-05-20 21:40:05,951] Resetting environment logs
[2018-05-20 21:40:21,231] True Game terminating: env_episode_reward=0.9999 episode_length=489
[2018-05-20 21:40:21,240] Resetting environment logs
[2018-05-20 21:40:38,090] True Game terminating: env_episode_reward=0.0 episode_length=525
[2018-05-20 21:40:38,101] Resetting environment logs
[2018-05-20 21:40:54,868] True Game terminating: env_episode_reward=0.0 episode_length=525
[2018-05-20 21:40:54,878] Resetting environment logs
[2018-05-20 21:41:11,880] True Game terminating: env_episode_reward=0.0 episode_length=525
[2018-05-20 21:41:11,893] Resetting environment logs
[2018-05-20 21:41:28,164] True Game terminating: env_episode_reward=0.0 episode_length=525
[2018-05-20 21:41:28,173] Resetting environment logs
[2018-05-20 21:41:44,904] True Game terminating: env_episode_reward=0.0 episode_length=525
[2018-05-20 21:41:44,931] Resetting environment logs
[2018-05-20 21:42:01,634] True Game terminating: env_episode_reward=0.0 episode_length=525
[2018-05-20 21:42:01,644] Resetting environment logs
[2018-05-20 21:42:18,368] True Game terminating: env_episode_reward=0.0 episode_length=525
[2018-05-20 21:42:18,383] Resetting environment logs
[2018-05-20 21:42:35,056] True Game terminating: env_episode_reward=0.0 episode_length=525
[2018-05-20 21:42:35,065] Resetting environment logs
[2018-05-20 21:42:51,618] True Game terminating: env_episode_reward=0.0 episode_length=525
[2018-05-20 21:42:51,628] Resetting environment logs
[2018-05-20 21:43:08,158] True Game terminating: env_episode_reward=0.0 episode_length=525
[2018-05-20 21:43:08,167] Resetting environment logs
[2018-05-20 21:43:24,557] True Game terminating: env_episode_reward=0.0 episode_length=525
[2018-05-20 21:43:24,567] Resetting environment logs
[2018-05-20 21:43:41,446] True Game terminating: env_episode_reward=0.0 episode_length=525
[2018-05-20 21:43:41,456] Resetting environment logs
[2018-05-20 21:43:45,902] True Game terminating: env_episode_reward=0.9999 episode_length=143
[2018-05-20 21:43:45,912] Resetting environment logs
[2018-05-20 21:44:02,652] True Game terminating: env_episode_reward=0.0 episode_length=525
Using universe head design
Using universe head design
Using universe head design
Using universe head design
Using universe head design
Using universe head design
Optimizer: ADAM with lr: 0.000100
Input observation shape:  (42, 42, 4)
	=> Special Config: Monsters Removed.
Episode finished. Sum of shaped rewards: 0.00. Length: 525. Bonus: 0.0750.
Global Step Counter: 81023
Episode finished. Sum of shaped rewards: 0.00. Length: 525. Bonus: 0.4619.
Global Step Counter: 90931
Episode finished. Sum of shaped rewards: 0.00. Length: 271. Bonus: 0.0866.
Global Step Counter: 96077
Episode finished. Sum of shaped rewards: 0.00. Length: 525. Bonus: 0.1819.
Global Step Counter: 105837
Episode finished. Sum of shaped rewards: 0.00. Length: 525. Bonus: 0.5847.
Global Step Counter: 116009
Episode finished. Sum of shaped rewards: 0.00. Length: 525. Bonus: 0.1167.
Global Step Counter: 126172
Episode finished. Sum of shaped rewards: 0.00. Length: 453. Bonus: 0.4291.
Global Step Counter: 134778
Episode finished. Sum of shaped rewards: 0.00. Length: 525. Bonus: 0.2935.
Global Step Counter: 144893
Episode finished. Sum of shaped rewards: 0.00. Length: 28. Bonus: 0.0122.
Global Step Counter: 145406
Episode finished. Sum of shaped rewards: 0.00. Length: 525. Bonus: 0.2281.
Global Step Counter: 155510
Episode finished. Sum of shaped rewards: 0.00. Length: 525. Bonus: 0.8472.
Global Step Counter: 165476
Episode finished. Sum of shaped rewards: 0.00. Length: 525. Bonus: 0.1837.
Global Step Counter: 175673
Episode finished. Sum of shaped rewards: 0.00. Length: 525. Bonus: 0.1624.
Global Step Counter: 185643
Episode finished. Sum of shaped rewards: 0.00. Length: 313. Bonus: 0.1452.
Global Step Counter: 191798
Episode finished. Sum of shaped rewards: 0.00. Length: 525. Bonus: 0.2404.
Global Step Counter: 201801
Episode finished. Sum of shaped rewards: 0.00. Length: 525. Bonus: 1.6214.
Global Step Counter: 212007
Episode finished. Sum of shaped rewards: 0.00. Length: 525. Bonus: 0.0505.
Global Step Counter: 222402
Episode finished. Sum of shaped rewards: 0.00. Length: 525. Bonus: 1.0913.
Global Step Counter: 232488
Episode finished. Sum of shaped rewards: 0.00. Length: 525. Bonus: 0.7615.
Global Step Counter: 242177
Episode finished. Sum of shaped rewards: 0.00. Length: 525. Bonus: 0.3446.
Global Step Counter: 251959
Episode finished. Sum of shaped rewards: 0.00. Length: 525. Bonus: 0.6508.
Global Step Counter: 261977
Episode finished. Sum of shaped rewards: 0.00. Length: 525. Bonus: 0.9710.
Global Step Counter: 272045
Episode finished. Sum of shaped rewards: 0.00. Length: 525. Bonus: 0.1336.
Global Step Counter: 282266
Episode finished. Sum of shaped rewards: 0.00. Length: 489. Bonus: 1.1411.
Global Step Counter: 291536
Episode finished. Sum of shaped rewards: 0.00. Length: 525. Bonus: 1.9337.
Global Step Counter: 301644
Episode finished. Sum of shaped rewards: 0.00. Length: 525. Bonus: 0.2759.
Global Step Counter: 311684
Episode finished. Sum of shaped rewards: 0.00. Length: 525. Bonus: 0.4303.
Global Step Counter: 321994
Episode finished. Sum of shaped rewards: 0.00. Length: 525. Bonus: 0.4921.
Global Step Counter: 331785
Episode finished. Sum of shaped rewards: 0.00. Length: 525. Bonus: 0.4264.
Global Step Counter: 341960
Episode finished. Sum of shaped rewards: 0.00. Length: 525. Bonus: 2.2418.
Global Step Counter: 352010
Episode finished. Sum of shaped rewards: 0.00. Length: 525. Bonus: 0.7800.
Global Step Counter: 362141
Episode finished. Sum of shaped rewards: 0.00. Length: 525. Bonus: 0.9475.
Global Step Counter: 372171
Episode finished. Sum of shaped rewards: 0.00. Length: 525. Bonus: 0.1752.
Global Step Counter: 382137
Episode finished. Sum of shaped rewards: 0.00. Length: 525. Bonus: 1.6865.
Global Step Counter: 392158
Episode finished. Sum of shaped rewards: 0.00. Length: 525. Bonus: 2.0101.
Global Step Counter: 402103
Episode finished. Sum of shaped rewards: 0.00. Length: 525. Bonus: 0.6805.
Global Step Counter: 412361
Episode finished. Sum of shaped rewards: 0.00. Length: 143. Bonus: 0.0798.
Global Step Counter: 415009
Episode finished.[2018-05-20 21:44:02,663] Resetting environment logs
[2018-05-20 21:44:14,439] True Game terminating: env_episode_reward=0.9999 episode_length=372
[2018-05-20 21:44:14,448] Resetting environment logs
[2018-05-20 21:44:31,154] True Game terminating: env_episode_reward=0.0 episode_length=525
[2018-05-20 21:44:31,168] Resetting environment logs
[2018-05-20 21:44:47,982] True Game terminating: env_episode_reward=0.0 episode_length=525
[2018-05-20 21:44:47,993] Resetting environment logs
[2018-05-20 21:45:03,565] True Game terminating: env_episode_reward=0.9999 episode_length=491
[2018-05-20 21:45:03,575] Resetting environment logs
[2018-05-20 21:45:20,301] True Game terminating: env_episode_reward=0.0 episode_length=525
[2018-05-20 21:45:20,311] Resetting environment logs
[2018-05-20 21:45:29,215] True Game terminating: env_episode_reward=0.9999 episode_length=282
[2018-05-20 21:45:29,231] Resetting environment logs
[2018-05-20 21:45:46,159] True Game terminating: env_episode_reward=0.0 episode_length=525
[2018-05-20 21:45:46,169] Resetting environment logs
[2018-05-20 21:46:02,759] True Game terminating: env_episode_reward=0.0 episode_length=525
[2018-05-20 21:46:02,771] Resetting environment logs
[2018-05-20 21:46:19,926] True Game terminating: env_episode_reward=0.0 episode_length=525
[2018-05-20 21:46:19,935] Resetting environment logs
[2018-05-20 21:46:36,312] True Game terminating: env_episode_reward=0.0 episode_length=525
[2018-05-20 21:46:36,324] Resetting environment logs
[2018-05-20 21:46:52,727] True Game terminating: env_episode_reward=0.0 episode_length=525
[2018-05-20 21:46:52,736] Resetting environment logs
[2018-05-20 21:47:09,403] True Game terminating: env_episode_reward=0.0 episode_length=525
[2018-05-20 21:47:09,415] Resetting environment logs
[2018-05-20 21:47:26,117] True Game terminating: env_episode_reward=0.0 episode_length=525
[2018-05-20 21:47:26,126] Resetting environment logs
[2018-05-20 21:47:42,318] True Game terminating: env_episode_reward=0.0 episode_length=525
[2018-05-20 21:47:42,330] Resetting environment logs
[2018-05-20 21:47:58,563] True Game terminating: env_episode_reward=0.0 episode_length=525
[2018-05-20 21:47:58,572] Resetting environment logs
[2018-05-20 21:48:15,311] True Game terminating: env_episode_reward=0.0 episode_length=525
[2018-05-20 21:48:15,329] Resetting environment logs
[2018-05-20 21:48:32,004] True Game terminating: env_episode_reward=0.0 episode_length=525
[2018-05-20 21:48:32,013] Resetting environment logs
[2018-05-20 21:48:48,415] True Game terminating: env_episode_reward=0.0 episode_length=525
[2018-05-20 21:48:48,434] Resetting environment logs
[2018-05-20 21:49:05,169] True Game terminating: env_episode_reward=0.0 episode_length=525
[2018-05-20 21:49:05,178] Resetting environment logs
[2018-05-20 21:49:21,800] True Game terminating: env_episode_reward=0.0 episode_length=525
[2018-05-20 21:49:21,810] Resetting environment logs
[2018-05-20 21:49:38,454] True Game terminating: env_episode_reward=0.0 episode_length=525
[2018-05-20 21:49:38,465] Resetting environment logs
[2018-05-20 21:49:55,176] True Game terminating: env_episode_reward=0.0 episode_length=525
[2018-05-20 21:49:55,186] Resetting environment logs
[2018-05-20 21:50:11,949] True Game terminating: env_episode_reward=0.0 episode_length=525
[2018-05-20 21:50:11,972] Resetting environment logs
[2018-05-20 21:50:28,681] True Game terminating: env_episode_reward=0.0 episode_length=525
[2018-05-20 21:50:28,694] Resetting environment logs
[2018-05-20 21:50:44,784] True Game terminating: env_episode_reward=0.0 episode_length=525
[2018-05-20 21:50:44,795] Resetting environment logs
[2018-05-20 21:51:01,144] True Game terminating: env_episode_reward=0.0 episode_length=525
[2018-05-20 21:51:01,156] Resetting environment logs
[2018-05-20 21:51:17,926] True Game terminating: env_episode_reward=0.0 episode_length=525
[2018-05-20 21:51:17,936] Resetting environment logs
[2018-05-20 21:51:34,344] True Game terminating: env_episode_reward=0.0 episode_length=525
[2018-05-20 21:51:34,354] Resetting environment logs
[2018-05-20 21:51:50,984] True Game terminating: env_episode_reward=0.0 episode_length=525
[2018-05-20 21:51:50,995] Resetting environment logs
[2018-05-20 21:52:07,608] True Game terminating: env_episode_reward=0.0 episode_length=525
[2018-05-20 21:52:07,617] Resetting environment logs
[2018-05-20 21:52:24,489] True Game terminating: env_episode_reward=0.0 episode_length=525
[2018-05-20 21:52:24,500] Resetting environment logs
[2018-05-20 21:52:41,260] True Game terminating: env_episode_reward=0.0 episode_length=525
[2018-05-20 21:52:41,270] Resetting environment logs
[2018-05-20 21:52:58,014] True Game terminating: env_episode_reward=0.0 episode_length=525
[2018-05-20 21:52:58,024] Resetting environment logs
[2018-05-20 21:53:14,582] True Game terminating: env_episode_reward=0.0 episode_length=525
[2018-05-20 21:53:14,592] Resetting environment logs
[2018-05-20 21:53:30,805] True Game terminating: env_episode_reward=0.0 episode_length=525
[2018-05-20 21:53:30,814] Resetting environment logs
[2018-05-20 21:53:47,174] True Game terminating: env_episode_reward=0.0 episode_length=525
[2018-05-20 21:53:47,183] Resetting environment logs
[2018-05-20 21:54:03,613] True Game terminating: env_episode_reward=0.0 episode_length=525
[2018-05-20 21:54:03,622] Resetting environment logs
[2018-05-20 21:54:20,188] True Game terminating: env_episode_reward=0.0 episode_length=525
[2018-05-20 21:54:20,214] Resetting environment logs
[2018-05-20 21:54:36,649] True Game terminating: env_episode_reward=0.0 episode_length=525
[2018-05-20 21:54:36,658] Resetting environment logs
 Sum of shaped rewards: 0.00. Length: 525. Bonus: 0.1485.
Global Step Counter: 425083
Episode finished. Sum of shaped rewards: 0.00. Length: 372. Bonus: 1.3970.
Global Step Counter: 432213
Episode finished. Sum of shaped rewards: 0.00. Length: 525. Bonus: 0.3763.
Global Step Counter: 442360
Episode finished. Sum of shaped rewards: 0.00. Length: 525. Bonus: 0.5730.
Global Step Counter: 452522
Episode finished. Sum of shaped rewards: 0.00. Length: 491. Bonus: 0.7923.
Global Step Counter: 461873
Episode finished. Sum of shaped rewards: 0.00. Length: 525. Bonus: 1.2773.
Global Step Counter: 471985
Episode finished. Sum of shaped rewards: 0.00. Length: 282. Bonus: 0.2040.
Global Step Counter: 477405
Episode finished. Sum of shaped rewards: 0.00. Length: 525. Bonus: 1.1709.
Global Step Counter: 487518
Episode finished. Sum of shaped rewards: 0.00. Length: 525. Bonus: 0.7179.
Global Step Counter: 497656
Episode finished. Sum of shaped rewards: 0.00. Length: 525. Bonus: 1.9898.
Global Step Counter: 507835
Episode finished. Sum of shaped rewards: 0.00. Length: 525. Bonus: 0.2525.
Global Step Counter: 517807
Episode finished. Sum of shaped rewards: 0.00. Length: 525. Bonus: 0.5522.
Global Step Counter: 527701
Episode finished. Sum of shaped rewards: 0.00. Length: 525. Bonus: 0.5206.
Global Step Counter: 537801
Episode finished. Sum of shaped rewards: 0.00. Length: 525. Bonus: 0.2971.
Global Step Counter: 547802
Episode finished. Sum of shaped rewards: 0.00. Length: 525. Bonus: 0.2508.
Global Step Counter: 557632
Episode finished. Sum of shaped rewards: 0.00. Length: 525. Bonus: 1.6818.
Global Step Counter: 567461
Episode finished. Sum of shaped rewards: 0.00. Length: 525. Bonus: 2.6637.
Global Step Counter: 577501
Episode finished. Sum of shaped rewards: 0.00. Length: 525. Bonus: 0.4963.
Global Step Counter: 587476
Episode finished. Sum of shaped rewards: 0.00. Length: 525. Bonus: 1.0603.
Global Step Counter: 597498
Episode finished. Sum of shaped rewards: 0.00. Length: 525. Bonus: 0.5326.
Global Step Counter: 607533
Episode finished. Sum of shaped rewards: 0.00. Length: 525. Bonus: 0.5804.
Global Step Counter: 617528
Episode finished. Sum of shaped rewards: 0.00. Length: 525. Bonus: 0.1093.
Global Step Counter: 627548
Episode finished. Sum of shaped rewards: 0.00. Length: 525. Bonus: 0.5207.
Global Step Counter: 637756
Episode finished. Sum of shaped rewards: 0.00. Length: 525. Bonus: 0.0628.
Global Step Counter: 647821
Episode finished. Sum of shaped rewards: 0.00. Length: 525. Bonus: 1.9047.
Global Step Counter: 657844
Episode finished. Sum of shaped rewards: 0.00. Length: 525. Bonus: 0.2246.
Global Step Counter: 667582
Episode finished. Sum of shaped rewards: 0.00. Length: 525. Bonus: 0.3260.
Global Step Counter: 677482
Episode finished. Sum of shaped rewards: 0.00. Length: 525. Bonus: 0.6112.
Global Step Counter: 687641
Episode finished. Sum of shaped rewards: 0.00. Length: 525. Bonus: 0.5299.
Global Step Counter: 697516
Episode finished. Sum of shaped rewards: 0.00. Length: 525. Bonus: 0.5172.
Global Step Counter: 707589
Episode finished. Sum of shaped rewards: 0.00. Length: 525. Bonus: 0.2608.
Global Step Counter: 717652
Episode finished. Sum of shaped rewards: 0.00. Length: 525. Bonus: 0.4642.
Global Step Counter: 727859
Episode finished. Sum of shaped rewards: 0.00. Length: 525. Bonus: 2.0475.
Global Step Counter: 737798
Episode finished. Sum of shaped rewards: 0.00. Length: 525. Bonus: 1.4003.
Global Step Counter: 747917
Episode finished. Sum of shaped rewards: 0.00. Length: 525. Bonus: 0.4965.
Global Step Counter: 758013
Episode finished. Sum of shaped rewards: 0.00. Length: 525. Bonus: 1.9014.
Global Step Counter: 767816
Episode finished. Sum of shaped rewards: 0.00. Length: 525. Bonus: 0.0486.
Global Step Counter: 777651
Episode finished. Sum of shaped rewards: 0.00. Length: 525. Bonus: 1.8705.
Global Step Counter: 787593
Episode finished. Sum of shaped rewards: 0.00. Length: 525. Bonus: 0.5296.
Global Step Counter: 797657
Episode finished. Sum of shaped rewards: 0.00. Length: 525. Bonus: 0.4913.
Global Step Counter: [2018-05-20 21:54:53,138] True Game terminating: env_episode_reward=0.0 episode_length=525
[2018-05-20 21:54:53,148] Resetting environment logs
[2018-05-20 21:55:09,539] True Game terminating: env_episode_reward=0.0 episode_length=525
[2018-05-20 21:55:09,548] Resetting environment logs
[2018-05-20 21:55:26,145] True Game terminating: env_episode_reward=0.0 episode_length=525
[2018-05-20 21:55:26,153] Resetting environment logs
[2018-05-20 21:55:42,714] True Game terminating: env_episode_reward=0.0 episode_length=525
[2018-05-20 21:55:42,731] Resetting environment logs
[2018-05-20 21:55:59,531] True Game terminating: env_episode_reward=0.0 episode_length=525
[2018-05-20 21:55:59,542] Resetting environment logs
[2018-05-20 21:56:16,047] True Game terminating: env_episode_reward=0.0 episode_length=525
[2018-05-20 21:56:16,059] Resetting environment logs
[2018-05-20 21:56:32,722] True Game terminating: env_episode_reward=0.0 episode_length=525
[2018-05-20 21:56:32,733] Resetting environment logs
[2018-05-20 21:56:49,399] True Game terminating: env_episode_reward=0.0 episode_length=525
[2018-05-20 21:56:49,408] Resetting environment logs
[2018-05-20 21:57:05,929] True Game terminating: env_episode_reward=0.0 episode_length=525
[2018-05-20 21:57:05,941] Resetting environment logs
[2018-05-20 21:57:22,868] True Game terminating: env_episode_reward=0.0 episode_length=525
[2018-05-20 21:57:22,879] Resetting environment logs
[2018-05-20 21:57:39,479] True Game terminating: env_episode_reward=0.0 episode_length=525
[2018-05-20 21:57:39,488] Resetting environment logs
[2018-05-20 21:57:56,031] True Game terminating: env_episode_reward=0.0 episode_length=525
[2018-05-20 21:57:56,043] Resetting environment logs
[2018-05-20 21:58:12,495] True Game terminating: env_episode_reward=0.0 episode_length=525
[2018-05-20 21:58:12,509] Resetting environment logs
[2018-05-20 21:58:29,368] True Game terminating: env_episode_reward=0.0 episode_length=525
[2018-05-20 21:58:29,389] Resetting environment logs
[2018-05-20 21:58:46,260] True Game terminating: env_episode_reward=0.0 episode_length=525
[2018-05-20 21:58:46,278] Resetting environment logs
[2018-05-20 21:59:02,715] True Game terminating: env_episode_reward=0.0 episode_length=525
[2018-05-20 21:59:02,725] Resetting environment logs
[2018-05-20 21:59:19,317] True Game terminating: env_episode_reward=0.0 episode_length=525
[2018-05-20 21:59:19,330] Resetting environment logs
[2018-05-20 21:59:36,217] True Game terminating: env_episode_reward=0.0 episode_length=525
[2018-05-20 21:59:36,233] Resetting environment logs
[2018-05-20 21:59:52,723] True Game terminating: env_episode_reward=0.0 episode_length=525
[2018-05-20 21:59:52,737] Resetting environment logs
[2018-05-20 22:00:09,373] True Game terminating: env_episode_reward=0.0 episode_length=525
[2018-05-20 22:00:09,382] Resetting environment logs
[2018-05-20 22:00:26,570] True Game terminating: env_episode_reward=0.0 episode_length=525
[2018-05-20 22:00:26,580] Resetting environment logs
[2018-05-20 22:00:43,298] True Game terminating: env_episode_reward=0.0 episode_length=525
[2018-05-20 22:00:43,311] Resetting environment logs
[2018-05-20 22:00:59,995] True Game terminating: env_episode_reward=0.0 episode_length=525
[2018-05-20 22:01:00,017] Resetting environment logs
[2018-05-20 22:01:17,409] True Game terminating: env_episode_reward=0.0 episode_length=525
[2018-05-20 22:01:17,420] Resetting environment logs
[2018-05-20 22:01:34,274] True Game terminating: env_episode_reward=0.0 episode_length=525
[2018-05-20 22:01:34,285] Resetting environment logs
[2018-05-20 22:01:51,004] True Game terminating: env_episode_reward=0.0 episode_length=525
[2018-05-20 22:01:51,016] Resetting environment logs
[2018-05-20 22:02:07,537] True Game terminating: env_episode_reward=0.0 episode_length=525
[2018-05-20 22:02:07,547] Resetting environment logs
[2018-05-20 22:02:23,912] True Game terminating: env_episode_reward=0.0 episode_length=525
[2018-05-20 22:02:23,920] Resetting environment logs
[2018-05-20 22:02:40,509] True Game terminating: env_episode_reward=0.0 episode_length=525
[2018-05-20 22:02:40,519] Resetting environment logs
[2018-05-20 22:02:56,741] True Game terminating: env_episode_reward=0.0 episode_length=525
[2018-05-20 22:02:56,751] Resetting environment logs
[2018-05-20 22:03:12,945] True Game terminating: env_episode_reward=0.0 episode_length=525
[2018-05-20 22:03:12,958] Resetting environment logs
[2018-05-20 22:03:29,595] True Game terminating: env_episode_reward=0.0 episode_length=525
[2018-05-20 22:03:29,606] Resetting environment logs
[2018-05-20 22:03:46,096] True Game terminating: env_episode_reward=0.0 episode_length=525
[2018-05-20 22:03:46,104] Resetting environment logs
[2018-05-20 22:04:03,033] True Game terminating: env_episode_reward=0.0 episode_length=525
[2018-05-20 22:04:03,050] Resetting environment logs
[2018-05-20 22:04:19,637] True Game terminating: env_episode_reward=0.0 episode_length=525
[2018-05-20 22:04:19,647] Resetting environment logs
[2018-05-20 22:04:36,094] True Game terminating: env_episode_reward=0.0 episode_length=525
[2018-05-20 22:04:36,103] Resetting environment logs
[2018-05-20 22:04:52,690] True Game terminating: env_episode_reward=0.0 episode_length=525
[2018-05-20 22:04:52,700] Resetting environment logs
[2018-05-20 22:05:09,662] True Game terminating: env_episode_reward=0.0 episode_length=525
[2018-05-20 22:05:09,672] Resetting environment logs
[2018-05-20 22:05:26,486] True Game terminating: env_episode_reward=0.0 episode_length=525
[2018-05-20 22:05:26,497] Resetting environment logs
[2018-05-20 22:05:43,090] True Game terminating: env_episode_reward=0.0 episode_length=525
807617
Episode finished. Sum of shaped rewards: 0.00. Length: 525. Bonus: 0.3931.
Global Step Counter: 817554
Episode finished. Sum of shaped rewards: 0.00. Length: 525. Bonus: 0.3915.
Global Step Counter: 827437
Episode finished. Sum of shaped rewards: 0.00. Length: 525. Bonus: 1.3580.
Global Step Counter: 837453
Episode finished. Sum of shaped rewards: 0.00. Length: 525. Bonus: 1.0573.
Global Step Counter: 847470
Episode finished. Sum of shaped rewards: 0.00. Length: 525. Bonus: 0.8243.
Global Step Counter: 857580
Episode finished. Sum of shaped rewards: 0.00. Length: 525. Bonus: 2.1992.
Global Step Counter: 867540
Episode finished. Sum of shaped rewards: 0.00. Length: 525. Bonus: 0.1736.
Global Step Counter: 877575
Episode finished. Sum of shaped rewards: 0.00. Length: 525. Bonus: 0.2146.
Global Step Counter: 887694
Episode finished. Sum of shaped rewards: 0.00. Length: 525. Bonus: 0.5414.
Global Step Counter: 897527
Episode finished. Sum of shaped rewards: 0.00. Length: 525. Bonus: 0.3132.
Global Step Counter: 907807
Episode finished. Sum of shaped rewards: 0.00. Length: 525. Bonus: 2.0966.
Global Step Counter: 917847
Episode finished. Sum of shaped rewards: 0.00. Length: 525. Bonus: 1.1424.
Global Step Counter: 927852
Episode finished. Sum of shaped rewards: 0.00. Length: 525. Bonus: 0.6621.
Global Step Counter: 937711
Episode finished. Sum of shaped rewards: 0.00. Length: 525. Bonus: 1.5069.
Global Step Counter: 947918
Episode finished. Sum of shaped rewards: 0.00. Length: 525. Bonus: 0.7351.
Global Step Counter: 958163
Episode finished. Sum of shaped rewards: 0.00. Length: 525. Bonus: 0.2369.
Global Step Counter: 968038
Episode finished. Sum of shaped rewards: 0.00. Length: 525. Bonus: 0.3573.
Global Step Counter: 978023
Episode finished. Sum of shaped rewards: 0.00. Length: 525. Bonus: 0.5401.
Global Step Counter: 988300
Episode finished. Sum of shaped rewards: 0.00. Length: 525. Bonus: 0.6144.
Global Step Counter: 998309
Episode finished. Sum of shaped rewards: 0.00. Length: 525. Bonus: 0.0750.
Global Step Counter: 1008364
Episode finished. Sum of shaped rewards: 0.00. Length: 525. Bonus: 1.0744.
Global Step Counter: 1018679
Episode finished. Sum of shaped rewards: 0.00. Length: 525. Bonus: 1.8364.
Global Step Counter: 1028717
Episode finished. Sum of shaped rewards: 0.00. Length: 525. Bonus: 1.9390.
Global Step Counter: 1038807
Episode finished. Sum of shaped rewards: 0.00. Length: 525. Bonus: 0.3342.
Global Step Counter: 1049167
Episode finished. Sum of shaped rewards: 0.00. Length: 525. Bonus: 0.7681.
Global Step Counter: 1059285
Episode finished. Sum of shaped rewards: 0.00. Length: 525. Bonus: 1.7148.
Global Step Counter: 1069400
Episode finished. Sum of shaped rewards: 0.00. Length: 525. Bonus: 0.7928.
Global Step Counter: 1079417
Episode finished. Sum of shaped rewards: 0.00. Length: 525. Bonus: 1.3760.
Global Step Counter: 1089261
Episode finished. Sum of shaped rewards: 0.00. Length: 525. Bonus: 0.5057.
Global Step Counter: 1099251
Episode finished. Sum of shaped rewards: 0.00. Length: 525. Bonus: 0.1785.
Global Step Counter: 1109061
Episode finished. Sum of shaped rewards: 0.00. Length: 525. Bonus: 0.3671.
Global Step Counter: 1118810
Episode finished. Sum of shaped rewards: 0.00. Length: 525. Bonus: 0.7932.
Global Step Counter: 1128760
Episode finished. Sum of shaped rewards: 0.00. Length: 525. Bonus: 0.1959.
Global Step Counter: 1138761
Episode finished. Sum of shaped rewards: 0.00. Length: 525. Bonus: 0.6092.
Global Step Counter: 1149080
Episode finished. Sum of shaped rewards: 0.00. Length: 525. Bonus: 1.7952.
Global Step Counter: 1159013
Episode finished. Sum of shaped rewards: 0.00. Length: 525. Bonus: 0.4648.
Global Step Counter: 1168883
Episode finished. Sum of shaped rewards: 0.00. Length: 525. Bonus: 1.0108.
Global Step Counter: 1178935
Episode finished. Sum of shaped rewards: 0.00. Length: 525. Bonus: 1.2986.
Global Step Counter: 1189195
Episode finished. Sum of shaped rewards: 0.00. Length: 525. Bonus: 0.4299.
Global Step Counter: 1199418
Episode finished. Sum of shaped rewards: 0.00. Lengt[2018-05-20 22:05:43,101] Resetting environment logs
[2018-05-20 22:05:59,614] True Game terminating: env_episode_reward=0.0 episode_length=525
[2018-05-20 22:05:59,623] Resetting environment logs
[2018-05-20 22:06:16,288] True Game terminating: env_episode_reward=0.0 episode_length=525
[2018-05-20 22:06:16,299] Resetting environment logs
[2018-05-20 22:06:32,851] True Game terminating: env_episode_reward=0.0 episode_length=525
[2018-05-20 22:06:32,861] Resetting environment logs
[2018-05-20 22:06:49,835] True Game terminating: env_episode_reward=0.0 episode_length=525
[2018-05-20 22:06:49,845] Resetting environment logs
[2018-05-20 22:07:05,986] True Game terminating: env_episode_reward=0.0 episode_length=525
[2018-05-20 22:07:06,007] Resetting environment logs
[2018-05-20 22:07:22,211] True Game terminating: env_episode_reward=0.0 episode_length=525
[2018-05-20 22:07:22,222] Resetting environment logs
[2018-05-20 22:07:34,829] True Game terminating: env_episode_reward=0.9999 episode_length=399
[2018-05-20 22:07:34,845] Resetting environment logs
[2018-05-20 22:07:51,884] True Game terminating: env_episode_reward=0.0 episode_length=525
[2018-05-20 22:07:51,897] Resetting environment logs
[2018-05-20 22:08:08,705] True Game terminating: env_episode_reward=0.0 episode_length=525
[2018-05-20 22:08:08,722] Resetting environment logs
[2018-05-20 22:08:25,638] True Game terminating: env_episode_reward=0.0 episode_length=525
[2018-05-20 22:08:25,648] Resetting environment logs
[2018-05-20 22:08:42,273] True Game terminating: env_episode_reward=0.0 episode_length=525
[2018-05-20 22:08:42,282] Resetting environment logs
[2018-05-20 22:08:59,173] True Game terminating: env_episode_reward=0.0 episode_length=525
[2018-05-20 22:08:59,194] Resetting environment logs
[2018-05-20 22:09:15,747] True Game terminating: env_episode_reward=0.0 episode_length=525
[2018-05-20 22:09:15,756] Resetting environment logs
[2018-05-20 22:09:32,111] True Game terminating: env_episode_reward=0.0 episode_length=525
[2018-05-20 22:09:32,121] Resetting environment logs
[2018-05-20 22:09:48,492] True Game terminating: env_episode_reward=0.0 episode_length=525
[2018-05-20 22:09:48,518] Resetting environment logs
[2018-05-20 22:10:05,282] True Game terminating: env_episode_reward=0.0 episode_length=525
[2018-05-20 22:10:05,294] Resetting environment logs
[2018-05-20 22:10:21,769] True Game terminating: env_episode_reward=0.0 episode_length=525
[2018-05-20 22:10:21,784] Resetting environment logs
[2018-05-20 22:10:38,343] True Game terminating: env_episode_reward=0.0 episode_length=525
[2018-05-20 22:10:38,354] Resetting environment logs
[2018-05-20 22:10:54,990] True Game terminating: env_episode_reward=0.0 episode_length=525
[2018-05-20 22:10:55,001] Resetting environment logs
[2018-05-20 22:11:11,574] True Game terminating: env_episode_reward=0.0 episode_length=525
[2018-05-20 22:11:11,585] Resetting environment logs
[2018-05-20 22:11:28,312] True Game terminating: env_episode_reward=0.0 episode_length=525
[2018-05-20 22:11:28,322] Resetting environment logs
[2018-05-20 22:11:44,872] True Game terminating: env_episode_reward=0.0 episode_length=525
[2018-05-20 22:11:44,882] Resetting environment logs
[2018-05-20 22:12:01,153] True Game terminating: env_episode_reward=0.0 episode_length=525
[2018-05-20 22:12:01,163] Resetting environment logs
[2018-05-20 22:12:18,195] True Game terminating: env_episode_reward=0.0 episode_length=525
[2018-05-20 22:12:18,205] Resetting environment logs
[2018-05-20 22:12:34,606] True Game terminating: env_episode_reward=0.0 episode_length=525
[2018-05-20 22:12:34,618] Resetting environment logs
[2018-05-20 22:12:51,286] True Game terminating: env_episode_reward=0.0 episode_length=525
[2018-05-20 22:12:51,300] Resetting environment logs
[2018-05-20 22:13:08,109] True Game terminating: env_episode_reward=0.0 episode_length=525
[2018-05-20 22:13:08,119] Resetting environment logs
[2018-05-20 22:13:25,045] True Game terminating: env_episode_reward=0.0 episode_length=525
[2018-05-20 22:13:25,055] Resetting environment logs
[2018-05-20 22:13:41,922] True Game terminating: env_episode_reward=0.0 episode_length=525
[2018-05-20 22:13:41,942] Resetting environment logs
