[2018-05-20 21:31:05,782] Writing logs to file: /tmp/universe-10043.log
I tensorflow/core/distributed_runtime/rpc/grpc_channel.cc:197] Initialize GrpcChannelCache for job ps -> {0 -> 127.0.0.1:12222}
I tensorflow/core/distributed_runtime/rpc/grpc_channel.cc:197] Initialize GrpcChannelCache for job worker -> {0 -> 127.0.0.1:12223, 1 -> 127.0.0.1:12224, 2 -> 127.0.0.1:12225, 3 -> 127.0.0.1:12226, 4 -> 127.0.0.1:12227, 5 -> 127.0.0.1:12228, 6 -> 127.0.0.1:12229, 7 -> 127.0.0.1:12230, 8 -> 127.0.0.1:12231, 9 -> 127.0.0.1:12232, 10 -> 127.0.0.1:12233, 11 -> 127.0.0.1:12234, 12 -> 127.0.0.1:12235, 13 -> 127.0.0.1:12236, 14 -> localhost:12237, 15 -> 127.0.0.1:12238, 16 -> 127.0.0.1:12239, 17 -> 127.0.0.1:12240, 18 -> 127.0.0.1:12241, 19 -> 127.0.0.1:12242}
I tensorflow/core/distributed_runtime/rpc/grpc_server_lib.cc:211] Started server with target: grpc://localhost:12237
[2018-05-20 21:33:25,901] Making new env: ppaquette/DoomMyWayHome-v0
[2018-05-20 21:33:30,645] Trainable vars:
[2018-05-20 21:33:30,645]   global/l1/W:0 (3, 3, 4, 32)
[2018-05-20 21:33:30,645]   global/l1/b:0 (1, 1, 1, 32)
[2018-05-20 21:33:30,645]   global/l2/W:0 (3, 3, 32, 32)
[2018-05-20 21:33:30,645]   global/l2/b:0 (1, 1, 1, 32)
[2018-05-20 21:33:30,645]   global/l3/W:0 (3, 3, 32, 32)
[2018-05-20 21:33:30,646]   global/l3/b:0 (1, 1, 1, 32)
[2018-05-20 21:33:30,646]   global/l4/W:0 (3, 3, 32, 32)
[2018-05-20 21:33:30,646]   global/l4/b:0 (1, 1, 1, 32)
[2018-05-20 21:33:30,646]   global/RNN/BasicLSTMCell/Linear/Matrix:0 (544, 1024)
[2018-05-20 21:33:30,646]   global/RNN/BasicLSTMCell/Linear/Bias:0 (1024,)
[2018-05-20 21:33:30,646]   global/value/w:0 (256, 1)
[2018-05-20 21:33:30,646]   global/value/b:0 (1,)
[2018-05-20 21:33:30,646]   global/action/w:0 (256, 4)
[2018-05-20 21:33:30,647]   global/action/b:0 (4,)
[2018-05-20 21:33:30,647]   global/predictor/l1/W:0 (3, 3, 4, 32)
[2018-05-20 21:33:30,647]   global/predictor/l1/b:0 (1, 1, 1, 32)
[2018-05-20 21:33:30,647]   global/predictor/l2/W:0 (3, 3, 32, 32)
[2018-05-20 21:33:30,647]   global/predictor/l2/b:0 (1, 1, 1, 32)
[2018-05-20 21:33:30,647]   global/predictor/l3/W:0 (3, 3, 32, 32)
[2018-05-20 21:33:30,647]   global/predictor/l3/b:0 (1, 1, 1, 32)
[2018-05-20 21:33:30,647]   global/predictor/l4/W:0 (3, 3, 32, 32)
[2018-05-20 21:33:30,648]   global/predictor/l4/b:0 (1, 1, 1, 32)
[2018-05-20 21:33:30,648]   global/predictor/g1/w:0 (576, 256)
[2018-05-20 21:33:30,648]   global/predictor/g1/b:0 (256,)
[2018-05-20 21:33:30,648]   global/predictor/glast/w:0 (256, 4)
[2018-05-20 21:33:30,648]   global/predictor/glast/b:0 (4,)
[2018-05-20 21:33:30,648]   global/predictor/f1/w:0 (292, 256)
[2018-05-20 21:33:30,648]   global/predictor/f1/b:0 (256,)
[2018-05-20 21:33:30,648]   global/predictor/flast/w:0 (256, 288)
[2018-05-20 21:33:30,649]   global/predictor/flast/b:0 (288,)
[2018-05-20 21:33:30,649]   local/l1/W:0 (3, 3, 4, 32)
[2018-05-20 21:33:30,649]   local/l1/b:0 (1, 1, 1, 32)
[2018-05-20 21:33:30,649]   local/l2/W:0 (3, 3, 32, 32)
[2018-05-20 21:33:30,649]   local/l2/b:0 (1, 1, 1, 32)
[2018-05-20 21:33:30,649]   local/l3/W:0 (3, 3, 32, 32)
[2018-05-20 21:33:30,649]   local/l3/b:0 (1, 1, 1, 32)
[2018-05-20 21:33:30,650]   local/l4/W:0 (3, 3, 32, 32)
[2018-05-20 21:33:30,650]   local/l4/b:0 (1, 1, 1, 32)
[2018-05-20 21:33:30,650]   local/RNN/BasicLSTMCell/Linear/Matrix:0 (544, 1024)
[2018-05-20 21:33:30,650]   local/RNN/BasicLSTMCell/Linear/Bias:0 (1024,)
[2018-05-20 21:33:30,650]   local/value/w:0 (256, 1)
[2018-05-20 21:33:30,650]   local/value/b:0 (1,)
[2018-05-20 21:33:30,650]   local/action/w:0 (256, 4)
[2018-05-20 21:33:30,650]   local/action/b:0 (4,)
[2018-05-20 21:33:30,650]   local/predictor/l1/W:0 (3, 3, 4, 32)
[2018-05-20 21:33:30,651]   local/predictor/l1/b:0 (1, 1, 1, 32)
[2018-05-20 21:33:30,651]   local/predictor/l2/W:0 (3, 3, 32, 32)
[2018-05-20 21:33:30,651]   local/predictor/l2/b:0 (1, 1, 1, 32)
[2018-05-20 21:33:30,651]   local/predictor/l3/W:0 (3, 3, 32, 32)
[2018-05-20 21:33:30,651]   local/predictor/l3/b:0 (1, 1, 1, 32)
[2018-05-20 21:33:30,651]   local/predictor/l4/W:0 (3, 3, 32, 32)
[2018-05-20 21:33:30,651]   local/predictor/l4/b:0 (1, 1, 1, 32)
[2018-05-20 21:33:30,651]   local/predictor/g1/w:0 (576, 256)
[2018-05-20 21:33:30,652]   local/predictor/g1/b:0 (256,)
[2018-05-20 21:33:30,652]   local/predictor/glast/w:0 (256, 4)
[2018-05-20 21:33:30,652]   local/predictor/glast/b:0 (4,)
[2018-05-20 21:33:30,652]   local/predictor/f1/w:0 (292, 256)
[2018-05-20 21:33:30,652]   local/predictor/f1/b:0 (256,)
[2018-05-20 21:33:30,652]   local/predictor/flast/w:0 (256, 288)
[2018-05-20 21:33:30,652]   local/predictor/flast/b:0 (288,)
[2018-05-20 21:33:30,653] Events directory: /scratch/doomicm/train_14
[2018-05-20 21:33:32,981] Starting session. If this hangs, we're mostly likely waiting to connect to the parameter server. One common cause is that the parameter server DNS name isn't resolving yet, or is misspecified.
I tensorflow/core/distributed_runtime/master_session.cc:993] Start master session ade282e3382324a5 with config: 
device_filters: "/job:ps"
device_filters: "/job:worker/task:14/cpu:0"

[2018-05-20 21:33:34,151] Called reset on <Unvectorize<VectorizeFilter[<class 'envs.DiagnosticsInfoI'>]<Vectorize<SkipEnv<BufferedObsEnv<NoNegativeRewardEnv<SetPlayingModeWrapper<SetResolutionWrapper<ToDiscreteWrapper<TimeLimit<DoomMyWayHomeEnv instance>>>>>>>>>>> before configuring. Configuring automatically with default arguments
[2018-05-20 21:33:34,537] Resetting environment logs
[2018-05-20 21:33:34,568] Starting training at gobal_step=49054
[2018-05-20 21:33:48,573] True Game terminating: env_episode_reward=0.0 episode_length=525
[2018-05-20 21:33:48,582] Resetting environment logs
[2018-05-20 21:34:03,384] True Game terminating: env_episode_reward=0.0 episode_length=525
[2018-05-20 21:34:03,393] Resetting environment logs
[2018-05-20 21:34:19,439] True Game terminating: env_episode_reward=0.0 episode_length=525
[2018-05-20 21:34:19,448] Resetting environment logs
[2018-05-20 21:34:36,048] True Game terminating: env_episode_reward=0.0 episode_length=525
[2018-05-20 21:34:36,058] Resetting environment logs
[2018-05-20 21:34:52,522] True Game terminating: env_episode_reward=0.0 episode_length=525
[2018-05-20 21:34:52,536] Resetting environment logs
[2018-05-20 21:35:09,387] True Game terminating: env_episode_reward=0.0 episode_length=525
[2018-05-20 21:35:09,396] Resetting environment logs
[2018-05-20 21:35:26,118] True Game terminating: env_episode_reward=0.0 episode_length=525
[2018-05-20 21:35:26,142] Resetting environment logs
[2018-05-20 21:35:42,809] True Game terminating: env_episode_reward=0.0 episode_length=525
[2018-05-20 21:35:42,820] Resetting environment logs
[2018-05-20 21:35:55,726] True Game terminating: env_episode_reward=0.9999 episode_length=435
[2018-05-20 21:35:55,738] Resetting environment logs
[2018-05-20 21:36:12,393] True Game terminating: env_episode_reward=0.0 episode_length=525
[2018-05-20 21:36:12,407] Resetting environment logs
[2018-05-20 21:36:29,465] True Game terminating: env_episode_reward=0.0 episode_length=525
[2018-05-20 21:36:29,476] Resetting environment logs
[2018-05-20 21:36:45,763] True Game terminating: env_episode_reward=0.9999 episode_length=522
[2018-05-20 21:36:45,775] Resetting environment logs
[2018-05-20 21:37:02,200] True Game terminating: env_episode_reward=0.0 episode_length=525
[2018-05-20 21:37:02,209] Resetting environment logs
[2018-05-20 21:37:18,763] True Game terminating: env_episode_reward=0.0 episode_length=525
[2018-05-20 21:37:18,773] Resetting environment logs
[2018-05-20 21:37:35,610] True Game terminating: env_episode_reward=0.0 episode_length=525
[2018-05-20 21:37:35,622] Resetting environment logs
[2018-05-20 21:37:52,227] True Game terminating: env_episode_reward=0.0 episode_length=525
[2018-05-20 21:37:52,237] Resetting environment logs
[2018-05-20 21:38:08,519] True Game terminating: env_episode_reward=0.0 episode_length=525
[2018-05-20 21:38:08,534] Resetting environment logs
[2018-05-20 21:38:25,596] True Game terminating: env_episode_reward=0.0 episode_length=525
[2018-05-20 21:38:25,605] Resetting environment logs
[2018-05-20 21:38:42,465] True Game terminating: env_episode_reward=0.0 episode_length=525
[2018-05-20 21:38:42,476] Resetting environment logs
[2018-05-20 21:38:58,867] True Game terminating: env_episode_reward=0.0 episode_length=525
[2018-05-20 21:38:58,877] Resetting environment logs
[2018-05-20 21:39:15,530] True Game terminating: env_episode_reward=0.0 episode_length=525
[2018-05-20 21:39:15,540] Resetting environment logs
[2018-05-20 21:39:31,526] True Game terminating: env_episode_reward=0.0 episode_length=525
[2018-05-20 21:39:31,541] Resetting environment logs
[2018-05-20 21:39:47,861] True Game terminating: env_episode_reward=0.0 episode_length=525
[2018-05-20 21:39:47,870] Resetting environment logs
[2018-05-20 21:40:04,286] True Game terminating: env_episode_reward=0.0 episode_length=525
[2018-05-20 21:40:04,295] Resetting environment logs
[2018-05-20 21:40:20,592] True Game terminating: env_episode_reward=0.0 episode_length=525
[2018-05-20 21:40:20,601] Resetting environment logs
[2018-05-20 21:40:37,320] True Game terminating: env_episode_reward=0.0 episode_length=525
[2018-05-20 21:40:37,329] Resetting environment logs
[2018-05-20 21:40:53,896] True Game terminating: env_episode_reward=0.0 episode_length=525
[2018-05-20 21:40:53,905] Resetting environment logs
[2018-05-20 21:41:10,457] True Game terminating: env_episode_reward=0.0 episode_length=525
[2018-05-20 21:41:10,466] Resetting environment logs
[2018-05-20 21:41:26,906] True Game terminating: env_episode_reward=0.0 episode_length=525
[2018-05-20 21:41:26,915] Resetting environment logs
[2018-05-20 21:41:43,777] True Game terminating: env_episode_reward=0.0 episode_length=525
[2018-05-20 21:41:43,786] Resetting environment logs
[2018-05-20 21:42:00,761] True Game terminating: env_episode_reward=0.0 episode_length=525
[2018-05-20 21:42:00,770] Resetting environment logs
[2018-05-20 21:42:17,327] True Game terminating: env_episode_reward=0.0 episode_length=525
[2018-05-20 21:42:17,339] Resetting environment logs
[2018-05-20 21:42:33,893] True Game terminating: env_episode_reward=0.0 episode_length=525
[2018-05-20 21:42:33,902] Resetting environment logs
[2018-05-20 21:42:50,315] True Game terminating: env_episode_reward=0.0 episode_length=525
[2018-05-20 21:42:50,331] Resetting environment logs
[2018-05-20 21:43:07,280] True Game terminating: env_episode_reward=0.0 episode_length=525
[2018-05-20 21:43:07,291] Resetting environment logs
[2018-05-20 21:43:23,964] True Game terminating: env_episode_reward=0.0 episode_length=525
[2018-05-20 21:43:23,973] Resetting environment logs
[2018-05-20 21:43:40,133] True Game terminating: env_episode_reward=0.0 episode_length=525
[2018-05-20 21:43:40,144] Resetting environment logs
[2018-05-20 21:43:56,825] True Game terminating: env_episode_reward=0.0 episode_length=525
Using universe head design
Using universe head design
Using universe head design
Using universe head design
Using universe head design
Using universe head design
Optimizer: ADAM with lr: 0.000100
Input observation shape:  (42, 42, 4)
	=> Special Config: Monsters Removed.
Episode finished. Sum of shaped rewards: 0.00. Length: 525. Bonus: 1.7458.
Global Step Counter: 56564
Episode finished. Sum of shaped rewards: 0.00. Length: 525. Bonus: 0.0466.
Global Step Counter: 64714
Episode finished. Sum of shaped rewards: 0.00. Length: 525. Bonus: 1.8635.
Global Step Counter: 73633
Episode finished. Sum of shaped rewards: 0.00. Length: 525. Bonus: 0.1852.
Global Step Counter: 83493
Episode finished. Sum of shaped rewards: 0.00. Length: 525. Bonus: 0.8452.
Global Step Counter: 93379
Episode finished. Sum of shaped rewards: 0.00. Length: 525. Bonus: 0.5761.
Global Step Counter: 103555
Episode finished. Sum of shaped rewards: 0.00. Length: 525. Bonus: 0.5844.
Global Step Counter: 113543
Episode finished. Sum of shaped rewards: 0.00. Length: 525. Bonus: 0.7027.
Global Step Counter: 123667
Episode finished. Sum of shaped rewards: 0.00. Length: 435. Bonus: 0.8258.
Global Step Counter: 131437
Episode finished. Sum of shaped rewards: 0.00. Length: 525. Bonus: 0.3069.
Global Step Counter: 141568
Episode finished. Sum of shaped rewards: 0.00. Length: 525. Bonus: 0.2248.
Global Step Counter: 151766
Episode finished. Sum of shaped rewards: 0.00. Length: 522. Bonus: 0.5747.
Global Step Counter: 161621
Episode finished. Sum of shaped rewards: 0.00. Length: 525. Bonus: 0.6420.
Global Step Counter: 171543
Episode finished. Sum of shaped rewards: 0.00. Length: 525. Bonus: 1.8139.
Global Step Counter: 181478
Episode finished. Sum of shaped rewards: 0.00. Length: 525. Bonus: 0.1071.
Global Step Counter: 191653
Episode finished. Sum of shaped rewards: 0.00. Length: 525. Bonus: 1.4771.
Global Step Counter: 201576
Episode finished. Sum of shaped rewards: 0.00. Length: 525. Bonus: 1.0951.
Global Step Counter: 211457
Episode finished. Sum of shaped rewards: 0.00. Length: 525. Bonus: 0.2627.
Global Step Counter: 221772
Episode finished. Sum of shaped rewards: 0.00. Length: 525. Bonus: 0.5262.
Global Step Counter: 231878
Episode finished. Sum of shaped rewards: 0.00. Length: 525. Bonus: 0.4428.
Global Step Counter: 241787
Episode finished. Sum of shaped rewards: 0.00. Length: 525. Bonus: 1.2504.
Global Step Counter: 251869
Episode finished. Sum of shaped rewards: 0.00. Length: 525. Bonus: 1.2650.
Global Step Counter: 261532
Episode finished. Sum of shaped rewards: 0.00. Length: 525. Bonus: 0.5062.
Global Step Counter: 271315
Episode finished. Sum of shaped rewards: 0.00. Length: 525. Bonus: 1.3161.
Global Step Counter: 281256
Episode finished. Sum of shaped rewards: 0.00. Length: 525. Bonus: 0.9736.
Global Step Counter: 291147
Episode finished. Sum of shaped rewards: 0.00. Length: 525. Bonus: 0.2479.
Global Step Counter: 301239
Episode finished. Sum of shaped rewards: 0.00. Length: 525. Bonus: 2.5980.
Global Step Counter: 311074
Episode finished. Sum of shaped rewards: 0.00. Length: 525. Bonus: 0.3130.
Global Step Counter: 321124
Episode finished. Sum of shaped rewards: 0.00. Length: 525. Bonus: 0.4580.
Global Step Counter: 331040
Episode finished. Sum of shaped rewards: 0.00. Length: 525. Bonus: 0.0659.
Global Step Counter: 341275
Episode finished. Sum of shaped rewards: 0.00. Length: 525. Bonus: 0.4194.
Global Step Counter: 351510
Episode finished. Sum of shaped rewards: 0.00. Length: 525. Bonus: 0.7735.
Global Step Counter: 361466
Episode finished. Sum of shaped rewards: 0.00. Length: 525. Bonus: 1.9870.
Global Step Counter: 371476
Episode finished. Sum of shaped rewards: 0.00. Length: 525. Bonus: 0.5169.
Global Step Counter: 381377
Episode finished. Sum of shaped rewards: 0.00. Length: 525. Bonus: 0.2249.
Global Step Counter: 391633
Episode finished. Sum of shaped rewards: 0.00. Length: 525. Bonus: 1.6097.
Global Step Counter: 401713
Episode finished. Sum of shaped rewards: 0.00. Length: 525. Bonus: 1.9381.
Global Step Counter: 411531
Episode finished. [2018-05-20 21:43:56,835] Resetting environment logs
[2018-05-20 21:44:13,093] True Game terminating: env_episode_reward=0.0 episode_length=525
[2018-05-20 21:44:13,102] Resetting environment logs
[2018-05-20 21:44:29,766] True Game terminating: env_episode_reward=0.0 episode_length=525
[2018-05-20 21:44:29,776] Resetting environment logs
[2018-05-20 21:44:46,473] True Game terminating: env_episode_reward=0.0 episode_length=525
[2018-05-20 21:44:46,495] Resetting environment logs
[2018-05-20 21:45:02,807] True Game terminating: env_episode_reward=0.0 episode_length=525
[2018-05-20 21:45:02,817] Resetting environment logs
[2018-05-20 21:45:19,609] True Game terminating: env_episode_reward=0.0 episode_length=525
[2018-05-20 21:45:19,620] Resetting environment logs
[2018-05-20 21:45:36,082] True Game terminating: env_episode_reward=0.0 episode_length=525
[2018-05-20 21:45:36,093] Resetting environment logs
[2018-05-20 21:45:52,722] True Game terminating: env_episode_reward=0.0 episode_length=525
[2018-05-20 21:45:52,733] Resetting environment logs
[2018-05-20 21:46:09,618] True Game terminating: env_episode_reward=0.0 episode_length=525
[2018-05-20 21:46:09,629] Resetting environment logs
[2018-05-20 21:46:14,779] True Game terminating: env_episode_reward=0.9999 episode_length=163
[2018-05-20 21:46:14,793] Resetting environment logs
[2018-05-20 21:46:31,238] True Game terminating: env_episode_reward=0.0 episode_length=525
[2018-05-20 21:46:31,250] Resetting environment logs
[2018-05-20 21:46:42,872] True Game terminating: env_episode_reward=0.9999 episode_length=369
[2018-05-20 21:46:42,881] Resetting environment logs
[2018-05-20 21:46:59,525] True Game terminating: env_episode_reward=0.0 episode_length=525
[2018-05-20 21:46:59,537] Resetting environment logs
[2018-05-20 21:47:16,713] True Game terminating: env_episode_reward=0.0 episode_length=525
[2018-05-20 21:47:16,731] Resetting environment logs
[2018-05-20 21:47:33,260] True Game terminating: env_episode_reward=0.0 episode_length=525
[2018-05-20 21:47:33,271] Resetting environment logs
[2018-05-20 21:47:49,924] True Game terminating: env_episode_reward=0.0 episode_length=525
[2018-05-20 21:47:49,942] Resetting environment logs
[2018-05-20 21:48:06,692] True Game terminating: env_episode_reward=0.0 episode_length=525
[2018-05-20 21:48:06,706] Resetting environment logs
[2018-05-20 21:48:23,826] True Game terminating: env_episode_reward=0.0 episode_length=525
[2018-05-20 21:48:23,837] Resetting environment logs
[2018-05-20 21:48:39,936] True Game terminating: env_episode_reward=0.0 episode_length=525
[2018-05-20 21:48:39,945] Resetting environment logs
[2018-05-20 21:48:56,905] True Game terminating: env_episode_reward=0.0 episode_length=525
[2018-05-20 21:48:56,915] Resetting environment logs
[2018-05-20 21:49:13,492] True Game terminating: env_episode_reward=0.0 episode_length=525
[2018-05-20 21:49:13,502] Resetting environment logs
[2018-05-20 21:49:30,010] True Game terminating: env_episode_reward=0.0 episode_length=525
[2018-05-20 21:49:30,021] Resetting environment logs
[2018-05-20 21:49:46,989] True Game terminating: env_episode_reward=0.0 episode_length=525
[2018-05-20 21:49:47,020] Resetting environment logs
[2018-05-20 21:50:03,227] True Game terminating: env_episode_reward=0.0 episode_length=525
[2018-05-20 21:50:03,237] Resetting environment logs
[2018-05-20 21:50:19,758] True Game terminating: env_episode_reward=0.0 episode_length=525
[2018-05-20 21:50:19,767] Resetting environment logs
[2018-05-20 21:50:36,610] True Game terminating: env_episode_reward=0.0 episode_length=525
[2018-05-20 21:50:36,630] Resetting environment logs
[2018-05-20 21:50:53,093] True Game terminating: env_episode_reward=0.0 episode_length=525
[2018-05-20 21:50:53,102] Resetting environment logs
[2018-05-20 21:51:09,789] True Game terminating: env_episode_reward=0.0 episode_length=525
[2018-05-20 21:51:09,810] Resetting environment logs
[2018-05-20 21:51:26,695] True Game terminating: env_episode_reward=0.0 episode_length=525
[2018-05-20 21:51:26,710] Resetting environment logs
[2018-05-20 21:51:43,446] True Game terminating: env_episode_reward=0.0 episode_length=525
[2018-05-20 21:51:43,463] Resetting environment logs
[2018-05-20 21:51:59,764] True Game terminating: env_episode_reward=0.0 episode_length=525
[2018-05-20 21:51:59,782] Resetting environment logs
[2018-05-20 21:52:16,393] True Game terminating: env_episode_reward=0.0 episode_length=525
[2018-05-20 21:52:16,402] Resetting environment logs
[2018-05-20 21:52:32,844] True Game terminating: env_episode_reward=0.0 episode_length=525
[2018-05-20 21:52:32,854] Resetting environment logs
[2018-05-20 21:52:49,350] True Game terminating: env_episode_reward=0.0 episode_length=525
[2018-05-20 21:52:49,361] Resetting environment logs
[2018-05-20 21:53:05,997] True Game terminating: env_episode_reward=0.0 episode_length=525
[2018-05-20 21:53:06,006] Resetting environment logs
[2018-05-20 21:53:22,510] True Game terminating: env_episode_reward=0.0 episode_length=525
[2018-05-20 21:53:22,524] Resetting environment logs
[2018-05-20 21:53:39,099] True Game terminating: env_episode_reward=0.0 episode_length=525
[2018-05-20 21:53:39,116] Resetting environment logs
[2018-05-20 21:53:55,838] True Game terminating: env_episode_reward=0.0 episode_length=525
[2018-05-20 21:53:55,866] Resetting environment logs
[2018-05-20 21:54:12,092] True Game terminating: env_episode_reward=0.0 episode_length=525
[2018-05-20 21:54:12,104] Resetting environment logs
[2018-05-20 21:54:28,635] True Game terminating: env_episode_reward=0.0 episode_length=525
[2018-05-20 21:54:28,645] Resetting environment logs
Sum of shaped rewards: 0.00. Length: 525. Bonus: 0.2881.
Global Step Counter: 421558
Episode finished. Sum of shaped rewards: 0.00. Length: 525. Bonus: 1.2492.
Global Step Counter: 431405
Episode finished. Sum of shaped rewards: 0.00. Length: 525. Bonus: 0.4857.
Global Step Counter: 441465
Episode finished. Sum of shaped rewards: 0.00. Length: 525. Bonus: 2.0046.
Global Step Counter: 451617
Episode finished. Sum of shaped rewards: 0.00. Length: 525. Bonus: 1.5735.
Global Step Counter: 461450
Episode finished. Sum of shaped rewards: 0.00. Length: 525. Bonus: 0.3872.
Global Step Counter: 471589
Episode finished. Sum of shaped rewards: 0.00. Length: 525. Bonus: 0.7624.
Global Step Counter: 481498
Episode finished. Sum of shaped rewards: 0.00. Length: 525. Bonus: 0.6980.
Global Step Counter: 491579
Episode finished. Sum of shaped rewards: 0.00. Length: 525. Bonus: 1.0268.
Global Step Counter: 501648
Episode finished. Sum of shaped rewards: 0.00. Length: 163. Bonus: 0.1589.
Global Step Counter: 504723
Episode finished. Sum of shaped rewards: 0.00. Length: 525. Bonus: 0.2719.
Global Step Counter: 514707
Episode finished. Sum of shaped rewards: 0.00. Length: 369. Bonus: 2.1217.
Global Step Counter: 521756
Episode finished. Sum of shaped rewards: 0.00. Length: 525. Bonus: 0.4241.
Global Step Counter: 531826
Episode finished. Sum of shaped rewards: 0.00. Length: 525. Bonus: 0.3449.
Global Step Counter: 542121
Episode finished. Sum of shaped rewards: 0.00. Length: 525. Bonus: 1.5008.
Global Step Counter: 552162
Episode finished. Sum of shaped rewards: 0.00. Length: 525. Bonus: 0.8868.
Global Step Counter: 562286
Episode finished. Sum of shaped rewards: 0.00. Length: 525. Bonus: 0.3889.
Global Step Counter: 572311
Episode finished. Sum of shaped rewards: 0.00. Length: 525. Bonus: 0.5211.
Global Step Counter: 582531
Episode finished. Sum of shaped rewards: 0.00. Length: 525. Bonus: 0.1188.
Global Step Counter: 592301
Episode finished. Sum of shaped rewards: 0.00. Length: 525. Bonus: 1.0384.
Global Step Counter: 602573
Episode finished. Sum of shaped rewards: 0.00. Length: 525. Bonus: 0.2910.
Global Step Counter: 612543
Episode finished. Sum of shaped rewards: 0.00. Length: 525. Bonus: 1.3473.
Global Step Counter: 622458
Episode finished. Sum of shaped rewards: 0.00. Length: 525. Bonus: 0.1029.
Global Step Counter: 632794
Episode finished. Sum of shaped rewards: 0.00. Length: 525. Bonus: 0.5692.
Global Step Counter: 642536
Episode finished. Sum of shaped rewards: 0.00. Length: 525. Bonus: 0.8611.
Global Step Counter: 652561
Episode finished. Sum of shaped rewards: 0.00. Length: 525. Bonus: 1.1503.
Global Step Counter: 662659
Episode finished. Sum of shaped rewards: 0.00. Length: 525. Bonus: 2.0185.
Global Step Counter: 672622
Episode finished. Sum of shaped rewards: 0.00. Length: 525. Bonus: 1.3578.
Global Step Counter: 682816
Episode finished. Sum of shaped rewards: 0.00. Length: 525. Bonus: 0.2531.
Global Step Counter: 693046
Episode finished. Sum of shaped rewards: 0.00. Length: 525. Bonus: 0.4637.
Global Step Counter: 703021
Episode finished. Sum of shaped rewards: 0.00. Length: 525. Bonus: 0.5945.
Global Step Counter: 712882
Episode finished. Sum of shaped rewards: 0.00. Length: 525. Bonus: 0.4591.
Global Step Counter: 722917
Episode finished. Sum of shaped rewards: 0.00. Length: 525. Bonus: 0.6665.
Global Step Counter: 732858
Episode finished. Sum of shaped rewards: 0.00. Length: 525. Bonus: 1.6169.
Global Step Counter: 742694
Episode finished. Sum of shaped rewards: 0.00. Length: 525. Bonus: 0.2024.
Global Step Counter: 752753
Episode finished. Sum of shaped rewards: 0.00. Length: 525. Bonus: 1.0098.
Global Step Counter: 762766
Episode finished. Sum of shaped rewards: 0.00. Length: 525. Bonus: 0.3107.
Global Step Counter: 772826
Episode finished. Sum of shaped rewards: 0.00. Length: 525. Bonus: 2.0151.
Global Step Counter: 782898
Episode finished. Sum of shaped rewards: 0.00. Length: 525. Bonus: 0.4757.
Global Step Counter: 792663
Episode finished. Sum of shaped rewards: 0.00. Length: 525. Bonus: 1.4040.
Global Step Counter: 8[2018-05-20 21:54:45,281] True Game terminating: env_episode_reward=0.0 episode_length=525
[2018-05-20 21:54:45,289] Resetting environment logs
[2018-05-20 21:55:02,144] True Game terminating: env_episode_reward=0.0 episode_length=525
[2018-05-20 21:55:02,155] Resetting environment logs
[2018-05-20 21:55:18,484] True Game terminating: env_episode_reward=0.0 episode_length=525
[2018-05-20 21:55:18,493] Resetting environment logs
[2018-05-20 21:55:24,350] True Game terminating: env_episode_reward=0.9999 episode_length=188
[2018-05-20 21:55:24,359] Resetting environment logs
[2018-05-20 21:55:40,628] True Game terminating: env_episode_reward=0.0 episode_length=525
[2018-05-20 21:55:40,637] Resetting environment logs
[2018-05-20 21:55:57,340] True Game terminating: env_episode_reward=0.0 episode_length=525
[2018-05-20 21:55:57,359] Resetting environment logs
[2018-05-20 21:56:14,041] True Game terminating: env_episode_reward=0.0 episode_length=525
[2018-05-20 21:56:14,067] Resetting environment logs
[2018-05-20 21:56:30,220] True Game terminating: env_episode_reward=0.0 episode_length=525
[2018-05-20 21:56:30,231] Resetting environment logs
[2018-05-20 21:56:46,785] True Game terminating: env_episode_reward=0.0 episode_length=525
[2018-05-20 21:56:46,796] Resetting environment logs
[2018-05-20 21:57:03,325] True Game terminating: env_episode_reward=0.0 episode_length=525
[2018-05-20 21:57:03,334] Resetting environment logs
[2018-05-20 21:57:11,043] True Game terminating: env_episode_reward=0.9999 episode_length=236
[2018-05-20 21:57:11,053] Resetting environment logs
[2018-05-20 21:57:27,445] True Game terminating: env_episode_reward=0.0 episode_length=525
[2018-05-20 21:57:27,457] Resetting environment logs
[2018-05-20 21:57:43,857] True Game terminating: env_episode_reward=0.0 episode_length=525
[2018-05-20 21:57:43,867] Resetting environment logs
[2018-05-20 21:57:53,788] True Game terminating: env_episode_reward=0.9999 episode_length=320
[2018-05-20 21:57:53,801] Resetting environment logs
[2018-05-20 21:58:10,426] True Game terminating: env_episode_reward=0.0 episode_length=525
[2018-05-20 21:58:10,447] Resetting environment logs
[2018-05-20 21:58:26,521] True Game terminating: env_episode_reward=0.0 episode_length=525
[2018-05-20 21:58:26,545] Resetting environment logs
[2018-05-20 21:58:43,433] True Game terminating: env_episode_reward=0.0 episode_length=525
[2018-05-20 21:58:43,445] Resetting environment logs
[2018-05-20 21:59:00,389] True Game terminating: env_episode_reward=0.0 episode_length=525
[2018-05-20 21:59:00,399] Resetting environment logs
[2018-05-20 21:59:16,826] True Game terminating: env_episode_reward=0.0 episode_length=525
[2018-05-20 21:59:16,838] Resetting environment logs
[2018-05-20 21:59:33,094] True Game terminating: env_episode_reward=0.0 episode_length=525
[2018-05-20 21:59:33,106] Resetting environment logs
[2018-05-20 21:59:49,472] True Game terminating: env_episode_reward=0.0 episode_length=525
[2018-05-20 21:59:49,484] Resetting environment logs
[2018-05-20 22:00:05,630] True Game terminating: env_episode_reward=0.0 episode_length=525
[2018-05-20 22:00:05,641] Resetting environment logs
[2018-05-20 22:00:21,832] True Game terminating: env_episode_reward=0.0 episode_length=525
[2018-05-20 22:00:21,853] Resetting environment logs
[2018-05-20 22:00:38,388] True Game terminating: env_episode_reward=0.0 episode_length=525
[2018-05-20 22:00:38,401] Resetting environment logs
[2018-05-20 22:00:55,094] True Game terminating: env_episode_reward=0.0 episode_length=525
[2018-05-20 22:00:55,130] Resetting environment logs
[2018-05-20 22:01:11,724] True Game terminating: env_episode_reward=0.0 episode_length=525
[2018-05-20 22:01:11,737] Resetting environment logs
[2018-05-20 22:01:28,737] True Game terminating: env_episode_reward=0.0 episode_length=525
[2018-05-20 22:01:28,746] Resetting environment logs
[2018-05-20 22:01:45,638] True Game terminating: env_episode_reward=0.0 episode_length=525
[2018-05-20 22:01:45,647] Resetting environment logs
[2018-05-20 22:02:01,887] True Game terminating: env_episode_reward=0.0 episode_length=525
[2018-05-20 22:02:01,898] Resetting environment logs
[2018-05-20 22:02:18,193] True Game terminating: env_episode_reward=0.0 episode_length=525
[2018-05-20 22:02:18,203] Resetting environment logs
[2018-05-20 22:02:34,809] True Game terminating: env_episode_reward=0.0 episode_length=525
[2018-05-20 22:02:34,819] Resetting environment logs
[2018-05-20 22:02:51,905] True Game terminating: env_episode_reward=0.0 episode_length=525
[2018-05-20 22:02:51,914] Resetting environment logs
[2018-05-20 22:03:08,484] True Game terminating: env_episode_reward=0.0 episode_length=525
[2018-05-20 22:03:08,494] Resetting environment logs
[2018-05-20 22:03:25,230] True Game terminating: env_episode_reward=0.0 episode_length=525
[2018-05-20 22:03:25,239] Resetting environment logs
[2018-05-20 22:03:41,986] True Game terminating: env_episode_reward=0.0 episode_length=525
[2018-05-20 22:03:41,996] Resetting environment logs
[2018-05-20 22:03:58,519] True Game terminating: env_episode_reward=0.0 episode_length=525
[2018-05-20 22:03:58,531] Resetting environment logs
[2018-05-20 22:04:14,921] True Game terminating: env_episode_reward=0.0 episode_length=525
[2018-05-20 22:04:14,932] Resetting environment logs
[2018-05-20 22:04:31,485] True Game terminating: env_episode_reward=0.0 episode_length=525
[2018-05-20 22:04:31,497] Resetting environment logs
[2018-05-20 22:04:47,486] True Game terminating: env_episode_reward=0.0 episode_length=525
[2018-05-20 22:04:47,497] Resetting environment logs
[2018-05-20 22:05:03,919] True Game terminating: env_episode_reward=0.0 episode_length=525
02747
Episode finished. Sum of shaped rewards: 0.00. Length: 525. Bonus: 1.4595.
Global Step Counter: 812862
Episode finished. Sum of shaped rewards: 0.00. Length: 525. Bonus: 0.3181.
Global Step Counter: 822987
Episode finished. Sum of shaped rewards: 0.00. Length: 525. Bonus: 1.3733.
Global Step Counter: 832870
Episode finished. Sum of shaped rewards: 0.00. Length: 188. Bonus: 0.3593.
Global Step Counter: 836390
Episode finished. Sum of shaped rewards: 0.00. Length: 525. Bonus: 0.2400.
Global Step Counter: 846225
Episode finished. Sum of shaped rewards: 0.00. Length: 525. Bonus: 1.0760.
Global Step Counter: 856240
Episode finished. Sum of shaped rewards: 0.00. Length: 525. Bonus: 1.0041.
Global Step Counter: 866320
Episode finished. Sum of shaped rewards: 0.00. Length: 525. Bonus: 0.4611.
Global Step Counter: 876090
Episode finished. Sum of shaped rewards: 0.00. Length: 525. Bonus: 1.3959.
Global Step Counter: 886094
Episode finished. Sum of shaped rewards: 0.00. Length: 525. Bonus: 0.8063.
Global Step Counter: 896007
Episode finished. Sum of shaped rewards: 0.00. Length: 236. Bonus: 0.2539.
Global Step Counter: 900621
Episode finished. Sum of shaped rewards: 0.00. Length: 525. Bonus: 0.2765.
Global Step Counter: 910532
Episode finished. Sum of shaped rewards: 0.00. Length: 525. Bonus: 0.4994.
Global Step Counter: 920467
Episode finished. Sum of shaped rewards: 0.00. Length: 320. Bonus: 0.3149.
Global Step Counter: 926537
Episode finished. Sum of shaped rewards: 0.00. Length: 525. Bonus: 1.3681.
Global Step Counter: 936456
Episode finished. Sum of shaped rewards: 0.00. Length: 525. Bonus: 0.9920.
Global Step Counter: 946203
Episode finished. Sum of shaped rewards: 0.00. Length: 525. Bonus: 1.6551.
Global Step Counter: 956398
Episode finished. Sum of shaped rewards: 0.00. Length: 525. Bonus: 0.0627.
Global Step Counter: 966658
Episode finished. Sum of shaped rewards: 0.00. Length: 525. Bonus: 0.4732.
Global Step Counter: 976553
Episode finished. Sum of shaped rewards: 0.00. Length: 525. Bonus: 0.6629.
Global Step Counter: 986380
Episode finished. Sum of shaped rewards: 0.00. Length: 525. Bonus: 0.2663.
Global Step Counter: 996315
Episode finished. Sum of shaped rewards: 0.00. Length: 525. Bonus: 1.4557.
Global Step Counter: 1006114
Episode finished. Sum of shaped rewards: 0.00. Length: 525. Bonus: 1.9231.
Global Step Counter: 1015809
Episode finished. Sum of shaped rewards: 0.00. Length: 525. Bonus: 1.0606.
Global Step Counter: 1025767
Episode finished. Sum of shaped rewards: 0.00. Length: 525. Bonus: 0.5420.
Global Step Counter: 1035862
Episode finished. Sum of shaped rewards: 0.00. Length: 525. Bonus: 0.3547.
Global Step Counter: 1045837
Episode finished. Sum of shaped rewards: 0.00. Length: 525. Bonus: 0.5573.
Global Step Counter: 1055915
Episode finished. Sum of shaped rewards: 0.00. Length: 525. Bonus: 1.0050.
Global Step Counter: 1066135
Episode finished. Sum of shaped rewards: 0.00. Length: 525. Bonus: 0.9582.
Global Step Counter: 1075987
Episode finished. Sum of shaped rewards: 0.00. Length: 525. Bonus: 1.5823.
Global Step Counter: 1085842
Episode finished. Sum of shaped rewards: 0.00. Length: 525. Bonus: 1.2075.
Global Step Counter: 1095709
Episode finished. Sum of shaped rewards: 0.00. Length: 525. Bonus: 0.6466.
Global Step Counter: 1106086
Episode finished. Sum of shaped rewards: 0.00. Length: 525. Bonus: 1.6482.
Global Step Counter: 1116110
Episode finished. Sum of shaped rewards: 0.00. Length: 525. Bonus: 1.5175.
Global Step Counter: 1126170
Episode finished. Sum of shaped rewards: 0.00. Length: 525. Bonus: 0.0916.
Global Step Counter: 1136301
Episode finished. Sum of shaped rewards: 0.00. Length: 525. Bonus: 1.2145.
Global Step Counter: 1146275
Episode finished. Sum of shaped rewards: 0.00. Length: 525. Bonus: 1.8655.
Global Step Counter: 1156213
Episode finished. Sum of shaped rewards: 0.00. Length: 525. Bonus: 2.0531.
Global Step Counter: 1166183
Episode finished. Sum of shaped rewards: 0.00. Length: 525. Bonus: 1.6969.
Global Step Counter: 1175787
Episode finished. Sum of shaped rewards: 0.00. Length: [2018-05-20 22:05:03,927] Resetting environment logs
[2018-05-20 22:05:20,581] True Game terminating: env_episode_reward=0.0 episode_length=525
[2018-05-20 22:05:20,598] Resetting environment logs
[2018-05-20 22:05:37,016] True Game terminating: env_episode_reward=0.0 episode_length=525
[2018-05-20 22:05:37,025] Resetting environment logs
[2018-05-20 22:05:53,543] True Game terminating: env_episode_reward=0.0 episode_length=525
[2018-05-20 22:05:53,552] Resetting environment logs
[2018-05-20 22:06:10,105] True Game terminating: env_episode_reward=0.0 episode_length=525
[2018-05-20 22:06:10,119] Resetting environment logs
[2018-05-20 22:06:18,190] True Game terminating: env_episode_reward=0.9999 episode_length=260
[2018-05-20 22:06:18,199] Resetting environment logs
[2018-05-20 22:06:35,455] True Game terminating: env_episode_reward=0.0 episode_length=525
[2018-05-20 22:06:35,465] Resetting environment logs
[2018-05-20 22:06:51,829] True Game terminating: env_episode_reward=0.0 episode_length=525
[2018-05-20 22:06:51,841] Resetting environment logs
[2018-05-20 22:07:08,768] True Game terminating: env_episode_reward=0.0 episode_length=525
[2018-05-20 22:07:08,780] Resetting environment logs
[2018-05-20 22:07:25,253] True Game terminating: env_episode_reward=0.0 episode_length=525
[2018-05-20 22:07:25,279] Resetting environment logs
[2018-05-20 22:07:41,715] True Game terminating: env_episode_reward=0.0 episode_length=525
[2018-05-20 22:07:41,726] Resetting environment logs
[2018-05-20 22:07:58,456] True Game terminating: env_episode_reward=0.0 episode_length=525
[2018-05-20 22:07:58,465] Resetting environment logs
[2018-05-20 22:08:15,183] True Game terminating: env_episode_reward=0.0 episode_length=525
[2018-05-20 22:08:15,193] Resetting environment logs
[2018-05-20 22:08:31,345] True Game terminating: env_episode_reward=0.0 episode_length=525
[2018-05-20 22:08:31,356] Resetting environment logs
[2018-05-20 22:08:47,819] True Game terminating: env_episode_reward=0.0 episode_length=525
[2018-05-20 22:08:47,828] Resetting environment logs
[2018-05-20 22:09:04,412] True Game terminating: env_episode_reward=0.0 episode_length=525
[2018-05-20 22:09:04,421] Resetting environment logs
[2018-05-20 22:09:21,112] True Game terminating: env_episode_reward=0.0 episode_length=525
[2018-05-20 22:09:21,123] Resetting environment logs
[2018-05-20 22:09:37,452] True Game terminating: env_episode_reward=0.0 episode_length=525
[2018-05-20 22:09:37,462] Resetting environment logs
[2018-05-20 22:09:53,881] True Game terminating: env_episode_reward=0.0 episode_length=525
[2018-05-20 22:09:53,891] Resetting environment logs
[2018-05-20 22:10:10,598] True Game terminating: env_episode_reward=0.0 episode_length=525
[2018-05-20 22:10:10,608] Resetting environment logs
[2018-05-20 22:10:27,327] True Game terminating: env_episode_reward=0.0 episode_length=525
[2018-05-20 22:10:27,339] Resetting environment logs
[2018-05-20 22:10:43,392] True Game terminating: env_episode_reward=0.0 episode_length=525
[2018-05-20 22:10:43,406] Resetting environment logs
[2018-05-20 22:11:00,151] True Game terminating: env_episode_reward=0.0 episode_length=525
[2018-05-20 22:11:00,162] Resetting environment logs
[2018-05-20 22:11:16,672] True Game terminating: env_episode_reward=0.0 episode_length=525
[2018-05-20 22:11:16,682] Resetting environment logs
[2018-05-20 22:11:33,134] True Game terminating: env_episode_reward=0.0 episode_length=525
[2018-05-20 22:11:33,143] Resetting environment logs
[2018-05-20 22:11:49,600] True Game terminating: env_episode_reward=0.0 episode_length=525
[2018-05-20 22:11:49,610] Resetting environment logs
[2018-05-20 22:12:06,062] True Game terminating: env_episode_reward=0.0 episode_length=525
[2018-05-20 22:12:06,072] Resetting environment logs
[2018-05-20 22:12:22,736] True Game terminating: env_episode_reward=0.0 episode_length=525
[2018-05-20 22:12:22,756] Resetting environment logs
[2018-05-20 22:12:38,929] True Game terminating: env_episode_reward=0.0 episode_length=525
[2018-05-20 22:12:38,939] Resetting environment logs
[2018-05-20 22:12:55,000] True Game terminating: env_episode_reward=0.0 episode_length=525
[2018-05-20 22:12:55,009] Resetting environment logs
[2018-05-20 22:13:11,841] True Game terminating: env_episode_reward=0.0 episode_length=525
[2018-05-20 22:13:11,850] Resetting environment logs
[2018-05-20 22:13:28,314] True Game terminating: env_episode_reward=0.0 episode_length=525
[2018-05-20 22:13:28,324] Resetting environment logs
Exception in thread Thread-1:
Traceback (most recent call last):
  File "/usr/lib/python2.7/threading.py", line 801, in __bootstrap_inner
    self.run()
  File "/home/verma_rohil/noreward-rl/src/a3c.py", line 135, in run
    self._run()
  File "/home/verma_rohil/noreward-rl/src/a3c.py", line 146, in _run
    self.queue.put(next(rollout_provider), timeout=600.0)
  File "/home/verma_rohil/noreward-rl/src/a3c.py", line 184, in env_runner
    bonus = predictor.pred_bonus(last_state, state, action)
  File "/home/verma_rohil/noreward-rl/src/model.py", line 310, in pred_bonus
    {self.s1: [s1], self.s2: [s2], self.asample: [asample]})
  File "/home/verma_rohil/noreward-rl/curiosity/local/lib/python2.7/site-packages/tensorflow/python/client/session.py", line 766, in run
    run_metadata_ptr)
  File "/home/verma_rohil/noreward-rl/curiosity/local/lib/python2.7/site-packages/tensorflow/python/client/session.py", line 902, in _run
    raise RuntimeError('Attempted to use a closed Session.')
RuntimeError: Attempted to use a closed Session.

[2018-05-20 22:13:44,661] reached 1500162 steps. worker stopped.
525. Bonus: 1.7207.
Global Step Counter: 1185722
Episode finished. Sum of shaped rewards: 0.00. Length: 525. Bonus: 0.9752.
Global Step Counter: 1195823
Episode finished. Sum of shaped rewards: 0.00. Length: 525. Bonus: 0.1533.
Global Step Counter: 1205684
Episode finished. Sum of shaped rewards: 0.00. Length: 525. Bonus: 1.2564.
Global Step Counter: 1215654
Episode finished. Sum of shaped rewards: 0.00. Length: 525. Bonus: 0.8823.
Global Step Counter: 1225649
Episode finished. Sum of shaped rewards: 0.00. Length: 260. Bonus: 0.3076.
Global Step Counter: 1230549
Episode finished. Sum of shaped rewards: 0.00. Length: 525. Bonus: 0.6388.
Global Step Counter: 1240924
Episode finished. Sum of shaped rewards: 0.00. Length: 525. Bonus: 0.4011.
Global Step Counter: 1250739
Episode finished. Sum of shaped rewards: 0.00. Length: 525. Bonus: 1.6462.
Global Step Counter: 1261019
Episode finished. Sum of shaped rewards: 0.00. Length: 525. Bonus: 0.8462.
Global Step Counter: 1270967
Episode finished. Sum of shaped rewards: 0.00. Length: 525. Bonus: 0.9701.
Global Step Counter: 1280951
Episode finished. Sum of shaped rewards: 0.00. Length: 525. Bonus: 0.6222.
Global Step Counter: 1291006
Episode finished. Sum of shaped rewards: 0.00. Length: 525. Bonus: 1.3001.
Global Step Counter: 1301019
Episode finished. Sum of shaped rewards: 0.00. Length: 525. Bonus: 1.0093.
Global Step Counter: 1310769
Episode finished. Sum of shaped rewards: 0.00. Length: 525. Bonus: 0.8297.
Global Step Counter: 1320714
Episode finished. Sum of shaped rewards: 0.00. Length: 525. Bonus: 1.3624.
Global Step Counter: 1330655
Episode finished. Sum of shaped rewards: 0.00. Length: 525. Bonus: 0.4260.
Global Step Counter: 1340785
Episode finished. Sum of shaped rewards: 0.00. Length: 525. Bonus: 1.3341.
Global Step Counter: 1350700
Episode finished. Sum of shaped rewards: 0.00. Length: 525. Bonus: 1.1728.
Global Step Counter: 1360695
Episode finished. Sum of shaped rewards: 0.00. Length: 525. Bonus: 0.3931.
Global Step Counter: 1370752
Episode finished. Sum of shaped rewards: 0.00. Length: 525. Bonus: 0.6201.
Global Step Counter: 1380895
Episode finished. Sum of shaped rewards: 0.00. Length: 525. Bonus: 1.8134.
Global Step Counter: 1390632
Episode finished. Sum of shaped rewards: 0.00. Length: 525. Bonus: 0.2504.
Global Step Counter: 1400757
Episode finished. Sum of shaped rewards: 0.00. Length: 525. Bonus: 1.6302.
Global Step Counter: 1410677
Episode finished. Sum of shaped rewards: 0.00. Length: 525. Bonus: 0.5462.
Global Step Counter: 1420678
Episode finished. Sum of shaped rewards: 0.00. Length: 525. Bonus: 1.4935.
Global Step Counter: 1430778
Episode finished. Sum of shaped rewards: 0.00. Length: 525. Bonus: 0.7931.
Global Step Counter: 1440621
Episode finished. Sum of shaped rewards: 0.00. Length: 525. Bonus: 0.5617.
Global Step Counter: 1450703
Episode finished. Sum of shaped rewards: 0.00. Length: 525. Bonus: 0.4882.
Global Step Counter: 1460588
Episode finished. Sum of shaped rewards: 0.00. Length: 525. Bonus: 1.2393.
Global Step Counter: 1470327
Episode finished. Sum of shaped rewards: 0.00. Length: 525. Bonus: 2.0685.
Global Step Counter: 1480342
Episode finished. Sum of shaped rewards: 0.00. Length: 525. Bonus: 0.8618.
Global Step Counter: 1490282
