[2018-05-01 20:39:25,681] Writing logs to file: /tmp/universe-22533.log
I tensorflow/core/distributed_runtime/rpc/grpc_channel.cc:197] Initialize GrpcChannelCache for job ps -> {0 -> 127.0.0.1:12222}
I tensorflow/core/distributed_runtime/rpc/grpc_channel.cc:197] Initialize GrpcChannelCache for job worker -> {0 -> 127.0.0.1:12223, 1 -> 127.0.0.1:12224, 2 -> 127.0.0.1:12225, 3 -> 127.0.0.1:12226, 4 -> 127.0.0.1:12227, 5 -> 127.0.0.1:12228, 6 -> 127.0.0.1:12229, 7 -> 127.0.0.1:12230, 8 -> 127.0.0.1:12231, 9 -> 127.0.0.1:12232, 10 -> 127.0.0.1:12233, 11 -> 127.0.0.1:12234, 12 -> 127.0.0.1:12235, 13 -> localhost:12236, 14 -> 127.0.0.1:12237, 15 -> 127.0.0.1:12238, 16 -> 127.0.0.1:12239, 17 -> 127.0.0.1:12240, 18 -> 127.0.0.1:12241, 19 -> 127.0.0.1:12242}
I tensorflow/core/distributed_runtime/rpc/grpc_server_lib.cc:211] Started server with target: grpc://localhost:12236
[2018-05-01 20:41:35,809] Making new env: ppaquette/DoomMyWayHome-v0
[2018-05-01 20:41:39,091] Trainable vars:
[2018-05-01 20:41:39,091]   global/l1/W:0 (3, 3, 4, 32)
[2018-05-01 20:41:39,091]   global/l1/b:0 (1, 1, 1, 32)
[2018-05-01 20:41:39,091]   global/l2/W:0 (3, 3, 32, 32)
[2018-05-01 20:41:39,091]   global/l2/b:0 (1, 1, 1, 32)
[2018-05-01 20:41:39,092]   global/l3/W:0 (3, 3, 32, 32)
[2018-05-01 20:41:39,092]   global/l3/b:0 (1, 1, 1, 32)
[2018-05-01 20:41:39,092]   global/l4/W:0 (3, 3, 32, 32)
[2018-05-01 20:41:39,092]   global/l4/b:0 (1, 1, 1, 32)
[2018-05-01 20:41:39,092]   global/RNN/BasicLSTMCell/Linear/Matrix:0 (544, 1024)
[2018-05-01 20:41:39,092]   global/RNN/BasicLSTMCell/Linear/Bias:0 (1024,)
[2018-05-01 20:41:39,092]   global/value/w:0 (256, 1)
[2018-05-01 20:41:39,092]   global/value/b:0 (1,)
[2018-05-01 20:41:39,092]   global/action/w:0 (256, 4)
[2018-05-01 20:41:39,093]   global/action/b:0 (4,)
[2018-05-01 20:41:39,093]   global/predictor/l1/W:0 (3, 3, 4, 32)
[2018-05-01 20:41:39,093]   global/predictor/l1/b:0 (1, 1, 1, 32)
[2018-05-01 20:41:39,093]   global/predictor/l2/W:0 (3, 3, 32, 32)
[2018-05-01 20:41:39,093]   global/predictor/l2/b:0 (1, 1, 1, 32)
[2018-05-01 20:41:39,093]   global/predictor/l3/W:0 (3, 3, 32, 32)
[2018-05-01 20:41:39,093]   global/predictor/l3/b:0 (1, 1, 1, 32)
[2018-05-01 20:41:39,093]   global/predictor/l4/W:0 (3, 3, 32, 32)
[2018-05-01 20:41:39,093]   global/predictor/l4/b:0 (1, 1, 1, 32)
[2018-05-01 20:41:39,094]   global/predictor/g1/w:0 (576, 256)
[2018-05-01 20:41:39,094]   global/predictor/g1/b:0 (256,)
[2018-05-01 20:41:39,094]   global/predictor/glast/w:0 (256, 4)
[2018-05-01 20:41:39,094]   global/predictor/glast/b:0 (4,)
[2018-05-01 20:41:39,094]   global/predictor/f1/w:0 (292, 256)
[2018-05-01 20:41:39,094]   global/predictor/f1/b:0 (256,)
[2018-05-01 20:41:39,094]   global/predictor/flast/w:0 (256, 288)
[2018-05-01 20:41:39,094]   global/predictor/flast/b:0 (288,)
[2018-05-01 20:41:39,094]   local/l1/W:0 (3, 3, 4, 32)
[2018-05-01 20:41:39,094]   local/l1/b:0 (1, 1, 1, 32)
[2018-05-01 20:41:39,095]   local/l2/W:0 (3, 3, 32, 32)
[2018-05-01 20:41:39,095]   local/l2/b:0 (1, 1, 1, 32)
[2018-05-01 20:41:39,095]   local/l3/W:0 (3, 3, 32, 32)
[2018-05-01 20:41:39,095]   local/l3/b:0 (1, 1, 1, 32)
[2018-05-01 20:41:39,095]   local/l4/W:0 (3, 3, 32, 32)
[2018-05-01 20:41:39,095]   local/l4/b:0 (1, 1, 1, 32)
[2018-05-01 20:41:39,095]   local/RNN/BasicLSTMCell/Linear/Matrix:0 (544, 1024)
[2018-05-01 20:41:39,095]   local/RNN/BasicLSTMCell/Linear/Bias:0 (1024,)
[2018-05-01 20:41:39,095]   local/value/w:0 (256, 1)
[2018-05-01 20:41:39,096]   local/value/b:0 (1,)
[2018-05-01 20:41:39,096]   local/action/w:0 (256, 4)
[2018-05-01 20:41:39,096]   local/action/b:0 (4,)
[2018-05-01 20:41:39,096]   local/predictor/l1/W:0 (3, 3, 4, 32)
[2018-05-01 20:41:39,096]   local/predictor/l1/b:0 (1, 1, 1, 32)
[2018-05-01 20:41:39,096]   local/predictor/l2/W:0 (3, 3, 32, 32)
[2018-05-01 20:41:39,096]   local/predictor/l2/b:0 (1, 1, 1, 32)
[2018-05-01 20:41:39,096]   local/predictor/l3/W:0 (3, 3, 32, 32)
[2018-05-01 20:41:39,096]   local/predictor/l3/b:0 (1, 1, 1, 32)
[2018-05-01 20:41:39,097]   local/predictor/l4/W:0 (3, 3, 32, 32)
[2018-05-01 20:41:39,097]   local/predictor/l4/b:0 (1, 1, 1, 32)
[2018-05-01 20:41:39,097]   local/predictor/g1/w:0 (576, 256)
[2018-05-01 20:41:39,097]   local/predictor/g1/b:0 (256,)
[2018-05-01 20:41:39,097]   local/predictor/glast/w:0 (256, 4)
[2018-05-01 20:41:39,097]   local/predictor/glast/b:0 (4,)
[2018-05-01 20:41:39,097]   local/predictor/f1/w:0 (292, 256)
[2018-05-01 20:41:39,097]   local/predictor/f1/b:0 (256,)
[2018-05-01 20:41:39,097]   local/predictor/flast/w:0 (256, 288)
[2018-05-01 20:41:39,098]   local/predictor/flast/b:0 (288,)
[2018-05-01 20:41:39,098] Events directory: tmp/doom/train_13
[2018-05-01 20:41:40,747] Starting session. If this hangs, we're mostly likely waiting to connect to the parameter server. One common cause is that the parameter server DNS name isn't resolving yet, or is misspecified.
I tensorflow/core/distributed_runtime/master_session.cc:993] Start master session 4dd1b51b8840db4c with config: 
device_filters: "/job:ps"
device_filters: "/job:worker/task:13/cpu:0"

I tensorflow/core/distributed_runtime/master_session.cc:993] Start master session ab1c7a8efc6f9108 with config: 
device_filters: "/job:ps"
device_filters: "/job:worker/task:13/cpu:0"

I tensorflow/core/distributed_runtime/master_session.cc:993] Start master session 915bd7fa225b51b3 with config: 
device_filters: "/job:ps"
device_filters: "/job:worker/task:13/cpu:0"

I tensorflow/core/distributed_runtime/master_session.cc:993] Start master session bbc0b9d658e4c9f8 with config: 
device_filters: "/job:ps"
device_filters: "/job:worker/task:13/cpu:0"

I tensorflow/core/distributed_runtime/master_session.cc:993] Start master session dee5ee8a3e038655 with config: 
device_filters: "/job:ps"
device_filters: "/job:worker/task:13/cpu:0"

I tensorflow/core/distributed_runtime/master_session.cc:993] Start master session 2f774dcf79c7b80b with config: 
device_filters: "/job:ps"
device_filters: "/job:worker/task:13/cpu:0"

I tensorflow/core/distributed_runtime/master_session.cc:993] Start master session bdae43052ab699f1 with config: 
device_filters: "/job:ps"
device_filters: "/job:worker/task:13/cpu:0"

I tensorflow/core/distributed_runtime/master_session.cc:993] Start master session 471f64bd94fcade8 with config: 
device_filters: "/job:ps"
device_filters: "/job:worker/task:13/cpu:0"

I tensorflow/core/distributed_runtime/master_session.cc:993] Start master session 31f27cfdafa4466d with config: 
device_filters: "/job:ps"
device_filters: "/job:worker/task:13/cpu:0"

I tensorflow/core/distributed_runtime/master_session.cc:993] Start master session 31645109b085dfbc with config: 
device_filters: "/job:ps"
device_filters: "/job:worker/task:13/cpu:0"

I tensorflow/core/distributed_runtime/master_session.cc:993] Start master session db02b50fdf0fd33c with config: 
device_filters: "/job:ps"
device_filters: "/job:worker/task:13/cpu:0"

I tensorflow/core/distributed_runtime/master_session.cc:993] Start master session 9aa1ba0a5d39fb05 with config: 
device_filters: "/job:ps"
device_filters: "/job:worker/task:13/cpu:0"

I tensorflow/core/distributed_runtime/master_session.cc:993] Start master session 7ce7e5a9196dedd9 with config: 
device_filters: "/job:ps"
device_filters: "/job:worker/task:13/cpu:0"

I tensorflow/core/distributed_runtime/master_session.cc:993] Start master session c8cc40b2b875ee9d with config: 
device_filters: "/job:ps"
device_filters: "/job:worker/task:13/cpu:0"

I tensorflow/core/distributed_runtime/master_session.cc:993] Start master session 327fc614c9843d61 with config: 
device_filters: "/job:ps"
device_filters: "/job:worker/task:13/cpu:0"

I tensorflow/core/distributed_runtime/master_session.cc:993] Start master session 19022552e3f247a0 with config: 
device_filters: "/job:ps"
device_filters: "/job:worker/task:13/cpu:0"

I tensorflow/core/distributed_runtime/master_session.cc:993] Start master session 2ab1817fd268af75 with config: 
device_filters: "/job:ps"
device_filters: "/job:worker/task:13/cpu:0"

I tensorflow/core/distributed_runtime/master_session.cc:993] Start master session f431ade75fccf25e with config: 
device_filters: "/job:ps"
device_filters: "/job:worker/task:13/cpu:0"

I tensorflow/core/distributed_runtime/master_session.cc:993] Start master session 8723b0355c9eea11 with config: 
device_filters: "/job:ps"
device_filters: "/job:worker/task:13/cpu:0"

I tensorflow/core/distributed_runtime/master_session.cc:993] Start master session 2c14ce4eaaf4fa9e with config: 
device_filters: "/job:ps"
device_filters: "/job:worker/task:13/cpu:0"

I tensorflow/core/distributed_runtime/master_session.cc:993] Start master session d43dbc6f5f6cb79b with config: 
device_filters: "/job:ps"
device_filters: "/job:worker/task:13/cpu:0"

I tensorflow/core/distributed_runtime/master_session.cc:993] Start master session 47d0c22caa7f499a with config: 
device_filters: "/job:ps"
device_filters: "/job:worker/task:13/cpu:0"

I tensorflow/core/distributed_runtime/master_session.cc:993] Start master session 6c04655a9585e200 with config: 
device_filters: "/job:ps"
device_filters: "/job:worker/task:13/cpu:0"

I tensorflow/core/distributed_runtime/master_session.cc:993] Start master session a727e645f2f6a191 with config: 
device_filters: "/job:ps"
device_filters: "/job:worker/task:13/cpu:0"

I tensorflow/core/distributed_runtime/master_session.cc:993] Start master session 6427acec95980d4b with config: 
device_filters: "/job:ps"
device_filters: "/job:worker/task:13/cpu:0"

I tensorflow/core/distributed_runtime/master_session.cc:993] Start master session 5f159f3477906c05 with config: 
device_filters: "/job:ps"
device_filters: "/job:worker/task:13/cpu:0"

I tensorflow/core/distributed_runtime/master_session.cc:993] Start master session 765e6bcb8533a149 with config: 
device_filters: "/job:ps"
device_filters: "/job:worker/task:13/cpu:0"

I tensorflow/core/distributed_runtime/master_session.cc:993] Start master session 5ffa2e05f4d11382 with config: 
device_filters: "/job:ps"
device_filters: "/job:worker/task:13/cpu:0"

I tensorflow/core/distributed_runtime/master_session.cc:993] Start master session 94bd52fbd67f96bc with config: 
device_filters: "/job:ps"
device_filters: "/job:worker/task:13/cpu:0"

I tensorflow/core/distributed_runtime/master_session.cc:993] Start master session a47a09166f4da408 with config: 
device_filters: "/job:ps"
device_filters: "/job:worker/task:13/cpu:0"

I tensorflow/core/distributed_runtime/master_session.cc:993] Start master session 721a5049465a661c with config: 
device_filters: "/job:ps"
device_filters: "/job:worker/task:13/cpu:0"

I tensorflow/core/distributed_runtime/master_session.cc:993] Start master session 6cf3f7b9c5e858d0 with config: 
device_filters: "/job:ps"
device_filters: "/job:worker/task:13/cpu:0"

I tensorflow/core/distributed_runtime/master_session.cc:993] Start master session db0497732e5c58c1 with config: 
device_filters: "/job:ps"
device_filters: "/job:worker/task:13/cpu:0"

I tensorflow/core/distributed_runtime/master_session.cc:993] Start master session 7a9e5ca8a4dbe8e8 with config: 
device_filters: "/job:ps"
device_filters: "/job:worker/task:13/cpu:0"

I tensorflow/core/distributed_runtime/master_session.cc:993] Start master session 23d701b6453db25f with config: 
device_filters: "/job:ps"
device_filters: "/job:worker/task:13/cpu:0"

I tensorflow/core/distributed_runtime/master_session.cc:993] Start master session cf7072a78431d88e with config: 
device_filters: "/job:ps"
device_filters: "/job:worker/task:13/cpu:0"

I tensorflow/core/distributed_runtime/master_session.cc:993] Start master session 9688e98e6d70e0c6 with config: 
device_filters: "/job:ps"
device_filters: "/job:worker/task:13/cpu:0"

I tensorflow/core/distributed_runtime/master_session.cc:993] Start master session 9b25ed848eaefaaa with config: 
device_filters: "/job:ps"
device_filters: "/job:worker/task:13/cpu:0"

I tensorflow/core/distributed_runtime/master_session.cc:993] Start master session 9c6ac34072631051 with config: 
device_filters: "/job:ps"
device_filters: "/job:worker/task:13/cpu:0"

I tensorflow/core/distributed_runtime/master_session.cc:993] Start master session d2b494978c3bb1cc with config: 
device_filters: "/job:ps"
device_filters: "/job:worker/task:13/cpu:0"

I tensorflow/core/distributed_runtime/master_session.cc:993] Start master session 820e1c41888943a5 with config: 
device_filters: "/job:ps"
device_filters: "/job:worker/task:13/cpu:0"

I tensorflow/core/distributed_runtime/master_session.cc:993] Start master session 496fcb4ed454eb41 with config: 
device_filters: "/job:ps"
device_filters: "/job:worker/task:13/cpu:0"

I tensorflow/core/distributed_runtime/master_session.cc:993] Start master session fa36480885d55b8f with config: 
device_filters: "/job:ps"
device_filters: "/job:worker/task:13/cpu:0"

I tensorflow/core/distributed_runtime/master_session.cc:993] Start master session 09394488753b2c49 with config: 
device_filters: "/job:ps"
device_filters: "/job:worker/task:13/cpu:0"

I tensorflow/core/distributed_runtime/master_session.cc:993] Start master session 03715e3f6ba04bfe with config: 
device_filters: "/job:ps"
device_filters: "/job:worker/task:13/cpu:0"

I tensorflow/core/distributed_runtime/master_session.cc:993] Start master session 04c5894220bf4816 with config: 
device_filters: "/job:ps"
device_filters: "/job:worker/task:13/cpu:0"

I tensorflow/core/distributed_runtime/master_session.cc:993] Start master session 49a862285ed62482 with config: 
device_filters: "/job:ps"
device_filters: "/job:worker/task:13/cpu:0"

I tensorflow/core/distributed_runtime/master_session.cc:993] Start master session 0b56620a5ee74037 with config: 
device_filters: "/job:ps"
device_filters: "/job:worker/task:13/cpu:0"

I tensorflow/core/distributed_runtime/master_session.cc:993] Start master session b5603c234f077248 with config: 
device_filters: "/job:ps"
device_filters: "/job:worker/task:13/cpu:0"

I tensorflow/core/distributed_runtime/master_session.cc:993] Start master session acdecf296d27a701 with config: 
device_filters: "/job:ps"
device_filters: "/job:worker/task:13/cpu:0"

I tensorflow/core/distributed_runtime/master_session.cc:993] Start master session c6fcd3f6754377e3 with config: 
device_filters: "/job:ps"
device_filters: "/job:worker/task:13/cpu:0"

I tensorflow/core/distributed_runtime/master_session.cc:993] Start master session 48764d1107cd7fb3 with config: 
device_filters: "/job:ps"
device_filters: "/job:worker/task:13/cpu:0"

I tensorflow/core/distributed_runtime/master_session.cc:993] Start master session f797349858bb1f86 with config: 
device_filters: "/job:ps"
device_filters: "/job:worker/task:13/cpu:0"

I tensorflow/core/distributed_runtime/master_session.cc:993] Start master session 257a80bbd331a17d with config: 
device_filters: "/job:ps"
device_filters: "/job:worker/task:13/cpu:0"

I tensorflow/core/distributed_runtime/master_session.cc:993] Start master session 8b5ba874e963553b with config: 
device_filters: "/job:ps"
device_filters: "/job:worker/task:13/cpu:0"

I tensorflow/core/distributed_runtime/master_session.cc:993] Start master session a81ca544e130edd4 with config: 
device_filters: "/job:ps"
device_filters: "/job:worker/task:13/cpu:0"

I tensorflow/core/distributed_runtime/master_session.cc:993] Start master session 89d6c66fe3ab72cb with config: 
device_filters: "/job:ps"
device_filters: "/job:worker/task:13/cpu:0"

I tensorflow/core/distributed_runtime/master_session.cc:993] Start master session ec35b8357cf0103d with config: 
device_filters: "/job:ps"
device_filters: "/job:worker/task:13/cpu:0"

I tensorflow/core/distributed_runtime/master_session.cc:993] Start master session f4792a00e665bc58 with config: 
device_filters: "/job:ps"
device_filters: "/job:worker/task:13/cpu:0"

I tensorflow/core/distributed_runtime/master_session.cc:993] Start master session c2d5f0d665149f37 with config: 
device_filters: "/job:ps"
device_filters: "/job:worker/task:13/cpu:0"

I tensorflow/core/distributed_runtime/master_session.cc:993] Start master session 5eafe26fbbc6c479 with config: 
device_filters: "/job:ps"
device_filters: "/job:worker/task:13/cpu:0"

I tensorflow/core/distributed_runtime/master_session.cc:993] Start master session df42b19e80466d52 with config: 
device_filters: "/job:ps"
device_filters: "/job:worker/task:13/cpu:0"

I tensorflow/core/distributed_runtime/master_session.cc:993] Start master session 050129523a39ef6a with config: 
device_filters: "/job:ps"
device_filters: "/job:worker/task:13/cpu:0"

I tensorflow/core/distributed_runtime/master_session.cc:993] Start master session f469ccb17dbbbf7e with config: 
device_filters: "/job:ps"
device_filters: "/job:worker/task:13/cpu:0"

I tensorflow/core/distributed_runtime/master_session.cc:993] Start master session 6b5cef83c1c4289c with config: 
device_filters: "/job:ps"
device_filters: "/job:worker/task:13/cpu:0"

I tensorflow/core/distributed_runtime/master_session.cc:993] Start master session 9d40cd5125fd172b with config: 
device_filters: "/job:ps"
device_filters: "/job:worker/task:13/cpu:0"

I tensorflow/core/distributed_runtime/master_session.cc:993] Start master session 173f7261f368fdfe with config: 
device_filters: "/job:ps"
device_filters: "/job:worker/task:13/cpu:0"

I tensorflow/core/distributed_runtime/master_session.cc:993] Start master session 000ecd9147577dca with config: 
device_filters: "/job:ps"
device_filters: "/job:worker/task:13/cpu:0"

I tensorflow/core/distributed_runtime/master_session.cc:993] Start master session 8111062ed3ad32b2 with config: 
device_filters: "/job:ps"
device_filters: "/job:worker/task:13/cpu:0"

I tensorflow/core/distributed_runtime/master_session.cc:993] Start master session 2f2abde4ac189594 with config: 
device_filters: "/job:ps"
device_filters: "/job:worker/task:13/cpu:0"

I tensorflow/core/distributed_runtime/master_session.cc:993] Start master session 66b9e9c43709772d with config: 
device_filters: "/job:ps"
device_filters: "/job:worker/task:13/cpu:0"

I tensorflow/core/distributed_runtime/master_session.cc:993] Start master session 04cf80c148697667 with config: 
device_filters: "/job:ps"
device_filters: "/job:worker/task:13/cpu:0"

I tensorflow/core/distributed_runtime/master_session.cc:993] Start master session dad31759b84b7a96 with config: 
device_filters: "/job:ps"
device_filters: "/job:worker/task:13/cpu:0"

I tensorflow/core/distributed_runtime/master_session.cc:993] Start master session bf9153a2eeec6f30 with config: 
device_filters: "/job:ps"
device_filters: "/job:worker/task:13/cpu:0"

I tensorflow/core/distributed_runtime/master_session.cc:993] Start master session 5df1526173d5c463 with config: 
device_filters: "/job:ps"
device_filters: "/job:worker/task:13/cpu:0"

I tensorflow/core/distributed_runtime/master_session.cc:993] Start master session 55fdfba7548f9972 with config: 
device_filters: "/job:ps"
device_filters: "/job:worker/task:13/cpu:0"

I tensorflow/core/distributed_runtime/master_session.cc:993] Start master session 390ca94f44ce5b71 with config: 
device_filters: "/job:ps"
device_filters: "/job:worker/task:13/cpu:0"

I tensorflow/core/distributed_runtime/master_session.cc:993] Start master session 6851a6090fba2188 with config: 
device_filters: "/job:ps"
device_filters: "/job:worker/task:13/cpu:0"

I tensorflow/core/distributed_runtime/master_session.cc:993] Start master session 3c3ffa0e8d452c6a with config: 
device_filters: "/job:ps"
device_filters: "/job:worker/task:13/cpu:0"

I tensorflow/core/distributed_runtime/master_session.cc:993] Start master session dce9895f2aea2b3e with config: 
device_filters: "/job:ps"
device_filters: "/job:worker/task:13/cpu:0"

I tensorflow/core/distributed_runtime/master_session.cc:993] Start master session 6be66cc69594eaab with config: 
device_filters: "/job:ps"
device_filters: "/job:worker/task:13/cpu:0"

I tensorflow/core/distributed_runtime/master_session.cc:993] Start master session 8f74c0bfd4923a20 with config: 
device_filters: "/job:ps"
device_filters: "/job:worker/task:13/cpu:0"

I tensorflow/core/distributed_runtime/master_session.cc:993] Start master session d5ee169097f405e2 with config: 
device_filters: "/job:ps"
device_filters: "/job:worker/task:13/cpu:0"

I tensorflow/core/distributed_runtime/master_session.cc:993] Start master session 6f87a820d34310d4 with config: 
device_filters: "/job:ps"
device_filters: "/job:worker/task:13/cpu:0"

I tensorflow/core/distributed_runtime/master_session.cc:993] Start master session 8abf4435cb0b9c30 with config: 
device_filters: "/job:ps"
device_filters: "/job:worker/task:13/cpu:0"

I tensorflow/core/distributed_runtime/master_session.cc:993] Start master session 2d9e816bb53d7e30 with config: 
device_filters: "/job:ps"
device_filters: "/job:worker/task:13/cpu:0"

I tensorflow/core/distributed_runtime/master_session.cc:993] Start master session 99966352d716f4e6 with config: 
device_filters: "/job:ps"
device_filters: "/job:worker/task:13/cpu:0"

I tensorflow/core/distributed_runtime/master_session.cc:993] Start master session 56a231447f5d3fa5 with config: 
device_filters: "/job:ps"
device_filters: "/job:worker/task:13/cpu:0"

I tensorflow/core/distributed_runtime/master_session.cc:993] Start master session 84b04cafc15dfd26 with config: 
device_filters: "/job:ps"
device_filters: "/job:worker/task:13/cpu:0"

I tensorflow/core/distributed_runtime/master_session.cc:993] Start master session bbaaa06369c70890 with config: 
device_filters: "/job:ps"
device_filters: "/job:worker/task:13/cpu:0"

I tensorflow/core/distributed_runtime/master_session.cc:993] Start master session 78962266fe5471a6 with config: 
device_filters: "/job:ps"
device_filters: "/job:worker/task:13/cpu:0"

I tensorflow/core/distributed_runtime/master_session.cc:993] Start master session 5c30d413a14ee069 with config: 
device_filters: "/job:ps"
device_filters: "/job:worker/task:13/cpu:0"

I tensorflow/core/distributed_runtime/master_session.cc:993] Start master session 77f0ca265fd4285f with config: 
device_filters: "/job:ps"
device_filters: "/job:worker/task:13/cpu:0"

I tensorflow/core/distributed_runtime/master_session.cc:993] Start master session 1042fb546704ccb5 with config: 
device_filters: "/job:ps"
device_filters: "/job:worker/task:13/cpu:0"

I tensorflow/core/distributed_runtime/master_session.cc:993] Start master session 2010bbb8fd36f2f6 with config: 
device_filters: "/job:ps"
device_filters: "/job:worker/task:13/cpu:0"

I tensorflow/core/distributed_runtime/master_session.cc:993] Start master session 46d6ec95e4e63a99 with config: 
device_filters: "/job:ps"
device_filters: "/job:worker/task:13/cpu:0"

I tensorflow/core/distributed_runtime/master_session.cc:993] Start master session 193e532c5656053a with config: 
device_filters: "/job:ps"
device_filters: "/job:worker/task:13/cpu:0"

I tensorflow/core/distributed_runtime/master_session.cc:993] Start master session 93dd09179f25aa5e with config: 
device_filters: "/job:ps"
device_filters: "/job:worker/task:13/cpu:0"

I tensorflow/core/distributed_runtime/master_session.cc:993] Start master session b40d733696b227cd with config: 
device_filters: "/job:ps"
device_filters: "/job:worker/task:13/cpu:0"

I tensorflow/core/distributed_runtime/master_session.cc:993] Start master session 4bfe56c8599b255f with config: 
device_filters: "/job:ps"
device_filters: "/job:worker/task:13/cpu:0"

I tensorflow/core/distributed_runtime/master_session.cc:993] Start master session eabeab8e7838e209 with config: 
device_filters: "/job:ps"
device_filters: "/job:worker/task:13/cpu:0"

I tensorflow/core/distributed_runtime/master_session.cc:993] Start master session d25a3c2ca0c61d5e with config: 
device_filters: "/job:ps"
device_filters: "/job:worker/task:13/cpu:0"

I tensorflow/core/distributed_runtime/master_session.cc:993] Start master session 8e508e95ccae6a00 with config: 
device_filters: "/job:ps"
device_filters: "/job:worker/task:13/cpu:0"

I tensorflow/core/distributed_runtime/master_session.cc:993] Start master session 3f692d1df0e8f32e with config: 
device_filters: "/job:ps"
device_filters: "/job:worker/task:13/cpu:0"

I tensorflow/core/distributed_runtime/master_session.cc:993] Start master session 552a9d372bc5cbc2 with config: 
device_filters: "/job:ps"
device_filters: "/job:worker/task:13/cpu:0"

I tensorflow/core/distributed_runtime/master_session.cc:993] Start master session 0c38b0ad4d83b890 with config: 
device_filters: "/job:ps"
device_filters: "/job:worker/task:13/cpu:0"

I tensorflow/core/distributed_runtime/master_session.cc:993] Start master session 95de4874b5d9aab5 with config: 
device_filters: "/job:ps"
device_filters: "/job:worker/task:13/cpu:0"

I tensorflow/core/distributed_runtime/master_session.cc:993] Start master session d41a8e37cd6dbc68 with config: 
device_filters: "/job:ps"
device_filters: "/job:worker/task:13/cpu:0"

I tensorflow/core/distributed_runtime/master_session.cc:993] Start master session 698d40034ccbfd39 with config: 
device_filters: "/job:ps"
device_filters: "/job:worker/task:13/cpu:0"

I tensorflow/core/distributed_runtime/master_session.cc:993] Start master session 8b5e03e2bfd36c98 with config: 
device_filters: "/job:ps"
device_filters: "/job:worker/task:13/cpu:0"

I tensorflow/core/distributed_runtime/master_session.cc:993] Start master session 971b19e411f97748 with config: 
device_filters: "/job:ps"
device_filters: "/job:worker/task:13/cpu:0"

I tensorflow/core/distributed_runtime/master_session.cc:993] Start master session 826f66855477bfc6 with config: 
device_filters: "/job:ps"
device_filters: "/job:worker/task:13/cpu:0"

I tensorflow/core/distributed_runtime/master_session.cc:993] Start master session 7ab4040673fde56a with config: 
device_filters: "/job:ps"
device_filters: "/job:worker/task:13/cpu:0"

I tensorflow/core/distributed_runtime/master_session.cc:993] Start master session 2cd9d34ef02c4fbf with config: 
device_filters: "/job:ps"
device_filters: "/job:worker/task:13/cpu:0"

I tensorflow/core/distributed_runtime/master_session.cc:993] Start master session 7c024518d6751522 with config: 
device_filters: "/job:ps"
device_filters: "/job:worker/task:13/cpu:0"

I tensorflow/core/distributed_runtime/master_session.cc:993] Start master session cc92096a8ec4162e with config: 
device_filters: "/job:ps"
device_filters: "/job:worker/task:13/cpu:0"

I tensorflow/core/distributed_runtime/master_session.cc:993] Start master session 7454b98ae8754728 with config: 
device_filters: "/job:ps"
device_filters: "/job:worker/task:13/cpu:0"

I tensorflow/core/distributed_runtime/master_session.cc:993] Start master session d0f3b1a27be0aa50 with config: 
device_filters: "/job:ps"
device_filters: "/job:worker/task:13/cpu:0"

I tensorflow/core/distributed_runtime/master_session.cc:993] Start master session 04c7db4a81b443f8 with config: 
device_filters: "/job:ps"
device_filters: "/job:worker/task:13/cpu:0"

I tensorflow/core/distributed_runtime/master_session.cc:993] Start master session 844ad36e2af0dd33 with config: 
device_filters: "/job:ps"
device_filters: "/job:worker/task:13/cpu:0"

I tensorflow/core/distributed_runtime/master_session.cc:993] Start master session 2772e4b9bd56aa8c with config: 
device_filters: "/job:ps"
device_filters: "/job:worker/task:13/cpu:0"

I tensorflow/core/distributed_runtime/master_session.cc:993] Start master session 2cdf30edbe77b11d with config: 
device_filters: "/job:ps"
device_filters: "/job:worker/task:13/cpu:0"

I tensorflow/core/distributed_runtime/master_session.cc:993] Start master session 672c5964151e4b14 with config: 
device_filters: "/job:ps"
device_filters: "/job:worker/task:13/cpu:0"

I tensorflow/core/distributed_runtime/master_session.cc:993] Start master session 38e68f63520f6772 with config: 
device_filters: "/job:ps"
device_filters: "/job:worker/task:13/cpu:0"

I tensorflow/core/distributed_runtime/master_session.cc:993] Start master session 7add4eebffb4ecac with config: 
device_filters: "/job:ps"
device_filters: "/job:worker/task:13/cpu:0"

I tensorflow/core/distributed_runtime/master_session.cc:993] Start master session a8acacdca633a583 with config: 
device_filters: "/job:ps"
device_filters: "/job:worker/task:13/cpu:0"

I tensorflow/core/distributed_runtime/master_session.cc:993] Start master session 454fdeaa6f4bb5b4 with config: 
device_filters: "/job:ps"
device_filters: "/job:worker/task:13/cpu:0"

I tensorflow/core/distributed_runtime/master_session.cc:993] Start master session 161d1efa1a18d7fd with config: 
device_filters: "/job:ps"
device_filters: "/job:worker/task:13/cpu:0"

I tensorflow/core/distributed_runtime/master_session.cc:993] Start master session 268d465267637691 with config: 
device_filters: "/job:ps"
device_filters: "/job:worker/task:13/cpu:0"

I tensorflow/core/distributed_runtime/master_session.cc:993] Start master session db3f631c0fea337c with config: 
device_filters: "/job:ps"
device_filters: "/job:worker/task:13/cpu:0"

I tensorflow/core/distributed_runtime/master_session.cc:993] Start master session 01b64bfcafa0d683 with config: 
device_filters: "/job:ps"
device_filters: "/job:worker/task:13/cpu:0"

I tensorflow/core/distributed_runtime/master_session.cc:993] Start master session 69706609592e9847 with config: 
device_filters: "/job:ps"
device_filters: "/job:worker/task:13/cpu:0"

I tensorflow/core/distributed_runtime/master_session.cc:993] Start master session 99d249bc8e12c27f with config: 
device_filters: "/job:ps"
device_filters: "/job:worker/task:13/cpu:0"

I tensorflow/core/distributed_runtime/master_session.cc:993] Start master session 54f96b1f2c44b83c with config: 
device_filters: "/job:ps"
device_filters: "/job:worker/task:13/cpu:0"

I tensorflow/core/distributed_runtime/master_session.cc:993] Start master session 1bd912d22977391e with config: 
device_filters: "/job:ps"
device_filters: "/job:worker/task:13/cpu:0"

I tensorflow/core/distributed_runtime/master_session.cc:993] Start master session 3d6d75d8d29ef5fd with config: 
device_filters: "/job:ps"
device_filters: "/job:worker/task:13/cpu:0"

I tensorflow/core/distributed_runtime/master_session.cc:993] Start master session 67296ed49319399b with config: 
device_filters: "/job:ps"
device_filters: "/job:worker/task:13/cpu:0"

I tensorflow/core/distributed_runtime/master_session.cc:993] Start master session 3db3d1872e777c14 with config: 
device_filters: "/job:ps"
device_filters: "/job:worker/task:13/cpu:0"

I tensorflow/core/distributed_runtime/master_session.cc:993] Start master session 83ad4716159e9abf with config: 
device_filters: "/job:ps"
device_filters: "/job:worker/task:13/cpu:0"

I tensorflow/core/distributed_runtime/master_session.cc:993] Start master session 15581e185662a082 with config: 
device_filters: "/job:ps"
device_filters: "/job:worker/task:13/cpu:0"

I tensorflow/core/distributed_runtime/master_session.cc:993] Start master session 545001aad56afb2c with config: 
device_filters: "/job:ps"
device_filters: "/job:worker/task:13/cpu:0"

I tensorflow/core/distributed_runtime/master_session.cc:993] Start master session 6a555c3004205be3 with config: 
device_filters: "/job:ps"
device_filters: "/job:worker/task:13/cpu:0"

I tensorflow/core/distributed_runtime/master_session.cc:993] Start master session 58ef5781093eea65 with config: 
device_filters: "/job:ps"
device_filters: "/job:worker/task:13/cpu:0"

I tensorflow/core/distributed_runtime/master_session.cc:993] Start master session a5bb82e4658f6896 with config: 
device_filters: "/job:ps"
device_filters: "/job:worker/task:13/cpu:0"

I tensorflow/core/distributed_runtime/master_session.cc:993] Start master session 415f64f3814e33a5 with config: 
device_filters: "/job:ps"
device_filters: "/job:worker/task:13/cpu:0"

I tensorflow/core/distributed_runtime/master_session.cc:993] Start master session 24d8cd061ac89a03 with config: 
device_filters: "/job:ps"
device_filters: "/job:worker/task:13/cpu:0"

I tensorflow/core/distributed_runtime/master_session.cc:993] Start master session 110b97f35ad99fd4 with config: 
device_filters: "/job:ps"
device_filters: "/job:worker/task:13/cpu:0"

I tensorflow/core/distributed_runtime/master_session.cc:993] Start master session 66f18b3f55120530 with config: 
device_filters: "/job:ps"
device_filters: "/job:worker/task:13/cpu:0"

I tensorflow/core/distributed_runtime/master_session.cc:993] Start master session f59b94b33fdf024f with config: 
device_filters: "/job:ps"
device_filters: "/job:worker/task:13/cpu:0"

I tensorflow/core/distributed_runtime/master_session.cc:993] Start master session 1675ab195b140e2b with config: 
device_filters: "/job:ps"
device_filters: "/job:worker/task:13/cpu:0"

I tensorflow/core/distributed_runtime/master_session.cc:993] Start master session 8440495bd21b1e7e with config: 
device_filters: "/job:ps"
device_filters: "/job:worker/task:13/cpu:0"

I tensorflow/core/distributed_runtime/master_session.cc:993] Start master session 988f27ff3c05bc93 with config: 
device_filters: "/job:ps"
device_filters: "/job:worker/task:13/cpu:0"

I tensorflow/core/distributed_runtime/master_session.cc:993] Start master session e51a254ee1101d69 with config: 
device_filters: "/job:ps"
device_filters: "/job:worker/task:13/cpu:0"

I tensorflow/core/distributed_runtime/master_session.cc:993] Start master session 0ab8ed5cdc705b3f with config: 
device_filters: "/job:ps"
device_filters: "/job:worker/task:13/cpu:0"

I tensorflow/core/distributed_runtime/master_session.cc:993] Start master session 6b80a4721d07bdf9 with config: 
device_filters: "/job:ps"
device_filters: "/job:worker/task:13/cpu:0"

I tensorflow/core/distributed_runtime/master_session.cc:993] Start master session ebc0eda083f0b26d with config: 
device_filters: "/job:ps"
device_filters: "/job:worker/task:13/cpu:0"

I tensorflow/core/distributed_runtime/master_session.cc:993] Start master session 5ac985de48774dfc with config: 
device_filters: "/job:ps"
device_filters: "/job:worker/task:13/cpu:0"

I tensorflow/core/distributed_runtime/master_session.cc:993] Start master session 9c47004bed702c3e with config: 
device_filters: "/job:ps"
device_filters: "/job:worker/task:13/cpu:0"

I tensorflow/core/distributed_runtime/master_session.cc:993] Start master session 614a9a234abf1cf5 with config: 
device_filters: "/job:ps"
device_filters: "/job:worker/task:13/cpu:0"

I tensorflow/core/distributed_runtime/master_session.cc:993] Start master session 14f591fa266c84ee with config: 
device_filters: "/job:ps"
device_filters: "/job:worker/task:13/cpu:0"

I tensorflow/core/distributed_runtime/master_session.cc:993] Start master session 97d1d3d140d51429 with config: 
device_filters: "/job:ps"
device_filters: "/job:worker/task:13/cpu:0"

I tensorflow/core/distributed_runtime/master_session.cc:993] Start master session e5ed3c0dff240c39 with config: 
device_filters: "/job:ps"
device_filters: "/job:worker/task:13/cpu:0"

I tensorflow/core/distributed_runtime/master_session.cc:993] Start master session 93f678ac5c16dd14 with config: 
device_filters: "/job:ps"
device_filters: "/job:worker/task:13/cpu:0"

I tensorflow/core/distributed_runtime/master_session.cc:993] Start master session f6c153a5c13cb724 with config: 
device_filters: "/job:ps"
device_filters: "/job:worker/task:13/cpu:0"

I tensorflow/core/distributed_runtime/master_session.cc:993] Start master session 79616c1f3177db62 with config: 
device_filters: "/job:ps"
device_filters: "/job:worker/task:13/cpu:0"

I tensorflow/core/distributed_runtime/master_session.cc:993] Start master session 7341061536ad4bd1 with config: 
device_filters: "/job:ps"
device_filters: "/job:worker/task:13/cpu:0"

I tensorflow/core/distributed_runtime/master_session.cc:993] Start master session 04298d23e3df4ed9 with config: 
device_filters: "/job:ps"
device_filters: "/job:worker/task:13/cpu:0"

I tensorflow/core/distributed_runtime/master_session.cc:993] Start master session 4751db36bb88e59b with config: 
device_filters: "/job:ps"
device_filters: "/job:worker/task:13/cpu:0"

I tensorflow/core/distributed_runtime/master_session.cc:993] Start master session f56f41d45a081783 with config: 
device_filters: "/job:ps"
device_filters: "/job:worker/task:13/cpu:0"

I tensorflow/core/distributed_runtime/master_session.cc:993] Start master session 65c8085c99b11f8c with config: 
device_filters: "/job:ps"
device_filters: "/job:worker/task:13/cpu:0"

I tensorflow/core/distributed_runtime/master_session.cc:993] Start master session c38af5b7e1122ab8 with config: 
device_filters: "/job:ps"
device_filters: "/job:worker/task:13/cpu:0"

I tensorflow/core/distributed_runtime/master_session.cc:993] Start master session 5249378488d5ff37 with config: 
device_filters: "/job:ps"
device_filters: "/job:worker/task:13/cpu:0"

I tensorflow/core/distributed_runtime/master_session.cc:993] Start master session 159206b31515fe8b with config: 
device_filters: "/job:ps"
device_filters: "/job:worker/task:13/cpu:0"

I tensorflow/core/distributed_runtime/master_session.cc:993] Start master session 92caa87131635d72 with config: 
device_filters: "/job:ps"
device_filters: "/job:worker/task:13/cpu:0"

I tensorflow/core/distributed_runtime/master_session.cc:993] Start master session b9577a6659e66378 with config: 
device_filters: "/job:ps"
device_filters: "/job:worker/task:13/cpu:0"

I tensorflow/core/distributed_runtime/master_session.cc:993] Start master session 33d49ccc371d6926 with config: 
device_filters: "/job:ps"
device_filters: "/job:worker/task:13/cpu:0"

I tensorflow/core/distributed_runtime/master_session.cc:993] Start master session fb2f9a8b4aa9f2a7 with config: 
device_filters: "/job:ps"
device_filters: "/job:worker/task:13/cpu:0"

I tensorflow/core/distributed_runtime/master_session.cc:993] Start master session 6e2219302bdc60ce with config: 
device_filters: "/job:ps"
device_filters: "/job:worker/task:13/cpu:0"

I tensorflow/core/distributed_runtime/master_session.cc:993] Start master session d3eed20783756bab with config: 
device_filters: "/job:ps"
device_filters: "/job:worker/task:13/cpu:0"

I tensorflow/core/distributed_runtime/master_session.cc:993] Start master session 67cf5b14e5a983df with config: 
device_filters: "/job:ps"
device_filters: "/job:worker/task:13/cpu:0"

I tensorflow/core/distributed_runtime/master_session.cc:993] Start master session 87806cf967dba9dc with config: 
device_filters: "/job:ps"
device_filters: "/job:worker/task:13/cpu:0"

I tensorflow/core/distributed_runtime/master_session.cc:993] Start master session 5122acafa3d805ac with config: 
device_filters: "/job:ps"
device_filters: "/job:worker/task:13/cpu:0"

I tensorflow/core/distributed_runtime/master_session.cc:993] Start master session 202f57ff63942cd2 with config: 
device_filters: "/job:ps"
device_filters: "/job:worker/task:13/cpu:0"

I tensorflow/core/distributed_runtime/master_session.cc:993] Start master session cc3d410ca41bc400 with config: 
device_filters: "/job:ps"
device_filters: "/job:worker/task:13/cpu:0"

I tensorflow/core/distributed_runtime/master_session.cc:993] Start master session e284a659c4a596f4 with config: 
device_filters: "/job:ps"
device_filters: "/job:worker/task:13/cpu:0"

I tensorflow/core/distributed_runtime/master_session.cc:993] Start master session e9272fb616a49b69 with config: 
device_filters: "/job:ps"
device_filters: "/job:worker/task:13/cpu:0"

I tensorflow/core/distributed_runtime/master_session.cc:993] Start master session 6eeee293e838bd51 with config: 
device_filters: "/job:ps"
device_filters: "/job:worker/task:13/cpu:0"

I tensorflow/core/distributed_runtime/master_session.cc:993] Start master session ce0efa75b5424375 with config: 
device_filters: "/job:ps"
device_filters: "/job:worker/task:13/cpu:0"

I tensorflow/core/distributed_runtime/master_session.cc:993] Start master session addd8c8646f81b07 with config: 
device_filters: "/job:ps"
device_filters: "/job:worker/task:13/cpu:0"

I tensorflow/core/distributed_runtime/master_session.cc:993] Start master session 5fbda8bdfd419223 with config: 
device_filters: "/job:ps"
device_filters: "/job:worker/task:13/cpu:0"

I tensorflow/core/distributed_runtime/master_session.cc:993] Start master session aa3ceffc0a178583 with config: 
device_filters: "/job:ps"
device_filters: "/job:worker/task:13/cpu:0"

I tensorflow/core/distributed_runtime/master_session.cc:993] Start master session 1dc72b99abbaac97 with config: 
device_filters: "/job:ps"
device_filters: "/job:worker/task:13/cpu:0"

I tensorflow/core/distributed_runtime/master_session.cc:993] Start master session ba23c2a788b00413 with config: 
device_filters: "/job:ps"
device_filters: "/job:worker/task:13/cpu:0"

I tensorflow/core/distributed_runtime/master_session.cc:993] Start master session 2821e871ec7d2c7b with config: 
device_filters: "/job:ps"
device_filters: "/job:worker/task:13/cpu:0"

I tensorflow/core/distributed_runtime/master_session.cc:993] Start master session 31f9339f57d0a16b with config: 
device_filters: "/job:ps"
device_filters: "/job:worker/task:13/cpu:0"

I tensorflow/core/distributed_runtime/master_session.cc:993] Start master session 234536cb1273aa13 with config: 
device_filters: "/job:ps"
device_filters: "/job:worker/task:13/cpu:0"

I tensorflow/core/distributed_runtime/master_session.cc:993] Start master session c4114a231a6a780e with config: 
device_filters: "/job:ps"
device_filters: "/job:worker/task:13/cpu:0"

I tensorflow/core/distributed_runtime/master_session.cc:993] Start master session f57560bfdfdd62a9 with config: 
device_filters: "/job:ps"
device_filters: "/job:worker/task:13/cpu:0"

I tensorflow/core/distributed_runtime/master_session.cc:993] Start master session a4268ce8e21242fb with config: 
device_filters: "/job:ps"
device_filters: "/job:worker/task:13/cpu:0"

I tensorflow/core/distributed_runtime/master_session.cc:993] Start master session 0a5cf32775569338 with config: 
device_filters: "/job:ps"
device_filters: "/job:worker/task:13/cpu:0"

I tensorflow/core/distributed_runtime/master_session.cc:993] Start master session cfc5df6b8504d24e with config: 
device_filters: "/job:ps"
device_filters: "/job:worker/task:13/cpu:0"

I tensorflow/core/distributed_runtime/master_session.cc:993] Start master session b1d24b4c8da98bd4 with config: 
device_filters: "/job:ps"
device_filters: "/job:worker/task:13/cpu:0"

I tensorflow/core/distributed_runtime/master_session.cc:993] Start master session 66b8bbafcbf6983c with config: 
device_filters: "/job:ps"
device_filters: "/job:worker/task:13/cpu:0"

I tensorflow/core/distributed_runtime/master_session.cc:993] Start master session 649890eff85436b7 with config: 
device_filters: "/job:ps"
device_filters: "/job:worker/task:13/cpu:0"

I tensorflow/core/distributed_runtime/master_session.cc:993] Start master session 6f2975ff51c44b7a with config: 
device_filters: "/job:ps"
device_filters: "/job:worker/task:13/cpu:0"

I tensorflow/core/distributed_runtime/master_session.cc:993] Start master session b8c6d09ca8db2780 with config: 
device_filters: "/job:ps"
device_filters: "/job:worker/task:13/cpu:0"

I tensorflow/core/distributed_runtime/master_session.cc:993] Start master session 16c8f134468ce76d with config: 
device_filters: "/job:ps"
device_filters: "/job:worker/task:13/cpu:0"

I tensorflow/core/distributed_runtime/master_session.cc:993] Start master session bebddf1c5cf6551c with config: 
device_filters: "/job:ps"
device_filters: "/job:worker/task:13/cpu:0"

I tensorflow/core/distributed_runtime/master_session.cc:993] Start master session 9d9544adb9caf644 with config: 
device_filters: "/job:ps"
device_filters: "/job:worker/task:13/cpu:0"

I tensorflow/core/distributed_runtime/master_session.cc:993] Start master session 8a4d52c268168803 with config: 
device_filters: "/job:ps"
device_filters: "/job:worker/task:13/cpu:0"

I tensorflow/core/distributed_runtime/master_session.cc:993] Start master session 77d0815800faae63 with config: 
device_filters: "/job:ps"
device_filters: "/job:worker/task:13/cpu:0"

I tensorflow/core/distributed_runtime/master_session.cc:993] Start master session 8d47f7250434dca8 with config: 
device_filters: "/job:ps"
device_filters: "/job:worker/task:13/cpu:0"

I tensorflow/core/distributed_runtime/master_session.cc:993] Start master session 54560ac93071fb1c with config: 
device_filters: "/job:ps"
device_filters: "/job:worker/task:13/cpu:0"

I tensorflow/core/distributed_runtime/master_session.cc:993] Start master session 8276264ec2bdcf17 with config: 
device_filters: "/job:ps"
device_filters: "/job:worker/task:13/cpu:0"

I tensorflow/core/distributed_runtime/master_session.cc:993] Start master session af3aa3bcda32fc6e with config: 
device_filters: "/job:ps"
device_filters: "/job:worker/task:13/cpu:0"

I tensorflow/core/distributed_runtime/master_session.cc:993] Start master session c0fb18910d9d6644 with config: 
device_filters: "/job:ps"
device_filters: "/job:worker/task:13/cpu:0"

I tensorflow/core/distributed_runtime/master_session.cc:993] Start master session d17eb884111c44d3 with config: 
device_filters: "/job:ps"
device_filters: "/job:worker/task:13/cpu:0"

I tensorflow/core/distributed_runtime/master_session.cc:993] Start master session 515dd5d1351799fa with config: 
device_filters: "/job:ps"
device_filters: "/job:worker/task:13/cpu:0"

I tensorflow/core/distributed_runtime/master_session.cc:993] Start master session b29103cebb9cb50a with config: 
device_filters: "/job:ps"
device_filters: "/job:worker/task:13/cpu:0"

I tensorflow/core/distributed_runtime/master_session.cc:993] Start master session 7cbf7c16b5692e94 with config: 
device_filters: "/job:ps"
device_filters: "/job:worker/task:13/cpu:0"

I tensorflow/core/distributed_runtime/master_session.cc:993] Start master session 78fe77a23afd8097 with config: 
device_filters: "/job:ps"
device_filters: "/job:worker/task:13/cpu:0"

I tensorflow/core/distributed_runtime/master_session.cc:993] Start master session af76f9ec926f40c1 with config: 
device_filters: "/job:ps"
device_filters: "/job:worker/task:13/cpu:0"

I tensorflow/core/distributed_runtime/master_session.cc:993] Start master session f9fb40805a0fc14f with config: 
device_filters: "/job:ps"
device_filters: "/job:worker/task:13/cpu:0"

I tensorflow/core/distributed_runtime/master_session.cc:993] Start master session 7d85cb46ffab923f with config: 
device_filters: "/job:ps"
device_filters: "/job:worker/task:13/cpu:0"

I tensorflow/core/distributed_runtime/master_session.cc:993] Start master session ebd6c18378c452f3 with config: 
device_filters: "/job:ps"
device_filters: "/job:worker/task:13/cpu:0"

I tensorflow/core/distributed_runtime/master_session.cc:993] Start master session ee070b4ea9499ab3 with config: 
device_filters: "/job:ps"
device_filters: "/job:worker/task:13/cpu:0"

I tensorflow/core/distributed_runtime/master_session.cc:993] Start master session 80b421d9f372ebd8 with config: 
device_filters: "/job:ps"
device_filters: "/job:worker/task:13/cpu:0"

I tensorflow/core/distributed_runtime/master_session.cc:993] Start master session cd8de9b9411f1654 with config: 
device_filters: "/job:ps"
device_filters: "/job:worker/task:13/cpu:0"

I tensorflow/core/distributed_runtime/master_session.cc:993] Start master session f7b5beaa50b3fd5d with config: 
device_filters: "/job:ps"
device_filters: "/job:worker/task:13/cpu:0"

I tensorflow/core/distributed_runtime/master_session.cc:993] Start master session 9792c44b72931003 with config: 
device_filters: "/job:ps"
device_filters: "/job:worker/task:13/cpu:0"

I tensorflow/core/distributed_runtime/master_session.cc:993] Start master session 479f8e1b6f38be18 with config: 
device_filters: "/job:ps"
device_filters: "/job:worker/task:13/cpu:0"

I tensorflow/core/distributed_runtime/master_session.cc:993] Start master session bd434e23af174cb1 with config: 
device_filters: "/job:ps"
device_filters: "/job:worker/task:13/cpu:0"

I tensorflow/core/distributed_runtime/master_session.cc:993] Start master session dce238832b0f394b with config: 
device_filters: "/job:ps"
device_filters: "/job:worker/task:13/cpu:0"

Using universe head design
Using universe head design
Using universe head design
Using universe head design
Using universe head design
Using universe head design
Optimizer: ADAM with lr: 0.000100
Input observation shape:  (42, 42, 4)
Traceback (most recent call last):
  File "worker.py", line 188, in <module>
    tf.app.run()
  File "/home/verma_rohil/noreward-rl/curiosity/local/lib/python2.7/site-packages/tensorflow/python/platform/app.py", line 43, in run
    sys.exit(main(sys.argv[:1] + flags_passthrough))
  File "worker.py", line 180, in main
    run(args, server)
  File "worker.py", line 95, in run
    with sv.managed_session(server.target, config=config) as sess, sess.as_default():
  File "/usr/lib/python2.7/contextlib.py", line 17, in __enter__
    return self.gen.next()
  File "/home/verma_rohil/noreward-rl/curiosity/local/lib/python2.7/site-packages/tensorflow/python/training/supervisor.py", line 974, in managed_session
    self.stop(close_summary_writer=close_summary_writer)
  File "/home/verma_rohil/noreward-rl/curiosity/local/lib/python2.7/site-packages/tensorflow/python/training/supervisor.py", line 802, in stop
    stop_grace_period_secs=self._stop_grace_secs)
  File "/home/verma_rohil/noreward-rl/curiosity/local/lib/python2.7/site-packages/tensorflow/python/training/coordinator.py", line 386, in join
    six.reraise(*self._exc_info_to_raise)
  File "/home/verma_rohil/noreward-rl/curiosity/local/lib/python2.7/site-packages/tensorflow/python/training/supervisor.py", line 963, in managed_session
    start_standard_services=start_standard_services)
  File "/home/verma_rohil/noreward-rl/curiosity/local/lib/python2.7/site-packages/tensorflow/python/training/supervisor.py", line 727, in prepare_or_wait_for_session
    max_wait_secs=max_wait_secs)
  File "/home/verma_rohil/noreward-rl/curiosity/local/lib/python2.7/site-packages/tensorflow/python/training/session_manager.py", line 361, in wait_for_session
    "Session was not ready after waiting %d secs." % (max_wait_secs,))
tensorflow.python.framework.errors_impl.DeadlineExceededError: Session was not ready after waiting 7200 secs.
