[2018-05-01 20:39:25,810] Writing logs to file: /tmp/universe-22527.log
I tensorflow/core/distributed_runtime/rpc/grpc_channel.cc:197] Initialize GrpcChannelCache for job ps -> {0 -> 127.0.0.1:12222}
I tensorflow/core/distributed_runtime/rpc/grpc_channel.cc:197] Initialize GrpcChannelCache for job worker -> {0 -> 127.0.0.1:12223, 1 -> 127.0.0.1:12224, 2 -> 127.0.0.1:12225, 3 -> 127.0.0.1:12226, 4 -> 127.0.0.1:12227, 5 -> 127.0.0.1:12228, 6 -> 127.0.0.1:12229, 7 -> localhost:12230, 8 -> 127.0.0.1:12231, 9 -> 127.0.0.1:12232, 10 -> 127.0.0.1:12233, 11 -> 127.0.0.1:12234, 12 -> 127.0.0.1:12235, 13 -> 127.0.0.1:12236, 14 -> 127.0.0.1:12237, 15 -> 127.0.0.1:12238, 16 -> 127.0.0.1:12239, 17 -> 127.0.0.1:12240, 18 -> 127.0.0.1:12241, 19 -> 127.0.0.1:12242}
I tensorflow/core/distributed_runtime/rpc/grpc_server_lib.cc:211] Started server with target: grpc://localhost:12230
[2018-05-01 20:40:35,895] Making new env: ppaquette/DoomMyWayHome-v0
[2018-05-01 20:40:39,579] Trainable vars:
[2018-05-01 20:40:39,580]   global/l1/W:0 (3, 3, 4, 32)
[2018-05-01 20:40:39,580]   global/l1/b:0 (1, 1, 1, 32)
[2018-05-01 20:40:39,580]   global/l2/W:0 (3, 3, 32, 32)
[2018-05-01 20:40:39,580]   global/l2/b:0 (1, 1, 1, 32)
[2018-05-01 20:40:39,580]   global/l3/W:0 (3, 3, 32, 32)
[2018-05-01 20:40:39,580]   global/l3/b:0 (1, 1, 1, 32)
[2018-05-01 20:40:39,580]   global/l4/W:0 (3, 3, 32, 32)
[2018-05-01 20:40:39,581]   global/l4/b:0 (1, 1, 1, 32)
[2018-05-01 20:40:39,581]   global/RNN/BasicLSTMCell/Linear/Matrix:0 (544, 1024)
[2018-05-01 20:40:39,581]   global/RNN/BasicLSTMCell/Linear/Bias:0 (1024,)
[2018-05-01 20:40:39,581]   global/value/w:0 (256, 1)
[2018-05-01 20:40:39,581]   global/value/b:0 (1,)
[2018-05-01 20:40:39,581]   global/action/w:0 (256, 4)
[2018-05-01 20:40:39,581]   global/action/b:0 (4,)
[2018-05-01 20:40:39,581]   global/predictor/l1/W:0 (3, 3, 4, 32)
[2018-05-01 20:40:39,581]   global/predictor/l1/b:0 (1, 1, 1, 32)
[2018-05-01 20:40:39,582]   global/predictor/l2/W:0 (3, 3, 32, 32)
[2018-05-01 20:40:39,582]   global/predictor/l2/b:0 (1, 1, 1, 32)
[2018-05-01 20:40:39,582]   global/predictor/l3/W:0 (3, 3, 32, 32)
[2018-05-01 20:40:39,582]   global/predictor/l3/b:0 (1, 1, 1, 32)
[2018-05-01 20:40:39,582]   global/predictor/l4/W:0 (3, 3, 32, 32)
[2018-05-01 20:40:39,582]   global/predictor/l4/b:0 (1, 1, 1, 32)
[2018-05-01 20:40:39,582]   global/predictor/g1/w:0 (576, 256)
[2018-05-01 20:40:39,582]   global/predictor/g1/b:0 (256,)
[2018-05-01 20:40:39,582]   global/predictor/glast/w:0 (256, 4)
[2018-05-01 20:40:39,582]   global/predictor/glast/b:0 (4,)
[2018-05-01 20:40:39,583]   global/predictor/f1/w:0 (292, 256)
[2018-05-01 20:40:39,583]   global/predictor/f1/b:0 (256,)
[2018-05-01 20:40:39,583]   global/predictor/flast/w:0 (256, 288)
[2018-05-01 20:40:39,583]   global/predictor/flast/b:0 (288,)
[2018-05-01 20:40:39,583]   local/l1/W:0 (3, 3, 4, 32)
[2018-05-01 20:40:39,583]   local/l1/b:0 (1, 1, 1, 32)
[2018-05-01 20:40:39,583]   local/l2/W:0 (3, 3, 32, 32)
[2018-05-01 20:40:39,583]   local/l2/b:0 (1, 1, 1, 32)
[2018-05-01 20:40:39,583]   local/l3/W:0 (3, 3, 32, 32)
[2018-05-01 20:40:39,584]   local/l3/b:0 (1, 1, 1, 32)
[2018-05-01 20:40:39,584]   local/l4/W:0 (3, 3, 32, 32)
[2018-05-01 20:40:39,584]   local/l4/b:0 (1, 1, 1, 32)
[2018-05-01 20:40:39,584]   local/RNN/BasicLSTMCell/Linear/Matrix:0 (544, 1024)
[2018-05-01 20:40:39,584]   local/RNN/BasicLSTMCell/Linear/Bias:0 (1024,)
[2018-05-01 20:40:39,584]   local/value/w:0 (256, 1)
[2018-05-01 20:40:39,584]   local/value/b:0 (1,)
[2018-05-01 20:40:39,584]   local/action/w:0 (256, 4)
[2018-05-01 20:40:39,585]   local/action/b:0 (4,)
[2018-05-01 20:40:39,585]   local/predictor/l1/W:0 (3, 3, 4, 32)
[2018-05-01 20:40:39,585]   local/predictor/l1/b:0 (1, 1, 1, 32)
[2018-05-01 20:40:39,585]   local/predictor/l2/W:0 (3, 3, 32, 32)
[2018-05-01 20:40:39,585]   local/predictor/l2/b:0 (1, 1, 1, 32)
[2018-05-01 20:40:39,585]   local/predictor/l3/W:0 (3, 3, 32, 32)
[2018-05-01 20:40:39,585]   local/predictor/l3/b:0 (1, 1, 1, 32)
[2018-05-01 20:40:39,585]   local/predictor/l4/W:0 (3, 3, 32, 32)
[2018-05-01 20:40:39,585]   local/predictor/l4/b:0 (1, 1, 1, 32)
[2018-05-01 20:40:39,586]   local/predictor/g1/w:0 (576, 256)
[2018-05-01 20:40:39,586]   local/predictor/g1/b:0 (256,)
[2018-05-01 20:40:39,586]   local/predictor/glast/w:0 (256, 4)
[2018-05-01 20:40:39,586]   local/predictor/glast/b:0 (4,)
[2018-05-01 20:40:39,586]   local/predictor/f1/w:0 (292, 256)
[2018-05-01 20:40:39,586]   local/predictor/f1/b:0 (256,)
[2018-05-01 20:40:39,586]   local/predictor/flast/w:0 (256, 288)
[2018-05-01 20:40:39,586]   local/predictor/flast/b:0 (288,)
[2018-05-01 20:40:39,587] Events directory: tmp/doom/train_7
[2018-05-01 20:40:41,484] Starting session. If this hangs, we're mostly likely waiting to connect to the parameter server. One common cause is that the parameter server DNS name isn't resolving yet, or is misspecified.
I tensorflow/core/distributed_runtime/master_session.cc:993] Start master session 47fcbd32147890a0 with config: 
device_filters: "/job:ps"
device_filters: "/job:worker/task:7/cpu:0"

I tensorflow/core/distributed_runtime/master_session.cc:993] Start master session b18e8455069ee5f8 with config: 
device_filters: "/job:ps"
device_filters: "/job:worker/task:7/cpu:0"

I tensorflow/core/distributed_runtime/master_session.cc:993] Start master session b8786880161a35a6 with config: 
device_filters: "/job:ps"
device_filters: "/job:worker/task:7/cpu:0"

I tensorflow/core/distributed_runtime/master_session.cc:993] Start master session 45aaaa24060de32f with config: 
device_filters: "/job:ps"
device_filters: "/job:worker/task:7/cpu:0"

I tensorflow/core/distributed_runtime/master_session.cc:993] Start master session 3726b95095cbdbbe with config: 
device_filters: "/job:ps"
device_filters: "/job:worker/task:7/cpu:0"

I tensorflow/core/distributed_runtime/master_session.cc:993] Start master session 40d744e3d67a22e5 with config: 
device_filters: "/job:ps"
device_filters: "/job:worker/task:7/cpu:0"

I tensorflow/core/distributed_runtime/master_session.cc:993] Start master session ed45bed77eb8e6c4 with config: 
device_filters: "/job:ps"
device_filters: "/job:worker/task:7/cpu:0"

I tensorflow/core/distributed_runtime/master_session.cc:993] Start master session 6b7687ad59ed9178 with config: 
device_filters: "/job:ps"
device_filters: "/job:worker/task:7/cpu:0"

I tensorflow/core/distributed_runtime/master_session.cc:993] Start master session 48bdc5461ee00453 with config: 
device_filters: "/job:ps"
device_filters: "/job:worker/task:7/cpu:0"

I tensorflow/core/distributed_runtime/master_session.cc:993] Start master session 7008752e70ad284c with config: 
device_filters: "/job:ps"
device_filters: "/job:worker/task:7/cpu:0"

I tensorflow/core/distributed_runtime/master_session.cc:993] Start master session f53cc180099bb5ee with config: 
device_filters: "/job:ps"
device_filters: "/job:worker/task:7/cpu:0"

I tensorflow/core/distributed_runtime/master_session.cc:993] Start master session a8c443707004d5d7 with config: 
device_filters: "/job:ps"
device_filters: "/job:worker/task:7/cpu:0"

I tensorflow/core/distributed_runtime/master_session.cc:993] Start master session 7729d63af6e50154 with config: 
device_filters: "/job:ps"
device_filters: "/job:worker/task:7/cpu:0"

I tensorflow/core/distributed_runtime/master_session.cc:993] Start master session 60bb5ce03f338195 with config: 
device_filters: "/job:ps"
device_filters: "/job:worker/task:7/cpu:0"

I tensorflow/core/distributed_runtime/master_session.cc:993] Start master session fec6697bdc4d53b4 with config: 
device_filters: "/job:ps"
device_filters: "/job:worker/task:7/cpu:0"

I tensorflow/core/distributed_runtime/master_session.cc:993] Start master session 40851905fa72b0d4 with config: 
device_filters: "/job:ps"
device_filters: "/job:worker/task:7/cpu:0"

I tensorflow/core/distributed_runtime/master_session.cc:993] Start master session b616a85eb1915c66 with config: 
device_filters: "/job:ps"
device_filters: "/job:worker/task:7/cpu:0"

I tensorflow/core/distributed_runtime/master_session.cc:993] Start master session fcfa9c59d9e58831 with config: 
device_filters: "/job:ps"
device_filters: "/job:worker/task:7/cpu:0"

I tensorflow/core/distributed_runtime/master_session.cc:993] Start master session 54ac6be699963c8e with config: 
device_filters: "/job:ps"
device_filters: "/job:worker/task:7/cpu:0"

I tensorflow/core/distributed_runtime/master_session.cc:993] Start master session dcf0439df2964103 with config: 
device_filters: "/job:ps"
device_filters: "/job:worker/task:7/cpu:0"

I tensorflow/core/distributed_runtime/master_session.cc:993] Start master session 914f080ea6f30468 with config: 
device_filters: "/job:ps"
device_filters: "/job:worker/task:7/cpu:0"

I tensorflow/core/distributed_runtime/master_session.cc:993] Start master session 1e1f154eb2b2d2af with config: 
device_filters: "/job:ps"
device_filters: "/job:worker/task:7/cpu:0"

I tensorflow/core/distributed_runtime/master_session.cc:993] Start master session eca3d685b3066d1c with config: 
device_filters: "/job:ps"
device_filters: "/job:worker/task:7/cpu:0"

I tensorflow/core/distributed_runtime/master_session.cc:993] Start master session 3bb9f5a7f2e75942 with config: 
device_filters: "/job:ps"
device_filters: "/job:worker/task:7/cpu:0"

I tensorflow/core/distributed_runtime/master_session.cc:993] Start master session 7e4470f556ec3012 with config: 
device_filters: "/job:ps"
device_filters: "/job:worker/task:7/cpu:0"

I tensorflow/core/distributed_runtime/master_session.cc:993] Start master session 0a61a11891d11754 with config: 
device_filters: "/job:ps"
device_filters: "/job:worker/task:7/cpu:0"

I tensorflow/core/distributed_runtime/master_session.cc:993] Start master session b9e2d08e72767bb8 with config: 
device_filters: "/job:ps"
device_filters: "/job:worker/task:7/cpu:0"

I tensorflow/core/distributed_runtime/master_session.cc:993] Start master session 37c932ed9a3acf0a with config: 
device_filters: "/job:ps"
device_filters: "/job:worker/task:7/cpu:0"

I tensorflow/core/distributed_runtime/master_session.cc:993] Start master session 12daabaf92d4bce7 with config: 
device_filters: "/job:ps"
device_filters: "/job:worker/task:7/cpu:0"

I tensorflow/core/distributed_runtime/master_session.cc:993] Start master session 41a6c100443d9dc0 with config: 
device_filters: "/job:ps"
device_filters: "/job:worker/task:7/cpu:0"

I tensorflow/core/distributed_runtime/master_session.cc:993] Start master session d0e418758f045987 with config: 
device_filters: "/job:ps"
device_filters: "/job:worker/task:7/cpu:0"

I tensorflow/core/distributed_runtime/master_session.cc:993] Start master session 879b35fa2bfbcaa6 with config: 
device_filters: "/job:ps"
device_filters: "/job:worker/task:7/cpu:0"

I tensorflow/core/distributed_runtime/master_session.cc:993] Start master session 7c7d4824874085b9 with config: 
device_filters: "/job:ps"
device_filters: "/job:worker/task:7/cpu:0"

I tensorflow/core/distributed_runtime/master_session.cc:993] Start master session ee8ef2eb22d9a542 with config: 
device_filters: "/job:ps"
device_filters: "/job:worker/task:7/cpu:0"

I tensorflow/core/distributed_runtime/master_session.cc:993] Start master session c46bc99583cbe635 with config: 
device_filters: "/job:ps"
device_filters: "/job:worker/task:7/cpu:0"

I tensorflow/core/distributed_runtime/master_session.cc:993] Start master session 63cbce0f71d8edee with config: 
device_filters: "/job:ps"
device_filters: "/job:worker/task:7/cpu:0"

I tensorflow/core/distributed_runtime/master_session.cc:993] Start master session 82f695e0b9fe7f21 with config: 
device_filters: "/job:ps"
device_filters: "/job:worker/task:7/cpu:0"

I tensorflow/core/distributed_runtime/master_session.cc:993] Start master session 4d88f8c1508b7c99 with config: 
device_filters: "/job:ps"
device_filters: "/job:worker/task:7/cpu:0"

I tensorflow/core/distributed_runtime/master_session.cc:993] Start master session e69062dd01de1b4a with config: 
device_filters: "/job:ps"
device_filters: "/job:worker/task:7/cpu:0"

I tensorflow/core/distributed_runtime/master_session.cc:993] Start master session c29b2e8a8b8e3ee8 with config: 
device_filters: "/job:ps"
device_filters: "/job:worker/task:7/cpu:0"

I tensorflow/core/distributed_runtime/master_session.cc:993] Start master session 0b5ab6b38f1a2565 with config: 
device_filters: "/job:ps"
device_filters: "/job:worker/task:7/cpu:0"

I tensorflow/core/distributed_runtime/master_session.cc:993] Start master session 0832b04fed17f6d3 with config: 
device_filters: "/job:ps"
device_filters: "/job:worker/task:7/cpu:0"

I tensorflow/core/distributed_runtime/master_session.cc:993] Start master session c6e6065be9328ab5 with config: 
device_filters: "/job:ps"
device_filters: "/job:worker/task:7/cpu:0"

I tensorflow/core/distributed_runtime/master_session.cc:993] Start master session 44b8342500c55e5f with config: 
device_filters: "/job:ps"
device_filters: "/job:worker/task:7/cpu:0"

I tensorflow/core/distributed_runtime/master_session.cc:993] Start master session ca8d0b016aefe164 with config: 
device_filters: "/job:ps"
device_filters: "/job:worker/task:7/cpu:0"

I tensorflow/core/distributed_runtime/master_session.cc:993] Start master session e1d88e5899a3d32a with config: 
device_filters: "/job:ps"
device_filters: "/job:worker/task:7/cpu:0"

I tensorflow/core/distributed_runtime/master_session.cc:993] Start master session 62c54a0c6f45b7a4 with config: 
device_filters: "/job:ps"
device_filters: "/job:worker/task:7/cpu:0"

I tensorflow/core/distributed_runtime/master_session.cc:993] Start master session c7b1d452d790dfd9 with config: 
device_filters: "/job:ps"
device_filters: "/job:worker/task:7/cpu:0"

I tensorflow/core/distributed_runtime/master_session.cc:993] Start master session c9bdbeddff10b185 with config: 
device_filters: "/job:ps"
device_filters: "/job:worker/task:7/cpu:0"

I tensorflow/core/distributed_runtime/master_session.cc:993] Start master session 2c000d82563aa850 with config: 
device_filters: "/job:ps"
device_filters: "/job:worker/task:7/cpu:0"

I tensorflow/core/distributed_runtime/master_session.cc:993] Start master session 2e4a339b48872e82 with config: 
device_filters: "/job:ps"
device_filters: "/job:worker/task:7/cpu:0"

I tensorflow/core/distributed_runtime/master_session.cc:993] Start master session 180b515aa083be2d with config: 
device_filters: "/job:ps"
device_filters: "/job:worker/task:7/cpu:0"

I tensorflow/core/distributed_runtime/master_session.cc:993] Start master session 0f9c44d6e6468b2b with config: 
device_filters: "/job:ps"
device_filters: "/job:worker/task:7/cpu:0"

I tensorflow/core/distributed_runtime/master_session.cc:993] Start master session 7e1d201eac13c923 with config: 
device_filters: "/job:ps"
device_filters: "/job:worker/task:7/cpu:0"

I tensorflow/core/distributed_runtime/master_session.cc:993] Start master session 36116ed9c0498b15 with config: 
device_filters: "/job:ps"
device_filters: "/job:worker/task:7/cpu:0"

I tensorflow/core/distributed_runtime/master_session.cc:993] Start master session 7d6017f67c3c525f with config: 
device_filters: "/job:ps"
device_filters: "/job:worker/task:7/cpu:0"

I tensorflow/core/distributed_runtime/master_session.cc:993] Start master session 2eb98e1a9099d47d with config: 
device_filters: "/job:ps"
device_filters: "/job:worker/task:7/cpu:0"

I tensorflow/core/distributed_runtime/master_session.cc:993] Start master session d82ae0218f942912 with config: 
device_filters: "/job:ps"
device_filters: "/job:worker/task:7/cpu:0"

I tensorflow/core/distributed_runtime/master_session.cc:993] Start master session 94b2ca2f98129772 with config: 
device_filters: "/job:ps"
device_filters: "/job:worker/task:7/cpu:0"

I tensorflow/core/distributed_runtime/master_session.cc:993] Start master session c8cccdde2a141839 with config: 
device_filters: "/job:ps"
device_filters: "/job:worker/task:7/cpu:0"

I tensorflow/core/distributed_runtime/master_session.cc:993] Start master session 459efbe2ec8e7edc with config: 
device_filters: "/job:ps"
device_filters: "/job:worker/task:7/cpu:0"

I tensorflow/core/distributed_runtime/master_session.cc:993] Start master session 49e8004a65254211 with config: 
device_filters: "/job:ps"
device_filters: "/job:worker/task:7/cpu:0"

I tensorflow/core/distributed_runtime/master_session.cc:993] Start master session 20bdd633e08ac74f with config: 
device_filters: "/job:ps"
device_filters: "/job:worker/task:7/cpu:0"

I tensorflow/core/distributed_runtime/master_session.cc:993] Start master session 4c040f465a57ad42 with config: 
device_filters: "/job:ps"
device_filters: "/job:worker/task:7/cpu:0"

I tensorflow/core/distributed_runtime/master_session.cc:993] Start master session 4550eedfcc01b209 with config: 
device_filters: "/job:ps"
device_filters: "/job:worker/task:7/cpu:0"

I tensorflow/core/distributed_runtime/master_session.cc:993] Start master session 6249bd3ada8352bb with config: 
device_filters: "/job:ps"
device_filters: "/job:worker/task:7/cpu:0"

I tensorflow/core/distributed_runtime/master_session.cc:993] Start master session c9137072aadd7a24 with config: 
device_filters: "/job:ps"
device_filters: "/job:worker/task:7/cpu:0"

I tensorflow/core/distributed_runtime/master_session.cc:993] Start master session 613c40f4e3b856b0 with config: 
device_filters: "/job:ps"
device_filters: "/job:worker/task:7/cpu:0"

I tensorflow/core/distributed_runtime/master_session.cc:993] Start master session 2de7fb9499457484 with config: 
device_filters: "/job:ps"
device_filters: "/job:worker/task:7/cpu:0"

I tensorflow/core/distributed_runtime/master_session.cc:993] Start master session 5aeadb337d8a77fd with config: 
device_filters: "/job:ps"
device_filters: "/job:worker/task:7/cpu:0"

I tensorflow/core/distributed_runtime/master_session.cc:993] Start master session 2dc4715e08d35ce1 with config: 
device_filters: "/job:ps"
device_filters: "/job:worker/task:7/cpu:0"

I tensorflow/core/distributed_runtime/master_session.cc:993] Start master session d915d60bc6308237 with config: 
device_filters: "/job:ps"
device_filters: "/job:worker/task:7/cpu:0"

I tensorflow/core/distributed_runtime/master_session.cc:993] Start master session 48be6cd22fe41560 with config: 
device_filters: "/job:ps"
device_filters: "/job:worker/task:7/cpu:0"

I tensorflow/core/distributed_runtime/master_session.cc:993] Start master session 22578a7f65a872a4 with config: 
device_filters: "/job:ps"
device_filters: "/job:worker/task:7/cpu:0"

I tensorflow/core/distributed_runtime/master_session.cc:993] Start master session 05cb8ab64457aa58 with config: 
device_filters: "/job:ps"
device_filters: "/job:worker/task:7/cpu:0"

I tensorflow/core/distributed_runtime/master_session.cc:993] Start master session 9422d4395fe9ebec with config: 
device_filters: "/job:ps"
device_filters: "/job:worker/task:7/cpu:0"

I tensorflow/core/distributed_runtime/master_session.cc:993] Start master session 95e551b05b96fd99 with config: 
device_filters: "/job:ps"
device_filters: "/job:worker/task:7/cpu:0"

I tensorflow/core/distributed_runtime/master_session.cc:993] Start master session c4424593d6884558 with config: 
device_filters: "/job:ps"
device_filters: "/job:worker/task:7/cpu:0"

I tensorflow/core/distributed_runtime/master_session.cc:993] Start master session a11badd6d213adb2 with config: 
device_filters: "/job:ps"
device_filters: "/job:worker/task:7/cpu:0"

I tensorflow/core/distributed_runtime/master_session.cc:993] Start master session a245bda7cb536eeb with config: 
device_filters: "/job:ps"
device_filters: "/job:worker/task:7/cpu:0"

I tensorflow/core/distributed_runtime/master_session.cc:993] Start master session a6db9c09b2ba5331 with config: 
device_filters: "/job:ps"
device_filters: "/job:worker/task:7/cpu:0"

I tensorflow/core/distributed_runtime/master_session.cc:993] Start master session c4c9b81cf3941502 with config: 
device_filters: "/job:ps"
device_filters: "/job:worker/task:7/cpu:0"

I tensorflow/core/distributed_runtime/master_session.cc:993] Start master session 9fa4eadd3eb3cef5 with config: 
device_filters: "/job:ps"
device_filters: "/job:worker/task:7/cpu:0"

I tensorflow/core/distributed_runtime/master_session.cc:993] Start master session 1506947d1bb6c0bc with config: 
device_filters: "/job:ps"
device_filters: "/job:worker/task:7/cpu:0"

I tensorflow/core/distributed_runtime/master_session.cc:993] Start master session 650a20d80da76972 with config: 
device_filters: "/job:ps"
device_filters: "/job:worker/task:7/cpu:0"

I tensorflow/core/distributed_runtime/master_session.cc:993] Start master session e648089280fd1e57 with config: 
device_filters: "/job:ps"
device_filters: "/job:worker/task:7/cpu:0"

I tensorflow/core/distributed_runtime/master_session.cc:993] Start master session 975e2acea149030c with config: 
device_filters: "/job:ps"
device_filters: "/job:worker/task:7/cpu:0"

I tensorflow/core/distributed_runtime/master_session.cc:993] Start master session d909b90d962ad498 with config: 
device_filters: "/job:ps"
device_filters: "/job:worker/task:7/cpu:0"

I tensorflow/core/distributed_runtime/master_session.cc:993] Start master session be43b8736fbdcc68 with config: 
device_filters: "/job:ps"
device_filters: "/job:worker/task:7/cpu:0"

I tensorflow/core/distributed_runtime/master_session.cc:993] Start master session fc5ba81dc3361fbe with config: 
device_filters: "/job:ps"
device_filters: "/job:worker/task:7/cpu:0"

I tensorflow/core/distributed_runtime/master_session.cc:993] Start master session daaed7108f9fea10 with config: 
device_filters: "/job:ps"
device_filters: "/job:worker/task:7/cpu:0"

I tensorflow/core/distributed_runtime/master_session.cc:993] Start master session 850d941a51aba66b with config: 
device_filters: "/job:ps"
device_filters: "/job:worker/task:7/cpu:0"

I tensorflow/core/distributed_runtime/master_session.cc:993] Start master session 99664858adcb8c07 with config: 
device_filters: "/job:ps"
device_filters: "/job:worker/task:7/cpu:0"

I tensorflow/core/distributed_runtime/master_session.cc:993] Start master session 869a46bd6e65deb2 with config: 
device_filters: "/job:ps"
device_filters: "/job:worker/task:7/cpu:0"

I tensorflow/core/distributed_runtime/master_session.cc:993] Start master session 5837254af9fb74b3 with config: 
device_filters: "/job:ps"
device_filters: "/job:worker/task:7/cpu:0"

I tensorflow/core/distributed_runtime/master_session.cc:993] Start master session 6b2ab8ad30edb64d with config: 
device_filters: "/job:ps"
device_filters: "/job:worker/task:7/cpu:0"

I tensorflow/core/distributed_runtime/master_session.cc:993] Start master session 14e357e862ff4d27 with config: 
device_filters: "/job:ps"
device_filters: "/job:worker/task:7/cpu:0"

I tensorflow/core/distributed_runtime/master_session.cc:993] Start master session ecb27f92e30ffa4d with config: 
device_filters: "/job:ps"
device_filters: "/job:worker/task:7/cpu:0"

I tensorflow/core/distributed_runtime/master_session.cc:993] Start master session 1baa7a375adb8374 with config: 
device_filters: "/job:ps"
device_filters: "/job:worker/task:7/cpu:0"

I tensorflow/core/distributed_runtime/master_session.cc:993] Start master session be73e58f6f97b469 with config: 
device_filters: "/job:ps"
device_filters: "/job:worker/task:7/cpu:0"

I tensorflow/core/distributed_runtime/master_session.cc:993] Start master session 8100015ce9bbde15 with config: 
device_filters: "/job:ps"
device_filters: "/job:worker/task:7/cpu:0"

I tensorflow/core/distributed_runtime/master_session.cc:993] Start master session 072e954fdf84b1ed with config: 
device_filters: "/job:ps"
device_filters: "/job:worker/task:7/cpu:0"

I tensorflow/core/distributed_runtime/master_session.cc:993] Start master session 3fdc326214b68214 with config: 
device_filters: "/job:ps"
device_filters: "/job:worker/task:7/cpu:0"

I tensorflow/core/distributed_runtime/master_session.cc:993] Start master session fbf2a87b11466a17 with config: 
device_filters: "/job:ps"
device_filters: "/job:worker/task:7/cpu:0"

I tensorflow/core/distributed_runtime/master_session.cc:993] Start master session 0d8e0218d0149cfd with config: 
device_filters: "/job:ps"
device_filters: "/job:worker/task:7/cpu:0"

I tensorflow/core/distributed_runtime/master_session.cc:993] Start master session 28025f06924f5246 with config: 
device_filters: "/job:ps"
device_filters: "/job:worker/task:7/cpu:0"

I tensorflow/core/distributed_runtime/master_session.cc:993] Start master session 59faaf58709de407 with config: 
device_filters: "/job:ps"
device_filters: "/job:worker/task:7/cpu:0"

I tensorflow/core/distributed_runtime/master_session.cc:993] Start master session 70b4f52d0e4e3ef4 with config: 
device_filters: "/job:ps"
device_filters: "/job:worker/task:7/cpu:0"

I tensorflow/core/distributed_runtime/master_session.cc:993] Start master session fef3a6ca931e3b68 with config: 
device_filters: "/job:ps"
device_filters: "/job:worker/task:7/cpu:0"

I tensorflow/core/distributed_runtime/master_session.cc:993] Start master session f343af19939dd680 with config: 
device_filters: "/job:ps"
device_filters: "/job:worker/task:7/cpu:0"

I tensorflow/core/distributed_runtime/master_session.cc:993] Start master session a3777e419e60fba0 with config: 
device_filters: "/job:ps"
device_filters: "/job:worker/task:7/cpu:0"

I tensorflow/core/distributed_runtime/master_session.cc:993] Start master session d015705593cd7b5c with config: 
device_filters: "/job:ps"
device_filters: "/job:worker/task:7/cpu:0"

I tensorflow/core/distributed_runtime/master_session.cc:993] Start master session dc0a2332304e7679 with config: 
device_filters: "/job:ps"
device_filters: "/job:worker/task:7/cpu:0"

I tensorflow/core/distributed_runtime/master_session.cc:993] Start master session 63bd08647286f487 with config: 
device_filters: "/job:ps"
device_filters: "/job:worker/task:7/cpu:0"

I tensorflow/core/distributed_runtime/master_session.cc:993] Start master session 2642b800468f4bdf with config: 
device_filters: "/job:ps"
device_filters: "/job:worker/task:7/cpu:0"

I tensorflow/core/distributed_runtime/master_session.cc:993] Start master session 9b376470d61ecec8 with config: 
device_filters: "/job:ps"
device_filters: "/job:worker/task:7/cpu:0"

I tensorflow/core/distributed_runtime/master_session.cc:993] Start master session 5afe0fc6917bbc38 with config: 
device_filters: "/job:ps"
device_filters: "/job:worker/task:7/cpu:0"

I tensorflow/core/distributed_runtime/master_session.cc:993] Start master session b7fb1aee16218f1c with config: 
device_filters: "/job:ps"
device_filters: "/job:worker/task:7/cpu:0"

I tensorflow/core/distributed_runtime/master_session.cc:993] Start master session 3c933ffadb90b6f6 with config: 
device_filters: "/job:ps"
device_filters: "/job:worker/task:7/cpu:0"

I tensorflow/core/distributed_runtime/master_session.cc:993] Start master session 994db24181778157 with config: 
device_filters: "/job:ps"
device_filters: "/job:worker/task:7/cpu:0"

I tensorflow/core/distributed_runtime/master_session.cc:993] Start master session c98c1b20894419d3 with config: 
device_filters: "/job:ps"
device_filters: "/job:worker/task:7/cpu:0"

I tensorflow/core/distributed_runtime/master_session.cc:993] Start master session ddf0ac6492edfd9d with config: 
device_filters: "/job:ps"
device_filters: "/job:worker/task:7/cpu:0"

I tensorflow/core/distributed_runtime/master_session.cc:993] Start master session 495ae0d6df0ab65a with config: 
device_filters: "/job:ps"
device_filters: "/job:worker/task:7/cpu:0"

I tensorflow/core/distributed_runtime/master_session.cc:993] Start master session 2e7deb2273e143e4 with config: 
device_filters: "/job:ps"
device_filters: "/job:worker/task:7/cpu:0"

I tensorflow/core/distributed_runtime/master_session.cc:993] Start master session 7d21a8e42a5e12cd with config: 
device_filters: "/job:ps"
device_filters: "/job:worker/task:7/cpu:0"

I tensorflow/core/distributed_runtime/master_session.cc:993] Start master session 85e13d58e9e997b8 with config: 
device_filters: "/job:ps"
device_filters: "/job:worker/task:7/cpu:0"

I tensorflow/core/distributed_runtime/master_session.cc:993] Start master session a54cdc481931723f with config: 
device_filters: "/job:ps"
device_filters: "/job:worker/task:7/cpu:0"

I tensorflow/core/distributed_runtime/master_session.cc:993] Start master session 047968c7cfc2549b with config: 
device_filters: "/job:ps"
device_filters: "/job:worker/task:7/cpu:0"

I tensorflow/core/distributed_runtime/master_session.cc:993] Start master session ddcd38a7a31f9433 with config: 
device_filters: "/job:ps"
device_filters: "/job:worker/task:7/cpu:0"

I tensorflow/core/distributed_runtime/master_session.cc:993] Start master session 451e8d0b625ad3dd with config: 
device_filters: "/job:ps"
device_filters: "/job:worker/task:7/cpu:0"

I tensorflow/core/distributed_runtime/master_session.cc:993] Start master session 4eae3c7e24acef63 with config: 
device_filters: "/job:ps"
device_filters: "/job:worker/task:7/cpu:0"

I tensorflow/core/distributed_runtime/master_session.cc:993] Start master session ebe0e5df0fba158f with config: 
device_filters: "/job:ps"
device_filters: "/job:worker/task:7/cpu:0"

I tensorflow/core/distributed_runtime/master_session.cc:993] Start master session c9321950a5c43bf4 with config: 
device_filters: "/job:ps"
device_filters: "/job:worker/task:7/cpu:0"

I tensorflow/core/distributed_runtime/master_session.cc:993] Start master session cd088dd70da2e3ef with config: 
device_filters: "/job:ps"
device_filters: "/job:worker/task:7/cpu:0"

I tensorflow/core/distributed_runtime/master_session.cc:993] Start master session 0f6d0a65caeb5103 with config: 
device_filters: "/job:ps"
device_filters: "/job:worker/task:7/cpu:0"

I tensorflow/core/distributed_runtime/master_session.cc:993] Start master session d0e1e53bb623e7f4 with config: 
device_filters: "/job:ps"
device_filters: "/job:worker/task:7/cpu:0"

I tensorflow/core/distributed_runtime/master_session.cc:993] Start master session bef8c39d8658b3d1 with config: 
device_filters: "/job:ps"
device_filters: "/job:worker/task:7/cpu:0"

I tensorflow/core/distributed_runtime/master_session.cc:993] Start master session 7dbd6f13abcc3199 with config: 
device_filters: "/job:ps"
device_filters: "/job:worker/task:7/cpu:0"

I tensorflow/core/distributed_runtime/master_session.cc:993] Start master session 5a4e47829d89a3c0 with config: 
device_filters: "/job:ps"
device_filters: "/job:worker/task:7/cpu:0"

I tensorflow/core/distributed_runtime/master_session.cc:993] Start master session 167980a54b659ff3 with config: 
device_filters: "/job:ps"
device_filters: "/job:worker/task:7/cpu:0"

I tensorflow/core/distributed_runtime/master_session.cc:993] Start master session 3e5cb0327c35fce4 with config: 
device_filters: "/job:ps"
device_filters: "/job:worker/task:7/cpu:0"

I tensorflow/core/distributed_runtime/master_session.cc:993] Start master session 767ac40f84495579 with config: 
device_filters: "/job:ps"
device_filters: "/job:worker/task:7/cpu:0"

I tensorflow/core/distributed_runtime/master_session.cc:993] Start master session 768cde2074fc6b77 with config: 
device_filters: "/job:ps"
device_filters: "/job:worker/task:7/cpu:0"

I tensorflow/core/distributed_runtime/master_session.cc:993] Start master session d6056adf61b09b25 with config: 
device_filters: "/job:ps"
device_filters: "/job:worker/task:7/cpu:0"

I tensorflow/core/distributed_runtime/master_session.cc:993] Start master session 77d343667b02765a with config: 
device_filters: "/job:ps"
device_filters: "/job:worker/task:7/cpu:0"

I tensorflow/core/distributed_runtime/master_session.cc:993] Start master session 95e9c7751c17ef88 with config: 
device_filters: "/job:ps"
device_filters: "/job:worker/task:7/cpu:0"

I tensorflow/core/distributed_runtime/master_session.cc:993] Start master session 52b85493e029b60b with config: 
device_filters: "/job:ps"
device_filters: "/job:worker/task:7/cpu:0"

I tensorflow/core/distributed_runtime/master_session.cc:993] Start master session 03073e2c05b989d5 with config: 
device_filters: "/job:ps"
device_filters: "/job:worker/task:7/cpu:0"

I tensorflow/core/distributed_runtime/master_session.cc:993] Start master session cf716f4d1661e332 with config: 
device_filters: "/job:ps"
device_filters: "/job:worker/task:7/cpu:0"

I tensorflow/core/distributed_runtime/master_session.cc:993] Start master session d50c2c217ef94391 with config: 
device_filters: "/job:ps"
device_filters: "/job:worker/task:7/cpu:0"

I tensorflow/core/distributed_runtime/master_session.cc:993] Start master session 6e2c914f2e3b9ffc with config: 
device_filters: "/job:ps"
device_filters: "/job:worker/task:7/cpu:0"

I tensorflow/core/distributed_runtime/master_session.cc:993] Start master session b621f46c62237e5f with config: 
device_filters: "/job:ps"
device_filters: "/job:worker/task:7/cpu:0"

I tensorflow/core/distributed_runtime/master_session.cc:993] Start master session 8c339982261d5311 with config: 
device_filters: "/job:ps"
device_filters: "/job:worker/task:7/cpu:0"

I tensorflow/core/distributed_runtime/master_session.cc:993] Start master session ba630c27299601cd with config: 
device_filters: "/job:ps"
device_filters: "/job:worker/task:7/cpu:0"

I tensorflow/core/distributed_runtime/master_session.cc:993] Start master session f6bc8c785738d136 with config: 
device_filters: "/job:ps"
device_filters: "/job:worker/task:7/cpu:0"

I tensorflow/core/distributed_runtime/master_session.cc:993] Start master session 62c8d08555b51685 with config: 
device_filters: "/job:ps"
device_filters: "/job:worker/task:7/cpu:0"

I tensorflow/core/distributed_runtime/master_session.cc:993] Start master session 58b7a1ea43ebc801 with config: 
device_filters: "/job:ps"
device_filters: "/job:worker/task:7/cpu:0"

I tensorflow/core/distributed_runtime/master_session.cc:993] Start master session ab51f63ed29f5697 with config: 
device_filters: "/job:ps"
device_filters: "/job:worker/task:7/cpu:0"

I tensorflow/core/distributed_runtime/master_session.cc:993] Start master session b013cab4625c9971 with config: 
device_filters: "/job:ps"
device_filters: "/job:worker/task:7/cpu:0"

I tensorflow/core/distributed_runtime/master_session.cc:993] Start master session b10f8cf9e1f60704 with config: 
device_filters: "/job:ps"
device_filters: "/job:worker/task:7/cpu:0"

I tensorflow/core/distributed_runtime/master_session.cc:993] Start master session b0af1039fbd0b06d with config: 
device_filters: "/job:ps"
device_filters: "/job:worker/task:7/cpu:0"

I tensorflow/core/distributed_runtime/master_session.cc:993] Start master session 9f064348dd781750 with config: 
device_filters: "/job:ps"
device_filters: "/job:worker/task:7/cpu:0"

I tensorflow/core/distributed_runtime/master_session.cc:993] Start master session 8b9c83a5af305bd4 with config: 
device_filters: "/job:ps"
device_filters: "/job:worker/task:7/cpu:0"

I tensorflow/core/distributed_runtime/master_session.cc:993] Start master session 4a329a67924e0376 with config: 
device_filters: "/job:ps"
device_filters: "/job:worker/task:7/cpu:0"

I tensorflow/core/distributed_runtime/master_session.cc:993] Start master session 05be310ff2e147b9 with config: 
device_filters: "/job:ps"
device_filters: "/job:worker/task:7/cpu:0"

I tensorflow/core/distributed_runtime/master_session.cc:993] Start master session 316f2edea686a285 with config: 
device_filters: "/job:ps"
device_filters: "/job:worker/task:7/cpu:0"

I tensorflow/core/distributed_runtime/master_session.cc:993] Start master session 4c5d47eb7f570b61 with config: 
device_filters: "/job:ps"
device_filters: "/job:worker/task:7/cpu:0"

I tensorflow/core/distributed_runtime/master_session.cc:993] Start master session c9a4bc6bebb34603 with config: 
device_filters: "/job:ps"
device_filters: "/job:worker/task:7/cpu:0"

I tensorflow/core/distributed_runtime/master_session.cc:993] Start master session cabe086df6fa3026 with config: 
device_filters: "/job:ps"
device_filters: "/job:worker/task:7/cpu:0"

I tensorflow/core/distributed_runtime/master_session.cc:993] Start master session 264fbe9d4271c5ed with config: 
device_filters: "/job:ps"
device_filters: "/job:worker/task:7/cpu:0"

I tensorflow/core/distributed_runtime/master_session.cc:993] Start master session cd4fcf50132b3afd with config: 
device_filters: "/job:ps"
device_filters: "/job:worker/task:7/cpu:0"

I tensorflow/core/distributed_runtime/master_session.cc:993] Start master session 182aab7660162d0d with config: 
device_filters: "/job:ps"
device_filters: "/job:worker/task:7/cpu:0"

I tensorflow/core/distributed_runtime/master_session.cc:993] Start master session e97b80bbda51e98d with config: 
device_filters: "/job:ps"
device_filters: "/job:worker/task:7/cpu:0"

I tensorflow/core/distributed_runtime/master_session.cc:993] Start master session ffe98f2e7213e04d with config: 
device_filters: "/job:ps"
device_filters: "/job:worker/task:7/cpu:0"

I tensorflow/core/distributed_runtime/master_session.cc:993] Start master session 08f83eedb0b78e0d with config: 
device_filters: "/job:ps"
device_filters: "/job:worker/task:7/cpu:0"

I tensorflow/core/distributed_runtime/master_session.cc:993] Start master session 15676de3a00eb0df with config: 
device_filters: "/job:ps"
device_filters: "/job:worker/task:7/cpu:0"

I tensorflow/core/distributed_runtime/master_session.cc:993] Start master session 78b31bb8a5c3bdf4 with config: 
device_filters: "/job:ps"
device_filters: "/job:worker/task:7/cpu:0"

I tensorflow/core/distributed_runtime/master_session.cc:993] Start master session 9bcafcaf23046482 with config: 
device_filters: "/job:ps"
device_filters: "/job:worker/task:7/cpu:0"

I tensorflow/core/distributed_runtime/master_session.cc:993] Start master session f995552cc68df3a4 with config: 
device_filters: "/job:ps"
device_filters: "/job:worker/task:7/cpu:0"

I tensorflow/core/distributed_runtime/master_session.cc:993] Start master session cc0bd80237110932 with config: 
device_filters: "/job:ps"
device_filters: "/job:worker/task:7/cpu:0"

I tensorflow/core/distributed_runtime/master_session.cc:993] Start master session b12c9b42e1e040ad with config: 
device_filters: "/job:ps"
device_filters: "/job:worker/task:7/cpu:0"

I tensorflow/core/distributed_runtime/master_session.cc:993] Start master session 8bc717e09901eb44 with config: 
device_filters: "/job:ps"
device_filters: "/job:worker/task:7/cpu:0"

I tensorflow/core/distributed_runtime/master_session.cc:993] Start master session e94bcf5bd76def73 with config: 
device_filters: "/job:ps"
device_filters: "/job:worker/task:7/cpu:0"

I tensorflow/core/distributed_runtime/master_session.cc:993] Start master session 5c4e6560837a3ba6 with config: 
device_filters: "/job:ps"
device_filters: "/job:worker/task:7/cpu:0"

I tensorflow/core/distributed_runtime/master_session.cc:993] Start master session 652be7caae517f6d with config: 
device_filters: "/job:ps"
device_filters: "/job:worker/task:7/cpu:0"

I tensorflow/core/distributed_runtime/master_session.cc:993] Start master session b9b272bc99b94a9f with config: 
device_filters: "/job:ps"
device_filters: "/job:worker/task:7/cpu:0"

I tensorflow/core/distributed_runtime/master_session.cc:993] Start master session 75728ef3d81a99f2 with config: 
device_filters: "/job:ps"
device_filters: "/job:worker/task:7/cpu:0"

I tensorflow/core/distributed_runtime/master_session.cc:993] Start master session 1b4ffafa01a94149 with config: 
device_filters: "/job:ps"
device_filters: "/job:worker/task:7/cpu:0"

I tensorflow/core/distributed_runtime/master_session.cc:993] Start master session 717791711c187cd7 with config: 
device_filters: "/job:ps"
device_filters: "/job:worker/task:7/cpu:0"

I tensorflow/core/distributed_runtime/master_session.cc:993] Start master session 15ca64e0c32bc592 with config: 
device_filters: "/job:ps"
device_filters: "/job:worker/task:7/cpu:0"

I tensorflow/core/distributed_runtime/master_session.cc:993] Start master session 9ff2c0606344c40d with config: 
device_filters: "/job:ps"
device_filters: "/job:worker/task:7/cpu:0"

I tensorflow/core/distributed_runtime/master_session.cc:993] Start master session f141a5f7fe3417c5 with config: 
device_filters: "/job:ps"
device_filters: "/job:worker/task:7/cpu:0"

I tensorflow/core/distributed_runtime/master_session.cc:993] Start master session 80f5b4bf1ddfc543 with config: 
device_filters: "/job:ps"
device_filters: "/job:worker/task:7/cpu:0"

I tensorflow/core/distributed_runtime/master_session.cc:993] Start master session d7cd2673693c4b9e with config: 
device_filters: "/job:ps"
device_filters: "/job:worker/task:7/cpu:0"

I tensorflow/core/distributed_runtime/master_session.cc:993] Start master session e0d279462d908a40 with config: 
device_filters: "/job:ps"
device_filters: "/job:worker/task:7/cpu:0"

I tensorflow/core/distributed_runtime/master_session.cc:993] Start master session 0e5e2589c88c7e94 with config: 
device_filters: "/job:ps"
device_filters: "/job:worker/task:7/cpu:0"

I tensorflow/core/distributed_runtime/master_session.cc:993] Start master session 280e9cfeb93fa394 with config: 
device_filters: "/job:ps"
device_filters: "/job:worker/task:7/cpu:0"

I tensorflow/core/distributed_runtime/master_session.cc:993] Start master session b35b31434b2208f3 with config: 
device_filters: "/job:ps"
device_filters: "/job:worker/task:7/cpu:0"

I tensorflow/core/distributed_runtime/master_session.cc:993] Start master session e183c2e7be36f9e4 with config: 
device_filters: "/job:ps"
device_filters: "/job:worker/task:7/cpu:0"

I tensorflow/core/distributed_runtime/master_session.cc:993] Start master session f14caa336eccbc86 with config: 
device_filters: "/job:ps"
device_filters: "/job:worker/task:7/cpu:0"

I tensorflow/core/distributed_runtime/master_session.cc:993] Start master session c74fbf5252691efe with config: 
device_filters: "/job:ps"
device_filters: "/job:worker/task:7/cpu:0"

I tensorflow/core/distributed_runtime/master_session.cc:993] Start master session 6a8c7581a160fe82 with config: 
device_filters: "/job:ps"
device_filters: "/job:worker/task:7/cpu:0"

I tensorflow/core/distributed_runtime/master_session.cc:993] Start master session 6369237c7d5bf86b with config: 
device_filters: "/job:ps"
device_filters: "/job:worker/task:7/cpu:0"

I tensorflow/core/distributed_runtime/master_session.cc:993] Start master session 1225750c462f4016 with config: 
device_filters: "/job:ps"
device_filters: "/job:worker/task:7/cpu:0"

I tensorflow/core/distributed_runtime/master_session.cc:993] Start master session 85d050c641ef0796 with config: 
device_filters: "/job:ps"
device_filters: "/job:worker/task:7/cpu:0"

I tensorflow/core/distributed_runtime/master_session.cc:993] Start master session 176df3952258adc9 with config: 
device_filters: "/job:ps"
device_filters: "/job:worker/task:7/cpu:0"

I tensorflow/core/distributed_runtime/master_session.cc:993] Start master session 5a9e66aacaa39e41 with config: 
device_filters: "/job:ps"
device_filters: "/job:worker/task:7/cpu:0"

I tensorflow/core/distributed_runtime/master_session.cc:993] Start master session a191236552fcc99f with config: 
device_filters: "/job:ps"
device_filters: "/job:worker/task:7/cpu:0"

I tensorflow/core/distributed_runtime/master_session.cc:993] Start master session 14c42cfe31bd952c with config: 
device_filters: "/job:ps"
device_filters: "/job:worker/task:7/cpu:0"

I tensorflow/core/distributed_runtime/master_session.cc:993] Start master session 2ab04ac0fa2027f9 with config: 
device_filters: "/job:ps"
device_filters: "/job:worker/task:7/cpu:0"

I tensorflow/core/distributed_runtime/master_session.cc:993] Start master session f52e335574343c72 with config: 
device_filters: "/job:ps"
device_filters: "/job:worker/task:7/cpu:0"

I tensorflow/core/distributed_runtime/master_session.cc:993] Start master session 54f664f43e26ebcc with config: 
device_filters: "/job:ps"
device_filters: "/job:worker/task:7/cpu:0"

I tensorflow/core/distributed_runtime/master_session.cc:993] Start master session 53e76c3281811ec4 with config: 
device_filters: "/job:ps"
device_filters: "/job:worker/task:7/cpu:0"

I tensorflow/core/distributed_runtime/master_session.cc:993] Start master session 8b6105df7f9c93d5 with config: 
device_filters: "/job:ps"
device_filters: "/job:worker/task:7/cpu:0"

I tensorflow/core/distributed_runtime/master_session.cc:993] Start master session 974a6057510660f1 with config: 
device_filters: "/job:ps"
device_filters: "/job:worker/task:7/cpu:0"

I tensorflow/core/distributed_runtime/master_session.cc:993] Start master session dc6a81e2432898bf with config: 
device_filters: "/job:ps"
device_filters: "/job:worker/task:7/cpu:0"

I tensorflow/core/distributed_runtime/master_session.cc:993] Start master session df696b5ca53f9d03 with config: 
device_filters: "/job:ps"
device_filters: "/job:worker/task:7/cpu:0"

I tensorflow/core/distributed_runtime/master_session.cc:993] Start master session 6615f813cbd90682 with config: 
device_filters: "/job:ps"
device_filters: "/job:worker/task:7/cpu:0"

I tensorflow/core/distributed_runtime/master_session.cc:993] Start master session 88f1decf7fd208fc with config: 
device_filters: "/job:ps"
device_filters: "/job:worker/task:7/cpu:0"

I tensorflow/core/distributed_runtime/master_session.cc:993] Start master session e96d99a9299a45c0 with config: 
device_filters: "/job:ps"
device_filters: "/job:worker/task:7/cpu:0"

I tensorflow/core/distributed_runtime/master_session.cc:993] Start master session 04e84a4f4302ba1a with config: 
device_filters: "/job:ps"
device_filters: "/job:worker/task:7/cpu:0"

I tensorflow/core/distributed_runtime/master_session.cc:993] Start master session ebabda6be78a0fa4 with config: 
device_filters: "/job:ps"
device_filters: "/job:worker/task:7/cpu:0"

I tensorflow/core/distributed_runtime/master_session.cc:993] Start master session 890022d7075522a3 with config: 
device_filters: "/job:ps"
device_filters: "/job:worker/task:7/cpu:0"

I tensorflow/core/distributed_runtime/master_session.cc:993] Start master session 085b32debd253d6e with config: 
device_filters: "/job:ps"
device_filters: "/job:worker/task:7/cpu:0"

I tensorflow/core/distributed_runtime/master_session.cc:993] Start master session 02f36173d9b42a0b with config: 
device_filters: "/job:ps"
device_filters: "/job:worker/task:7/cpu:0"

I tensorflow/core/distributed_runtime/master_session.cc:993] Start master session 38ad38dc5c359e59 with config: 
device_filters: "/job:ps"
device_filters: "/job:worker/task:7/cpu:0"

I tensorflow/core/distributed_runtime/master_session.cc:993] Start master session 6b70b578de6f04b7 with config: 
device_filters: "/job:ps"
device_filters: "/job:worker/task:7/cpu:0"

I tensorflow/core/distributed_runtime/master_session.cc:993] Start master session 587cb2d93400a5fb with config: 
device_filters: "/job:ps"
device_filters: "/job:worker/task:7/cpu:0"

I tensorflow/core/distributed_runtime/master_session.cc:993] Start master session 6aaedef32fc535b8 with config: 
device_filters: "/job:ps"
device_filters: "/job:worker/task:7/cpu:0"

I tensorflow/core/distributed_runtime/master_session.cc:993] Start master session 6e0c7a006e5fb8b3 with config: 
device_filters: "/job:ps"
device_filters: "/job:worker/task:7/cpu:0"

I tensorflow/core/distributed_runtime/master_session.cc:993] Start master session 70afeaf5ddfe7453 with config: 
device_filters: "/job:ps"
device_filters: "/job:worker/task:7/cpu:0"

I tensorflow/core/distributed_runtime/master_session.cc:993] Start master session 5f907eeadd0bdfde with config: 
device_filters: "/job:ps"
device_filters: "/job:worker/task:7/cpu:0"

I tensorflow/core/distributed_runtime/master_session.cc:993] Start master session 8cf449a01791f686 with config: 
device_filters: "/job:ps"
device_filters: "/job:worker/task:7/cpu:0"

Using universe head design
Using universe head design
Using universe head design
Using universe head design
Using universe head design
Using universe head design
Optimizer: ADAM with lr: 0.000100
Input observation shape:  (42, 42, 4)
Traceback (most recent call last):
  File "worker.py", line 188, in <module>
    tf.app.run()
  File "/home/verma_rohil/noreward-rl/curiosity/local/lib/python2.7/site-packages/tensorflow/python/platform/app.py", line 43, in run
    sys.exit(main(sys.argv[:1] + flags_passthrough))
  File "worker.py", line 180, in main
    run(args, server)
  File "worker.py", line 95, in run
    with sv.managed_session(server.target, config=config) as sess, sess.as_default():
  File "/usr/lib/python2.7/contextlib.py", line 17, in __enter__
    return self.gen.next()
  File "/home/verma_rohil/noreward-rl/curiosity/local/lib/python2.7/site-packages/tensorflow/python/training/supervisor.py", line 974, in managed_session
    self.stop(close_summary_writer=close_summary_writer)
  File "/home/verma_rohil/noreward-rl/curiosity/local/lib/python2.7/site-packages/tensorflow/python/training/supervisor.py", line 802, in stop
    stop_grace_period_secs=self._stop_grace_secs)
  File "/home/verma_rohil/noreward-rl/curiosity/local/lib/python2.7/site-packages/tensorflow/python/training/coordinator.py", line 386, in join
    six.reraise(*self._exc_info_to_raise)
  File "/home/verma_rohil/noreward-rl/curiosity/local/lib/python2.7/site-packages/tensorflow/python/training/supervisor.py", line 963, in managed_session
    start_standard_services=start_standard_services)
  File "/home/verma_rohil/noreward-rl/curiosity/local/lib/python2.7/site-packages/tensorflow/python/training/supervisor.py", line 727, in prepare_or_wait_for_session
    max_wait_secs=max_wait_secs)
  File "/home/verma_rohil/noreward-rl/curiosity/local/lib/python2.7/site-packages/tensorflow/python/training/session_manager.py", line 361, in wait_for_session
    "Session was not ready after waiting %d secs." % (max_wait_secs,))
tensorflow.python.framework.errors_impl.DeadlineExceededError: Session was not ready after waiting 7200 secs.
