[2018-05-01 20:39:25,711] Writing logs to file: /tmp/universe-22529.log
I tensorflow/core/distributed_runtime/rpc/grpc_channel.cc:197] Initialize GrpcChannelCache for job ps -> {0 -> 127.0.0.1:12222}
I tensorflow/core/distributed_runtime/rpc/grpc_channel.cc:197] Initialize GrpcChannelCache for job worker -> {0 -> 127.0.0.1:12223, 1 -> 127.0.0.1:12224, 2 -> 127.0.0.1:12225, 3 -> 127.0.0.1:12226, 4 -> 127.0.0.1:12227, 5 -> 127.0.0.1:12228, 6 -> 127.0.0.1:12229, 7 -> 127.0.0.1:12230, 8 -> 127.0.0.1:12231, 9 -> localhost:12232, 10 -> 127.0.0.1:12233, 11 -> 127.0.0.1:12234, 12 -> 127.0.0.1:12235, 13 -> 127.0.0.1:12236, 14 -> 127.0.0.1:12237, 15 -> 127.0.0.1:12238, 16 -> 127.0.0.1:12239, 17 -> 127.0.0.1:12240, 18 -> 127.0.0.1:12241, 19 -> 127.0.0.1:12242}
I tensorflow/core/distributed_runtime/rpc/grpc_server_lib.cc:211] Started server with target: grpc://localhost:12232
[2018-05-01 20:40:55,823] Making new env: ppaquette/DoomMyWayHome-v0
[2018-05-01 20:40:59,645] Trainable vars:
[2018-05-01 20:40:59,646]   global/l1/W:0 (3, 3, 4, 32)
[2018-05-01 20:40:59,646]   global/l1/b:0 (1, 1, 1, 32)
[2018-05-01 20:40:59,646]   global/l2/W:0 (3, 3, 32, 32)
[2018-05-01 20:40:59,646]   global/l2/b:0 (1, 1, 1, 32)
[2018-05-01 20:40:59,646]   global/l3/W:0 (3, 3, 32, 32)
[2018-05-01 20:40:59,647]   global/l3/b:0 (1, 1, 1, 32)
[2018-05-01 20:40:59,647]   global/l4/W:0 (3, 3, 32, 32)
[2018-05-01 20:40:59,647]   global/l4/b:0 (1, 1, 1, 32)
[2018-05-01 20:40:59,647]   global/RNN/BasicLSTMCell/Linear/Matrix:0 (544, 1024)
[2018-05-01 20:40:59,647]   global/RNN/BasicLSTMCell/Linear/Bias:0 (1024,)
[2018-05-01 20:40:59,647]   global/value/w:0 (256, 1)
[2018-05-01 20:40:59,647]   global/value/b:0 (1,)
[2018-05-01 20:40:59,647]   global/action/w:0 (256, 4)
[2018-05-01 20:40:59,647]   global/action/b:0 (4,)
[2018-05-01 20:40:59,648]   global/predictor/l1/W:0 (3, 3, 4, 32)
[2018-05-01 20:40:59,648]   global/predictor/l1/b:0 (1, 1, 1, 32)
[2018-05-01 20:40:59,648]   global/predictor/l2/W:0 (3, 3, 32, 32)
[2018-05-01 20:40:59,648]   global/predictor/l2/b:0 (1, 1, 1, 32)
[2018-05-01 20:40:59,648]   global/predictor/l3/W:0 (3, 3, 32, 32)
[2018-05-01 20:40:59,648]   global/predictor/l3/b:0 (1, 1, 1, 32)
[2018-05-01 20:40:59,648]   global/predictor/l4/W:0 (3, 3, 32, 32)
[2018-05-01 20:40:59,649]   global/predictor/l4/b:0 (1, 1, 1, 32)
[2018-05-01 20:40:59,649]   global/predictor/g1/w:0 (576, 256)
[2018-05-01 20:40:59,649]   global/predictor/g1/b:0 (256,)
[2018-05-01 20:40:59,649]   global/predictor/glast/w:0 (256, 4)
[2018-05-01 20:40:59,649]   global/predictor/glast/b:0 (4,)
[2018-05-01 20:40:59,649]   global/predictor/f1/w:0 (292, 256)
[2018-05-01 20:40:59,649]   global/predictor/f1/b:0 (256,)
[2018-05-01 20:40:59,650]   global/predictor/flast/w:0 (256, 288)
[2018-05-01 20:40:59,650]   global/predictor/flast/b:0 (288,)
[2018-05-01 20:40:59,650]   local/l1/W:0 (3, 3, 4, 32)
[2018-05-01 20:40:59,650]   local/l1/b:0 (1, 1, 1, 32)
[2018-05-01 20:40:59,650]   local/l2/W:0 (3, 3, 32, 32)
[2018-05-01 20:40:59,650]   local/l2/b:0 (1, 1, 1, 32)
[2018-05-01 20:40:59,650]   local/l3/W:0 (3, 3, 32, 32)
[2018-05-01 20:40:59,650]   local/l3/b:0 (1, 1, 1, 32)
[2018-05-01 20:40:59,651]   local/l4/W:0 (3, 3, 32, 32)
[2018-05-01 20:40:59,651]   local/l4/b:0 (1, 1, 1, 32)
[2018-05-01 20:40:59,651]   local/RNN/BasicLSTMCell/Linear/Matrix:0 (544, 1024)
[2018-05-01 20:40:59,651]   local/RNN/BasicLSTMCell/Linear/Bias:0 (1024,)
[2018-05-01 20:40:59,651]   local/value/w:0 (256, 1)
[2018-05-01 20:40:59,651]   local/value/b:0 (1,)
[2018-05-01 20:40:59,652]   local/action/w:0 (256, 4)
[2018-05-01 20:40:59,652]   local/action/b:0 (4,)
[2018-05-01 20:40:59,652]   local/predictor/l1/W:0 (3, 3, 4, 32)
[2018-05-01 20:40:59,652]   local/predictor/l1/b:0 (1, 1, 1, 32)
[2018-05-01 20:40:59,652]   local/predictor/l2/W:0 (3, 3, 32, 32)
[2018-05-01 20:40:59,652]   local/predictor/l2/b:0 (1, 1, 1, 32)
[2018-05-01 20:40:59,652]   local/predictor/l3/W:0 (3, 3, 32, 32)
[2018-05-01 20:40:59,652]   local/predictor/l3/b:0 (1, 1, 1, 32)
[2018-05-01 20:40:59,653]   local/predictor/l4/W:0 (3, 3, 32, 32)
[2018-05-01 20:40:59,653]   local/predictor/l4/b:0 (1, 1, 1, 32)
[2018-05-01 20:40:59,653]   local/predictor/g1/w:0 (576, 256)
[2018-05-01 20:40:59,653]   local/predictor/g1/b:0 (256,)
[2018-05-01 20:40:59,653]   local/predictor/glast/w:0 (256, 4)
[2018-05-01 20:40:59,653]   local/predictor/glast/b:0 (4,)
[2018-05-01 20:40:59,653]   local/predictor/f1/w:0 (292, 256)
[2018-05-01 20:40:59,653]   local/predictor/f1/b:0 (256,)
[2018-05-01 20:40:59,653]   local/predictor/flast/w:0 (256, 288)
[2018-05-01 20:40:59,654]   local/predictor/flast/b:0 (288,)
[2018-05-01 20:40:59,654] Events directory: tmp/doom/train_9
[2018-05-01 20:41:01,722] Starting session. If this hangs, we're mostly likely waiting to connect to the parameter server. One common cause is that the parameter server DNS name isn't resolving yet, or is misspecified.
I tensorflow/core/distributed_runtime/master_session.cc:993] Start master session 3e75ce256170071e with config: 
device_filters: "/job:ps"
device_filters: "/job:worker/task:9/cpu:0"

I tensorflow/core/distributed_runtime/master_session.cc:993] Start master session aa7dea6c4acfa36b with config: 
device_filters: "/job:ps"
device_filters: "/job:worker/task:9/cpu:0"

I tensorflow/core/distributed_runtime/master_session.cc:993] Start master session 9a42526582ea7518 with config: 
device_filters: "/job:ps"
device_filters: "/job:worker/task:9/cpu:0"

I tensorflow/core/distributed_runtime/master_session.cc:993] Start master session 6af02c58771267d8 with config: 
device_filters: "/job:ps"
device_filters: "/job:worker/task:9/cpu:0"

I tensorflow/core/distributed_runtime/master_session.cc:993] Start master session 420bab68dd39d4c2 with config: 
device_filters: "/job:ps"
device_filters: "/job:worker/task:9/cpu:0"

I tensorflow/core/distributed_runtime/master_session.cc:993] Start master session 3d1405e5b9b2b5dd with config: 
device_filters: "/job:ps"
device_filters: "/job:worker/task:9/cpu:0"

I tensorflow/core/distributed_runtime/master_session.cc:993] Start master session 4779adf2de9a54d8 with config: 
device_filters: "/job:ps"
device_filters: "/job:worker/task:9/cpu:0"

I tensorflow/core/distributed_runtime/master_session.cc:993] Start master session aaa88a2042ea95b8 with config: 
device_filters: "/job:ps"
device_filters: "/job:worker/task:9/cpu:0"

I tensorflow/core/distributed_runtime/master_session.cc:993] Start master session 69fc680e49249aec with config: 
device_filters: "/job:ps"
device_filters: "/job:worker/task:9/cpu:0"

I tensorflow/core/distributed_runtime/master_session.cc:993] Start master session ef55049f96f8778d with config: 
device_filters: "/job:ps"
device_filters: "/job:worker/task:9/cpu:0"

I tensorflow/core/distributed_runtime/master_session.cc:993] Start master session 7c74719077d8b0e3 with config: 
device_filters: "/job:ps"
device_filters: "/job:worker/task:9/cpu:0"

I tensorflow/core/distributed_runtime/master_session.cc:993] Start master session 5958d0d64bb52f10 with config: 
device_filters: "/job:ps"
device_filters: "/job:worker/task:9/cpu:0"

I tensorflow/core/distributed_runtime/master_session.cc:993] Start master session d699ac080950f101 with config: 
device_filters: "/job:ps"
device_filters: "/job:worker/task:9/cpu:0"

I tensorflow/core/distributed_runtime/master_session.cc:993] Start master session 8e7536a6b361a140 with config: 
device_filters: "/job:ps"
device_filters: "/job:worker/task:9/cpu:0"

I tensorflow/core/distributed_runtime/master_session.cc:993] Start master session 2302786aa91d2fb0 with config: 
device_filters: "/job:ps"
device_filters: "/job:worker/task:9/cpu:0"

I tensorflow/core/distributed_runtime/master_session.cc:993] Start master session 1a8f2331ebc87b34 with config: 
device_filters: "/job:ps"
device_filters: "/job:worker/task:9/cpu:0"

I tensorflow/core/distributed_runtime/master_session.cc:993] Start master session 7fba824151ada2bc with config: 
device_filters: "/job:ps"
device_filters: "/job:worker/task:9/cpu:0"

I tensorflow/core/distributed_runtime/master_session.cc:993] Start master session d0d4dd1220ad8716 with config: 
device_filters: "/job:ps"
device_filters: "/job:worker/task:9/cpu:0"

I tensorflow/core/distributed_runtime/master_session.cc:993] Start master session 2191722c30e0a4de with config: 
device_filters: "/job:ps"
device_filters: "/job:worker/task:9/cpu:0"

I tensorflow/core/distributed_runtime/master_session.cc:993] Start master session 1024d9a12ebf433b with config: 
device_filters: "/job:ps"
device_filters: "/job:worker/task:9/cpu:0"

I tensorflow/core/distributed_runtime/master_session.cc:993] Start master session ce4774ed0a248e44 with config: 
device_filters: "/job:ps"
device_filters: "/job:worker/task:9/cpu:0"

I tensorflow/core/distributed_runtime/master_session.cc:993] Start master session 6552b5fd333796b1 with config: 
device_filters: "/job:ps"
device_filters: "/job:worker/task:9/cpu:0"

I tensorflow/core/distributed_runtime/master_session.cc:993] Start master session 7076c53e2563b76b with config: 
device_filters: "/job:ps"
device_filters: "/job:worker/task:9/cpu:0"

I tensorflow/core/distributed_runtime/master_session.cc:993] Start master session 0e97b5a51486fbbc with config: 
device_filters: "/job:ps"
device_filters: "/job:worker/task:9/cpu:0"

I tensorflow/core/distributed_runtime/master_session.cc:993] Start master session 469ec46a5a124d56 with config: 
device_filters: "/job:ps"
device_filters: "/job:worker/task:9/cpu:0"

I tensorflow/core/distributed_runtime/master_session.cc:993] Start master session 75ebaba0c882bfbb with config: 
device_filters: "/job:ps"
device_filters: "/job:worker/task:9/cpu:0"

I tensorflow/core/distributed_runtime/master_session.cc:993] Start master session 2e59c143a38de80b with config: 
device_filters: "/job:ps"
device_filters: "/job:worker/task:9/cpu:0"

I tensorflow/core/distributed_runtime/master_session.cc:993] Start master session 7f771fb9e669b79c with config: 
device_filters: "/job:ps"
device_filters: "/job:worker/task:9/cpu:0"

I tensorflow/core/distributed_runtime/master_session.cc:993] Start master session fd0e5c9bb46cbb7a with config: 
device_filters: "/job:ps"
device_filters: "/job:worker/task:9/cpu:0"

I tensorflow/core/distributed_runtime/master_session.cc:993] Start master session c8da10663ae7bab4 with config: 
device_filters: "/job:ps"
device_filters: "/job:worker/task:9/cpu:0"

I tensorflow/core/distributed_runtime/master_session.cc:993] Start master session c7e70659fa44dde3 with config: 
device_filters: "/job:ps"
device_filters: "/job:worker/task:9/cpu:0"

I tensorflow/core/distributed_runtime/master_session.cc:993] Start master session 806989d68006bccc with config: 
device_filters: "/job:ps"
device_filters: "/job:worker/task:9/cpu:0"

I tensorflow/core/distributed_runtime/master_session.cc:993] Start master session 7648a29b6e2be3bc with config: 
device_filters: "/job:ps"
device_filters: "/job:worker/task:9/cpu:0"

I tensorflow/core/distributed_runtime/master_session.cc:993] Start master session 92cdebcfc8d6cfd3 with config: 
device_filters: "/job:ps"
device_filters: "/job:worker/task:9/cpu:0"

I tensorflow/core/distributed_runtime/master_session.cc:993] Start master session 8a464c98e760d715 with config: 
device_filters: "/job:ps"
device_filters: "/job:worker/task:9/cpu:0"

I tensorflow/core/distributed_runtime/master_session.cc:993] Start master session 518442019fa091a9 with config: 
device_filters: "/job:ps"
device_filters: "/job:worker/task:9/cpu:0"

I tensorflow/core/distributed_runtime/master_session.cc:993] Start master session 5e306d5d0025621d with config: 
device_filters: "/job:ps"
device_filters: "/job:worker/task:9/cpu:0"

I tensorflow/core/distributed_runtime/master_session.cc:993] Start master session 3aeb9e28ba0e3060 with config: 
device_filters: "/job:ps"
device_filters: "/job:worker/task:9/cpu:0"

I tensorflow/core/distributed_runtime/master_session.cc:993] Start master session 2a93bdcda5447af9 with config: 
device_filters: "/job:ps"
device_filters: "/job:worker/task:9/cpu:0"

I tensorflow/core/distributed_runtime/master_session.cc:993] Start master session ce9607fb005a81a7 with config: 
device_filters: "/job:ps"
device_filters: "/job:worker/task:9/cpu:0"

I tensorflow/core/distributed_runtime/master_session.cc:993] Start master session 74300d2c6041a2f2 with config: 
device_filters: "/job:ps"
device_filters: "/job:worker/task:9/cpu:0"

I tensorflow/core/distributed_runtime/master_session.cc:993] Start master session a25b3de531070bcb with config: 
device_filters: "/job:ps"
device_filters: "/job:worker/task:9/cpu:0"

I tensorflow/core/distributed_runtime/master_session.cc:993] Start master session 99870254bf531e54 with config: 
device_filters: "/job:ps"
device_filters: "/job:worker/task:9/cpu:0"

I tensorflow/core/distributed_runtime/master_session.cc:993] Start master session 4edfefa7117a7e60 with config: 
device_filters: "/job:ps"
device_filters: "/job:worker/task:9/cpu:0"

I tensorflow/core/distributed_runtime/master_session.cc:993] Start master session 1e478e497c787359 with config: 
device_filters: "/job:ps"
device_filters: "/job:worker/task:9/cpu:0"

I tensorflow/core/distributed_runtime/master_session.cc:993] Start master session 5f912e7ec98ca803 with config: 
device_filters: "/job:ps"
device_filters: "/job:worker/task:9/cpu:0"

I tensorflow/core/distributed_runtime/master_session.cc:993] Start master session 912ee92e1953356b with config: 
device_filters: "/job:ps"
device_filters: "/job:worker/task:9/cpu:0"

I tensorflow/core/distributed_runtime/master_session.cc:993] Start master session 3b1705eb78981b7c with config: 
device_filters: "/job:ps"
device_filters: "/job:worker/task:9/cpu:0"

I tensorflow/core/distributed_runtime/master_session.cc:993] Start master session e40fcf9fd34e481b with config: 
device_filters: "/job:ps"
device_filters: "/job:worker/task:9/cpu:0"

I tensorflow/core/distributed_runtime/master_session.cc:993] Start master session 55c048a390e14114 with config: 
device_filters: "/job:ps"
device_filters: "/job:worker/task:9/cpu:0"

I tensorflow/core/distributed_runtime/master_session.cc:993] Start master session 7e019400df8b6502 with config: 
device_filters: "/job:ps"
device_filters: "/job:worker/task:9/cpu:0"

I tensorflow/core/distributed_runtime/master_session.cc:993] Start master session 3b5c5b4c2a9949a9 with config: 
device_filters: "/job:ps"
device_filters: "/job:worker/task:9/cpu:0"

I tensorflow/core/distributed_runtime/master_session.cc:993] Start master session aa10ec6c642905cc with config: 
device_filters: "/job:ps"
device_filters: "/job:worker/task:9/cpu:0"

I tensorflow/core/distributed_runtime/master_session.cc:993] Start master session 363c13a830b63c80 with config: 
device_filters: "/job:ps"
device_filters: "/job:worker/task:9/cpu:0"

I tensorflow/core/distributed_runtime/master_session.cc:993] Start master session b9da1ab33a70fc20 with config: 
device_filters: "/job:ps"
device_filters: "/job:worker/task:9/cpu:0"

I tensorflow/core/distributed_runtime/master_session.cc:993] Start master session 2998e00581493a1f with config: 
device_filters: "/job:ps"
device_filters: "/job:worker/task:9/cpu:0"

I tensorflow/core/distributed_runtime/master_session.cc:993] Start master session 25034fe28994b056 with config: 
device_filters: "/job:ps"
device_filters: "/job:worker/task:9/cpu:0"

I tensorflow/core/distributed_runtime/master_session.cc:993] Start master session 502f5f1117e87828 with config: 
device_filters: "/job:ps"
device_filters: "/job:worker/task:9/cpu:0"

I tensorflow/core/distributed_runtime/master_session.cc:993] Start master session 5b1488e53a448a82 with config: 
device_filters: "/job:ps"
device_filters: "/job:worker/task:9/cpu:0"

I tensorflow/core/distributed_runtime/master_session.cc:993] Start master session 6d04e1f1ef52565b with config: 
device_filters: "/job:ps"
device_filters: "/job:worker/task:9/cpu:0"

I tensorflow/core/distributed_runtime/master_session.cc:993] Start master session 2386ef1f0c71d8cc with config: 
device_filters: "/job:ps"
device_filters: "/job:worker/task:9/cpu:0"

I tensorflow/core/distributed_runtime/master_session.cc:993] Start master session 443791e410cf093a with config: 
device_filters: "/job:ps"
device_filters: "/job:worker/task:9/cpu:0"

I tensorflow/core/distributed_runtime/master_session.cc:993] Start master session 2860ce59aa434bdb with config: 
device_filters: "/job:ps"
device_filters: "/job:worker/task:9/cpu:0"

I tensorflow/core/distributed_runtime/master_session.cc:993] Start master session 830a51d1fd8d899a with config: 
device_filters: "/job:ps"
device_filters: "/job:worker/task:9/cpu:0"

I tensorflow/core/distributed_runtime/master_session.cc:993] Start master session 001bb3c14a5b3eaf with config: 
device_filters: "/job:ps"
device_filters: "/job:worker/task:9/cpu:0"

I tensorflow/core/distributed_runtime/master_session.cc:993] Start master session e9f8f93ee3ab2ca9 with config: 
device_filters: "/job:ps"
device_filters: "/job:worker/task:9/cpu:0"

I tensorflow/core/distributed_runtime/master_session.cc:993] Start master session a622bb1780195ff2 with config: 
device_filters: "/job:ps"
device_filters: "/job:worker/task:9/cpu:0"

I tensorflow/core/distributed_runtime/master_session.cc:993] Start master session 1535ccf141f6997a with config: 
device_filters: "/job:ps"
device_filters: "/job:worker/task:9/cpu:0"

I tensorflow/core/distributed_runtime/master_session.cc:993] Start master session 5b876a2435fd4715 with config: 
device_filters: "/job:ps"
device_filters: "/job:worker/task:9/cpu:0"

I tensorflow/core/distributed_runtime/master_session.cc:993] Start master session 3493839ac0e08179 with config: 
device_filters: "/job:ps"
device_filters: "/job:worker/task:9/cpu:0"

I tensorflow/core/distributed_runtime/master_session.cc:993] Start master session 62065c05c3452865 with config: 
device_filters: "/job:ps"
device_filters: "/job:worker/task:9/cpu:0"

I tensorflow/core/distributed_runtime/master_session.cc:993] Start master session 3299082e63b622e0 with config: 
device_filters: "/job:ps"
device_filters: "/job:worker/task:9/cpu:0"

I tensorflow/core/distributed_runtime/master_session.cc:993] Start master session c52b28cc55d17647 with config: 
device_filters: "/job:ps"
device_filters: "/job:worker/task:9/cpu:0"

I tensorflow/core/distributed_runtime/master_session.cc:993] Start master session e5421e1587e6a1e2 with config: 
device_filters: "/job:ps"
device_filters: "/job:worker/task:9/cpu:0"

I tensorflow/core/distributed_runtime/master_session.cc:993] Start master session f21df3a075731625 with config: 
device_filters: "/job:ps"
device_filters: "/job:worker/task:9/cpu:0"

I tensorflow/core/distributed_runtime/master_session.cc:993] Start master session 25808d956bba8bfd with config: 
device_filters: "/job:ps"
device_filters: "/job:worker/task:9/cpu:0"

I tensorflow/core/distributed_runtime/master_session.cc:993] Start master session 510d3614c14b4ec3 with config: 
device_filters: "/job:ps"
device_filters: "/job:worker/task:9/cpu:0"

I tensorflow/core/distributed_runtime/master_session.cc:993] Start master session 86eeb4b10832ea79 with config: 
device_filters: "/job:ps"
device_filters: "/job:worker/task:9/cpu:0"

I tensorflow/core/distributed_runtime/master_session.cc:993] Start master session 8a23df8f7a401043 with config: 
device_filters: "/job:ps"
device_filters: "/job:worker/task:9/cpu:0"

I tensorflow/core/distributed_runtime/master_session.cc:993] Start master session d3a6567de7a54230 with config: 
device_filters: "/job:ps"
device_filters: "/job:worker/task:9/cpu:0"

I tensorflow/core/distributed_runtime/master_session.cc:993] Start master session 40e5f57a3e913149 with config: 
device_filters: "/job:ps"
device_filters: "/job:worker/task:9/cpu:0"

I tensorflow/core/distributed_runtime/master_session.cc:993] Start master session 8ef005e0f1e61aa0 with config: 
device_filters: "/job:ps"
device_filters: "/job:worker/task:9/cpu:0"

I tensorflow/core/distributed_runtime/master_session.cc:993] Start master session 6333f4085048e112 with config: 
device_filters: "/job:ps"
device_filters: "/job:worker/task:9/cpu:0"

I tensorflow/core/distributed_runtime/master_session.cc:993] Start master session 7011199ef5687e16 with config: 
device_filters: "/job:ps"
device_filters: "/job:worker/task:9/cpu:0"

I tensorflow/core/distributed_runtime/master_session.cc:993] Start master session 2181d1d955ed203c with config: 
device_filters: "/job:ps"
device_filters: "/job:worker/task:9/cpu:0"

I tensorflow/core/distributed_runtime/master_session.cc:993] Start master session 14a38b9ea561ceff with config: 
device_filters: "/job:ps"
device_filters: "/job:worker/task:9/cpu:0"

I tensorflow/core/distributed_runtime/master_session.cc:993] Start master session 06529f3e7cbf8e4a with config: 
device_filters: "/job:ps"
device_filters: "/job:worker/task:9/cpu:0"

I tensorflow/core/distributed_runtime/master_session.cc:993] Start master session af03e7cbcce85070 with config: 
device_filters: "/job:ps"
device_filters: "/job:worker/task:9/cpu:0"

I tensorflow/core/distributed_runtime/master_session.cc:993] Start master session efc35c02f8f36681 with config: 
device_filters: "/job:ps"
device_filters: "/job:worker/task:9/cpu:0"

I tensorflow/core/distributed_runtime/master_session.cc:993] Start master session 7050248d891061cb with config: 
device_filters: "/job:ps"
device_filters: "/job:worker/task:9/cpu:0"

I tensorflow/core/distributed_runtime/master_session.cc:993] Start master session da28ee6e28c1a9ba with config: 
device_filters: "/job:ps"
device_filters: "/job:worker/task:9/cpu:0"

I tensorflow/core/distributed_runtime/master_session.cc:993] Start master session e8aff3127e4eb7e3 with config: 
device_filters: "/job:ps"
device_filters: "/job:worker/task:9/cpu:0"

I tensorflow/core/distributed_runtime/master_session.cc:993] Start master session ad950e74969f7c5f with config: 
device_filters: "/job:ps"
device_filters: "/job:worker/task:9/cpu:0"

I tensorflow/core/distributed_runtime/master_session.cc:993] Start master session 9515b38c6bc0f679 with config: 
device_filters: "/job:ps"
device_filters: "/job:worker/task:9/cpu:0"

I tensorflow/core/distributed_runtime/master_session.cc:993] Start master session 09537b94643864c8 with config: 
device_filters: "/job:ps"
device_filters: "/job:worker/task:9/cpu:0"

I tensorflow/core/distributed_runtime/master_session.cc:993] Start master session 3e8955a76b902a17 with config: 
device_filters: "/job:ps"
device_filters: "/job:worker/task:9/cpu:0"

I tensorflow/core/distributed_runtime/master_session.cc:993] Start master session 9a6d10f419f0c5d8 with config: 
device_filters: "/job:ps"
device_filters: "/job:worker/task:9/cpu:0"

I tensorflow/core/distributed_runtime/master_session.cc:993] Start master session 3b5acd6c437d0046 with config: 
device_filters: "/job:ps"
device_filters: "/job:worker/task:9/cpu:0"

I tensorflow/core/distributed_runtime/master_session.cc:993] Start master session c8ef33360a766af6 with config: 
device_filters: "/job:ps"
device_filters: "/job:worker/task:9/cpu:0"

I tensorflow/core/distributed_runtime/master_session.cc:993] Start master session fedbfd18ea1bb737 with config: 
device_filters: "/job:ps"
device_filters: "/job:worker/task:9/cpu:0"

I tensorflow/core/distributed_runtime/master_session.cc:993] Start master session 15c9dd7602fda17d with config: 
device_filters: "/job:ps"
device_filters: "/job:worker/task:9/cpu:0"

I tensorflow/core/distributed_runtime/master_session.cc:993] Start master session e2b15ca53384a56c with config: 
device_filters: "/job:ps"
device_filters: "/job:worker/task:9/cpu:0"

I tensorflow/core/distributed_runtime/master_session.cc:993] Start master session e4c37a1bb31ab5ef with config: 
device_filters: "/job:ps"
device_filters: "/job:worker/task:9/cpu:0"

I tensorflow/core/distributed_runtime/master_session.cc:993] Start master session 6e44519001a012f2 with config: 
device_filters: "/job:ps"
device_filters: "/job:worker/task:9/cpu:0"

I tensorflow/core/distributed_runtime/master_session.cc:993] Start master session 22e2c8b7687caa58 with config: 
device_filters: "/job:ps"
device_filters: "/job:worker/task:9/cpu:0"

I tensorflow/core/distributed_runtime/master_session.cc:993] Start master session 522f96a9f5728ae5 with config: 
device_filters: "/job:ps"
device_filters: "/job:worker/task:9/cpu:0"

I tensorflow/core/distributed_runtime/master_session.cc:993] Start master session c5c0275522cab17b with config: 
device_filters: "/job:ps"
device_filters: "/job:worker/task:9/cpu:0"

I tensorflow/core/distributed_runtime/master_session.cc:993] Start master session 4d94ba992f251420 with config: 
device_filters: "/job:ps"
device_filters: "/job:worker/task:9/cpu:0"

I tensorflow/core/distributed_runtime/master_session.cc:993] Start master session b9e872e4d3d5798a with config: 
device_filters: "/job:ps"
device_filters: "/job:worker/task:9/cpu:0"

I tensorflow/core/distributed_runtime/master_session.cc:993] Start master session 2bdea3123133b9af with config: 
device_filters: "/job:ps"
device_filters: "/job:worker/task:9/cpu:0"

I tensorflow/core/distributed_runtime/master_session.cc:993] Start master session 0393aa6385fa03b4 with config: 
device_filters: "/job:ps"
device_filters: "/job:worker/task:9/cpu:0"

I tensorflow/core/distributed_runtime/master_session.cc:993] Start master session 7a42c628ab5af6bc with config: 
device_filters: "/job:ps"
device_filters: "/job:worker/task:9/cpu:0"

I tensorflow/core/distributed_runtime/master_session.cc:993] Start master session 6b6bca334a29f603 with config: 
device_filters: "/job:ps"
device_filters: "/job:worker/task:9/cpu:0"

I tensorflow/core/distributed_runtime/master_session.cc:993] Start master session 573317267dffb5ca with config: 
device_filters: "/job:ps"
device_filters: "/job:worker/task:9/cpu:0"

I tensorflow/core/distributed_runtime/master_session.cc:993] Start master session e79684e07677ea69 with config: 
device_filters: "/job:ps"
device_filters: "/job:worker/task:9/cpu:0"

I tensorflow/core/distributed_runtime/master_session.cc:993] Start master session a1c03e2a0e2ca38f with config: 
device_filters: "/job:ps"
device_filters: "/job:worker/task:9/cpu:0"

I tensorflow/core/distributed_runtime/master_session.cc:993] Start master session e0985d3ec4bcc613 with config: 
device_filters: "/job:ps"
device_filters: "/job:worker/task:9/cpu:0"

I tensorflow/core/distributed_runtime/master_session.cc:993] Start master session 1a1800bca88f767d with config: 
device_filters: "/job:ps"
device_filters: "/job:worker/task:9/cpu:0"

I tensorflow/core/distributed_runtime/master_session.cc:993] Start master session 80934ad27c4dc910 with config: 
device_filters: "/job:ps"
device_filters: "/job:worker/task:9/cpu:0"

I tensorflow/core/distributed_runtime/master_session.cc:993] Start master session 9ee0a7fa5c3f895d with config: 
device_filters: "/job:ps"
device_filters: "/job:worker/task:9/cpu:0"

I tensorflow/core/distributed_runtime/master_session.cc:993] Start master session c02e2c0cf570004f with config: 
device_filters: "/job:ps"
device_filters: "/job:worker/task:9/cpu:0"

I tensorflow/core/distributed_runtime/master_session.cc:993] Start master session 914c25519c82f3cf with config: 
device_filters: "/job:ps"
device_filters: "/job:worker/task:9/cpu:0"

I tensorflow/core/distributed_runtime/master_session.cc:993] Start master session e606e77318ac29e4 with config: 
device_filters: "/job:ps"
device_filters: "/job:worker/task:9/cpu:0"

I tensorflow/core/distributed_runtime/master_session.cc:993] Start master session f923152543809dda with config: 
device_filters: "/job:ps"
device_filters: "/job:worker/task:9/cpu:0"

I tensorflow/core/distributed_runtime/master_session.cc:993] Start master session 5d64c0e45c4ba7e0 with config: 
device_filters: "/job:ps"
device_filters: "/job:worker/task:9/cpu:0"

I tensorflow/core/distributed_runtime/master_session.cc:993] Start master session 524c6f454201cf00 with config: 
device_filters: "/job:ps"
device_filters: "/job:worker/task:9/cpu:0"

I tensorflow/core/distributed_runtime/master_session.cc:993] Start master session 4d2457a7a9a2521a with config: 
device_filters: "/job:ps"
device_filters: "/job:worker/task:9/cpu:0"

I tensorflow/core/distributed_runtime/master_session.cc:993] Start master session 73e95b44d373bba2 with config: 
device_filters: "/job:ps"
device_filters: "/job:worker/task:9/cpu:0"

I tensorflow/core/distributed_runtime/master_session.cc:993] Start master session 6f8cf6fd2aef1fee with config: 
device_filters: "/job:ps"
device_filters: "/job:worker/task:9/cpu:0"

I tensorflow/core/distributed_runtime/master_session.cc:993] Start master session c77e2760d9ee32df with config: 
device_filters: "/job:ps"
device_filters: "/job:worker/task:9/cpu:0"

I tensorflow/core/distributed_runtime/master_session.cc:993] Start master session 6c36a8a85650a625 with config: 
device_filters: "/job:ps"
device_filters: "/job:worker/task:9/cpu:0"

I tensorflow/core/distributed_runtime/master_session.cc:993] Start master session 6d1683a37fe5d89a with config: 
device_filters: "/job:ps"
device_filters: "/job:worker/task:9/cpu:0"

I tensorflow/core/distributed_runtime/master_session.cc:993] Start master session a26af704581426f9 with config: 
device_filters: "/job:ps"
device_filters: "/job:worker/task:9/cpu:0"

I tensorflow/core/distributed_runtime/master_session.cc:993] Start master session 60e0fbdf6697cd98 with config: 
device_filters: "/job:ps"
device_filters: "/job:worker/task:9/cpu:0"

I tensorflow/core/distributed_runtime/master_session.cc:993] Start master session 4f6f1522c11e0908 with config: 
device_filters: "/job:ps"
device_filters: "/job:worker/task:9/cpu:0"

I tensorflow/core/distributed_runtime/master_session.cc:993] Start master session a4a6b9cd3bdd700a with config: 
device_filters: "/job:ps"
device_filters: "/job:worker/task:9/cpu:0"

I tensorflow/core/distributed_runtime/master_session.cc:993] Start master session 01704de551091f81 with config: 
device_filters: "/job:ps"
device_filters: "/job:worker/task:9/cpu:0"

I tensorflow/core/distributed_runtime/master_session.cc:993] Start master session b704044e0809eb89 with config: 
device_filters: "/job:ps"
device_filters: "/job:worker/task:9/cpu:0"

I tensorflow/core/distributed_runtime/master_session.cc:993] Start master session 4fb1dca1af61b74d with config: 
device_filters: "/job:ps"
device_filters: "/job:worker/task:9/cpu:0"

I tensorflow/core/distributed_runtime/master_session.cc:993] Start master session 9ec9bcdee2963913 with config: 
device_filters: "/job:ps"
device_filters: "/job:worker/task:9/cpu:0"

I tensorflow/core/distributed_runtime/master_session.cc:993] Start master session c5c207055a81bfa8 with config: 
device_filters: "/job:ps"
device_filters: "/job:worker/task:9/cpu:0"

I tensorflow/core/distributed_runtime/master_session.cc:993] Start master session 9507e50dd589ff1f with config: 
device_filters: "/job:ps"
device_filters: "/job:worker/task:9/cpu:0"

I tensorflow/core/distributed_runtime/master_session.cc:993] Start master session 1150223609ad22f0 with config: 
device_filters: "/job:ps"
device_filters: "/job:worker/task:9/cpu:0"

I tensorflow/core/distributed_runtime/master_session.cc:993] Start master session 655610f1c92bbe67 with config: 
device_filters: "/job:ps"
device_filters: "/job:worker/task:9/cpu:0"

I tensorflow/core/distributed_runtime/master_session.cc:993] Start master session 16c1d70cd0a513a7 with config: 
device_filters: "/job:ps"
device_filters: "/job:worker/task:9/cpu:0"

I tensorflow/core/distributed_runtime/master_session.cc:993] Start master session 7e0f5ba35ccd863b with config: 
device_filters: "/job:ps"
device_filters: "/job:worker/task:9/cpu:0"

I tensorflow/core/distributed_runtime/master_session.cc:993] Start master session b80080e2b86278ea with config: 
device_filters: "/job:ps"
device_filters: "/job:worker/task:9/cpu:0"

I tensorflow/core/distributed_runtime/master_session.cc:993] Start master session 7b4e1ef82d51c486 with config: 
device_filters: "/job:ps"
device_filters: "/job:worker/task:9/cpu:0"

I tensorflow/core/distributed_runtime/master_session.cc:993] Start master session 6c0b7c2f39749aba with config: 
device_filters: "/job:ps"
device_filters: "/job:worker/task:9/cpu:0"

I tensorflow/core/distributed_runtime/master_session.cc:993] Start master session b41eadce498e20df with config: 
device_filters: "/job:ps"
device_filters: "/job:worker/task:9/cpu:0"

I tensorflow/core/distributed_runtime/master_session.cc:993] Start master session 20feb0bbb0aa74fa with config: 
device_filters: "/job:ps"
device_filters: "/job:worker/task:9/cpu:0"

I tensorflow/core/distributed_runtime/master_session.cc:993] Start master session a552de22af434435 with config: 
device_filters: "/job:ps"
device_filters: "/job:worker/task:9/cpu:0"

I tensorflow/core/distributed_runtime/master_session.cc:993] Start master session be577de96f8cfee2 with config: 
device_filters: "/job:ps"
device_filters: "/job:worker/task:9/cpu:0"

I tensorflow/core/distributed_runtime/master_session.cc:993] Start master session 8e48da5b5184b82f with config: 
device_filters: "/job:ps"
device_filters: "/job:worker/task:9/cpu:0"

I tensorflow/core/distributed_runtime/master_session.cc:993] Start master session a83187583c2a2336 with config: 
device_filters: "/job:ps"
device_filters: "/job:worker/task:9/cpu:0"

I tensorflow/core/distributed_runtime/master_session.cc:993] Start master session 537761757beddfff with config: 
device_filters: "/job:ps"
device_filters: "/job:worker/task:9/cpu:0"

I tensorflow/core/distributed_runtime/master_session.cc:993] Start master session 35094b62927e8b43 with config: 
device_filters: "/job:ps"
device_filters: "/job:worker/task:9/cpu:0"

I tensorflow/core/distributed_runtime/master_session.cc:993] Start master session 8bdeab71564a7986 with config: 
device_filters: "/job:ps"
device_filters: "/job:worker/task:9/cpu:0"

I tensorflow/core/distributed_runtime/master_session.cc:993] Start master session 13b108e300d30f8f with config: 
device_filters: "/job:ps"
device_filters: "/job:worker/task:9/cpu:0"

I tensorflow/core/distributed_runtime/master_session.cc:993] Start master session bc5ada143598112b with config: 
device_filters: "/job:ps"
device_filters: "/job:worker/task:9/cpu:0"

I tensorflow/core/distributed_runtime/master_session.cc:993] Start master session 4704978f0420a660 with config: 
device_filters: "/job:ps"
device_filters: "/job:worker/task:9/cpu:0"

I tensorflow/core/distributed_runtime/master_session.cc:993] Start master session 50139a62af36417d with config: 
device_filters: "/job:ps"
device_filters: "/job:worker/task:9/cpu:0"

I tensorflow/core/distributed_runtime/master_session.cc:993] Start master session f856766350306103 with config: 
device_filters: "/job:ps"
device_filters: "/job:worker/task:9/cpu:0"

I tensorflow/core/distributed_runtime/master_session.cc:993] Start master session 5bff74b8c009d489 with config: 
device_filters: "/job:ps"
device_filters: "/job:worker/task:9/cpu:0"

I tensorflow/core/distributed_runtime/master_session.cc:993] Start master session 88309c91b5937ba0 with config: 
device_filters: "/job:ps"
device_filters: "/job:worker/task:9/cpu:0"

I tensorflow/core/distributed_runtime/master_session.cc:993] Start master session 79cd79cf28db781f with config: 
device_filters: "/job:ps"
device_filters: "/job:worker/task:9/cpu:0"

I tensorflow/core/distributed_runtime/master_session.cc:993] Start master session b44a2925e005bf71 with config: 
device_filters: "/job:ps"
device_filters: "/job:worker/task:9/cpu:0"

I tensorflow/core/distributed_runtime/master_session.cc:993] Start master session fa266457443303a0 with config: 
device_filters: "/job:ps"
device_filters: "/job:worker/task:9/cpu:0"

I tensorflow/core/distributed_runtime/master_session.cc:993] Start master session 2c466ecdb9aec472 with config: 
device_filters: "/job:ps"
device_filters: "/job:worker/task:9/cpu:0"

I tensorflow/core/distributed_runtime/master_session.cc:993] Start master session bd9e43b7dfdbff00 with config: 
device_filters: "/job:ps"
device_filters: "/job:worker/task:9/cpu:0"

I tensorflow/core/distributed_runtime/master_session.cc:993] Start master session 3c1303ac34059e33 with config: 
device_filters: "/job:ps"
device_filters: "/job:worker/task:9/cpu:0"

I tensorflow/core/distributed_runtime/master_session.cc:993] Start master session c6dd2e52db36f24a with config: 
device_filters: "/job:ps"
device_filters: "/job:worker/task:9/cpu:0"

I tensorflow/core/distributed_runtime/master_session.cc:993] Start master session c3e348dc66fb35af with config: 
device_filters: "/job:ps"
device_filters: "/job:worker/task:9/cpu:0"

I tensorflow/core/distributed_runtime/master_session.cc:993] Start master session 3b52aa6b160b7187 with config: 
device_filters: "/job:ps"
device_filters: "/job:worker/task:9/cpu:0"

I tensorflow/core/distributed_runtime/master_session.cc:993] Start master session dbcf67188b29f804 with config: 
device_filters: "/job:ps"
device_filters: "/job:worker/task:9/cpu:0"

I tensorflow/core/distributed_runtime/master_session.cc:993] Start master session ade69b9e383f143e with config: 
device_filters: "/job:ps"
device_filters: "/job:worker/task:9/cpu:0"

I tensorflow/core/distributed_runtime/master_session.cc:993] Start master session abfaf3ffc2590ab8 with config: 
device_filters: "/job:ps"
device_filters: "/job:worker/task:9/cpu:0"

I tensorflow/core/distributed_runtime/master_session.cc:993] Start master session 827f75237bd6859b with config: 
device_filters: "/job:ps"
device_filters: "/job:worker/task:9/cpu:0"

I tensorflow/core/distributed_runtime/master_session.cc:993] Start master session 092b466810bcb512 with config: 
device_filters: "/job:ps"
device_filters: "/job:worker/task:9/cpu:0"

I tensorflow/core/distributed_runtime/master_session.cc:993] Start master session 2105f1d06dc2760d with config: 
device_filters: "/job:ps"
device_filters: "/job:worker/task:9/cpu:0"

I tensorflow/core/distributed_runtime/master_session.cc:993] Start master session 6d4f71bf11142b0d with config: 
device_filters: "/job:ps"
device_filters: "/job:worker/task:9/cpu:0"

I tensorflow/core/distributed_runtime/master_session.cc:993] Start master session 872626b7a9aeb2fd with config: 
device_filters: "/job:ps"
device_filters: "/job:worker/task:9/cpu:0"

I tensorflow/core/distributed_runtime/master_session.cc:993] Start master session 42cf048389475b45 with config: 
device_filters: "/job:ps"
device_filters: "/job:worker/task:9/cpu:0"

I tensorflow/core/distributed_runtime/master_session.cc:993] Start master session f818f3f8b38e026b with config: 
device_filters: "/job:ps"
device_filters: "/job:worker/task:9/cpu:0"

I tensorflow/core/distributed_runtime/master_session.cc:993] Start master session 13eed78390e4c6c0 with config: 
device_filters: "/job:ps"
device_filters: "/job:worker/task:9/cpu:0"

I tensorflow/core/distributed_runtime/master_session.cc:993] Start master session 2c1a135404399c31 with config: 
device_filters: "/job:ps"
device_filters: "/job:worker/task:9/cpu:0"

I tensorflow/core/distributed_runtime/master_session.cc:993] Start master session e69cebd2b2ceceda with config: 
device_filters: "/job:ps"
device_filters: "/job:worker/task:9/cpu:0"

I tensorflow/core/distributed_runtime/master_session.cc:993] Start master session c7cddf11249c7e9a with config: 
device_filters: "/job:ps"
device_filters: "/job:worker/task:9/cpu:0"

I tensorflow/core/distributed_runtime/master_session.cc:993] Start master session cd42004d3543bfc3 with config: 
device_filters: "/job:ps"
device_filters: "/job:worker/task:9/cpu:0"

I tensorflow/core/distributed_runtime/master_session.cc:993] Start master session 28742e2ccc4a27f6 with config: 
device_filters: "/job:ps"
device_filters: "/job:worker/task:9/cpu:0"

I tensorflow/core/distributed_runtime/master_session.cc:993] Start master session e52a597a9a67a25a with config: 
device_filters: "/job:ps"
device_filters: "/job:worker/task:9/cpu:0"

I tensorflow/core/distributed_runtime/master_session.cc:993] Start master session 3b51305ef801ea46 with config: 
device_filters: "/job:ps"
device_filters: "/job:worker/task:9/cpu:0"

I tensorflow/core/distributed_runtime/master_session.cc:993] Start master session b08e0fa542adfdd6 with config: 
device_filters: "/job:ps"
device_filters: "/job:worker/task:9/cpu:0"

I tensorflow/core/distributed_runtime/master_session.cc:993] Start master session 1733d1a892ceb59c with config: 
device_filters: "/job:ps"
device_filters: "/job:worker/task:9/cpu:0"

I tensorflow/core/distributed_runtime/master_session.cc:993] Start master session 79a91c30c1ab8ac1 with config: 
device_filters: "/job:ps"
device_filters: "/job:worker/task:9/cpu:0"

I tensorflow/core/distributed_runtime/master_session.cc:993] Start master session 882b39a333f2bf19 with config: 
device_filters: "/job:ps"
device_filters: "/job:worker/task:9/cpu:0"

I tensorflow/core/distributed_runtime/master_session.cc:993] Start master session 10c93056644b2cac with config: 
device_filters: "/job:ps"
device_filters: "/job:worker/task:9/cpu:0"

I tensorflow/core/distributed_runtime/master_session.cc:993] Start master session 8e967acabf8ea3f4 with config: 
device_filters: "/job:ps"
device_filters: "/job:worker/task:9/cpu:0"

I tensorflow/core/distributed_runtime/master_session.cc:993] Start master session be903ea65027d4ff with config: 
device_filters: "/job:ps"
device_filters: "/job:worker/task:9/cpu:0"

I tensorflow/core/distributed_runtime/master_session.cc:993] Start master session 6c3f7ffc34983a87 with config: 
device_filters: "/job:ps"
device_filters: "/job:worker/task:9/cpu:0"

I tensorflow/core/distributed_runtime/master_session.cc:993] Start master session 9c9dd5a1fb1b14dc with config: 
device_filters: "/job:ps"
device_filters: "/job:worker/task:9/cpu:0"

I tensorflow/core/distributed_runtime/master_session.cc:993] Start master session 6853d08f362e1d67 with config: 
device_filters: "/job:ps"
device_filters: "/job:worker/task:9/cpu:0"

I tensorflow/core/distributed_runtime/master_session.cc:993] Start master session c2228732f5fdc8ba with config: 
device_filters: "/job:ps"
device_filters: "/job:worker/task:9/cpu:0"

I tensorflow/core/distributed_runtime/master_session.cc:993] Start master session b45bdfeee530e57c with config: 
device_filters: "/job:ps"
device_filters: "/job:worker/task:9/cpu:0"

I tensorflow/core/distributed_runtime/master_session.cc:993] Start master session 52e6adee89d45c6b with config: 
device_filters: "/job:ps"
device_filters: "/job:worker/task:9/cpu:0"

I tensorflow/core/distributed_runtime/master_session.cc:993] Start master session 42633329c5fb1f76 with config: 
device_filters: "/job:ps"
device_filters: "/job:worker/task:9/cpu:0"

I tensorflow/core/distributed_runtime/master_session.cc:993] Start master session a1d239a9f11861f5 with config: 
device_filters: "/job:ps"
device_filters: "/job:worker/task:9/cpu:0"

I tensorflow/core/distributed_runtime/master_session.cc:993] Start master session 60360fe8263adbd7 with config: 
device_filters: "/job:ps"
device_filters: "/job:worker/task:9/cpu:0"

I tensorflow/core/distributed_runtime/master_session.cc:993] Start master session 37348eb7ddf55304 with config: 
device_filters: "/job:ps"
device_filters: "/job:worker/task:9/cpu:0"

I tensorflow/core/distributed_runtime/master_session.cc:993] Start master session 11b43ba0617f4929 with config: 
device_filters: "/job:ps"
device_filters: "/job:worker/task:9/cpu:0"

I tensorflow/core/distributed_runtime/master_session.cc:993] Start master session 142888db90d9fc1b with config: 
device_filters: "/job:ps"
device_filters: "/job:worker/task:9/cpu:0"

I tensorflow/core/distributed_runtime/master_session.cc:993] Start master session 2ad4088ddcf34739 with config: 
device_filters: "/job:ps"
device_filters: "/job:worker/task:9/cpu:0"

I tensorflow/core/distributed_runtime/master_session.cc:993] Start master session f362c9638fb62853 with config: 
device_filters: "/job:ps"
device_filters: "/job:worker/task:9/cpu:0"

I tensorflow/core/distributed_runtime/master_session.cc:993] Start master session d051d20a9b10aa67 with config: 
device_filters: "/job:ps"
device_filters: "/job:worker/task:9/cpu:0"

I tensorflow/core/distributed_runtime/master_session.cc:993] Start master session 69eccac8cb31dec2 with config: 
device_filters: "/job:ps"
device_filters: "/job:worker/task:9/cpu:0"

I tensorflow/core/distributed_runtime/master_session.cc:993] Start master session 9197722c7e0804c0 with config: 
device_filters: "/job:ps"
device_filters: "/job:worker/task:9/cpu:0"

I tensorflow/core/distributed_runtime/master_session.cc:993] Start master session 1b3a515123ef7e9c with config: 
device_filters: "/job:ps"
device_filters: "/job:worker/task:9/cpu:0"

I tensorflow/core/distributed_runtime/master_session.cc:993] Start master session 329ab5557c021b2e with config: 
device_filters: "/job:ps"
device_filters: "/job:worker/task:9/cpu:0"

I tensorflow/core/distributed_runtime/master_session.cc:993] Start master session 65a48b054e7bb131 with config: 
device_filters: "/job:ps"
device_filters: "/job:worker/task:9/cpu:0"

I tensorflow/core/distributed_runtime/master_session.cc:993] Start master session 9ef66bc759ee6dd1 with config: 
device_filters: "/job:ps"
device_filters: "/job:worker/task:9/cpu:0"

I tensorflow/core/distributed_runtime/master_session.cc:993] Start master session 3998cd2eeffda866 with config: 
device_filters: "/job:ps"
device_filters: "/job:worker/task:9/cpu:0"

I tensorflow/core/distributed_runtime/master_session.cc:993] Start master session 7812b852c1814207 with config: 
device_filters: "/job:ps"
device_filters: "/job:worker/task:9/cpu:0"

I tensorflow/core/distributed_runtime/master_session.cc:993] Start master session bb3fa851f808b676 with config: 
device_filters: "/job:ps"
device_filters: "/job:worker/task:9/cpu:0"

I tensorflow/core/distributed_runtime/master_session.cc:993] Start master session a43bd047b56cc138 with config: 
device_filters: "/job:ps"
device_filters: "/job:worker/task:9/cpu:0"

I tensorflow/core/distributed_runtime/master_session.cc:993] Start master session f9f5d1737c98d90f with config: 
device_filters: "/job:ps"
device_filters: "/job:worker/task:9/cpu:0"

I tensorflow/core/distributed_runtime/master_session.cc:993] Start master session 00d16cbcb0b96274 with config: 
device_filters: "/job:ps"
device_filters: "/job:worker/task:9/cpu:0"

I tensorflow/core/distributed_runtime/master_session.cc:993] Start master session 8a45ca082743d0dc with config: 
device_filters: "/job:ps"
device_filters: "/job:worker/task:9/cpu:0"

I tensorflow/core/distributed_runtime/master_session.cc:993] Start master session f37787aa6aebae90 with config: 
device_filters: "/job:ps"
device_filters: "/job:worker/task:9/cpu:0"

I tensorflow/core/distributed_runtime/master_session.cc:993] Start master session 3b9b6ed1edd4ceef with config: 
device_filters: "/job:ps"
device_filters: "/job:worker/task:9/cpu:0"

I tensorflow/core/distributed_runtime/master_session.cc:993] Start master session 75f003e36c310e3b with config: 
device_filters: "/job:ps"
device_filters: "/job:worker/task:9/cpu:0"

I tensorflow/core/distributed_runtime/master_session.cc:993] Start master session 3017f0abe0d2ec86 with config: 
device_filters: "/job:ps"
device_filters: "/job:worker/task:9/cpu:0"

I tensorflow/core/distributed_runtime/master_session.cc:993] Start master session 709608fe6f3d2508 with config: 
device_filters: "/job:ps"
device_filters: "/job:worker/task:9/cpu:0"

I tensorflow/core/distributed_runtime/master_session.cc:993] Start master session f44872c73701848f with config: 
device_filters: "/job:ps"
device_filters: "/job:worker/task:9/cpu:0"

Using universe head design
Using universe head design
Using universe head design
Using universe head design
Using universe head design
Using universe head design
Optimizer: ADAM with lr: 0.000100
Input observation shape:  (42, 42, 4)
Traceback (most recent call last):
  File "worker.py", line 188, in <module>
    tf.app.run()
  File "/home/verma_rohil/noreward-rl/curiosity/local/lib/python2.7/site-packages/tensorflow/python/platform/app.py", line 43, in run
    sys.exit(main(sys.argv[:1] + flags_passthrough))
  File "worker.py", line 180, in main
    run(args, server)
  File "worker.py", line 95, in run
    with sv.managed_session(server.target, config=config) as sess, sess.as_default():
  File "/usr/lib/python2.7/contextlib.py", line 17, in __enter__
    return self.gen.next()
  File "/home/verma_rohil/noreward-rl/curiosity/local/lib/python2.7/site-packages/tensorflow/python/training/supervisor.py", line 974, in managed_session
    self.stop(close_summary_writer=close_summary_writer)
  File "/home/verma_rohil/noreward-rl/curiosity/local/lib/python2.7/site-packages/tensorflow/python/training/supervisor.py", line 802, in stop
    stop_grace_period_secs=self._stop_grace_secs)
  File "/home/verma_rohil/noreward-rl/curiosity/local/lib/python2.7/site-packages/tensorflow/python/training/coordinator.py", line 386, in join
    six.reraise(*self._exc_info_to_raise)
  File "/home/verma_rohil/noreward-rl/curiosity/local/lib/python2.7/site-packages/tensorflow/python/training/supervisor.py", line 963, in managed_session
    start_standard_services=start_standard_services)
  File "/home/verma_rohil/noreward-rl/curiosity/local/lib/python2.7/site-packages/tensorflow/python/training/supervisor.py", line 727, in prepare_or_wait_for_session
    max_wait_secs=max_wait_secs)
  File "/home/verma_rohil/noreward-rl/curiosity/local/lib/python2.7/site-packages/tensorflow/python/training/session_manager.py", line 361, in wait_for_session
    "Session was not ready after waiting %d secs." % (max_wait_secs,))
tensorflow.python.framework.errors_impl.DeadlineExceededError: Session was not ready after waiting 7200 secs.
