Traceback (most recent call last):
  File "/usr/lib/python2.7/SocketServer.py", line 596, in process_request_thread
    self.finish_request(request, client_address)
  File "/usr/lib/python2.7/SocketServer.py", line 331, in finish_request
    self.RequestHandlerClass(request, client_address, self)
  File "/home/verma_rohil/noreward-rl/curiosity/local/lib/python2.7/site-packages/tensorflow/tensorboard/backend/handler.py", line 103, in __init__
    BaseHTTPServer.BaseHTTPRequestHandler.__init__(self, *args)
  File "/usr/lib/python2.7/SocketServer.py", line 654, in __init__
    self.finish()
  File "/usr/lib/python2.7/SocketServer.py", line 713, in finish
    self.wfile.close()
  File "/usr/lib/python2.7/socket.py", line 283, in close
    self.flush()
  File "/usr/lib/python2.7/socket.py", line 307, in flush
    self._sock.sendall(view[write_offset:write_offset+buffer_size])
error: [Errno 32] Broken pipe
Traceback (most recent call last):
  File "/usr/lib/python2.7/SocketServer.py", line 596, in process_request_thread
    self.finish_request(request, client_address)
  File "/usr/lib/python2.7/SocketServer.py", line 331, in finish_request
    self.RequestHandlerClass(request, client_address, self)
  File "/home/verma_rohil/noreward-rl/curiosity/local/lib/python2.7/site-packages/tensorflow/tensorboard/backend/handler.py", line 103, in __init__
    BaseHTTPServer.BaseHTTPRequestHandler.__init__(self, *args)
  File "/usr/lib/python2.7/SocketServer.py", line 654, in __init__
    self.finish()
  File "/usr/lib/python2.7/SocketServer.py", line 713, in finish
    self.wfile.close()
  File "/usr/lib/python2.7/socket.py", line 283, in close
    self.flush()
  File "/usr/lib/python2.7/socket.py", line 307, in flush
    self._sock.sendall(view[write_offset:write_offset+buffer_size])
error: [Errno 32] Broken pipe
