[2018-05-20 18:00:25,827] Writing logs to file: /tmp/universe-5580.log
I tensorflow/core/distributed_runtime/rpc/grpc_channel.cc:197] Initialize GrpcChannelCache for job ps -> {0 -> 127.0.0.1:12222}
I tensorflow/core/distributed_runtime/rpc/grpc_channel.cc:197] Initialize GrpcChannelCache for job worker -> {0 -> 127.0.0.1:12223, 1 -> 127.0.0.1:12224, 2 -> 127.0.0.1:12225, 3 -> 127.0.0.1:12226, 4 -> 127.0.0.1:12227, 5 -> 127.0.0.1:12228, 6 -> 127.0.0.1:12229, 7 -> 127.0.0.1:12230, 8 -> 127.0.0.1:12231, 9 -> 127.0.0.1:12232, 10 -> 127.0.0.1:12233, 11 -> 127.0.0.1:12234, 12 -> 127.0.0.1:12235, 13 -> 127.0.0.1:12236, 14 -> localhost:12237, 15 -> 127.0.0.1:12238, 16 -> 127.0.0.1:12239, 17 -> 127.0.0.1:12240, 18 -> 127.0.0.1:12241, 19 -> 127.0.0.1:12242}
I tensorflow/core/distributed_runtime/rpc/grpc_server_lib.cc:211] Started server with target: grpc://localhost:12237
[2018-05-20 18:02:46,586] Making new env: ppaquette/DoomMyWayHomeFixed15-v0
[2018-05-20 18:02:51,646] Trainable vars:
[2018-05-20 18:02:51,646]   global/l1/W:0 (3, 3, 4, 32)
[2018-05-20 18:02:51,647]   global/l1/b:0 (1, 1, 1, 32)
[2018-05-20 18:02:51,647]   global/l2/W:0 (3, 3, 32, 32)
[2018-05-20 18:02:51,648]   global/l2/b:0 (1, 1, 1, 32)
[2018-05-20 18:02:51,648]   global/l3/W:0 (3, 3, 32, 32)
[2018-05-20 18:02:51,648]   global/l3/b:0 (1, 1, 1, 32)
[2018-05-20 18:02:51,648]   global/l4/W:0 (3, 3, 32, 32)
[2018-05-20 18:02:51,648]   global/l4/b:0 (1, 1, 1, 32)
[2018-05-20 18:02:51,648]   global/RNN/BasicLSTMCell/Linear/Matrix:0 (544, 1024)
[2018-05-20 18:02:51,648]   global/RNN/BasicLSTMCell/Linear/Bias:0 (1024,)
[2018-05-20 18:02:51,648]   global/value/w:0 (256, 1)
[2018-05-20 18:02:51,649]   global/value/b:0 (1,)
[2018-05-20 18:02:51,649]   global/action/w:0 (256, 4)
[2018-05-20 18:02:51,649]   global/action/b:0 (4,)
[2018-05-20 18:02:51,649]   global/predictor/l1/W:0 (3, 3, 4, 32)
[2018-05-20 18:02:51,649]   global/predictor/l1/b:0 (1, 1, 1, 32)
[2018-05-20 18:02:51,649]   global/predictor/l2/W:0 (3, 3, 32, 32)
[2018-05-20 18:02:51,649]   global/predictor/l2/b:0 (1, 1, 1, 32)
[2018-05-20 18:02:51,649]   global/predictor/l3/W:0 (3, 3, 32, 32)
[2018-05-20 18:02:51,649]   global/predictor/l3/b:0 (1, 1, 1, 32)
[2018-05-20 18:02:51,649]   global/predictor/l4/W:0 (3, 3, 32, 32)
[2018-05-20 18:02:51,649]   global/predictor/l4/b:0 (1, 1, 1, 32)
[2018-05-20 18:02:51,650]   global/predictor/g1/w:0 (576, 256)
[2018-05-20 18:02:51,650]   global/predictor/g1/b:0 (256,)
[2018-05-20 18:02:51,650]   global/predictor/glast/w:0 (256, 4)
[2018-05-20 18:02:51,650]   global/predictor/glast/b:0 (4,)
[2018-05-20 18:02:51,650]   global/predictor/f1/w:0 (292, 256)
[2018-05-20 18:02:51,650]   global/predictor/f1/b:0 (256,)
[2018-05-20 18:02:51,650]   global/predictor/flast/w:0 (256, 288)
[2018-05-20 18:02:51,650]   global/predictor/flast/b:0 (288,)
[2018-05-20 18:02:51,650]   local/l1/W:0 (3, 3, 4, 32)
[2018-05-20 18:02:51,651]   local/l1/b:0 (1, 1, 1, 32)
[2018-05-20 18:02:51,651]   local/l2/W:0 (3, 3, 32, 32)
[2018-05-20 18:02:51,651]   local/l2/b:0 (1, 1, 1, 32)
[2018-05-20 18:02:51,651]   local/l3/W:0 (3, 3, 32, 32)
[2018-05-20 18:02:51,651]   local/l3/b:0 (1, 1, 1, 32)
[2018-05-20 18:02:51,651]   local/l4/W:0 (3, 3, 32, 32)
[2018-05-20 18:02:51,651]   local/l4/b:0 (1, 1, 1, 32)
[2018-05-20 18:02:51,652]   local/RNN/BasicLSTMCell/Linear/Matrix:0 (544, 1024)
[2018-05-20 18:02:51,652]   local/RNN/BasicLSTMCell/Linear/Bias:0 (1024,)
[2018-05-20 18:02:51,652]   local/value/w:0 (256, 1)
[2018-05-20 18:02:51,652]   local/value/b:0 (1,)
[2018-05-20 18:02:51,652]   local/action/w:0 (256, 4)
[2018-05-20 18:02:51,652]   local/action/b:0 (4,)
[2018-05-20 18:02:51,652]   local/predictor/l1/W:0 (3, 3, 4, 32)
[2018-05-20 18:02:51,652]   local/predictor/l1/b:0 (1, 1, 1, 32)
[2018-05-20 18:02:51,652]   local/predictor/l2/W:0 (3, 3, 32, 32)
[2018-05-20 18:02:51,653]   local/predictor/l2/b:0 (1, 1, 1, 32)
[2018-05-20 18:02:51,653]   local/predictor/l3/W:0 (3, 3, 32, 32)
[2018-05-20 18:02:51,653]   local/predictor/l3/b:0 (1, 1, 1, 32)
[2018-05-20 18:02:51,653]   local/predictor/l4/W:0 (3, 3, 32, 32)
[2018-05-20 18:02:51,653]   local/predictor/l4/b:0 (1, 1, 1, 32)
[2018-05-20 18:02:51,653]   local/predictor/g1/w:0 (576, 256)
[2018-05-20 18:02:51,653]   local/predictor/g1/b:0 (256,)
[2018-05-20 18:02:51,653]   local/predictor/glast/w:0 (256, 4)
[2018-05-20 18:02:51,654]   local/predictor/glast/b:0 (4,)
[2018-05-20 18:02:51,654]   local/predictor/f1/w:0 (292, 256)
[2018-05-20 18:02:51,654]   local/predictor/f1/b:0 (256,)
[2018-05-20 18:02:51,654]   local/predictor/flast/w:0 (256, 288)
[2018-05-20 18:02:51,654]   local/predictor/flast/b:0 (288,)
[2018-05-20 18:02:51,655] Events directory: /scratch/doom3/train_14
[2018-05-20 18:02:54,058] Starting session. If this hangs, we're mostly likely waiting to connect to the parameter server. One common cause is that the parameter server DNS name isn't resolving yet, or is misspecified.
I tensorflow/core/distributed_runtime/master_session.cc:993] Start master session 2881ad3a1456bc67 with config: 
device_filters: "/job:ps"
device_filters: "/job:worker/task:14/cpu:0"

[2018-05-20 18:02:55,323] Called reset on <Unvectorize<VectorizeFilter[<class 'envs.DiagnosticsInfoI'>]<Vectorize<SkipEnv<BufferedObsEnv<NoNegativeRewardEnv<SetPlayingModeWrapper<SetResolutionWrapper<ToDiscreteWrapper<TimeLimit<DoomMyWayHomeFixed15Env instance>>>>>>>>>>> before configuring. Configuring automatically with default arguments
[2018-05-20 18:02:55,701] Starting training at gobal_step=47456
[2018-05-20 18:02:55,705] Resetting environment logs
[2018-05-20 18:03:01,176] True Game terminating: env_episode_reward=0.9999 episode_length=188
[2018-05-20 18:03:01,194] Resetting environment logs
[2018-05-20 18:03:07,340] True Game terminating: env_episode_reward=0.9999 episode_length=217
[2018-05-20 18:03:07,350] Resetting environment logs
[2018-05-20 18:03:12,205] True Game terminating: env_episode_reward=0.9999 episode_length=164
[2018-05-20 18:03:12,213] Resetting environment logs
[2018-05-20 18:03:17,250] True Game terminating: env_episode_reward=0.9999 episode_length=166
[2018-05-20 18:03:17,258] Resetting environment logs
[2018-05-20 18:03:22,449] True Game terminating: env_episode_reward=0.9999 episode_length=172
[2018-05-20 18:03:22,458] Resetting environment logs
[2018-05-20 18:03:28,781] True Game terminating: env_episode_reward=0.9999 episode_length=194
[2018-05-20 18:03:28,798] Resetting environment logs
[2018-05-20 18:03:34,133] True Game terminating: env_episode_reward=0.9999 episode_length=168
[2018-05-20 18:03:34,145] Resetting environment logs
[2018-05-20 18:03:42,108] True Game terminating: env_episode_reward=0.9999 episode_length=237
[2018-05-20 18:03:42,119] Resetting environment logs
[2018-05-20 18:03:48,751] True Game terminating: env_episode_reward=0.9999 episode_length=200
[2018-05-20 18:03:48,760] Resetting environment logs
[2018-05-20 18:03:53,996] True Game terminating: env_episode_reward=0.9999 episode_length=160
[2018-05-20 18:03:54,006] Resetting environment logs
[2018-05-20 18:04:00,529] True Game terminating: env_episode_reward=0.9999 episode_length=196
[2018-05-20 18:04:00,538] Resetting environment logs
[2018-05-20 18:04:14,995] True Game terminating: env_episode_reward=0.9999 episode_length=433
[2018-05-20 18:04:15,024] Resetting environment logs
[2018-05-20 18:04:21,315] True Game terminating: env_episode_reward=0.9999 episode_length=188
[2018-05-20 18:04:21,327] Resetting environment logs
[2018-05-20 18:04:34,398] True Game terminating: env_episode_reward=0.9999 episode_length=387
[2018-05-20 18:04:34,411] Resetting environment logs
[2018-05-20 18:04:40,375] True Game terminating: env_episode_reward=0.9999 episode_length=182
[2018-05-20 18:04:40,389] Resetting environment logs
[2018-05-20 18:04:46,050] True Game terminating: env_episode_reward=0.9999 episode_length=167
[2018-05-20 18:04:46,066] Resetting environment logs
[2018-05-20 18:04:51,779] True Game terminating: env_episode_reward=0.9999 episode_length=171
[2018-05-20 18:04:51,788] Resetting environment logs
[2018-05-20 18:04:58,086] True Game terminating: env_episode_reward=0.9999 episode_length=188
[2018-05-20 18:04:58,095] Resetting environment logs
[2018-05-20 18:05:04,979] True Game terminating: env_episode_reward=0.9999 episode_length=202
[2018-05-20 18:05:04,987] Resetting environment logs
[2018-05-20 18:05:10,664] True Game terminating: env_episode_reward=0.9999 episode_length=171
[2018-05-20 18:05:10,673] Resetting environment logs
[2018-05-20 18:05:16,025] True Game terminating: env_episode_reward=0.9999 episode_length=157
[2018-05-20 18:05:16,040] Resetting environment logs
[2018-05-20 18:05:21,999] True Game terminating: env_episode_reward=0.9999 episode_length=179
[2018-05-20 18:05:22,008] Resetting environment logs
[2018-05-20 18:05:27,759] True Game terminating: env_episode_reward=0.9999 episode_length=168
[2018-05-20 18:05:27,769] Resetting environment logs
[2018-05-20 18:05:32,940] True Game terminating: env_episode_reward=0.9999 episode_length=161
[2018-05-20 18:05:32,950] Resetting environment logs
[2018-05-20 18:05:40,088] True Game terminating: env_episode_reward=0.9999 episode_length=209
[2018-05-20 18:05:40,114] Resetting environment logs
[2018-05-20 18:05:46,233] True Game terminating: env_episode_reward=0.9999 episode_length=188
[2018-05-20 18:05:46,243] Resetting environment logs
[2018-05-20 18:05:51,766] True Game terminating: env_episode_reward=0.9999 episode_length=171
[2018-05-20 18:05:51,774] Resetting environment logs
[2018-05-20 18:06:01,020] True Game terminating: env_episode_reward=0.9999 episode_length=284
[2018-05-20 18:06:01,028] Resetting environment logs
[2018-05-20 18:06:05,967] True Game terminating: env_episode_reward=0.9999 episode_length=144
[2018-05-20 18:06:05,979] Resetting environment logs
[2018-05-20 18:06:11,550] True Game terminating: env_episode_reward=0.9999 episode_length=162
[2018-05-20 18:06:11,564] Resetting environment logs
[2018-05-20 18:06:16,682] True Game terminating: env_episode_reward=0.9999 episode_length=152
[2018-05-20 18:06:16,691] Resetting environment logs
[2018-05-20 18:06:22,579] True Game terminating: env_episode_reward=0.9999 episode_length=171
[2018-05-20 18:06:22,588] Resetting environment logs
[2018-05-20 18:06:34,719] True Game terminating: env_episode_reward=0.9999 episode_length=346
[2018-05-20 18:06:34,728] Resetting environment logs
[2018-05-20 18:06:40,435] True Game terminating: env_episode_reward=0.9999 episode_length=171
[2018-05-20 18:06:40,444] Resetting environment logs
[2018-05-20 18:06:46,626] True Game terminating: env_episode_reward=0.9999 episode_length=185
[2018-05-20 18:06:46,637] Resetting environment logs
[2018-05-20 18:06:52,407] True Game terminating: env_episode_reward=0.9999 episode_length=177
[2018-05-20 18:06:52,417] Resetting environment logs
[2018-05-20 18:06:57,882] True Game terminating: env_episode_reward=0.9999 episode_length=161
[2018-05-20 18:06:57,892] Resetting environment logs
[2018-05-20 18:07:02,762] True Game terminating: env_episode_reward=0.9999 episode_length=145
Using universe head design
Using universe head design
Using universe head design
Using universe head design
Using universe head design
Using universe head design
Optimizer: ADAM with lr: 0.000100
Input observation shape:  (42, 42, 4)
	=> Special Config: Monsters Removed.
Episode finished. Sum of shaped rewards: 1.00. Length: 188. Bonus: 0.1660.
Global Step Counter: 50483
Episode finished. Sum of shaped rewards: 1.00. Length: 217. Bonus: 0.1770.
Global Step Counter: 53810
Episode finished. Sum of shaped rewards: 1.00. Length: 164. Bonus: 0.1545.
Global Step Counter: 56392
Episode finished. Sum of shaped rewards: 1.00. Length: 166. Bonus: 0.1497.
Global Step Counter: 59096
Episode finished. Sum of shaped rewards: 1.00. Length: 172. Bonus: 0.1580.
Global Step Counter: 61870
Episode finished. Sum of shaped rewards: 1.00. Length: 194. Bonus: 0.1778.
Global Step Counter: 65258
Episode finished. Sum of shaped rewards: 1.00. Length: 168. Bonus: 0.1744.
Global Step Counter: 68168
Episode finished. Sum of shaped rewards: 1.00. Length: 237. Bonus: 0.2742.
Global Step Counter: 72578
Episode finished. Sum of shaped rewards: 1.00. Length: 200. Bonus: 0.2342.
Global Step Counter: 76380
Episode finished. Sum of shaped rewards: 1.00. Length: 160. Bonus: 0.1491.
Global Step Counter: 79444
Episode finished. Sum of shaped rewards: 1.00. Length: 196. Bonus: 0.1757.
Global Step Counter: 83309
Episode finished. Sum of shaped rewards: 1.00. Length: 433. Bonus: 0.3032.
Global Step Counter: 91879
Episode finished. Sum of shaped rewards: 1.00. Length: 188. Bonus: 0.1611.
Global Step Counter: 95585
Episode finished. Sum of shaped rewards: 1.00. Length: 387. Bonus: 0.4952.
Global Step Counter: 103256
Episode finished. Sum of shaped rewards: 1.00. Length: 182. Bonus: 0.1549.
Global Step Counter: 106887
Episode finished. Sum of shaped rewards: 1.00. Length: 167. Bonus: 0.1900.
Global Step Counter: 110129
Episode finished. Sum of shaped rewards: 1.00. Length: 171. Bonus: 0.1537.
Global Step Counter: 113513
Episode finished. Sum of shaped rewards: 1.00. Length: 188. Bonus: 0.1868.
Global Step Counter: 117236
Episode finished. Sum of shaped rewards: 1.00. Length: 202. Bonus: 0.1549.
Global Step Counter: 121328
Episode finished. Sum of shaped rewards: 1.00. Length: 171. Bonus: 0.1556.
Global Step Counter: 124663
Episode finished. Sum of shaped rewards: 1.00. Length: 157. Bonus: 0.1443.
Global Step Counter: 127813
Episode finished. Sum of shaped rewards: 1.00. Length: 179. Bonus: 0.1691.
Global Step Counter: 131305
Episode finished. Sum of shaped rewards: 1.00. Length: 168. Bonus: 0.1496.
Global Step Counter: 134774
Episode finished. Sum of shaped rewards: 1.00. Length: 161. Bonus: 0.1564.
Global Step Counter: 137779
Episode finished. Sum of shaped rewards: 1.00. Length: 209. Bonus: 0.1889.
Global Step Counter: 141923
Episode finished. Sum of shaped rewards: 1.00. Length: 188. Bonus: 0.1934.
Global Step Counter: 145581
Episode finished. Sum of shaped rewards: 1.00. Length: 171. Bonus: 0.1545.
Global Step Counter: 148853
Episode finished. Sum of shaped rewards: 1.00. Length: 284. Bonus: 0.4153.
Global Step Counter: 154324
Episode finished. Sum of shaped rewards: 1.00. Length: 144. Bonus: 0.1282.
Global Step Counter: 157222
Episode finished. Sum of shaped rewards: 1.00. Length: 162. Bonus: 0.1521.
Global Step Counter: 160545
Episode finished. Sum of shaped rewards: 1.00. Length: 152. Bonus: 0.1463.
Global Step Counter: 163551
Episode finished. Sum of shaped rewards: 1.00. Length: 171. Bonus: 0.1656.
Global Step Counter: 167053
Episode finished. Sum of shaped rewards: 1.00. Length: 346. Bonus: 0.3031.
Global Step Counter: 174152
Episode finished. Sum of shaped rewards: 1.00. Length: 171. Bonus: 0.1485.
Global Step Counter: 177418
Episode finished. Sum of shaped rewards: 1.00. Length: 185. Bonus: 0.1767.
Global Step Counter: 181073
Episode finished. Sum of shaped rewards: 1.00. Length: 177. Bonus: 0.1669.
Global Step Counter: 184546
Episode finished. Sum of shaped rewards: 1.00. Length: 161. Bonus: 0.1538.
Global Step Counter: 187748
Episode finished. Sum of s[2018-05-20 18:07:02,776] Resetting environment logs
[2018-05-20 18:07:08,413] True Game terminating: env_episode_reward=0.9999 episode_length=170
[2018-05-20 18:07:08,424] Resetting environment logs
[2018-05-20 18:07:14,140] True Game terminating: env_episode_reward=0.9999 episode_length=170
[2018-05-20 18:07:14,149] Resetting environment logs
[2018-05-20 18:07:31,825] True Game terminating: env_episode_reward=0.0 episode_length=525
[2018-05-20 18:07:31,838] Resetting environment logs
[2018-05-20 18:07:37,161] True Game terminating: env_episode_reward=0.9999 episode_length=157
[2018-05-20 18:07:37,170] Resetting environment logs
[2018-05-20 18:07:43,506] True Game terminating: env_episode_reward=0.9999 episode_length=189
[2018-05-20 18:07:43,516] Resetting environment logs
[2018-05-20 18:07:49,456] True Game terminating: env_episode_reward=0.9999 episode_length=178
[2018-05-20 18:07:49,465] Resetting environment logs
[2018-05-20 18:07:55,299] True Game terminating: env_episode_reward=0.9999 episode_length=176
[2018-05-20 18:07:55,314] Resetting environment logs
[2018-05-20 18:08:01,424] True Game terminating: env_episode_reward=0.9999 episode_length=187
[2018-05-20 18:08:01,433] Resetting environment logs
[2018-05-20 18:08:06,515] True Game terminating: env_episode_reward=0.9999 episode_length=154
[2018-05-20 18:08:06,531] Resetting environment logs
[2018-05-20 18:08:12,086] True Game terminating: env_episode_reward=0.9999 episode_length=172
[2018-05-20 18:08:12,097] Resetting environment logs
[2018-05-20 18:08:18,531] True Game terminating: env_episode_reward=0.9999 episode_length=195
[2018-05-20 18:08:18,541] Resetting environment logs
[2018-05-20 18:08:24,560] True Game terminating: env_episode_reward=0.9999 episode_length=184
[2018-05-20 18:08:24,569] Resetting environment logs
[2018-05-20 18:08:30,182] True Game terminating: env_episode_reward=0.9999 episode_length=169
[2018-05-20 18:08:30,198] Resetting environment logs
[2018-05-20 18:08:36,689] True Game terminating: env_episode_reward=0.9999 episode_length=193
[2018-05-20 18:08:36,699] Resetting environment logs
[2018-05-20 18:08:42,420] True Game terminating: env_episode_reward=0.9999 episode_length=168
[2018-05-20 18:08:42,434] Resetting environment logs
[2018-05-20 18:08:46,981] True Game terminating: env_episode_reward=0.9999 episode_length=144
[2018-05-20 18:08:46,990] Resetting environment logs
[2018-05-20 18:08:53,183] True Game terminating: env_episode_reward=0.9999 episode_length=184
[2018-05-20 18:08:53,194] Resetting environment logs
[2018-05-20 18:08:59,466] True Game terminating: env_episode_reward=0.9999 episode_length=190
[2018-05-20 18:08:59,485] Resetting environment logs
[2018-05-20 18:09:05,475] True Game terminating: env_episode_reward=0.9999 episode_length=187
[2018-05-20 18:09:05,489] Resetting environment logs
[2018-05-20 18:09:11,193] True Game terminating: env_episode_reward=0.9999 episode_length=174
[2018-05-20 18:09:11,209] Resetting environment logs
[2018-05-20 18:09:22,831] True Game terminating: env_episode_reward=0.9999 episode_length=360
[2018-05-20 18:09:22,850] Resetting environment logs
[2018-05-20 18:09:28,525] True Game terminating: env_episode_reward=0.9999 episode_length=175
[2018-05-20 18:09:28,546] Resetting environment logs
[2018-05-20 18:09:33,449] True Game terminating: env_episode_reward=0.9999 episode_length=161
[2018-05-20 18:09:33,458] Resetting environment logs
[2018-05-20 18:09:39,852] True Game terminating: env_episode_reward=0.9999 episode_length=192
[2018-05-20 18:09:39,860] Resetting environment logs
[2018-05-20 18:09:46,061] True Game terminating: env_episode_reward=0.9999 episode_length=194
[2018-05-20 18:09:46,073] Resetting environment logs
[2018-05-20 18:09:51,136] True Game terminating: env_episode_reward=0.9999 episode_length=159
[2018-05-20 18:09:51,147] Resetting environment logs
[2018-05-20 18:09:56,794] True Game terminating: env_episode_reward=0.9999 episode_length=170
[2018-05-20 18:09:56,805] Resetting environment logs
[2018-05-20 18:10:02,299] True Game terminating: env_episode_reward=0.9999 episode_length=166
[2018-05-20 18:10:02,309] Resetting environment logs
[2018-05-20 18:10:06,599] True Game terminating: env_episode_reward=0.9999 episode_length=133
[2018-05-20 18:10:06,608] Resetting environment logs
[2018-05-20 18:10:11,368] True Game terminating: env_episode_reward=0.9999 episode_length=153
[2018-05-20 18:10:11,381] Resetting environment logs
[2018-05-20 18:10:16,669] True Game terminating: env_episode_reward=0.9999 episode_length=165
[2018-05-20 18:10:16,679] Resetting environment logs
[2018-05-20 18:10:22,528] True Game terminating: env_episode_reward=0.9999 episode_length=180
[2018-05-20 18:10:22,538] Resetting environment logs
[2018-05-20 18:10:27,911] True Game terminating: env_episode_reward=0.9999 episode_length=169
[2018-05-20 18:10:27,921] Resetting environment logs
[2018-05-20 18:10:32,872] True Game terminating: env_episode_reward=0.9999 episode_length=150
[2018-05-20 18:10:32,883] Resetting environment logs
[2018-05-20 18:10:39,605] True Game terminating: env_episode_reward=0.9999 episode_length=205
[2018-05-20 18:10:39,616] Resetting environment logs
[2018-05-20 18:10:45,056] True Game terminating: env_episode_reward=0.9999 episode_length=178
[2018-05-20 18:10:45,066] Resetting environment logs
[2018-05-20 18:10:50,706] True Game terminating: env_episode_reward=0.9999 episode_length=172
[2018-05-20 18:10:50,716] Resetting environment logs
[2018-05-20 18:10:58,316] True Game terminating: env_episode_reward=0.9999 episode_length=243
[2018-05-20 18:10:58,343] Resetting environment logs
[2018-05-20 18:11:04,233] True Game terminating: env_episode_reward=0.9999 episode_length=175
[2018-05-20 18:11:04,243] Resetting environment logs
haped rewards: 1.00. Length: 145. Bonus: 0.1317.
Global Step Counter: 190667
Episode finished. Sum of shaped rewards: 1.00. Length: 170. Bonus: 0.1449.
Global Step Counter: 194034
Episode finished. Sum of shaped rewards: 1.00. Length: 170. Bonus: 0.1551.
Global Step Counter: 197395
Episode finished. Sum of shaped rewards: 0.00. Length: 525. Bonus: 0.6952.
Global Step Counter: 207932
Episode finished. Sum of shaped rewards: 1.00. Length: 157. Bonus: 0.1352.
Global Step Counter: 211039
Episode finished. Sum of shaped rewards: 1.00. Length: 189. Bonus: 0.1812.
Global Step Counter: 214712
Episode finished. Sum of shaped rewards: 1.00. Length: 178. Bonus: 0.1729.
Global Step Counter: 218101
Episode finished. Sum of shaped rewards: 1.00. Length: 176. Bonus: 0.1432.
Global Step Counter: 221566
Episode finished. Sum of shaped rewards: 1.00. Length: 187. Bonus: 0.1720.
Global Step Counter: 225171
Episode finished. Sum of shaped rewards: 1.00. Length: 154. Bonus: 0.1423.
Global Step Counter: 228238
Episode finished. Sum of shaped rewards: 1.00. Length: 172. Bonus: 0.1669.
Global Step Counter: 231494
Episode finished. Sum of shaped rewards: 1.00. Length: 195. Bonus: 0.1909.
Global Step Counter: 235352
Episode finished. Sum of shaped rewards: 1.00. Length: 184. Bonus: 0.1678.
Global Step Counter: 238835
Episode finished. Sum of shaped rewards: 1.00. Length: 169. Bonus: 0.1466.
Global Step Counter: 242216
Episode finished. Sum of shaped rewards: 1.00. Length: 193. Bonus: 0.1778.
Global Step Counter: 246011
Episode finished. Sum of shaped rewards: 1.00. Length: 168. Bonus: 0.1506.
Global Step Counter: 249412
Episode finished. Sum of shaped rewards: 1.00. Length: 144. Bonus: 0.1345.
Global Step Counter: 252227
Episode finished. Sum of shaped rewards: 1.00. Length: 184. Bonus: 0.1691.
Global Step Counter: 255900
Episode finished. Sum of shaped rewards: 1.00. Length: 190. Bonus: 0.1776.
Global Step Counter: 259778
Episode finished. Sum of shaped rewards: 1.00. Length: 187. Bonus: 0.1477.
Global Step Counter: 263401
Episode finished. Sum of shaped rewards: 1.00. Length: 174. Bonus: 0.1507.
Global Step Counter: 266909
Episode finished. Sum of shaped rewards: 1.00. Length: 360. Bonus: 0.2649.
Global Step Counter: 274036
Episode finished. Sum of shaped rewards: 1.00. Length: 175. Bonus: 0.1726.
Global Step Counter: 277614
Episode finished. Sum of shaped rewards: 1.00. Length: 161. Bonus: 0.1488.
Global Step Counter: 280542
Episode finished. Sum of shaped rewards: 1.00. Length: 192. Bonus: 0.1585.
Global Step Counter: 284484
Episode finished. Sum of shaped rewards: 1.00. Length: 194. Bonus: 0.2736.
Global Step Counter: 288305
Episode finished. Sum of shaped rewards: 1.00. Length: 159. Bonus: 0.1296.
Global Step Counter: 291360
Episode finished. Sum of shaped rewards: 1.00. Length: 170. Bonus: 0.1796.
Global Step Counter: 294759
Episode finished. Sum of shaped rewards: 1.00. Length: 166. Bonus: 0.1623.
Global Step Counter: 298082
Episode finished. Sum of shaped rewards: 1.00. Length: 133. Bonus: 0.1233.
Global Step Counter: 300736
Episode finished. Sum of shaped rewards: 1.00. Length: 153. Bonus: 0.1360.
Global Step Counter: 303683
Episode finished. Sum of shaped rewards: 1.00. Length: 165. Bonus: 0.1380.
Global Step Counter: 306825
Episode finished. Sum of shaped rewards: 1.00. Length: 180. Bonus: 0.1593.
Global Step Counter: 310452
Episode finished. Sum of shaped rewards: 1.00. Length: 169. Bonus: 0.1608.
Global Step Counter: 313781
Episode finished. Sum of shaped rewards: 1.00. Length: 150. Bonus: 0.1349.
Global Step Counter: 316854
Episode finished. Sum of shaped rewards: 1.00. Length: 205. Bonus: 0.2143.
Global Step Counter: 320966
Episode finished. Sum of shaped rewards: 1.00. Length: 178. Bonus: 0.1409.
Global Step Counter: 324315
Episode finished. Sum of shaped rewards: 1.00. Length: 172. Bonus: 0.1632.
Global Step Counter: 327830
Episode finished. Sum of shaped rewards: 1.00. Length: 243. Bonus: 0.2787.
Global Step Counter: 332455
Episode finished. Sum of shaped rewards: 1.00. Length: 175. Bonus: 0.1419.
Global Step Counter: 336014
