[2018-05-20 18:00:25,828] Writing logs to file: /tmp/universe-5583.log
I tensorflow/core/distributed_runtime/rpc/grpc_channel.cc:197] Initialize GrpcChannelCache for job ps -> {0 -> 127.0.0.1:12222}
I tensorflow/core/distributed_runtime/rpc/grpc_channel.cc:197] Initialize GrpcChannelCache for job worker -> {0 -> 127.0.0.1:12223, 1 -> 127.0.0.1:12224, 2 -> 127.0.0.1:12225, 3 -> 127.0.0.1:12226, 4 -> 127.0.0.1:12227, 5 -> 127.0.0.1:12228, 6 -> 127.0.0.1:12229, 7 -> 127.0.0.1:12230, 8 -> 127.0.0.1:12231, 9 -> 127.0.0.1:12232, 10 -> 127.0.0.1:12233, 11 -> 127.0.0.1:12234, 12 -> 127.0.0.1:12235, 13 -> 127.0.0.1:12236, 14 -> 127.0.0.1:12237, 15 -> 127.0.0.1:12238, 16 -> 127.0.0.1:12239, 17 -> localhost:12240, 18 -> 127.0.0.1:12241, 19 -> 127.0.0.1:12242}
I tensorflow/core/distributed_runtime/rpc/grpc_server_lib.cc:211] Started server with target: grpc://localhost:12240
[2018-05-20 18:03:16,585] Making new env: ppaquette/DoomMyWayHomeFixed15-v0
[2018-05-20 18:03:21,768] Trainable vars:
[2018-05-20 18:03:21,769]   global/l1/W:0 (3, 3, 4, 32)
[2018-05-20 18:03:21,769]   global/l1/b:0 (1, 1, 1, 32)
[2018-05-20 18:03:21,769]   global/l2/W:0 (3, 3, 32, 32)
[2018-05-20 18:03:21,769]   global/l2/b:0 (1, 1, 1, 32)
[2018-05-20 18:03:21,769]   global/l3/W:0 (3, 3, 32, 32)
[2018-05-20 18:03:21,769]   global/l3/b:0 (1, 1, 1, 32)
[2018-05-20 18:03:21,769]   global/l4/W:0 (3, 3, 32, 32)
[2018-05-20 18:03:21,769]   global/l4/b:0 (1, 1, 1, 32)
[2018-05-20 18:03:21,769]   global/RNN/BasicLSTMCell/Linear/Matrix:0 (544, 1024)
[2018-05-20 18:03:21,769]   global/RNN/BasicLSTMCell/Linear/Bias:0 (1024,)
[2018-05-20 18:03:21,770]   global/value/w:0 (256, 1)
[2018-05-20 18:03:21,770]   global/value/b:0 (1,)
[2018-05-20 18:03:21,770]   global/action/w:0 (256, 4)
[2018-05-20 18:03:21,770]   global/action/b:0 (4,)
[2018-05-20 18:03:21,770]   global/predictor/l1/W:0 (3, 3, 4, 32)
[2018-05-20 18:03:21,770]   global/predictor/l1/b:0 (1, 1, 1, 32)
[2018-05-20 18:03:21,770]   global/predictor/l2/W:0 (3, 3, 32, 32)
[2018-05-20 18:03:21,770]   global/predictor/l2/b:0 (1, 1, 1, 32)
[2018-05-20 18:03:21,770]   global/predictor/l3/W:0 (3, 3, 32, 32)
[2018-05-20 18:03:21,771]   global/predictor/l3/b:0 (1, 1, 1, 32)
[2018-05-20 18:03:21,771]   global/predictor/l4/W:0 (3, 3, 32, 32)
[2018-05-20 18:03:21,771]   global/predictor/l4/b:0 (1, 1, 1, 32)
[2018-05-20 18:03:21,771]   global/predictor/g1/w:0 (576, 256)
[2018-05-20 18:03:21,771]   global/predictor/g1/b:0 (256,)
[2018-05-20 18:03:21,771]   global/predictor/glast/w:0 (256, 4)
[2018-05-20 18:03:21,771]   global/predictor/glast/b:0 (4,)
[2018-05-20 18:03:21,771]   global/predictor/f1/w:0 (292, 256)
[2018-05-20 18:03:21,772]   global/predictor/f1/b:0 (256,)
[2018-05-20 18:03:21,772]   global/predictor/flast/w:0 (256, 288)
[2018-05-20 18:03:21,772]   global/predictor/flast/b:0 (288,)
[2018-05-20 18:03:21,772]   local/l1/W:0 (3, 3, 4, 32)
[2018-05-20 18:03:21,772]   local/l1/b:0 (1, 1, 1, 32)
[2018-05-20 18:03:21,772]   local/l2/W:0 (3, 3, 32, 32)
[2018-05-20 18:03:21,772]   local/l2/b:0 (1, 1, 1, 32)
[2018-05-20 18:03:21,772]   local/l3/W:0 (3, 3, 32, 32)
[2018-05-20 18:03:21,772]   local/l3/b:0 (1, 1, 1, 32)
[2018-05-20 18:03:21,773]   local/l4/W:0 (3, 3, 32, 32)
[2018-05-20 18:03:21,773]   local/l4/b:0 (1, 1, 1, 32)
[2018-05-20 18:03:21,773]   local/RNN/BasicLSTMCell/Linear/Matrix:0 (544, 1024)
[2018-05-20 18:03:21,773]   local/RNN/BasicLSTMCell/Linear/Bias:0 (1024,)
[2018-05-20 18:03:21,773]   local/value/w:0 (256, 1)
[2018-05-20 18:03:21,773]   local/value/b:0 (1,)
[2018-05-20 18:03:21,773]   local/action/w:0 (256, 4)
[2018-05-20 18:03:21,774]   local/action/b:0 (4,)
[2018-05-20 18:03:21,774]   local/predictor/l1/W:0 (3, 3, 4, 32)
[2018-05-20 18:03:21,774]   local/predictor/l1/b:0 (1, 1, 1, 32)
[2018-05-20 18:03:21,774]   local/predictor/l2/W:0 (3, 3, 32, 32)
[2018-05-20 18:03:21,774]   local/predictor/l2/b:0 (1, 1, 1, 32)
[2018-05-20 18:03:21,774]   local/predictor/l3/W:0 (3, 3, 32, 32)
[2018-05-20 18:03:21,774]   local/predictor/l3/b:0 (1, 1, 1, 32)
[2018-05-20 18:03:21,774]   local/predictor/l4/W:0 (3, 3, 32, 32)
[2018-05-20 18:03:21,774]   local/predictor/l4/b:0 (1, 1, 1, 32)
[2018-05-20 18:03:21,775]   local/predictor/g1/w:0 (576, 256)
[2018-05-20 18:03:21,775]   local/predictor/g1/b:0 (256,)
[2018-05-20 18:03:21,775]   local/predictor/glast/w:0 (256, 4)
[2018-05-20 18:03:21,775]   local/predictor/glast/b:0 (4,)
[2018-05-20 18:03:21,775]   local/predictor/f1/w:0 (292, 256)
[2018-05-20 18:03:21,775]   local/predictor/f1/b:0 (256,)
[2018-05-20 18:03:21,775]   local/predictor/flast/w:0 (256, 288)
[2018-05-20 18:03:21,775]   local/predictor/flast/b:0 (288,)
[2018-05-20 18:03:21,776] Events directory: /scratch/doom3/train_17
[2018-05-20 18:03:24,243] Starting session. If this hangs, we're mostly likely waiting to connect to the parameter server. One common cause is that the parameter server DNS name isn't resolving yet, or is misspecified.
I tensorflow/core/distributed_runtime/master_session.cc:993] Start master session 9a2d82780de780bc with config: 
device_filters: "/job:ps"
device_filters: "/job:worker/task:17/cpu:0"

[2018-05-20 18:03:25,610] Called reset on <Unvectorize<VectorizeFilter[<class 'envs.DiagnosticsInfoI'>]<Vectorize<SkipEnv<BufferedObsEnv<NoNegativeRewardEnv<SetPlayingModeWrapper<SetResolutionWrapper<ToDiscreteWrapper<TimeLimit<DoomMyWayHomeFixed15Env instance>>>>>>>>>>> before configuring. Configuring automatically with default arguments
[2018-05-20 18:03:26,013] Starting training at gobal_step=63548
[2018-05-20 18:03:26,016] Resetting environment logs
[2018-05-20 18:03:31,635] True Game terminating: env_episode_reward=0.9999 episode_length=171
[2018-05-20 18:03:31,646] Resetting environment logs
[2018-05-20 18:03:36,780] True Game terminating: env_episode_reward=0.9999 episode_length=158
[2018-05-20 18:03:36,790] Resetting environment logs
[2018-05-20 18:03:42,443] True Game terminating: env_episode_reward=0.9999 episode_length=167
[2018-05-20 18:03:42,452] Resetting environment logs
[2018-05-20 18:03:48,095] True Game terminating: env_episode_reward=0.9999 episode_length=165
[2018-05-20 18:03:48,106] Resetting environment logs
[2018-05-20 18:03:54,743] True Game terminating: env_episode_reward=0.9999 episode_length=195
[2018-05-20 18:03:54,755] Resetting environment logs
[2018-05-20 18:04:02,002] True Game terminating: env_episode_reward=0.9999 episode_length=221
[2018-05-20 18:04:02,011] Resetting environment logs
[2018-05-20 18:04:08,564] True Game terminating: env_episode_reward=0.9999 episode_length=197
[2018-05-20 18:04:08,578] Resetting environment logs
[2018-05-20 18:04:15,939] True Game terminating: env_episode_reward=0.9999 episode_length=212
[2018-05-20 18:04:15,949] Resetting environment logs
[2018-05-20 18:04:21,158] True Game terminating: env_episode_reward=0.9999 episode_length=152
[2018-05-20 18:04:21,170] Resetting environment logs
[2018-05-20 18:04:26,850] True Game terminating: env_episode_reward=0.9999 episode_length=171
[2018-05-20 18:04:26,859] Resetting environment logs
[2018-05-20 18:04:36,744] True Game terminating: env_episode_reward=0.9999 episode_length=291
[2018-05-20 18:04:36,762] Resetting environment logs
[2018-05-20 18:04:42,388] True Game terminating: env_episode_reward=0.9999 episode_length=174
[2018-05-20 18:04:42,398] Resetting environment logs
[2018-05-20 18:04:48,487] True Game terminating: env_episode_reward=0.9999 episode_length=182
[2018-05-20 18:04:48,502] Resetting environment logs
[2018-05-20 18:04:54,188] True Game terminating: env_episode_reward=0.9999 episode_length=167
[2018-05-20 18:04:54,198] Resetting environment logs
[2018-05-20 18:05:00,145] True Game terminating: env_episode_reward=0.9999 episode_length=180
[2018-05-20 18:05:00,154] Resetting environment logs
[2018-05-20 18:05:07,091] True Game terminating: env_episode_reward=0.9999 episode_length=206
[2018-05-20 18:05:07,106] Resetting environment logs
[2018-05-20 18:05:13,029] True Game terminating: env_episode_reward=0.9999 episode_length=178
[2018-05-20 18:05:13,041] Resetting environment logs
[2018-05-20 18:05:20,839] True Game terminating: env_episode_reward=0.9999 episode_length=229
[2018-05-20 18:05:20,850] Resetting environment logs
[2018-05-20 18:05:26,318] True Game terminating: env_episode_reward=0.9999 episode_length=164
[2018-05-20 18:05:26,328] Resetting environment logs
[2018-05-20 18:05:31,972] True Game terminating: env_episode_reward=0.9999 episode_length=172
[2018-05-20 18:05:31,981] Resetting environment logs
[2018-05-20 18:05:37,178] True Game terminating: env_episode_reward=0.9999 episode_length=146
[2018-05-20 18:05:37,197] Resetting environment logs
[2018-05-20 18:05:55,009] True Game terminating: env_episode_reward=0.0 episode_length=525
[2018-05-20 18:05:55,021] Resetting environment logs
[2018-05-20 18:06:00,925] True Game terminating: env_episode_reward=0.9999 episode_length=176
[2018-05-20 18:06:00,934] Resetting environment logs
[2018-05-20 18:06:06,133] True Game terminating: env_episode_reward=0.9999 episode_length=157
[2018-05-20 18:06:06,143] Resetting environment logs
[2018-05-20 18:06:12,390] True Game terminating: env_episode_reward=0.9999 episode_length=184
[2018-05-20 18:06:12,399] Resetting environment logs
[2018-05-20 18:06:18,659] True Game terminating: env_episode_reward=0.9999 episode_length=189
[2018-05-20 18:06:18,668] Resetting environment logs
[2018-05-20 18:06:24,124] True Game terminating: env_episode_reward=0.9999 episode_length=169
[2018-05-20 18:06:24,136] Resetting environment logs
[2018-05-20 18:06:29,721] True Game terminating: env_episode_reward=0.9999 episode_length=167
[2018-05-20 18:06:29,736] Resetting environment logs
[2018-05-20 18:06:34,543] True Game terminating: env_episode_reward=0.9999 episode_length=147
[2018-05-20 18:06:34,555] Resetting environment logs
[2018-05-20 18:06:39,039] True Game terminating: env_episode_reward=0.9999 episode_length=141
[2018-05-20 18:06:39,057] Resetting environment logs
[2018-05-20 18:06:45,365] True Game terminating: env_episode_reward=0.9999 episode_length=193
[2018-05-20 18:06:45,376] Resetting environment logs
[2018-05-20 18:06:52,507] True Game terminating: env_episode_reward=0.9999 episode_length=220
[2018-05-20 18:06:52,519] Resetting environment logs
[2018-05-20 18:06:57,904] True Game terminating: env_episode_reward=0.9999 episode_length=162
[2018-05-20 18:06:57,914] Resetting environment logs
[2018-05-20 18:07:03,646] True Game terminating: env_episode_reward=0.9999 episode_length=169
[2018-05-20 18:07:03,655] Resetting environment logs
[2018-05-20 18:07:09,184] True Game terminating: env_episode_reward=0.9999 episode_length=172
[2018-05-20 18:07:09,196] Resetting environment logs
[2018-05-20 18:07:15,395] True Game terminating: env_episode_reward=0.9999 episode_length=183
[2018-05-20 18:07:15,408] Resetting environment logs
[2018-05-20 18:07:21,663] True Game terminating: env_episode_reward=0.9999 episode_length=196
[2018-05-20 18:07:21,696] Resetting environment logs
[2018-05-20 18:07:28,798] True Game terminating: env_episode_reward=0.9999 episode_length=213
Using universe head design
Using universe head design
Using universe head design
Using universe head design
Using universe head design
Using universe head design
Optimizer: ADAM with lr: 0.000100
Input observation shape:  (42, 42, 4)
	=> Special Config: Monsters Removed.
Episode finished. Sum of shaped rewards: 1.00. Length: 171. Bonus: 0.1508.
Global Step Counter: 66776
Episode finished. Sum of shaped rewards: 1.00. Length: 158. Bonus: 0.1576.
Global Step Counter: 69575
Episode finished. Sum of shaped rewards: 1.00. Length: 167. Bonus: 0.1411.
Global Step Counter: 72767
Episode finished. Sum of shaped rewards: 1.00. Length: 165. Bonus: 0.1494.
Global Step Counter: 75960
Episode finished. Sum of shaped rewards: 1.00. Length: 195. Bonus: 0.1678.
Global Step Counter: 79863
Episode finished. Sum of shaped rewards: 1.00. Length: 221. Bonus: 0.2720.
Global Step Counter: 84257
Episode finished. Sum of shaped rewards: 1.00. Length: 197. Bonus: 0.1992.
Global Step Counter: 88066
Episode finished. Sum of shaped rewards: 1.00. Length: 212. Bonus: 0.2131.
Global Step Counter: 92428
Episode finished. Sum of shaped rewards: 1.00. Length: 152. Bonus: 0.1561.
Global Step Counter: 95516
Episode finished. Sum of shaped rewards: 1.00. Length: 171. Bonus: 0.1523.
Global Step Counter: 98835
Episode finished. Sum of shaped rewards: 1.00. Length: 291. Bonus: 0.3419.
Global Step Counter: 104666
Episode finished. Sum of shaped rewards: 1.00. Length: 174. Bonus: 0.1559.
Global Step Counter: 107995
Episode finished. Sum of shaped rewards: 1.00. Length: 182. Bonus: 0.1669.
Global Step Counter: 111674
Episode finished. Sum of shaped rewards: 1.00. Length: 167. Bonus: 0.1531.
Global Step Counter: 114967
Episode finished. Sum of shaped rewards: 1.00. Length: 180. Bonus: 0.2113.
Global Step Counter: 118440
Episode finished. Sum of shaped rewards: 1.00. Length: 206. Bonus: 0.1764.
Global Step Counter: 122604
Episode finished. Sum of shaped rewards: 1.00. Length: 178. Bonus: 0.2104.
Global Step Counter: 126075
Episode finished. Sum of shaped rewards: 1.00. Length: 229. Bonus: 0.2292.
Global Step Counter: 130647
Episode finished. Sum of shaped rewards: 1.00. Length: 164. Bonus: 0.1561.
Global Step Counter: 133930
Episode finished. Sum of shaped rewards: 1.00. Length: 172. Bonus: 0.1571.
Global Step Counter: 137226
Episode finished. Sum of shaped rewards: 1.00. Length: 146. Bonus: 0.1496.
Global Step Counter: 140152
Episode finished. Sum of shaped rewards: 0.00. Length: 525. Bonus: 0.6334.
Global Step Counter: 150791
Episode finished. Sum of shaped rewards: 1.00. Length: 176. Bonus: 0.1499.
Global Step Counter: 154300
Episode finished. Sum of shaped rewards: 1.00. Length: 157. Bonus: 0.1385.
Global Step Counter: 157279
Episode finished. Sum of shaped rewards: 1.00. Length: 184. Bonus: 0.1815.
Global Step Counter: 160959
Episode finished. Sum of shaped rewards: 1.00. Length: 189. Bonus: 0.1814.
Global Step Counter: 164677
Episode finished. Sum of shaped rewards: 1.00. Length: 169. Bonus: 0.1690.
Global Step Counter: 167904
Episode finished. Sum of shaped rewards: 1.00. Length: 167. Bonus: 0.1506.
Global Step Counter: 171135
Episode finished. Sum of shaped rewards: 1.00. Length: 147. Bonus: 0.1370.
Global Step Counter: 174113
Episode finished. Sum of shaped rewards: 1.00. Length: 141. Bonus: 0.1331.
Global Step Counter: 176700
Episode finished. Sum of shaped rewards: 1.00. Length: 193. Bonus: 0.1746.
Global Step Counter: 180361
Episode finished. Sum of shaped rewards: 1.00. Length: 220. Bonus: 0.2420.
Global Step Counter: 184586
Episode finished. Sum of shaped rewards: 1.00. Length: 162. Bonus: 0.1371.
Global Step Counter: 187888
Episode finished. Sum of shaped rewards: 1.00. Length: 169. Bonus: 0.1636.
Global Step Counter: 191140
Episode finished. Sum of shaped rewards: 1.00. Length: 172. Bonus: 0.1558.
Global Step Counter: 194464
Episode finished. Sum of shaped rewards: 1.00. Length: 183. Bonus: 0.1617.
Global Step Counter: 198109
Episode finished. Sum of shaped rewards: 1.00. Length: 196. Bonus: 0.1955.
Global Step Counter: 201850
Episode finished. Sum o[2018-05-20 18:07:28,808] Resetting environment logs
[2018-05-20 18:07:34,613] True Game terminating: env_episode_reward=0.9999 episode_length=173
[2018-05-20 18:07:34,625] Resetting environment logs
[2018-05-20 18:07:39,940] True Game terminating: env_episode_reward=0.9999 episode_length=163
[2018-05-20 18:07:39,954] Resetting environment logs
[2018-05-20 18:07:45,487] True Game terminating: env_episode_reward=0.9999 episode_length=169
[2018-05-20 18:07:45,497] Resetting environment logs
[2018-05-20 18:07:51,832] True Game terminating: env_episode_reward=0.9999 episode_length=184
[2018-05-20 18:07:51,842] Resetting environment logs
[2018-05-20 18:07:58,490] True Game terminating: env_episode_reward=0.9999 episode_length=194
[2018-05-20 18:07:58,503] Resetting environment logs
[2018-05-20 18:08:04,550] True Game terminating: env_episode_reward=0.9999 episode_length=179
[2018-05-20 18:08:04,558] Resetting environment logs
[2018-05-20 18:08:11,870] True Game terminating: env_episode_reward=0.9999 episode_length=227
[2018-05-20 18:08:11,880] Resetting environment logs
[2018-05-20 18:08:17,970] True Game terminating: env_episode_reward=0.9999 episode_length=179
[2018-05-20 18:08:17,983] Resetting environment logs
[2018-05-20 18:08:24,473] True Game terminating: env_episode_reward=0.9999 episode_length=198
[2018-05-20 18:08:24,483] Resetting environment logs
[2018-05-20 18:08:30,511] True Game terminating: env_episode_reward=0.9999 episode_length=177
[2018-05-20 18:08:30,523] Resetting environment logs
[2018-05-20 18:08:37,922] True Game terminating: env_episode_reward=0.9999 episode_length=228
[2018-05-20 18:08:37,933] Resetting environment logs
[2018-05-20 18:08:43,492] True Game terminating: env_episode_reward=0.9999 episode_length=167
[2018-05-20 18:08:43,502] Resetting environment logs
[2018-05-20 18:08:49,938] True Game terminating: env_episode_reward=0.9999 episode_length=201
[2018-05-20 18:08:49,963] Resetting environment logs
[2018-05-20 18:08:56,206] True Game terminating: env_episode_reward=0.9999 episode_length=190
[2018-05-20 18:08:56,218] Resetting environment logs
[2018-05-20 18:09:00,966] True Game terminating: env_episode_reward=0.9999 episode_length=145
[2018-05-20 18:09:00,977] Resetting environment logs
[2018-05-20 18:09:06,419] True Game terminating: env_episode_reward=0.9999 episode_length=169
[2018-05-20 18:09:06,429] Resetting environment logs
[2018-05-20 18:09:11,367] True Game terminating: env_episode_reward=0.9999 episode_length=159
[2018-05-20 18:09:11,377] Resetting environment logs
[2018-05-20 18:09:16,866] True Game terminating: env_episode_reward=0.9999 episode_length=170
[2018-05-20 18:09:16,874] Resetting environment logs
[2018-05-20 18:09:22,709] True Game terminating: env_episode_reward=0.9999 episode_length=180
[2018-05-20 18:09:22,720] Resetting environment logs
[2018-05-20 18:09:28,772] True Game terminating: env_episode_reward=0.9999 episode_length=187
[2018-05-20 18:09:28,782] Resetting environment logs
[2018-05-20 18:09:35,864] True Game terminating: env_episode_reward=0.9999 episode_length=216
[2018-05-20 18:09:35,873] Resetting environment logs
[2018-05-20 18:09:41,125] True Game terminating: env_episode_reward=0.9999 episode_length=169
[2018-05-20 18:09:41,134] Resetting environment logs
[2018-05-20 18:09:54,822] True Game terminating: env_episode_reward=0.9999 episode_length=424
[2018-05-20 18:09:54,834] Resetting environment logs
[2018-05-20 18:09:59,666] True Game terminating: env_episode_reward=0.9999 episode_length=147
[2018-05-20 18:09:59,678] Resetting environment logs
[2018-05-20 18:10:04,834] True Game terminating: env_episode_reward=0.9999 episode_length=162
[2018-05-20 18:10:04,846] Resetting environment logs
[2018-05-20 18:10:13,534] True Game terminating: env_episode_reward=0.9999 episode_length=266
[2018-05-20 18:10:13,543] Resetting environment logs
[2018-05-20 18:10:19,618] True Game terminating: env_episode_reward=0.9999 episode_length=192
[2018-05-20 18:10:19,628] Resetting environment logs
[2018-05-20 18:10:25,174] True Game terminating: env_episode_reward=0.9999 episode_length=169
[2018-05-20 18:10:25,197] Resetting environment logs
[2018-05-20 18:10:30,080] True Game terminating: env_episode_reward=0.9999 episode_length=158
[2018-05-20 18:10:30,097] Resetting environment logs
[2018-05-20 18:10:34,455] True Game terminating: env_episode_reward=0.9999 episode_length=138
[2018-05-20 18:10:34,467] Resetting environment logs
[2018-05-20 18:10:39,501] True Game terminating: env_episode_reward=0.9999 episode_length=159
[2018-05-20 18:10:39,510] Resetting environment logs
[2018-05-20 18:10:44,962] True Game terminating: env_episode_reward=0.9999 episode_length=170
[2018-05-20 18:10:44,973] Resetting environment logs
[2018-05-20 18:10:50,041] True Game terminating: env_episode_reward=0.9999 episode_length=164
[2018-05-20 18:10:50,052] Resetting environment logs
[2018-05-20 18:10:55,020] True Game terminating: env_episode_reward=0.9999 episode_length=155
[2018-05-20 18:10:55,035] Resetting environment logs
[2018-05-20 18:11:00,736] True Game terminating: env_episode_reward=0.9999 episode_length=174
[2018-05-20 18:11:00,770] Resetting environment logs
f shaped rewards: 1.00. Length: 213. Bonus: 0.1674.
Global Step Counter: 206126
Episode finished. Sum of shaped rewards: 1.00. Length: 173. Bonus: 0.1633.
Global Step Counter: 209529
Episode finished. Sum of shaped rewards: 1.00. Length: 163. Bonus: 0.1512.
Global Step Counter: 212641
Episode finished. Sum of shaped rewards: 1.00. Length: 169. Bonus: 0.1513.
Global Step Counter: 215828
Episode finished. Sum of shaped rewards: 1.00. Length: 184. Bonus: 0.1663.
Global Step Counter: 219492
Episode finished. Sum of shaped rewards: 1.00. Length: 194. Bonus: 0.1479.
Global Step Counter: 223428
Episode finished. Sum of shaped rewards: 1.00. Length: 179. Bonus: 0.1528.
Global Step Counter: 227036
Episode finished. Sum of shaped rewards: 1.00. Length: 227. Bonus: 0.1925.
Global Step Counter: 231341
Episode finished. Sum of shaped rewards: 1.00. Length: 179. Bonus: 0.1665.
Global Step Counter: 234977
Episode finished. Sum of shaped rewards: 1.00. Length: 198. Bonus: 0.2439.
Global Step Counter: 238817
Episode finished. Sum of shaped rewards: 1.00. Length: 177. Bonus: 0.1518.
Global Step Counter: 242403
Episode finished. Sum of shaped rewards: 1.00. Length: 228. Bonus: 0.2071.
Global Step Counter: 246747
Episode finished. Sum of shaped rewards: 1.00. Length: 167. Bonus: 0.1469.
Global Step Counter: 250031
Episode finished. Sum of shaped rewards: 1.00. Length: 201. Bonus: 0.1966.
Global Step Counter: 254056
Episode finished. Sum of shaped rewards: 1.00. Length: 190. Bonus: 0.1706.
Global Step Counter: 257787
Episode finished. Sum of shaped rewards: 1.00. Length: 145. Bonus: 0.1326.
Global Step Counter: 260670
Episode finished. Sum of shaped rewards: 1.00. Length: 169. Bonus: 0.1455.
Global Step Counter: 263988
Episode finished. Sum of shaped rewards: 1.00. Length: 159. Bonus: 0.1401.
Global Step Counter: 266983
Episode finished. Sum of shaped rewards: 1.00. Length: 170. Bonus: 0.1429.
Global Step Counter: 270378
Episode finished. Sum of shaped rewards: 1.00. Length: 180. Bonus: 0.1791.
Global Step Counter: 273996
Episode finished. Sum of shaped rewards: 1.00. Length: 187. Bonus: 0.1686.
Global Step Counter: 277674
Episode finished. Sum of shaped rewards: 1.00. Length: 216. Bonus: 0.2531.
Global Step Counter: 282004
Episode finished. Sum of shaped rewards: 1.00. Length: 169. Bonus: 0.1773.
Global Step Counter: 285245
Episode finished. Sum of shaped rewards: 1.00. Length: 424. Bonus: 0.4457.
Global Step Counter: 293534
Episode finished. Sum of shaped rewards: 1.00. Length: 147. Bonus: 0.1352.
Global Step Counter: 296496
Episode finished. Sum of shaped rewards: 1.00. Length: 162. Bonus: 0.1417.
Global Step Counter: 299733
Episode finished. Sum of shaped rewards: 1.00. Length: 266. Bonus: 0.2650.
Global Step Counter: 304951
Episode finished. Sum of shaped rewards: 1.00. Length: 192. Bonus: 0.1794.
Global Step Counter: 308685
Episode finished. Sum of shaped rewards: 1.00. Length: 169. Bonus: 0.1539.
Global Step Counter: 312076
Episode finished. Sum of shaped rewards: 1.00. Length: 158. Bonus: 0.1254.
Global Step Counter: 315093
Episode finished. Sum of shaped rewards: 1.00. Length: 138. Bonus: 0.1158.
Global Step Counter: 317811
Episode finished. Sum of shaped rewards: 1.00. Length: 159. Bonus: 0.1438.
Global Step Counter: 320916
Episode finished. Sum of shaped rewards: 1.00. Length: 170. Bonus: 0.1321.
Global Step Counter: 324285
Episode finished. Sum of shaped rewards: 1.00. Length: 164. Bonus: 0.1430.
Global Step Counter: 327408
Episode finished. Sum of shaped rewards: 1.00. Length: 155. Bonus: 0.1465.
Global Step Counter: 330501
Episode finished. Sum of shaped rewards: 1.00. Length: 174. Bonus: 0.1790.
Global Step Counter: 333957
