[2018-05-20 18:00:25,827] Writing logs to file: /tmp/universe-5569.log
I tensorflow/core/distributed_runtime/rpc/grpc_channel.cc:197] Initialize GrpcChannelCache for job ps -> {0 -> 127.0.0.1:12222}
I tensorflow/core/distributed_runtime/rpc/grpc_channel.cc:197] Initialize GrpcChannelCache for job worker -> {0 -> 127.0.0.1:12223, 1 -> 127.0.0.1:12224, 2 -> 127.0.0.1:12225, 3 -> localhost:12226, 4 -> 127.0.0.1:12227, 5 -> 127.0.0.1:12228, 6 -> 127.0.0.1:12229, 7 -> 127.0.0.1:12230, 8 -> 127.0.0.1:12231, 9 -> 127.0.0.1:12232, 10 -> 127.0.0.1:12233, 11 -> 127.0.0.1:12234, 12 -> 127.0.0.1:12235, 13 -> 127.0.0.1:12236, 14 -> 127.0.0.1:12237, 15 -> 127.0.0.1:12238, 16 -> 127.0.0.1:12239, 17 -> 127.0.0.1:12240, 18 -> 127.0.0.1:12241, 19 -> 127.0.0.1:12242}
I tensorflow/core/distributed_runtime/rpc/grpc_server_lib.cc:211] Started server with target: grpc://localhost:12226
[2018-05-20 18:00:56,490] Making new env: ppaquette/DoomMyWayHomeFixed15-v0
[2018-05-20 18:00:59,641] Trainable vars:
[2018-05-20 18:00:59,642]   global/l1/W:0 (3, 3, 4, 32)
[2018-05-20 18:00:59,642]   global/l1/b:0 (1, 1, 1, 32)
[2018-05-20 18:00:59,642]   global/l2/W:0 (3, 3, 32, 32)
[2018-05-20 18:00:59,642]   global/l2/b:0 (1, 1, 1, 32)
[2018-05-20 18:00:59,642]   global/l3/W:0 (3, 3, 32, 32)
[2018-05-20 18:00:59,642]   global/l3/b:0 (1, 1, 1, 32)
[2018-05-20 18:00:59,642]   global/l4/W:0 (3, 3, 32, 32)
[2018-05-20 18:00:59,642]   global/l4/b:0 (1, 1, 1, 32)
[2018-05-20 18:00:59,642]   global/RNN/BasicLSTMCell/Linear/Matrix:0 (544, 1024)
[2018-05-20 18:00:59,642]   global/RNN/BasicLSTMCell/Linear/Bias:0 (1024,)
[2018-05-20 18:00:59,643]   global/value/w:0 (256, 1)
[2018-05-20 18:00:59,643]   global/value/b:0 (1,)
[2018-05-20 18:00:59,643]   global/action/w:0 (256, 4)
[2018-05-20 18:00:59,643]   global/action/b:0 (4,)
[2018-05-20 18:00:59,643]   global/predictor/l1/W:0 (3, 3, 4, 32)
[2018-05-20 18:00:59,643]   global/predictor/l1/b:0 (1, 1, 1, 32)
[2018-05-20 18:00:59,643]   global/predictor/l2/W:0 (3, 3, 32, 32)
[2018-05-20 18:00:59,643]   global/predictor/l2/b:0 (1, 1, 1, 32)
[2018-05-20 18:00:59,643]   global/predictor/l3/W:0 (3, 3, 32, 32)
[2018-05-20 18:00:59,643]   global/predictor/l3/b:0 (1, 1, 1, 32)
[2018-05-20 18:00:59,643]   global/predictor/l4/W:0 (3, 3, 32, 32)
[2018-05-20 18:00:59,643]   global/predictor/l4/b:0 (1, 1, 1, 32)
[2018-05-20 18:00:59,643]   global/predictor/g1/w:0 (576, 256)
[2018-05-20 18:00:59,643]   global/predictor/g1/b:0 (256,)
[2018-05-20 18:00:59,644]   global/predictor/glast/w:0 (256, 4)
[2018-05-20 18:00:59,644]   global/predictor/glast/b:0 (4,)
[2018-05-20 18:00:59,644]   global/predictor/f1/w:0 (292, 256)
[2018-05-20 18:00:59,644]   global/predictor/f1/b:0 (256,)
[2018-05-20 18:00:59,644]   global/predictor/flast/w:0 (256, 288)
[2018-05-20 18:00:59,644]   global/predictor/flast/b:0 (288,)
[2018-05-20 18:00:59,644]   local/l1/W:0 (3, 3, 4, 32)
[2018-05-20 18:00:59,644]   local/l1/b:0 (1, 1, 1, 32)
[2018-05-20 18:00:59,644]   local/l2/W:0 (3, 3, 32, 32)
[2018-05-20 18:00:59,644]   local/l2/b:0 (1, 1, 1, 32)
[2018-05-20 18:00:59,644]   local/l3/W:0 (3, 3, 32, 32)
[2018-05-20 18:00:59,644]   local/l3/b:0 (1, 1, 1, 32)
[2018-05-20 18:00:59,644]   local/l4/W:0 (3, 3, 32, 32)
[2018-05-20 18:00:59,644]   local/l4/b:0 (1, 1, 1, 32)
[2018-05-20 18:00:59,645]   local/RNN/BasicLSTMCell/Linear/Matrix:0 (544, 1024)
[2018-05-20 18:00:59,645]   local/RNN/BasicLSTMCell/Linear/Bias:0 (1024,)
[2018-05-20 18:00:59,645]   local/value/w:0 (256, 1)
[2018-05-20 18:00:59,645]   local/value/b:0 (1,)
[2018-05-20 18:00:59,645]   local/action/w:0 (256, 4)
[2018-05-20 18:00:59,645]   local/action/b:0 (4,)
[2018-05-20 18:00:59,645]   local/predictor/l1/W:0 (3, 3, 4, 32)
[2018-05-20 18:00:59,645]   local/predictor/l1/b:0 (1, 1, 1, 32)
[2018-05-20 18:00:59,645]   local/predictor/l2/W:0 (3, 3, 32, 32)
[2018-05-20 18:00:59,645]   local/predictor/l2/b:0 (1, 1, 1, 32)
[2018-05-20 18:00:59,645]   local/predictor/l3/W:0 (3, 3, 32, 32)
[2018-05-20 18:00:59,645]   local/predictor/l3/b:0 (1, 1, 1, 32)
[2018-05-20 18:00:59,645]   local/predictor/l4/W:0 (3, 3, 32, 32)
[2018-05-20 18:00:59,646]   local/predictor/l4/b:0 (1, 1, 1, 32)
[2018-05-20 18:00:59,646]   local/predictor/g1/w:0 (576, 256)
[2018-05-20 18:00:59,646]   local/predictor/g1/b:0 (256,)
[2018-05-20 18:00:59,646]   local/predictor/glast/w:0 (256, 4)
[2018-05-20 18:00:59,646]   local/predictor/glast/b:0 (4,)
[2018-05-20 18:00:59,646]   local/predictor/f1/w:0 (292, 256)
[2018-05-20 18:00:59,646]   local/predictor/f1/b:0 (256,)
[2018-05-20 18:00:59,646]   local/predictor/flast/w:0 (256, 288)
[2018-05-20 18:00:59,646]   local/predictor/flast/b:0 (288,)
[2018-05-20 18:00:59,647] Events directory: /scratch/doom3/train_3
[2018-05-20 18:01:01,392] Starting session. If this hangs, we're mostly likely waiting to connect to the parameter server. One common cause is that the parameter server DNS name isn't resolving yet, or is misspecified.
I tensorflow/core/distributed_runtime/master_session.cc:993] Start master session f5a7f29ba0ab49f3 with config: 
device_filters: "/job:ps"
device_filters: "/job:worker/task:3/cpu:0"

[2018-05-20 18:01:02,243] Called reset on <Unvectorize<VectorizeFilter[<class 'envs.DiagnosticsInfoI'>]<Vectorize<SkipEnv<BufferedObsEnv<NoNegativeRewardEnv<SetPlayingModeWrapper<SetResolutionWrapper<ToDiscreteWrapper<TimeLimit<DoomMyWayHomeFixed15Env instance>>>>>>>>>>> before configuring. Configuring automatically with default arguments
[2018-05-20 18:01:02,569] Starting training at gobal_step=3025
[2018-05-20 18:01:02,572] Resetting environment logs
[2018-05-20 18:01:05,260] True Game terminating: env_episode_reward=0.9999 episode_length=148
[2018-05-20 18:01:05,266] Resetting environment logs
[2018-05-20 18:01:09,578] True Game terminating: env_episode_reward=0.9999 episode_length=248
[2018-05-20 18:01:09,586] Resetting environment logs
[2018-05-20 18:01:12,538] True Game terminating: env_episode_reward=0.9999 episode_length=172
[2018-05-20 18:01:12,546] Resetting environment logs
[2018-05-20 18:01:18,098] True Game terminating: env_episode_reward=0.9999 episode_length=318
[2018-05-20 18:01:18,105] Resetting environment logs
[2018-05-20 18:01:21,186] True Game terminating: env_episode_reward=0.9999 episode_length=177
[2018-05-20 18:01:21,194] Resetting environment logs
[2018-05-20 18:01:24,570] True Game terminating: env_episode_reward=0.9999 episode_length=187
[2018-05-20 18:01:24,577] Resetting environment logs
[2018-05-20 18:01:27,660] True Game terminating: env_episode_reward=0.9999 episode_length=175
[2018-05-20 18:01:27,667] Resetting environment logs
[2018-05-20 18:01:30,470] True Game terminating: env_episode_reward=0.9999 episode_length=158
[2018-05-20 18:01:30,477] Resetting environment logs
[2018-05-20 18:01:33,366] True Game terminating: env_episode_reward=0.9999 episode_length=159
[2018-05-20 18:01:33,375] Resetting environment logs
[2018-05-20 18:01:43,484] True Game terminating: env_episode_reward=0.0 episode_length=525
[2018-05-20 18:01:43,497] Resetting environment logs
[2018-05-20 18:01:47,433] True Game terminating: env_episode_reward=0.9999 episode_length=192
[2018-05-20 18:01:47,442] Resetting environment logs
[2018-05-20 18:01:51,039] True Game terminating: env_episode_reward=0.9999 episode_length=165
[2018-05-20 18:01:51,048] Resetting environment logs
[2018-05-20 18:01:54,591] True Game terminating: env_episode_reward=0.9999 episode_length=167
[2018-05-20 18:01:54,599] Resetting environment logs
[2018-05-20 18:01:59,589] True Game terminating: env_episode_reward=0.9999 episode_length=228
[2018-05-20 18:01:59,598] Resetting environment logs
[2018-05-20 18:02:03,388] True Game terminating: env_episode_reward=0.9999 episode_length=173
[2018-05-20 18:02:03,395] Resetting environment logs
[2018-05-20 18:02:07,450] True Game terminating: env_episode_reward=0.9999 episode_length=178
[2018-05-20 18:02:07,460] Resetting environment logs
[2018-05-20 18:02:10,973] True Game terminating: env_episode_reward=0.9999 episode_length=153
[2018-05-20 18:02:10,982] Resetting environment logs
[2018-05-20 18:02:14,791] True Game terminating: env_episode_reward=0.9999 episode_length=163
[2018-05-20 18:02:14,802] Resetting environment logs
[2018-05-20 18:02:18,456] True Game terminating: env_episode_reward=0.9999 episode_length=151
[2018-05-20 18:02:18,466] Resetting environment logs
[2018-05-20 18:02:24,142] True Game terminating: env_episode_reward=0.9999 episode_length=232
[2018-05-20 18:02:24,150] Resetting environment logs
[2018-05-20 18:02:29,785] True Game terminating: env_episode_reward=0.9999 episode_length=223
[2018-05-20 18:02:29,858] Resetting environment logs
[2018-05-20 18:02:34,815] True Game terminating: env_episode_reward=0.9999 episode_length=198
[2018-05-20 18:02:34,828] Resetting environment logs
[2018-05-20 18:02:38,922] True Game terminating: env_episode_reward=0.9999 episode_length=155
[2018-05-20 18:02:38,933] Resetting environment logs
[2018-05-20 18:02:44,313] True Game terminating: env_episode_reward=0.9999 episode_length=202
[2018-05-20 18:02:44,392] Resetting environment logs
[2018-05-20 18:02:48,538] True Game terminating: env_episode_reward=0.9999 episode_length=152
[2018-05-20 18:02:48,547] Resetting environment logs
[2018-05-20 18:02:53,997] True Game terminating: env_episode_reward=0.9999 episode_length=202
[2018-05-20 18:02:54,082] Resetting environment logs
[2018-05-20 18:02:58,710] True Game terminating: env_episode_reward=0.9999 episode_length=166
[2018-05-20 18:02:58,729] Resetting environment logs
[2018-05-20 18:03:02,724] True Game terminating: env_episode_reward=0.9999 episode_length=138
[2018-05-20 18:03:02,733] Resetting environment logs
[2018-05-20 18:03:07,727] True Game terminating: env_episode_reward=0.9999 episode_length=173
[2018-05-20 18:03:07,736] Resetting environment logs
[2018-05-20 18:03:12,968] True Game terminating: env_episode_reward=0.9999 episode_length=164
[2018-05-20 18:03:12,978] Resetting environment logs
[2018-05-20 18:03:18,037] True Game terminating: env_episode_reward=0.9999 episode_length=164
[2018-05-20 18:03:18,047] Resetting environment logs
[2018-05-20 18:03:23,539] True Game terminating: env_episode_reward=0.9999 episode_length=179
[2018-05-20 18:03:23,549] Resetting environment logs
[2018-05-20 18:03:28,739] True Game terminating: env_episode_reward=0.9999 episode_length=160
[2018-05-20 18:03:28,749] Resetting environment logs
[2018-05-20 18:03:34,203] True Game terminating: env_episode_reward=0.9999 episode_length=164
[2018-05-20 18:03:34,216] Resetting environment logs
[2018-05-20 18:03:40,831] True Game terminating: env_episode_reward=0.9999 episode_length=200
[2018-05-20 18:03:40,842] Resetting environment logs
[2018-05-20 18:03:47,102] True Game terminating: env_episode_reward=0.9999 episode_length=182
[2018-05-20 18:03:47,117] Resetting environment logs
[2018-05-20 18:03:53,077] True Game terminating: env_episode_reward=0.9999 episode_length=168
[2018-05-20 18:03:53,089] Resetting environment logs
[2018-05-20 18:03:58,094] True Game terminating: env_episode_reward=0.9999 episode_length=149
Using universe head design
Using universe head design
Using universe head design
Using universe head design
Using universe head design
Using universe head design
Optimizer: ADAM with lr: 0.000100
Input observation shape:  (42, 42, 4)
	=> Special Config: Monsters Removed.
Episode finished. Sum of shaped rewards: 1.00. Length: 148. Bonus: 0.1283.
Global Step Counter: 3695
Episode finished. Sum of shaped rewards: 1.00. Length: 248. Bonus: 0.1764.
Global Step Counter: 4684
Episode finished. Sum of shaped rewards: 1.00. Length: 172. Bonus: 0.1428.
Global Step Counter: 5361
Episode finished. Sum of shaped rewards: 1.00. Length: 318. Bonus: 0.4329.
Global Step Counter: 6943
Episode finished. Sum of shaped rewards: 1.00. Length: 177. Bonus: 0.1457.
Global Step Counter: 7815
Episode finished. Sum of shaped rewards: 1.00. Length: 187. Bonus: 0.1605.
Global Step Counter: 8857
Episode finished. Sum of shaped rewards: 1.00. Length: 175. Bonus: 0.1521.
Global Step Counter: 9881
Episode finished. Sum of shaped rewards: 1.00. Length: 158. Bonus: 0.1415.
Global Step Counter: 10821
Episode finished. Sum of shaped rewards: 1.00. Length: 159. Bonus: 0.1336.
Global Step Counter: 11819
Episode finished. Sum of shaped rewards: 0.00. Length: 525. Bonus: 0.5201.
Global Step Counter: 15466
Episode finished. Sum of shaped rewards: 1.00. Length: 192. Bonus: 0.1759.
Global Step Counter: 16923
Episode finished. Sum of shaped rewards: 1.00. Length: 165. Bonus: 0.1577.
Global Step Counter: 18297
Episode finished. Sum of shaped rewards: 1.00. Length: 167. Bonus: 0.1658.
Global Step Counter: 19654
Episode finished. Sum of shaped rewards: 1.00. Length: 228. Bonus: 0.1761.
Global Step Counter: 21730
Episode finished. Sum of shaped rewards: 1.00. Length: 173. Bonus: 0.1413.
Global Step Counter: 23248
Episode finished. Sum of shaped rewards: 1.00. Length: 178. Bonus: 0.1847.
Global Step Counter: 24991
Episode finished. Sum of shaped rewards: 1.00. Length: 153. Bonus: 0.1275.
Global Step Counter: 26490
Episode finished. Sum of shaped rewards: 1.00. Length: 163. Bonus: 0.1504.
Global Step Counter: 28178
Episode finished. Sum of shaped rewards: 1.00. Length: 151. Bonus: 0.1316.
Global Step Counter: 29851
Episode finished. Sum of shaped rewards: 1.00. Length: 232. Bonus: 0.2433.
Global Step Counter: 32344
Episode finished. Sum of shaped rewards: 1.00. Length: 223. Bonus: 0.2610.
Global Step Counter: 34992
Episode finished. Sum of shaped rewards: 1.00. Length: 198. Bonus: 0.1670.
Global Step Counter: 37335
Episode finished. Sum of shaped rewards: 1.00. Length: 155. Bonus: 0.1343.
Global Step Counter: 39329
Episode finished. Sum of shaped rewards: 1.00. Length: 202. Bonus: 0.1969.
Global Step Counter: 41987
Episode finished. Sum of shaped rewards: 1.00. Length: 152. Bonus: 0.1341.
Global Step Counter: 44036
Episode finished. Sum of shaped rewards: 1.00. Length: 202. Bonus: 0.1552.
Global Step Counter: 46862
Episode finished. Sum of shaped rewards: 1.00. Length: 166. Bonus: 0.1354.
Global Step Counter: 49247
Episode finished. Sum of shaped rewards: 1.00. Length: 138. Bonus: 0.1321.
Global Step Counter: 51315
Episode finished. Sum of shaped rewards: 1.00. Length: 173. Bonus: 0.1733.
Global Step Counter: 54061
Episode finished. Sum of shaped rewards: 1.00. Length: 164. Bonus: 0.1566.
Global Step Counter: 56809
Episode finished. Sum of shaped rewards: 1.00. Length: 164. Bonus: 0.1491.
Global Step Counter: 59506
Episode finished. Sum of shaped rewards: 1.00. Length: 179. Bonus: 0.1724.
Global Step Counter: 62441
Episode finished. Sum of shaped rewards: 1.00. Length: 160. Bonus: 0.1403.
Global Step Counter: 65238
Episode finished. Sum of shaped rewards: 1.00. Length: 164. Bonus: 0.1639.
Global Step Counter: 68180
Episode finished. Sum of shaped rewards: 1.00. Length: 200. Bonus: 0.1969.
Global Step Counter: 71860
Episode finished. Sum of shaped rewards: 1.00. Length: 182. Bonus: 0.1692.
Global Step Counter: 75403
Episode finished. Sum of shaped rewards: 1.00. Length: 168. Bonus: 0.1465.
Global Step Counter: 78899
Episode finished. Sum of shaped rewards: 1.00. Length: 14[2018-05-20 18:03:58,104] Resetting environment logs
[2018-05-20 18:04:03,257] True Game terminating: env_episode_reward=0.9999 episode_length=152
[2018-05-20 18:04:03,268] Resetting environment logs
[2018-05-20 18:04:08,021] True Game terminating: env_episode_reward=0.9999 episode_length=142
[2018-05-20 18:04:08,034] Resetting environment logs
[2018-05-20 18:04:14,111] True Game terminating: env_episode_reward=0.9999 episode_length=185
[2018-05-20 18:04:14,121] Resetting environment logs
[2018-05-20 18:04:22,850] True Game terminating: env_episode_reward=0.9999 episode_length=259
[2018-05-20 18:04:22,866] Resetting environment logs
[2018-05-20 18:04:29,011] True Game terminating: env_episode_reward=0.9999 episode_length=180
[2018-05-20 18:04:29,021] Resetting environment logs
[2018-05-20 18:04:34,353] True Game terminating: env_episode_reward=0.9999 episode_length=157
[2018-05-20 18:04:34,363] Resetting environment logs
[2018-05-20 18:04:40,234] True Game terminating: env_episode_reward=0.9999 episode_length=175
[2018-05-20 18:04:40,249] Resetting environment logs
[2018-05-20 18:04:48,107] True Game terminating: env_episode_reward=0.9999 episode_length=234
[2018-05-20 18:04:48,116] Resetting environment logs
[2018-05-20 18:04:54,220] True Game terminating: env_episode_reward=0.9999 episode_length=182
[2018-05-20 18:04:54,230] Resetting environment logs
[2018-05-20 18:05:03,783] True Game terminating: env_episode_reward=0.9999 episode_length=288
[2018-05-20 18:05:03,792] Resetting environment logs
[2018-05-20 18:05:09,852] True Game terminating: env_episode_reward=0.9999 episode_length=182
[2018-05-20 18:05:09,881] Resetting environment logs
[2018-05-20 18:05:15,485] True Game terminating: env_episode_reward=0.9999 episode_length=164
[2018-05-20 18:05:15,499] Resetting environment logs
[2018-05-20 18:05:21,738] True Game terminating: env_episode_reward=0.9999 episode_length=180
[2018-05-20 18:05:21,748] Resetting environment logs
[2018-05-20 18:05:28,075] True Game terminating: env_episode_reward=0.9999 episode_length=187
[2018-05-20 18:05:28,092] Resetting environment logs
[2018-05-20 18:05:35,073] True Game terminating: env_episode_reward=0.9999 episode_length=203
[2018-05-20 18:05:35,086] Resetting environment logs
[2018-05-20 18:05:41,591] True Game terminating: env_episode_reward=0.9999 episode_length=197
[2018-05-20 18:05:41,607] Resetting environment logs
[2018-05-20 18:05:46,803] True Game terminating: env_episode_reward=0.9999 episode_length=150
[2018-05-20 18:05:46,820] Resetting environment logs
[2018-05-20 18:05:52,732] True Game terminating: env_episode_reward=0.9999 episode_length=170
[2018-05-20 18:05:52,742] Resetting environment logs
[2018-05-20 18:05:58,401] True Game terminating: env_episode_reward=0.9999 episode_length=167
[2018-05-20 18:05:58,417] Resetting environment logs
[2018-05-20 18:06:04,376] True Game terminating: env_episode_reward=0.9999 episode_length=174
[2018-05-20 18:06:04,386] Resetting environment logs
[2018-05-20 18:06:09,125] True Game terminating: env_episode_reward=0.9999 episode_length=139
[2018-05-20 18:06:09,142] Resetting environment logs
[2018-05-20 18:06:15,075] True Game terminating: env_episode_reward=0.9999 episode_length=171
[2018-05-20 18:06:15,088] Resetting environment logs
[2018-05-20 18:06:21,252] True Game terminating: env_episode_reward=0.9999 episode_length=184
[2018-05-20 18:06:21,261] Resetting environment logs
[2018-05-20 18:06:29,308] True Game terminating: env_episode_reward=0.9999 episode_length=237
[2018-05-20 18:06:29,318] Resetting environment logs
[2018-05-20 18:06:34,544] True Game terminating: env_episode_reward=0.9999 episode_length=158
[2018-05-20 18:06:34,554] Resetting environment logs
[2018-05-20 18:06:39,469] True Game terminating: env_episode_reward=0.9999 episode_length=145
[2018-05-20 18:06:39,479] Resetting environment logs
[2018-05-20 18:06:44,099] True Game terminating: env_episode_reward=0.9999 episode_length=135
[2018-05-20 18:06:44,109] Resetting environment logs
[2018-05-20 18:06:49,281] True Game terminating: env_episode_reward=0.9999 episode_length=150
[2018-05-20 18:06:49,290] Resetting environment logs
[2018-05-20 18:06:54,537] True Game terminating: env_episode_reward=0.9999 episode_length=156
[2018-05-20 18:06:54,546] Resetting environment logs
[2018-05-20 18:07:00,204] True Game terminating: env_episode_reward=0.9999 episode_length=164
[2018-05-20 18:07:00,214] Resetting environment logs
[2018-05-20 18:07:04,870] True Game terminating: env_episode_reward=0.9999 episode_length=140
[2018-05-20 18:07:04,894] Resetting environment logs
[2018-05-20 18:07:11,303] True Game terminating: env_episode_reward=0.9999 episode_length=184
[2018-05-20 18:07:11,312] Resetting environment logs
[2018-05-20 18:07:18,631] True Game terminating: env_episode_reward=0.9999 episode_length=208
[2018-05-20 18:07:18,651] Resetting environment logs
[2018-05-20 18:07:25,552] True Game terminating: env_episode_reward=0.9999 episode_length=202
[2018-05-20 18:07:25,565] Resetting environment logs
[2018-05-20 18:07:33,025] True Game terminating: env_episode_reward=0.9999 episode_length=219
[2018-05-20 18:07:33,035] Resetting environment logs
[2018-05-20 18:07:39,905] True Game terminating: env_episode_reward=0.9999 episode_length=199
[2018-05-20 18:07:39,915] Resetting environment logs
[2018-05-20 18:07:47,810] True Game terminating: env_episode_reward=0.9999 episode_length=223
[2018-05-20 18:07:47,821] Resetting environment logs
[2018-05-20 18:07:54,134] True Game terminating: env_episode_reward=0.9999 episode_length=197
[2018-05-20 18:07:54,144] Resetting environment logs
[2018-05-20 18:08:00,184] True Game terminating: env_episode_reward=0.9999 episode_length=182
[2018-05-20 18:08:00,203] Resetting environment logs
[2018-05-20 18:08:06,194] True Game terminating: env_episode_reward=0.9999 episode_length=177
9. Bonus: 0.1411.
Global Step Counter: 81852
Episode finished. Sum of shaped rewards: 1.00. Length: 152. Bonus: 0.1457.
Global Step Counter: 84895
Episode finished. Sum of shaped rewards: 1.00. Length: 142. Bonus: 0.1383.
Global Step Counter: 87802
Episode finished. Sum of shaped rewards: 1.00. Length: 185. Bonus: 0.1858.
Global Step Counter: 91316
Episode finished. Sum of shaped rewards: 1.00. Length: 259. Bonus: 0.2434.
Global Step Counter: 96530
Episode finished. Sum of shaped rewards: 1.00. Length: 180. Bonus: 0.1725.
Global Step Counter: 100144
Episode finished. Sum of shaped rewards: 1.00. Length: 157. Bonus: 0.1354.
Global Step Counter: 103229
Episode finished. Sum of shaped rewards: 1.00. Length: 175. Bonus: 0.1555.
Global Step Counter: 106747
Episode finished. Sum of shaped rewards: 1.00. Length: 234. Bonus: 0.1829.
Global Step Counter: 111365
Episode finished. Sum of shaped rewards: 1.00. Length: 182. Bonus: 0.1849.
Global Step Counter: 115014
Episode finished. Sum of shaped rewards: 1.00. Length: 288. Bonus: 0.2653.
Global Step Counter: 120606
Episode finished. Sum of shaped rewards: 1.00. Length: 182. Bonus: 0.1844.
Global Step Counter: 124265
Episode finished. Sum of shaped rewards: 1.00. Length: 164. Bonus: 0.1582.
Global Step Counter: 127489
Episode finished. Sum of shaped rewards: 1.00. Length: 180. Bonus: 0.1618.
Global Step Counter: 131185
Episode finished. Sum of shaped rewards: 1.00. Length: 187. Bonus: 0.1856.
Global Step Counter: 134894
Episode finished. Sum of shaped rewards: 1.00. Length: 203. Bonus: 0.1969.
Global Step Counter: 138988
Episode finished. Sum of shaped rewards: 1.00. Length: 197. Bonus: 0.1781.
Global Step Counter: 142838
Episode finished. Sum of shaped rewards: 1.00. Length: 150. Bonus: 0.1369.
Global Step Counter: 145881
Episode finished. Sum of shaped rewards: 1.00. Length: 170. Bonus: 0.1518.
Global Step Counter: 149467
Episode finished. Sum of shaped rewards: 1.00. Length: 167. Bonus: 0.1537.
Global Step Counter: 152786
Episode finished. Sum of shaped rewards: 1.00. Length: 174. Bonus: 0.1492.
Global Step Counter: 156322
Episode finished. Sum of shaped rewards: 1.00. Length: 139. Bonus: 0.1155.
Global Step Counter: 159064
Episode finished. Sum of shaped rewards: 1.00. Length: 171. Bonus: 0.1603.
Global Step Counter: 162579
Episode finished. Sum of shaped rewards: 1.00. Length: 184. Bonus: 0.2001.
Global Step Counter: 166181
Episode finished. Sum of shaped rewards: 1.00. Length: 237. Bonus: 0.3286.
Global Step Counter: 170941
Episode finished. Sum of shaped rewards: 1.00. Length: 158. Bonus: 0.1476.
Global Step Counter: 174086
Episode finished. Sum of shaped rewards: 1.00. Length: 145. Bonus: 0.1327.
Global Step Counter: 176941
Episode finished. Sum of shaped rewards: 1.00. Length: 135. Bonus: 0.1214.
Global Step Counter: 179592
Episode finished. Sum of shaped rewards: 1.00. Length: 150. Bonus: 0.1432.
Global Step Counter: 182647
Episode finished. Sum of shaped rewards: 1.00. Length: 156. Bonus: 0.1528.
Global Step Counter: 185769
Episode finished. Sum of shaped rewards: 1.00. Length: 164. Bonus: 0.1353.
Global Step Counter: 189156
Episode finished. Sum of shaped rewards: 1.00. Length: 140. Bonus: 0.1330.
Global Step Counter: 191902
Episode finished. Sum of shaped rewards: 1.00. Length: 184. Bonus: 0.1764.
Global Step Counter: 195737
Episode finished. Sum of shaped rewards: 1.00. Length: 208. Bonus: 0.1898.
Global Step Counter: 200090
Episode finished. Sum of shaped rewards: 1.00. Length: 202. Bonus: 0.1739.
Global Step Counter: 204148
Episode finished. Sum of shaped rewards: 1.00. Length: 219. Bonus: 0.2095.
Global Step Counter: 208547
Episode finished. Sum of shaped rewards: 1.00. Length: 199. Bonus: 0.1926.
Global Step Counter: 212730
Episode finished. Sum of shaped rewards: 1.00. Length: 223. Bonus: 0.2248.
Global Step Counter: 217133
Episode finished. Sum of shaped rewards: 1.00. Length: 197. Bonus: 0.1717.
Global Step Counter: 220955
Episode finished. Sum of shaped rewards: 1.00. Length: 182. Bonus: 0.1831.
Global Step Counter: 224484
Episode finished. Sum of shaped reward[2018-05-20 18:08:06,219] Resetting environment logs
[2018-05-20 18:08:12,181] True Game terminating: env_episode_reward=0.9999 episode_length=178
[2018-05-20 18:08:12,190] Resetting environment logs
[2018-05-20 18:08:18,138] True Game terminating: env_episode_reward=0.9999 episode_length=176
[2018-05-20 18:08:18,152] Resetting environment logs
[2018-05-20 18:08:25,798] True Game terminating: env_episode_reward=0.9999 episode_length=226
[2018-05-20 18:08:25,813] Resetting environment logs
[2018-05-20 18:08:34,604] True Game terminating: env_episode_reward=0.9999 episode_length=258
[2018-05-20 18:08:34,615] Resetting environment logs
[2018-05-20 18:08:41,018] True Game terminating: env_episode_reward=0.9999 episode_length=187
[2018-05-20 18:08:41,042] Resetting environment logs
[2018-05-20 18:08:45,585] True Game terminating: env_episode_reward=0.9999 episode_length=142
[2018-05-20 18:08:45,598] Resetting environment logs
[2018-05-20 18:08:50,634] True Game terminating: env_episode_reward=0.9999 episode_length=147
[2018-05-20 18:08:50,650] Resetting environment logs
[2018-05-20 18:08:57,879] True Game terminating: env_episode_reward=0.9999 episode_length=214
[2018-05-20 18:08:57,901] Resetting environment logs
[2018-05-20 18:09:02,308] True Game terminating: env_episode_reward=0.9999 episode_length=133
[2018-05-20 18:09:02,322] Resetting environment logs
[2018-05-20 18:09:07,191] True Game terminating: env_episode_reward=0.9999 episode_length=148
[2018-05-20 18:09:07,202] Resetting environment logs
[2018-05-20 18:09:13,006] True Game terminating: env_episode_reward=0.9999 episode_length=174
[2018-05-20 18:09:13,014] Resetting environment logs
[2018-05-20 18:09:18,585] True Game terminating: env_episode_reward=0.9999 episode_length=173
[2018-05-20 18:09:18,595] Resetting environment logs
[2018-05-20 18:09:23,685] True Game terminating: env_episode_reward=0.9999 episode_length=160
[2018-05-20 18:09:23,697] Resetting environment logs
[2018-05-20 18:09:29,693] True Game terminating: env_episode_reward=0.9999 episode_length=181
[2018-05-20 18:09:29,785] Resetting environment logs
[2018-05-20 18:09:35,485] True Game terminating: env_episode_reward=0.9999 episode_length=175
[2018-05-20 18:09:35,496] Resetting environment logs
[2018-05-20 18:09:40,496] True Game terminating: env_episode_reward=0.9999 episode_length=157
[2018-05-20 18:09:40,505] Resetting environment logs
[2018-05-20 18:09:47,168] True Game terminating: env_episode_reward=0.9999 episode_length=194
[2018-05-20 18:09:47,179] Resetting environment logs
[2018-05-20 18:09:52,993] True Game terminating: env_episode_reward=0.9999 episode_length=177
[2018-05-20 18:09:53,012] Resetting environment logs
[2018-05-20 18:09:59,240] True Game terminating: env_episode_reward=0.9999 episode_length=183
[2018-05-20 18:09:59,252] Resetting environment logs
[2018-05-20 18:10:14,792] True Game terminating: env_episode_reward=0.9999 episode_length=476
[2018-05-20 18:10:14,826] Resetting environment logs
[2018-05-20 18:10:20,404] True Game terminating: env_episode_reward=0.9999 episode_length=172
[2018-05-20 18:10:20,416] Resetting environment logs
[2018-05-20 18:10:26,565] True Game terminating: env_episode_reward=0.9999 episode_length=183
[2018-05-20 18:10:26,575] Resetting environment logs
[2018-05-20 18:10:33,082] True Game terminating: env_episode_reward=0.9999 episode_length=198
[2018-05-20 18:10:33,103] Resetting environment logs
[2018-05-20 18:10:42,903] True Game terminating: env_episode_reward=0.9999 episode_length=298
[2018-05-20 18:10:42,912] Resetting environment logs
[2018-05-20 18:10:49,174] True Game terminating: env_episode_reward=0.9999 episode_length=188
[2018-05-20 18:10:49,183] Resetting environment logs
[2018-05-20 18:10:55,789] True Game terminating: env_episode_reward=0.9999 episode_length=196
[2018-05-20 18:10:55,799] Resetting environment logs
[2018-05-20 18:11:01,209] True Game terminating: env_episode_reward=0.9999 episode_length=156
[2018-05-20 18:11:01,222] Resetting environment logs
s: 1.00. Length: 177. Bonus: 0.1451.
Global Step Counter: 228038
Episode finished. Sum of shaped rewards: 1.00. Length: 178. Bonus: 0.1654.
Global Step Counter: 231564
Episode finished. Sum of shaped rewards: 1.00. Length: 176. Bonus: 0.1648.
Global Step Counter: 235093
Episode finished. Sum of shaped rewards: 1.00. Length: 226. Bonus: 0.2685.
Global Step Counter: 239611
Episode finished. Sum of shaped rewards: 1.00. Length: 258. Bonus: 0.2699.
Global Step Counter: 244808
Episode finished. Sum of shaped rewards: 1.00. Length: 187. Bonus: 0.1688.
Global Step Counter: 248596
Episode finished. Sum of shaped rewards: 1.00. Length: 142. Bonus: 0.1384.
Global Step Counter: 251413
Episode finished. Sum of shaped rewards: 1.00. Length: 147. Bonus: 0.1408.
Global Step Counter: 254400
Episode finished. Sum of shaped rewards: 1.00. Length: 214. Bonus: 0.2959.
Global Step Counter: 258820
Episode finished. Sum of shaped rewards: 1.00. Length: 133. Bonus: 0.1168.
Global Step Counter: 261492
Episode finished. Sum of shaped rewards: 1.00. Length: 148. Bonus: 0.1399.
Global Step Counter: 264489
Episode finished. Sum of shaped rewards: 1.00. Length: 174. Bonus: 0.1639.
Global Step Counter: 267990
Episode finished. Sum of shaped rewards: 1.00. Length: 173. Bonus: 0.1542.
Global Step Counter: 271431
Episode finished. Sum of shaped rewards: 1.00. Length: 160. Bonus: 0.1410.
Global Step Counter: 274577
Episode finished. Sum of shaped rewards: 1.00. Length: 181. Bonus: 0.1577.
Global Step Counter: 278298
Episode finished. Sum of shaped rewards: 1.00. Length: 175. Bonus: 0.1533.
Global Step Counter: 281777
Episode finished. Sum of shaped rewards: 1.00. Length: 157. Bonus: 0.1490.
Global Step Counter: 284897
Episode finished. Sum of shaped rewards: 1.00. Length: 194. Bonus: 0.1842.
Global Step Counter: 288967
Episode finished. Sum of shaped rewards: 1.00. Length: 177. Bonus: 0.1475.
Global Step Counter: 292523
Episode finished. Sum of shaped rewards: 1.00. Length: 183. Bonus: 0.1782.
Global Step Counter: 296256
Episode finished. Sum of shaped rewards: 1.00. Length: 476. Bonus: 0.4148.
Global Step Counter: 305730
Episode finished. Sum of shaped rewards: 1.00. Length: 172. Bonus: 0.1568.
Global Step Counter: 309181
Episode finished. Sum of shaped rewards: 1.00. Length: 183. Bonus: 0.1621.
Global Step Counter: 312932
Episode finished. Sum of shaped rewards: 1.00. Length: 198. Bonus: 0.1963.
Global Step Counter: 316961
Episode finished. Sum of shaped rewards: 1.00. Length: 298. Bonus: 0.4466.
Global Step Counter: 323048
Episode finished. Sum of shaped rewards: 1.00. Length: 188. Bonus: 0.1868.
Global Step Counter: 326885
Episode finished. Sum of shaped rewards: 1.00. Length: 196. Bonus: 0.2340.
Global Step Counter: 330941
Episode finished. Sum of shaped rewards: 1.00. Length: 156. Bonus: 0.1384.
Global Step Counter: 334245
