[2018-05-20 18:00:25,827] Writing logs to file: /tmp/universe-5567.log
I tensorflow/core/distributed_runtime/rpc/grpc_channel.cc:197] Initialize GrpcChannelCache for job ps -> {0 -> 127.0.0.1:12222}
I tensorflow/core/distributed_runtime/rpc/grpc_channel.cc:197] Initialize GrpcChannelCache for job worker -> {0 -> 127.0.0.1:12223, 1 -> localhost:12224, 2 -> 127.0.0.1:12225, 3 -> 127.0.0.1:12226, 4 -> 127.0.0.1:12227, 5 -> 127.0.0.1:12228, 6 -> 127.0.0.1:12229, 7 -> 127.0.0.1:12230, 8 -> 127.0.0.1:12231, 9 -> 127.0.0.1:12232, 10 -> 127.0.0.1:12233, 11 -> 127.0.0.1:12234, 12 -> 127.0.0.1:12235, 13 -> 127.0.0.1:12236, 14 -> 127.0.0.1:12237, 15 -> 127.0.0.1:12238, 16 -> 127.0.0.1:12239, 17 -> 127.0.0.1:12240, 18 -> 127.0.0.1:12241, 19 -> 127.0.0.1:12242}
I tensorflow/core/distributed_runtime/rpc/grpc_server_lib.cc:211] Started server with target: grpc://localhost:12224
[2018-05-20 18:00:36,498] Making new env: ppaquette/DoomMyWayHomeFixed15-v0
[2018-05-20 18:00:39,601] Trainable vars:
[2018-05-20 18:00:39,601]   global/l1/W:0 (3, 3, 4, 32)
[2018-05-20 18:00:39,602]   global/l1/b:0 (1, 1, 1, 32)
[2018-05-20 18:00:39,602]   global/l2/W:0 (3, 3, 32, 32)
[2018-05-20 18:00:39,602]   global/l2/b:0 (1, 1, 1, 32)
[2018-05-20 18:00:39,602]   global/l3/W:0 (3, 3, 32, 32)
[2018-05-20 18:00:39,602]   global/l3/b:0 (1, 1, 1, 32)
[2018-05-20 18:00:39,602]   global/l4/W:0 (3, 3, 32, 32)
[2018-05-20 18:00:39,602]   global/l4/b:0 (1, 1, 1, 32)
[2018-05-20 18:00:39,602]   global/RNN/BasicLSTMCell/Linear/Matrix:0 (544, 1024)
[2018-05-20 18:00:39,602]   global/RNN/BasicLSTMCell/Linear/Bias:0 (1024,)
[2018-05-20 18:00:39,602]   global/value/w:0 (256, 1)
[2018-05-20 18:00:39,602]   global/value/b:0 (1,)
[2018-05-20 18:00:39,602]   global/action/w:0 (256, 4)
[2018-05-20 18:00:39,602]   global/action/b:0 (4,)
[2018-05-20 18:00:39,602]   global/predictor/l1/W:0 (3, 3, 4, 32)
[2018-05-20 18:00:39,603]   global/predictor/l1/b:0 (1, 1, 1, 32)
[2018-05-20 18:00:39,603]   global/predictor/l2/W:0 (3, 3, 32, 32)
[2018-05-20 18:00:39,603]   global/predictor/l2/b:0 (1, 1, 1, 32)
[2018-05-20 18:00:39,603]   global/predictor/l3/W:0 (3, 3, 32, 32)
[2018-05-20 18:00:39,603]   global/predictor/l3/b:0 (1, 1, 1, 32)
[2018-05-20 18:00:39,603]   global/predictor/l4/W:0 (3, 3, 32, 32)
[2018-05-20 18:00:39,603]   global/predictor/l4/b:0 (1, 1, 1, 32)
[2018-05-20 18:00:39,603]   global/predictor/g1/w:0 (576, 256)
[2018-05-20 18:00:39,603]   global/predictor/g1/b:0 (256,)
[2018-05-20 18:00:39,603]   global/predictor/glast/w:0 (256, 4)
[2018-05-20 18:00:39,603]   global/predictor/glast/b:0 (4,)
[2018-05-20 18:00:39,603]   global/predictor/f1/w:0 (292, 256)
[2018-05-20 18:00:39,603]   global/predictor/f1/b:0 (256,)
[2018-05-20 18:00:39,603]   global/predictor/flast/w:0 (256, 288)
[2018-05-20 18:00:39,604]   global/predictor/flast/b:0 (288,)
[2018-05-20 18:00:39,604]   local/l1/W:0 (3, 3, 4, 32)
[2018-05-20 18:00:39,604]   local/l1/b:0 (1, 1, 1, 32)
[2018-05-20 18:00:39,604]   local/l2/W:0 (3, 3, 32, 32)
[2018-05-20 18:00:39,604]   local/l2/b:0 (1, 1, 1, 32)
[2018-05-20 18:00:39,604]   local/l3/W:0 (3, 3, 32, 32)
[2018-05-20 18:00:39,604]   local/l3/b:0 (1, 1, 1, 32)
[2018-05-20 18:00:39,604]   local/l4/W:0 (3, 3, 32, 32)
[2018-05-20 18:00:39,604]   local/l4/b:0 (1, 1, 1, 32)
[2018-05-20 18:00:39,604]   local/RNN/BasicLSTMCell/Linear/Matrix:0 (544, 1024)
[2018-05-20 18:00:39,604]   local/RNN/BasicLSTMCell/Linear/Bias:0 (1024,)
[2018-05-20 18:00:39,604]   local/value/w:0 (256, 1)
[2018-05-20 18:00:39,604]   local/value/b:0 (1,)
[2018-05-20 18:00:39,604]   local/action/w:0 (256, 4)
[2018-05-20 18:00:39,605]   local/action/b:0 (4,)
[2018-05-20 18:00:39,605]   local/predictor/l1/W:0 (3, 3, 4, 32)
[2018-05-20 18:00:39,605]   local/predictor/l1/b:0 (1, 1, 1, 32)
[2018-05-20 18:00:39,605]   local/predictor/l2/W:0 (3, 3, 32, 32)
[2018-05-20 18:00:39,605]   local/predictor/l2/b:0 (1, 1, 1, 32)
[2018-05-20 18:00:39,605]   local/predictor/l3/W:0 (3, 3, 32, 32)
[2018-05-20 18:00:39,605]   local/predictor/l3/b:0 (1, 1, 1, 32)
[2018-05-20 18:00:39,605]   local/predictor/l4/W:0 (3, 3, 32, 32)
[2018-05-20 18:00:39,605]   local/predictor/l4/b:0 (1, 1, 1, 32)
[2018-05-20 18:00:39,605]   local/predictor/g1/w:0 (576, 256)
[2018-05-20 18:00:39,605]   local/predictor/g1/b:0 (256,)
[2018-05-20 18:00:39,605]   local/predictor/glast/w:0 (256, 4)
[2018-05-20 18:00:39,605]   local/predictor/glast/b:0 (4,)
[2018-05-20 18:00:39,606]   local/predictor/f1/w:0 (292, 256)
[2018-05-20 18:00:39,606]   local/predictor/f1/b:0 (256,)
[2018-05-20 18:00:39,606]   local/predictor/flast/w:0 (256, 288)
[2018-05-20 18:00:39,606]   local/predictor/flast/b:0 (288,)
[2018-05-20 18:00:39,606] Events directory: /scratch/doom3/train_1
[2018-05-20 18:00:41,271] Starting session. If this hangs, we're mostly likely waiting to connect to the parameter server. One common cause is that the parameter server DNS name isn't resolving yet, or is misspecified.
I tensorflow/core/distributed_runtime/master_session.cc:993] Start master session 15fc69823c36d0b0 with config: 
device_filters: "/job:ps"
device_filters: "/job:worker/task:1/cpu:0"

[2018-05-20 18:00:42,068] Called reset on <Unvectorize<VectorizeFilter[<class 'envs.DiagnosticsInfoI'>]<Vectorize<SkipEnv<BufferedObsEnv<NoNegativeRewardEnv<SetPlayingModeWrapper<SetResolutionWrapper<ToDiscreteWrapper<TimeLimit<DoomMyWayHomeFixed15Env instance>>>>>>>>>>> before configuring. Configuring automatically with default arguments
[2018-05-20 18:00:42,325] Starting training at gobal_step=140
[2018-05-20 18:00:42,328] Resetting environment logs
[2018-05-20 18:00:45,460] True Game terminating: env_episode_reward=0.9999 episode_length=190
[2018-05-20 18:00:45,467] Resetting environment logs
[2018-05-20 18:00:48,891] True Game terminating: env_episode_reward=0.9999 episode_length=201
[2018-05-20 18:00:48,898] Resetting environment logs
[2018-05-20 18:00:51,549] True Game terminating: env_episode_reward=0.9999 episode_length=157
[2018-05-20 18:00:51,556] Resetting environment logs
[2018-05-20 18:00:54,689] True Game terminating: env_episode_reward=0.9999 episode_length=188
[2018-05-20 18:00:54,696] Resetting environment logs
[2018-05-20 18:00:57,667] True Game terminating: env_episode_reward=0.9999 episode_length=180
[2018-05-20 18:00:57,675] Resetting environment logs
[2018-05-20 18:01:01,322] True Game terminating: env_episode_reward=0.9999 episode_length=212
[2018-05-20 18:01:01,331] Resetting environment logs
[2018-05-20 18:01:04,683] True Game terminating: env_episode_reward=0.9999 episode_length=192
[2018-05-20 18:01:04,690] Resetting environment logs
[2018-05-20 18:01:07,568] True Game terminating: env_episode_reward=0.9999 episode_length=164
[2018-05-20 18:01:07,575] Resetting environment logs
[2018-05-20 18:01:10,538] True Game terminating: env_episode_reward=0.9999 episode_length=176
[2018-05-20 18:01:10,545] Resetting environment logs
[2018-05-20 18:01:14,322] True Game terminating: env_episode_reward=0.9999 episode_length=218
[2018-05-20 18:01:14,330] Resetting environment logs
[2018-05-20 18:01:17,060] True Game terminating: env_episode_reward=0.9999 episode_length=154
[2018-05-20 18:01:17,068] Resetting environment logs
[2018-05-20 18:01:19,929] True Game terminating: env_episode_reward=0.9999 episode_length=165
[2018-05-20 18:01:19,938] Resetting environment logs
[2018-05-20 18:01:22,921] True Game terminating: env_episode_reward=0.9999 episode_length=171
[2018-05-20 18:01:22,929] Resetting environment logs
[2018-05-20 18:01:27,986] True Game terminating: env_episode_reward=0.9999 episode_length=285
[2018-05-20 18:01:27,996] Resetting environment logs
[2018-05-20 18:01:30,545] True Game terminating: env_episode_reward=0.9999 episode_length=143
[2018-05-20 18:01:30,554] Resetting environment logs
[2018-05-20 18:01:34,019] True Game terminating: env_episode_reward=0.9999 episode_length=193
[2018-05-20 18:01:34,027] Resetting environment logs
[2018-05-20 18:01:36,935] True Game terminating: env_episode_reward=0.9999 episode_length=154
[2018-05-20 18:01:36,943] Resetting environment logs
[2018-05-20 18:01:40,269] True Game terminating: env_episode_reward=0.9999 episode_length=171
[2018-05-20 18:01:40,276] Resetting environment logs
[2018-05-20 18:01:43,842] True Game terminating: env_episode_reward=0.9999 episode_length=183
[2018-05-20 18:01:43,914] Resetting environment logs
[2018-05-20 18:01:47,830] True Game terminating: env_episode_reward=0.9999 episode_length=195
[2018-05-20 18:01:47,838] Resetting environment logs
[2018-05-20 18:01:51,408] True Game terminating: env_episode_reward=0.9999 episode_length=169
[2018-05-20 18:01:51,417] Resetting environment logs
[2018-05-20 18:01:55,053] True Game terminating: env_episode_reward=0.9999 episode_length=175
[2018-05-20 18:01:55,061] Resetting environment logs
[2018-05-20 18:01:58,106] True Game terminating: env_episode_reward=0.9999 episode_length=142
[2018-05-20 18:01:58,114] Resetting environment logs
[2018-05-20 18:02:02,721] True Game terminating: env_episode_reward=0.9999 episode_length=209
[2018-05-20 18:02:02,732] Resetting environment logs
[2018-05-20 18:02:06,460] True Game terminating: env_episode_reward=0.9999 episode_length=171
[2018-05-20 18:02:06,470] Resetting environment logs
[2018-05-20 18:02:11,102] True Game terminating: env_episode_reward=0.9999 episode_length=203
[2018-05-20 18:02:11,120] Resetting environment logs
[2018-05-20 18:02:15,072] True Game terminating: env_episode_reward=0.9999 episode_length=170
[2018-05-20 18:02:15,082] Resetting environment logs
[2018-05-20 18:02:19,334] True Game terminating: env_episode_reward=0.9999 episode_length=176
[2018-05-20 18:02:19,342] Resetting environment logs
[2018-05-20 18:02:24,292] True Game terminating: env_episode_reward=0.9999 episode_length=202
[2018-05-20 18:02:24,353] Resetting environment logs
[2018-05-20 18:02:27,636] True Game terminating: env_episode_reward=0.9999 episode_length=132
[2018-05-20 18:02:27,649] Resetting environment logs
[2018-05-20 18:02:32,018] True Game terminating: env_episode_reward=0.9999 episode_length=174
[2018-05-20 18:02:32,029] Resetting environment logs
[2018-05-20 18:02:36,331] True Game terminating: env_episode_reward=0.9999 episode_length=174
[2018-05-20 18:02:36,340] Resetting environment logs
[2018-05-20 18:02:40,892] True Game terminating: env_episode_reward=0.9999 episode_length=174
[2018-05-20 18:02:40,903] Resetting environment logs
[2018-05-20 18:02:45,570] True Game terminating: env_episode_reward=0.9999 episode_length=174
[2018-05-20 18:02:45,581] Resetting environment logs
[2018-05-20 18:02:51,746] True Game terminating: env_episode_reward=0.9999 episode_length=220
[2018-05-20 18:02:51,757] Resetting environment logs
[2018-05-20 18:02:56,814] True Game terminating: env_episode_reward=0.9999 episode_length=187
[2018-05-20 18:02:56,822] Resetting environment logs
[2018-05-20 18:03:06,974] True Game terminating: env_episode_reward=0.9999 episode_length=355
[2018-05-20 18:03:06,983] Resetting environment logs
[2018-05-20 18:03:13,452] True Game terminating: env_episode_reward=0.9999 episode_length=221
Using universe head design
Using universe head design
Using universe head design
Using universe head design
Using universe head design
Using universe head design
Optimizer: ADAM with lr: 0.000100
Input observation shape:  (42, 42, 4)
	=> Special Config: Monsters Removed.
Episode finished. Sum of shaped rewards: 1.00. Length: 190. Bonus: 0.1536.
Global Step Counter: 521
Episode finished. Sum of shaped rewards: 1.00. Length: 201. Bonus: 0.1697.
Global Step Counter: 918
Episode finished. Sum of shaped rewards: 1.00. Length: 157. Bonus: 0.1368.
Global Step Counter: 1256
Episode finished. Sum of shaped rewards: 1.00. Length: 188. Bonus: 0.1782.
Global Step Counter: 1716
Episode finished. Sum of shaped rewards: 1.00. Length: 180. Bonus: 0.1638.
Global Step Counter: 2239
Episode finished. Sum of shaped rewards: 1.00. Length: 212. Bonus: 0.2321.
Global Step Counter: 2885
Episode finished. Sum of shaped rewards: 1.00. Length: 192. Bonus: 0.1628.
Global Step Counter: 3546
Episode finished. Sum of shaped rewards: 1.00. Length: 164. Bonus: 0.1284.
Global Step Counter: 4213
Episode finished. Sum of shaped rewards: 1.00. Length: 176. Bonus: 0.1422.
Global Step Counter: 4880
Episode finished. Sum of shaped rewards: 1.00. Length: 218. Bonus: 0.2606.
Global Step Counter: 5878
Episode finished. Sum of shaped rewards: 1.00. Length: 154. Bonus: 0.1400.
Global Step Counter: 6629
Episode finished. Sum of shaped rewards: 1.00. Length: 165. Bonus: 0.1277.
Global Step Counter: 7473
Episode finished. Sum of shaped rewards: 1.00. Length: 171. Bonus: 0.1577.
Global Step Counter: 8295
Episode finished. Sum of shaped rewards: 1.00. Length: 285. Bonus: 0.3029.
Global Step Counter: 9987
Episode finished. Sum of shaped rewards: 1.00. Length: 143. Bonus: 0.1251.
Global Step Counter: 10879
Episode finished. Sum of shaped rewards: 1.00. Length: 193. Bonus: 0.1494.
Global Step Counter: 12053
Episode finished. Sum of shaped rewards: 1.00. Length: 154. Bonus: 0.1276.
Global Step Counter: 13128
Episode finished. Sum of shaped rewards: 1.00. Length: 171. Bonus: 0.1421.
Global Step Counter: 14327
Episode finished. Sum of shaped rewards: 1.00. Length: 183. Bonus: 0.1455.
Global Step Counter: 15619
Episode finished. Sum of shaped rewards: 1.00. Length: 195. Bonus: 0.1535.
Global Step Counter: 17075
Episode finished. Sum of shaped rewards: 1.00. Length: 169. Bonus: 0.1334.
Global Step Counter: 18457
Episode finished. Sum of shaped rewards: 1.00. Length: 175. Bonus: 0.1836.
Global Step Counter: 19833
Episode finished. Sum of shaped rewards: 1.00. Length: 142. Bonus: 0.1252.
Global Step Counter: 21073
Episode finished. Sum of shaped rewards: 1.00. Length: 209. Bonus: 0.1809.
Global Step Counter: 23014
Episode finished. Sum of shaped rewards: 1.00. Length: 171. Bonus: 0.1400.
Global Step Counter: 24560
Episode finished. Sum of shaped rewards: 1.00. Length: 203. Bonus: 0.1757.
Global Step Counter: 26620
Episode finished. Sum of shaped rewards: 1.00. Length: 170. Bonus: 0.1454.
Global Step Counter: 28281
Episode finished. Sum of shaped rewards: 1.00. Length: 176. Bonus: 0.1558.
Global Step Counter: 30160
Episode finished. Sum of shaped rewards: 1.00. Length: 202. Bonus: 0.1563.
Global Step Counter: 32436
Episode finished. Sum of shaped rewards: 1.00. Length: 132. Bonus: 0.1114.
Global Step Counter: 33967
Episode finished. Sum of shaped rewards: 1.00. Length: 174. Bonus: 0.1441.
Global Step Counter: 36030
Episode finished. Sum of shaped rewards: 1.00. Length: 174. Bonus: 0.1741.
Global Step Counter: 38035
Episode finished. Sum of shaped rewards: 1.00. Length: 174. Bonus: 0.1489.
Global Step Counter: 40280
Episode finished. Sum of shaped rewards: 1.00. Length: 174. Bonus: 0.1461.
Global Step Counter: 42598
Episode finished. Sum of shaped rewards: 1.00. Length: 220. Bonus: 0.2834.
Global Step Counter: 45665
Episode finished. Sum of shaped rewards: 1.00. Length: 187. Bonus: 0.1639.
Global Step Counter: 48235
Episode finished. Sum of shaped rewards: 1.00. Length: 355. Bonus: 0.3259.
Global Step Counter: 53553
Episode finished. Sum of shaped rewards: 1.00. Length: 221. Bonus:[2018-05-20 18:03:13,462] Resetting environment logs
[2018-05-20 18:03:18,534] True Game terminating: env_episode_reward=0.9999 episode_length=155
[2018-05-20 18:03:18,547] Resetting environment logs
[2018-05-20 18:03:22,911] True Game terminating: env_episode_reward=0.9999 episode_length=141
[2018-05-20 18:03:22,922] Resetting environment logs
[2018-05-20 18:03:29,546] True Game terminating: env_episode_reward=0.9999 episode_length=201
[2018-05-20 18:03:29,556] Resetting environment logs
[2018-05-20 18:03:36,169] True Game terminating: env_episode_reward=0.9999 episode_length=205
[2018-05-20 18:03:36,179] Resetting environment logs
[2018-05-20 18:03:44,723] True Game terminating: env_episode_reward=0.9999 episode_length=250
[2018-05-20 18:03:44,735] Resetting environment logs
[2018-05-20 18:03:52,286] True Game terminating: env_episode_reward=0.9999 episode_length=220
[2018-05-20 18:03:52,296] Resetting environment logs
[2018-05-20 18:03:59,519] True Game terminating: env_episode_reward=0.9999 episode_length=208
[2018-05-20 18:03:59,528] Resetting environment logs
[2018-05-20 18:04:04,985] True Game terminating: env_episode_reward=0.9999 episode_length=160
[2018-05-20 18:04:04,995] Resetting environment logs
[2018-05-20 18:04:10,691] True Game terminating: env_episode_reward=0.9999 episode_length=165
[2018-05-20 18:04:10,701] Resetting environment logs
[2018-05-20 18:04:17,211] True Game terminating: env_episode_reward=0.9999 episode_length=199
[2018-05-20 18:04:17,234] Resetting environment logs
[2018-05-20 18:04:24,385] True Game terminating: env_episode_reward=0.9999 episode_length=205
[2018-05-20 18:04:24,411] Resetting environment logs
[2018-05-20 18:04:32,124] True Game terminating: env_episode_reward=0.9999 episode_length=220
[2018-05-20 18:04:32,135] Resetting environment logs
[2018-05-20 18:04:37,417] True Game terminating: env_episode_reward=0.9999 episode_length=157
[2018-05-20 18:04:37,427] Resetting environment logs
[2018-05-20 18:04:43,945] True Game terminating: env_episode_reward=0.9999 episode_length=194
[2018-05-20 18:04:43,955] Resetting environment logs
[2018-05-20 18:04:50,458] True Game terminating: env_episode_reward=0.9999 episode_length=190
[2018-05-20 18:04:50,471] Resetting environment logs
[2018-05-20 18:04:56,880] True Game terminating: env_episode_reward=0.9999 episode_length=184
[2018-05-20 18:04:56,902] Resetting environment logs
[2018-05-20 18:05:03,502] True Game terminating: env_episode_reward=0.9999 episode_length=192
[2018-05-20 18:05:03,517] Resetting environment logs
[2018-05-20 18:05:09,096] True Game terminating: env_episode_reward=0.9999 episode_length=169
[2018-05-20 18:05:09,133] Resetting environment logs
[2018-05-20 18:05:15,245] True Game terminating: env_episode_reward=0.9999 episode_length=174
[2018-05-20 18:05:15,255] Resetting environment logs
[2018-05-20 18:05:21,439] True Game terminating: env_episode_reward=0.9999 episode_length=188
[2018-05-20 18:05:21,452] Resetting environment logs
[2018-05-20 18:05:27,829] True Game terminating: env_episode_reward=0.9999 episode_length=191
[2018-05-20 18:05:27,839] Resetting environment logs
[2018-05-20 18:05:45,424] True Game terminating: env_episode_reward=0.0 episode_length=525
[2018-05-20 18:05:45,434] Resetting environment logs
[2018-05-20 18:05:49,347] True Game terminating: env_episode_reward=0.9999 episode_length=120
[2018-05-20 18:05:49,362] Resetting environment logs
[2018-05-20 18:05:55,392] True Game terminating: env_episode_reward=0.9999 episode_length=175
[2018-05-20 18:05:55,401] Resetting environment logs
[2018-05-20 18:06:01,666] True Game terminating: env_episode_reward=0.9999 episode_length=188
[2018-05-20 18:06:01,677] Resetting environment logs
[2018-05-20 18:06:07,788] True Game terminating: env_episode_reward=0.9999 episode_length=182
[2018-05-20 18:06:07,806] Resetting environment logs
[2018-05-20 18:06:12,907] True Game terminating: env_episode_reward=0.9999 episode_length=156
[2018-05-20 18:06:12,918] Resetting environment logs
[2018-05-20 18:06:19,911] True Game terminating: env_episode_reward=0.9999 episode_length=209
[2018-05-20 18:06:19,922] Resetting environment logs
[2018-05-20 18:06:24,419] True Game terminating: env_episode_reward=0.9999 episode_length=140
[2018-05-20 18:06:24,427] Resetting environment logs
[2018-05-20 18:06:30,053] True Game terminating: env_episode_reward=0.9999 episode_length=165
[2018-05-20 18:06:30,063] Resetting environment logs
[2018-05-20 18:06:36,449] True Game terminating: env_episode_reward=0.9999 episode_length=195
[2018-05-20 18:06:36,482] Resetting environment logs
[2018-05-20 18:06:41,757] True Game terminating: env_episode_reward=0.9999 episode_length=153
[2018-05-20 18:06:41,768] Resetting environment logs
[2018-05-20 18:06:47,519] True Game terminating: env_episode_reward=0.9999 episode_length=163
[2018-05-20 18:06:47,528] Resetting environment logs
[2018-05-20 18:06:52,613] True Game terminating: env_episode_reward=0.9999 episode_length=155
[2018-05-20 18:06:52,623] Resetting environment logs
[2018-05-20 18:06:58,477] True Game terminating: env_episode_reward=0.9999 episode_length=181
[2018-05-20 18:06:58,487] Resetting environment logs
[2018-05-20 18:07:03,011] True Game terminating: env_episode_reward=0.9999 episode_length=138
[2018-05-20 18:07:03,022] Resetting environment logs
[2018-05-20 18:07:09,389] True Game terminating: env_episode_reward=0.9999 episode_length=184
[2018-05-20 18:07:09,398] Resetting environment logs
[2018-05-20 18:07:14,831] True Game terminating: env_episode_reward=0.9999 episode_length=168
[2018-05-20 18:07:14,841] Resetting environment logs
[2018-05-20 18:07:20,686] True Game terminating: env_episode_reward=0.9999 episode_length=178
[2018-05-20 18:07:20,695] Resetting environment logs
[2018-05-20 18:07:27,751] True Game terminating: env_episode_reward=0.9999 episode_length=200
 0.2742.
Global Step Counter: 57131
Episode finished. Sum of shaped rewards: 1.00. Length: 155. Bonus: 0.1418.
Global Step Counter: 59770
Episode finished. Sum of shaped rewards: 1.00. Length: 141. Bonus: 0.1321.
Global Step Counter: 62080
Episode finished. Sum of shaped rewards: 1.00. Length: 201. Bonus: 0.2064.
Global Step Counter: 65745
Episode finished. Sum of shaped rewards: 1.00. Length: 205. Bonus: 0.1907.
Global Step Counter: 69243
Episode finished. Sum of shaped rewards: 1.00. Length: 250. Bonus: 0.2110.
Global Step Counter: 74060
Episode finished. Sum of shaped rewards: 1.00. Length: 220. Bonus: 0.2515.
Global Step Counter: 78458
Episode finished. Sum of shaped rewards: 1.00. Length: 208. Bonus: 0.2128.
Global Step Counter: 82762
Episode finished. Sum of shaped rewards: 1.00. Length: 160. Bonus: 0.1516.
Global Step Counter: 85930
Episode finished. Sum of shaped rewards: 1.00. Length: 165. Bonus: 0.1576.
Global Step Counter: 89311
Episode finished. Sum of shaped rewards: 1.00. Length: 199. Bonus: 0.1623.
Global Step Counter: 93183
Episode finished. Sum of shaped rewards: 1.00. Length: 205. Bonus: 0.1942.
Global Step Counter: 97436
Episode finished. Sum of shaped rewards: 1.00. Length: 220. Bonus: 0.3160.
Global Step Counter: 101860
Episode finished. Sum of shaped rewards: 1.00. Length: 157. Bonus: 0.1553.
Global Step Counter: 105074
Episode finished. Sum of shaped rewards: 1.00. Length: 194. Bonus: 0.1938.
Global Step Counter: 108919
Episode finished. Sum of shaped rewards: 1.00. Length: 190. Bonus: 0.2090.
Global Step Counter: 112713
Episode finished. Sum of shaped rewards: 1.00. Length: 184. Bonus: 0.2023.
Global Step Counter: 116563
Episode finished. Sum of shaped rewards: 1.00. Length: 192. Bonus: 0.1708.
Global Step Counter: 120446
Episode finished. Sum of shaped rewards: 1.00. Length: 169. Bonus: 0.1804.
Global Step Counter: 123796
Episode finished. Sum of shaped rewards: 1.00. Length: 174. Bonus: 0.1686.
Global Step Counter: 127320
Episode finished. Sum of shaped rewards: 1.00. Length: 188. Bonus: 0.1852.
Global Step Counter: 131044
Episode finished. Sum of shaped rewards: 1.00. Length: 191. Bonus: 0.1951.
Global Step Counter: 134793
Episode finished. Sum of shaped rewards: 0.00. Length: 525. Bonus: 0.5308.
Global Step Counter: 145107
Episode finished. Sum of shaped rewards: 1.00. Length: 120. Bonus: 0.1235.
Global Step Counter: 147437
Episode finished. Sum of shaped rewards: 1.00. Length: 175. Bonus: 0.1697.
Global Step Counter: 150999
Episode finished. Sum of shaped rewards: 1.00. Length: 188. Bonus: 0.1711.
Global Step Counter: 154703
Episode finished. Sum of shaped rewards: 1.00. Length: 182. Bonus: 0.1710.
Global Step Counter: 158271
Episode finished. Sum of shaped rewards: 1.00. Length: 156. Bonus: 0.1438.
Global Step Counter: 161306
Episode finished. Sum of shaped rewards: 1.00. Length: 209. Bonus: 0.1964.
Global Step Counter: 165426
Episode finished. Sum of shaped rewards: 1.00. Length: 140. Bonus: 0.1272.
Global Step Counter: 168053
Episode finished. Sum of shaped rewards: 1.00. Length: 165. Bonus: 0.1644.
Global Step Counter: 171402
Episode finished. Sum of shaped rewards: 1.00. Length: 195. Bonus: 0.2265.
Global Step Counter: 175184
Episode finished. Sum of shaped rewards: 1.00. Length: 153. Bonus: 0.1561.
Global Step Counter: 178266
Episode finished. Sum of shaped rewards: 1.00. Length: 163. Bonus: 0.1339.
Global Step Counter: 181618
Episode finished. Sum of shaped rewards: 1.00. Length: 155. Bonus: 0.1427.
Global Step Counter: 184646
Episode finished. Sum of shaped rewards: 1.00. Length: 181. Bonus: 0.1526.
Global Step Counter: 188090
Episode finished. Sum of shaped rewards: 1.00. Length: 138. Bonus: 0.1227.
Global Step Counter: 190767
Episode finished. Sum of shaped rewards: 1.00. Length: 184. Bonus: 0.1511.
Global Step Counter: 194576
Episode finished. Sum of shaped rewards: 1.00. Length: 168. Bonus: 0.1596.
Global Step Counter: 197829
Episode finished. Sum of shaped rewards: 1.00. Length: 178. Bonus: 0.1643.
Global Step Counter: 201363
Episode finished. Sum of shaped rewards: 1.00. Length:[2018-05-20 18:07:27,776] Resetting environment logs
[2018-05-20 18:07:32,822] True Game terminating: env_episode_reward=0.9999 episode_length=154
[2018-05-20 18:07:32,846] Resetting environment logs
[2018-05-20 18:07:38,644] True Game terminating: env_episode_reward=0.9999 episode_length=167
[2018-05-20 18:07:38,654] Resetting environment logs
[2018-05-20 18:07:44,736] True Game terminating: env_episode_reward=0.9999 episode_length=176
[2018-05-20 18:07:44,765] Resetting environment logs
[2018-05-20 18:07:50,970] True Game terminating: env_episode_reward=0.9999 episode_length=179
[2018-05-20 18:07:50,979] Resetting environment logs
[2018-05-20 18:07:56,588] True Game terminating: env_episode_reward=0.9999 episode_length=162
[2018-05-20 18:07:56,598] Resetting environment logs
[2018-05-20 18:08:01,875] True Game terminating: env_episode_reward=0.9999 episode_length=158
[2018-05-20 18:08:01,884] Resetting environment logs
[2018-05-20 18:08:07,230] True Game terminating: env_episode_reward=0.9999 episode_length=162
[2018-05-20 18:08:07,272] Resetting environment logs
[2018-05-20 18:08:13,156] True Game terminating: env_episode_reward=0.9999 episode_length=168
[2018-05-20 18:08:13,165] Resetting environment logs
[2018-05-20 18:08:18,299] True Game terminating: env_episode_reward=0.9999 episode_length=150
[2018-05-20 18:08:18,309] Resetting environment logs
[2018-05-20 18:08:24,659] True Game terminating: env_episode_reward=0.9999 episode_length=186
[2018-05-20 18:08:24,669] Resetting environment logs
[2018-05-20 18:08:31,658] True Game terminating: env_episode_reward=0.9999 episode_length=205
[2018-05-20 18:08:31,678] Resetting environment logs
[2018-05-20 18:08:38,139] True Game terminating: env_episode_reward=0.9999 episode_length=194
[2018-05-20 18:08:38,162] Resetting environment logs
[2018-05-20 18:08:45,312] True Game terminating: env_episode_reward=0.9999 episode_length=213
[2018-05-20 18:08:45,321] Resetting environment logs
[2018-05-20 18:08:51,632] True Game terminating: env_episode_reward=0.9999 episode_length=188
[2018-05-20 18:08:51,643] Resetting environment logs
[2018-05-20 18:08:57,352] True Game terminating: env_episode_reward=0.9999 episode_length=178
[2018-05-20 18:08:57,365] Resetting environment logs
[2018-05-20 18:09:03,577] True Game terminating: env_episode_reward=0.9999 episode_length=192
[2018-05-20 18:09:03,598] Resetting environment logs
[2018-05-20 18:09:09,230] True Game terminating: env_episode_reward=0.9999 episode_length=168
[2018-05-20 18:09:09,243] Resetting environment logs
[2018-05-20 18:09:14,607] True Game terminating: env_episode_reward=0.9999 episode_length=163
[2018-05-20 18:09:14,659] Resetting environment logs
[2018-05-20 18:09:20,343] True Game terminating: env_episode_reward=0.9999 episode_length=170
[2018-05-20 18:09:20,352] Resetting environment logs
[2018-05-20 18:09:26,666] True Game terminating: env_episode_reward=0.9999 episode_length=190
[2018-05-20 18:09:26,677] Resetting environment logs
[2018-05-20 18:09:34,599] True Game terminating: env_episode_reward=0.9999 episode_length=252
[2018-05-20 18:09:34,611] Resetting environment logs
[2018-05-20 18:09:41,154] True Game terminating: env_episode_reward=0.9999 episode_length=194
[2018-05-20 18:09:41,164] Resetting environment logs
[2018-05-20 18:09:46,689] True Game terminating: env_episode_reward=0.9999 episode_length=164
[2018-05-20 18:09:46,705] Resetting environment logs
[2018-05-20 18:09:51,209] True Game terminating: env_episode_reward=0.9999 episode_length=139
[2018-05-20 18:09:51,222] Resetting environment logs
[2018-05-20 18:09:56,339] True Game terminating: env_episode_reward=0.9999 episode_length=154
[2018-05-20 18:09:56,381] Resetting environment logs
[2018-05-20 18:10:02,317] True Game terminating: env_episode_reward=0.9999 episode_length=172
[2018-05-20 18:10:02,326] Resetting environment logs
[2018-05-20 18:10:07,038] True Game terminating: env_episode_reward=0.9999 episode_length=147
[2018-05-20 18:10:07,049] Resetting environment logs
[2018-05-20 18:10:11,173] True Game terminating: env_episode_reward=0.9999 episode_length=129
[2018-05-20 18:10:11,183] Resetting environment logs
[2018-05-20 18:10:18,426] True Game terminating: env_episode_reward=0.9999 episode_length=226
[2018-05-20 18:10:18,437] Resetting environment logs
[2018-05-20 18:10:25,105] True Game terminating: env_episode_reward=0.9999 episode_length=204
[2018-05-20 18:10:25,116] Resetting environment logs
[2018-05-20 18:10:30,966] True Game terminating: env_episode_reward=0.9999 episode_length=188
[2018-05-20 18:10:30,983] Resetting environment logs
[2018-05-20 18:10:37,351] True Game terminating: env_episode_reward=0.9999 episode_length=193
[2018-05-20 18:10:37,362] Resetting environment logs
[2018-05-20 18:10:42,945] True Game terminating: env_episode_reward=0.9999 episode_length=170
[2018-05-20 18:10:42,969] Resetting environment logs
[2018-05-20 18:10:48,309] True Game terminating: env_episode_reward=0.9999 episode_length=166
[2018-05-20 18:10:48,319] Resetting environment logs
[2018-05-20 18:10:53,465] True Game terminating: env_episode_reward=0.9999 episode_length=156
[2018-05-20 18:10:53,474] Resetting environment logs
[2018-05-20 18:10:58,179] True Game terminating: env_episode_reward=0.9999 episode_length=144
[2018-05-20 18:10:58,192] Resetting environment logs
[2018-05-20 18:11:02,523] True Game terminating: env_episode_reward=0.9999 episode_length=137
[2018-05-20 18:11:02,533] Resetting environment logs
 200. Bonus: 0.2271.
Global Step Counter: 205461
Episode finished. Sum of shaped rewards: 1.00. Length: 154. Bonus: 0.1360.
Global Step Counter: 208477
Episode finished. Sum of shaped rewards: 1.00. Length: 167. Bonus: 0.1467.
Global Step Counter: 211858
Episode finished. Sum of shaped rewards: 1.00. Length: 176. Bonus: 0.1549.
Global Step Counter: 215427
Episode finished. Sum of shaped rewards: 1.00. Length: 179. Bonus: 0.1609.
Global Step Counter: 219049
Episode finished. Sum of shaped rewards: 1.00. Length: 162. Bonus: 0.1488.
Global Step Counter: 222284
Episode finished. Sum of shaped rewards: 1.00. Length: 158. Bonus: 0.1516.
Global Step Counter: 225456
Episode finished. Sum of shaped rewards: 1.00. Length: 162. Bonus: 0.1423.
Global Step Counter: 228666
Episode finished. Sum of shaped rewards: 1.00. Length: 168. Bonus: 0.1502.
Global Step Counter: 232162
Episode finished. Sum of shaped rewards: 1.00. Length: 150. Bonus: 0.1423.
Global Step Counter: 235133
Episode finished. Sum of shaped rewards: 1.00. Length: 186. Bonus: 0.1721.
Global Step Counter: 238919
Episode finished. Sum of shaped rewards: 1.00. Length: 205. Bonus: 0.1887.
Global Step Counter: 243070
Episode finished. Sum of shaped rewards: 1.00. Length: 194. Bonus: 0.1499.
Global Step Counter: 246860
Episode finished. Sum of shaped rewards: 1.00. Length: 213. Bonus: 0.1995.
Global Step Counter: 251195
Episode finished. Sum of shaped rewards: 1.00. Length: 188. Bonus: 0.1529.
Global Step Counter: 255012
Episode finished. Sum of shaped rewards: 1.00. Length: 178. Bonus: 0.1639.
Global Step Counter: 258511
Episode finished. Sum of shaped rewards: 1.00. Length: 192. Bonus: 0.1604.
Global Step Counter: 262266
Episode finished. Sum of shaped rewards: 1.00. Length: 168. Bonus: 0.1548.
Global Step Counter: 265693
Episode finished. Sum of shaped rewards: 1.00. Length: 163. Bonus: 0.1520.
Global Step Counter: 269028
Episode finished. Sum of shaped rewards: 1.00. Length: 170. Bonus: 0.1549.
Global Step Counter: 272522
Episode finished. Sum of shaped rewards: 1.00. Length: 190. Bonus: 0.2051.
Global Step Counter: 276397
Episode finished. Sum of shaped rewards: 1.00. Length: 252. Bonus: 0.2139.
Global Step Counter: 281291
Episode finished. Sum of shaped rewards: 1.00. Length: 194. Bonus: 0.1496.
Global Step Counter: 285308
Episode finished. Sum of shaped rewards: 1.00. Length: 164. Bonus: 0.1469.
Global Step Counter: 288644
Episode finished. Sum of shaped rewards: 1.00. Length: 139. Bonus: 0.1308.
Global Step Counter: 291420
Episode finished. Sum of shaped rewards: 1.00. Length: 154. Bonus: 0.1447.
Global Step Counter: 294529
Episode finished. Sum of shaped rewards: 1.00. Length: 172. Bonus: 0.1621.
Global Step Counter: 298127
Episode finished. Sum of shaped rewards: 1.00. Length: 147. Bonus: 0.1227.
Global Step Counter: 301028
Episode finished. Sum of shaped rewards: 1.00. Length: 129. Bonus: 0.1220.
Global Step Counter: 303543
Episode finished. Sum of shaped rewards: 1.00. Length: 226. Bonus: 0.1869.
Global Step Counter: 307950
Episode finished. Sum of shaped rewards: 1.00. Length: 204. Bonus: 0.1955.
Global Step Counter: 312032
Episode finished. Sum of shaped rewards: 1.00. Length: 188. Bonus: 0.1677.
Global Step Counter: 315657
Episode finished. Sum of shaped rewards: 1.00. Length: 193. Bonus: 0.1660.
Global Step Counter: 319604
Episode finished. Sum of shaped rewards: 1.00. Length: 170. Bonus: 0.1769.
Global Step Counter: 323048
Episode finished. Sum of shaped rewards: 1.00. Length: 166. Bonus: 0.1552.
Global Step Counter: 326329
Episode finished. Sum of shaped rewards: 1.00. Length: 156. Bonus: 0.1358.
Global Step Counter: 329546
Episode finished. Sum of shaped rewards: 1.00. Length: 144. Bonus: 0.1371.
Global Step Counter: 332423
Episode finished. Sum of shaped rewards: 1.00. Length: 137. Bonus: 0.1282.
Global Step Counter: 335021
