[2018-05-20 18:00:25,827] Writing logs to file: /tmp/universe-5576.log
I tensorflow/core/distributed_runtime/rpc/grpc_channel.cc:197] Initialize GrpcChannelCache for job ps -> {0 -> 127.0.0.1:12222}
I tensorflow/core/distributed_runtime/rpc/grpc_channel.cc:197] Initialize GrpcChannelCache for job worker -> {0 -> 127.0.0.1:12223, 1 -> 127.0.0.1:12224, 2 -> 127.0.0.1:12225, 3 -> 127.0.0.1:12226, 4 -> 127.0.0.1:12227, 5 -> 127.0.0.1:12228, 6 -> 127.0.0.1:12229, 7 -> 127.0.0.1:12230, 8 -> 127.0.0.1:12231, 9 -> 127.0.0.1:12232, 10 -> localhost:12233, 11 -> 127.0.0.1:12234, 12 -> 127.0.0.1:12235, 13 -> 127.0.0.1:12236, 14 -> 127.0.0.1:12237, 15 -> 127.0.0.1:12238, 16 -> 127.0.0.1:12239, 17 -> 127.0.0.1:12240, 18 -> 127.0.0.1:12241, 19 -> 127.0.0.1:12242}
I tensorflow/core/distributed_runtime/rpc/grpc_server_lib.cc:211] Started server with target: grpc://localhost:12233
[2018-05-20 18:02:06,585] Making new env: ppaquette/DoomMyWayHomeFixed15-v0
[2018-05-20 18:02:11,113] Trainable vars:
[2018-05-20 18:02:11,113]   global/l1/W:0 (3, 3, 4, 32)
[2018-05-20 18:02:11,113]   global/l1/b:0 (1, 1, 1, 32)
[2018-05-20 18:02:11,113]   global/l2/W:0 (3, 3, 32, 32)
[2018-05-20 18:02:11,114]   global/l2/b:0 (1, 1, 1, 32)
[2018-05-20 18:02:11,114]   global/l3/W:0 (3, 3, 32, 32)
[2018-05-20 18:02:11,114]   global/l3/b:0 (1, 1, 1, 32)
[2018-05-20 18:02:11,114]   global/l4/W:0 (3, 3, 32, 32)
[2018-05-20 18:02:11,114]   global/l4/b:0 (1, 1, 1, 32)
[2018-05-20 18:02:11,114]   global/RNN/BasicLSTMCell/Linear/Matrix:0 (544, 1024)
[2018-05-20 18:02:11,114]   global/RNN/BasicLSTMCell/Linear/Bias:0 (1024,)
[2018-05-20 18:02:11,115]   global/value/w:0 (256, 1)
[2018-05-20 18:02:11,115]   global/value/b:0 (1,)
[2018-05-20 18:02:11,115]   global/action/w:0 (256, 4)
[2018-05-20 18:02:11,115]   global/action/b:0 (4,)
[2018-05-20 18:02:11,115]   global/predictor/l1/W:0 (3, 3, 4, 32)
[2018-05-20 18:02:11,115]   global/predictor/l1/b:0 (1, 1, 1, 32)
[2018-05-20 18:02:11,115]   global/predictor/l2/W:0 (3, 3, 32, 32)
[2018-05-20 18:02:11,115]   global/predictor/l2/b:0 (1, 1, 1, 32)
[2018-05-20 18:02:11,115]   global/predictor/l3/W:0 (3, 3, 32, 32)
[2018-05-20 18:02:11,115]   global/predictor/l3/b:0 (1, 1, 1, 32)
[2018-05-20 18:02:11,116]   global/predictor/l4/W:0 (3, 3, 32, 32)
[2018-05-20 18:02:11,116]   global/predictor/l4/b:0 (1, 1, 1, 32)
[2018-05-20 18:02:11,116]   global/predictor/g1/w:0 (576, 256)
[2018-05-20 18:02:11,116]   global/predictor/g1/b:0 (256,)
[2018-05-20 18:02:11,116]   global/predictor/glast/w:0 (256, 4)
[2018-05-20 18:02:11,116]   global/predictor/glast/b:0 (4,)
[2018-05-20 18:02:11,116]   global/predictor/f1/w:0 (292, 256)
[2018-05-20 18:02:11,116]   global/predictor/f1/b:0 (256,)
[2018-05-20 18:02:11,117]   global/predictor/flast/w:0 (256, 288)
[2018-05-20 18:02:11,117]   global/predictor/flast/b:0 (288,)
[2018-05-20 18:02:11,117]   local/l1/W:0 (3, 3, 4, 32)
[2018-05-20 18:02:11,117]   local/l1/b:0 (1, 1, 1, 32)
[2018-05-20 18:02:11,117]   local/l2/W:0 (3, 3, 32, 32)
[2018-05-20 18:02:11,117]   local/l2/b:0 (1, 1, 1, 32)
[2018-05-20 18:02:11,117]   local/l3/W:0 (3, 3, 32, 32)
[2018-05-20 18:02:11,117]   local/l3/b:0 (1, 1, 1, 32)
[2018-05-20 18:02:11,117]   local/l4/W:0 (3, 3, 32, 32)
[2018-05-20 18:02:11,117]   local/l4/b:0 (1, 1, 1, 32)
[2018-05-20 18:02:11,118]   local/RNN/BasicLSTMCell/Linear/Matrix:0 (544, 1024)
[2018-05-20 18:02:11,118]   local/RNN/BasicLSTMCell/Linear/Bias:0 (1024,)
[2018-05-20 18:02:11,118]   local/value/w:0 (256, 1)
[2018-05-20 18:02:11,118]   local/value/b:0 (1,)
[2018-05-20 18:02:11,118]   local/action/w:0 (256, 4)
[2018-05-20 18:02:11,118]   local/action/b:0 (4,)
[2018-05-20 18:02:11,118]   local/predictor/l1/W:0 (3, 3, 4, 32)
[2018-05-20 18:02:11,118]   local/predictor/l1/b:0 (1, 1, 1, 32)
[2018-05-20 18:02:11,118]   local/predictor/l2/W:0 (3, 3, 32, 32)
[2018-05-20 18:02:11,118]   local/predictor/l2/b:0 (1, 1, 1, 32)
[2018-05-20 18:02:11,119]   local/predictor/l3/W:0 (3, 3, 32, 32)
[2018-05-20 18:02:11,119]   local/predictor/l3/b:0 (1, 1, 1, 32)
[2018-05-20 18:02:11,119]   local/predictor/l4/W:0 (3, 3, 32, 32)
[2018-05-20 18:02:11,119]   local/predictor/l4/b:0 (1, 1, 1, 32)
[2018-05-20 18:02:11,119]   local/predictor/g1/w:0 (576, 256)
[2018-05-20 18:02:11,119]   local/predictor/g1/b:0 (256,)
[2018-05-20 18:02:11,119]   local/predictor/glast/w:0 (256, 4)
[2018-05-20 18:02:11,119]   local/predictor/glast/b:0 (4,)
[2018-05-20 18:02:11,119]   local/predictor/f1/w:0 (292, 256)
[2018-05-20 18:02:11,119]   local/predictor/f1/b:0 (256,)
[2018-05-20 18:02:11,119]   local/predictor/flast/w:0 (256, 288)
[2018-05-20 18:02:11,119]   local/predictor/flast/b:0 (288,)
[2018-05-20 18:02:11,120] Events directory: /scratch/doom3/train_10
[2018-05-20 18:02:13,352] Starting session. If this hangs, we're mostly likely waiting to connect to the parameter server. One common cause is that the parameter server DNS name isn't resolving yet, or is misspecified.
I tensorflow/core/distributed_runtime/master_session.cc:993] Start master session 689ad59b882b1c73 with config: 
device_filters: "/job:ps"
device_filters: "/job:worker/task:10/cpu:0"

[2018-05-20 18:02:14,485] Called reset on <Unvectorize<VectorizeFilter[<class 'envs.DiagnosticsInfoI'>]<Vectorize<SkipEnv<BufferedObsEnv<NoNegativeRewardEnv<SetPlayingModeWrapper<SetResolutionWrapper<ToDiscreteWrapper<TimeLimit<DoomMyWayHomeFixed15Env instance>>>>>>>>>>> before configuring. Configuring automatically with default arguments
[2018-05-20 18:02:14,849] Starting training at gobal_step=28022
[2018-05-20 18:02:14,853] Resetting environment logs
[2018-05-20 18:02:19,180] True Game terminating: env_episode_reward=0.9999 episode_length=175
[2018-05-20 18:02:19,188] Resetting environment logs
[2018-05-20 18:02:24,924] True Game terminating: env_episode_reward=0.9999 episode_length=232
[2018-05-20 18:02:24,933] Resetting environment logs
[2018-05-20 18:02:30,261] True Game terminating: env_episode_reward=0.9999 episode_length=210
[2018-05-20 18:02:30,271] Resetting environment logs
[2018-05-20 18:02:34,899] True Game terminating: env_episode_reward=0.9999 episode_length=186
[2018-05-20 18:02:34,921] Resetting environment logs
[2018-05-20 18:02:39,919] True Game terminating: env_episode_reward=0.9999 episode_length=191
[2018-05-20 18:02:39,928] Resetting environment logs
[2018-05-20 18:02:45,324] True Game terminating: env_episode_reward=0.9999 episode_length=211
[2018-05-20 18:02:45,332] Resetting environment logs
[2018-05-20 18:02:50,225] True Game terminating: env_episode_reward=0.9999 episode_length=180
[2018-05-20 18:02:50,237] Resetting environment logs
[2018-05-20 18:03:00,536] True Game terminating: env_episode_reward=0.9999 episode_length=374
[2018-05-20 18:03:00,547] Resetting environment logs
[2018-05-20 18:03:05,710] True Game terminating: env_episode_reward=0.9999 episode_length=180
[2018-05-20 18:03:05,720] Resetting environment logs
[2018-05-20 18:03:10,459] True Game terminating: env_episode_reward=0.9999 episode_length=158
[2018-05-20 18:03:10,468] Resetting environment logs
[2018-05-20 18:03:17,725] True Game terminating: env_episode_reward=0.9999 episode_length=235
[2018-05-20 18:03:17,734] Resetting environment logs
[2018-05-20 18:03:22,738] True Game terminating: env_episode_reward=0.9999 episode_length=158
[2018-05-20 18:03:22,748] Resetting environment logs
[2018-05-20 18:03:28,071] True Game terminating: env_episode_reward=0.9999 episode_length=157
[2018-05-20 18:03:28,080] Resetting environment logs
[2018-05-20 18:03:32,486] True Game terminating: env_episode_reward=0.9999 episode_length=137
[2018-05-20 18:03:32,497] Resetting environment logs
[2018-05-20 18:03:37,796] True Game terminating: env_episode_reward=0.9999 episode_length=160
[2018-05-20 18:03:37,807] Resetting environment logs
[2018-05-20 18:03:44,474] True Game terminating: env_episode_reward=0.9999 episode_length=197
[2018-05-20 18:03:44,497] Resetting environment logs
[2018-05-20 18:03:49,627] True Game terminating: env_episode_reward=0.9999 episode_length=155
[2018-05-20 18:03:49,638] Resetting environment logs
[2018-05-20 18:03:54,816] True Game terminating: env_episode_reward=0.9999 episode_length=156
[2018-05-20 18:03:54,825] Resetting environment logs
[2018-05-20 18:04:00,773] True Game terminating: env_episode_reward=0.9999 episode_length=179
[2018-05-20 18:04:00,789] Resetting environment logs
[2018-05-20 18:04:10,287] True Game terminating: env_episode_reward=0.9999 episode_length=269
[2018-05-20 18:04:10,304] Resetting environment logs
[2018-05-20 18:04:15,498] True Game terminating: env_episode_reward=0.9999 episode_length=156
[2018-05-20 18:04:15,507] Resetting environment logs
[2018-05-20 18:04:21,147] True Game terminating: env_episode_reward=0.9999 episode_length=169
[2018-05-20 18:04:21,157] Resetting environment logs
[2018-05-20 18:04:29,645] True Game terminating: env_episode_reward=0.9999 episode_length=257
[2018-05-20 18:04:29,670] Resetting environment logs
[2018-05-20 18:04:35,180] True Game terminating: env_episode_reward=0.9999 episode_length=159
[2018-05-20 18:04:35,190] Resetting environment logs
[2018-05-20 18:04:41,568] True Game terminating: env_episode_reward=0.9999 episode_length=186
[2018-05-20 18:04:41,578] Resetting environment logs
[2018-05-20 18:04:48,809] True Game terminating: env_episode_reward=0.9999 episode_length=211
[2018-05-20 18:04:48,821] Resetting environment logs
[2018-05-20 18:04:55,856] True Game terminating: env_episode_reward=0.9999 episode_length=207
[2018-05-20 18:04:55,871] Resetting environment logs
[2018-05-20 18:05:01,080] True Game terminating: env_episode_reward=0.9999 episode_length=150
[2018-05-20 18:05:01,091] Resetting environment logs
[2018-05-20 18:05:07,111] True Game terminating: env_episode_reward=0.9999 episode_length=173
[2018-05-20 18:05:07,125] Resetting environment logs
[2018-05-20 18:05:12,983] True Game terminating: env_episode_reward=0.9999 episode_length=179
[2018-05-20 18:05:12,992] Resetting environment logs
[2018-05-20 18:05:17,848] True Game terminating: env_episode_reward=0.9999 episode_length=148
[2018-05-20 18:05:17,860] Resetting environment logs
[2018-05-20 18:05:23,803] True Game terminating: env_episode_reward=0.9999 episode_length=176
[2018-05-20 18:05:23,813] Resetting environment logs
[2018-05-20 18:05:30,527] True Game terminating: env_episode_reward=0.9999 episode_length=196
[2018-05-20 18:05:30,537] Resetting environment logs
[2018-05-20 18:05:36,511] True Game terminating: env_episode_reward=0.9999 episode_length=167
[2018-05-20 18:05:36,542] Resetting environment logs
[2018-05-20 18:05:43,259] True Game terminating: env_episode_reward=0.9999 episode_length=196
[2018-05-20 18:05:43,269] Resetting environment logs
[2018-05-20 18:05:49,721] True Game terminating: env_episode_reward=0.9999 episode_length=188
[2018-05-20 18:05:49,742] Resetting environment logs
[2018-05-20 18:05:56,589] True Game terminating: env_episode_reward=0.9999 episode_length=209
[2018-05-20 18:05:56,601] Resetting environment logs
[2018-05-20 18:06:03,307] True Game terminating: env_episode_reward=0.9999 episode_length=201
Using universe head design
Using universe head design
Using universe head design
Using universe head design
Using universe head design
Using universe head design
Optimizer: ADAM with lr: 0.000100
Input observation shape:  (42, 42, 4)
	=> Special Config: Monsters Removed.
Episode finished. Sum of shaped rewards: 1.00. Length: 175. Bonus: 0.1750.
Global Step Counter: 30125
Episode finished. Sum of shaped rewards: 1.00. Length: 232. Bonus: 0.1929.
Global Step Counter: 32678
Episode finished. Sum of shaped rewards: 1.00. Length: 210. Bonus: 0.1702.
Global Step Counter: 35169
Episode finished. Sum of shaped rewards: 1.00. Length: 186. Bonus: 0.1455.
Global Step Counter: 37373
Episode finished. Sum of shaped rewards: 1.00. Length: 191. Bonus: 0.2036.
Global Step Counter: 39775
Episode finished. Sum of shaped rewards: 1.00. Length: 211. Bonus: 0.2089.
Global Step Counter: 42438
Episode finished. Sum of shaped rewards: 1.00. Length: 180. Bonus: 0.1584.
Global Step Counter: 44900
Episode finished. Sum of shaped rewards: 1.00. Length: 374. Bonus: 0.2670.
Global Step Counter: 50155
Episode finished. Sum of shaped rewards: 1.00. Length: 180. Bonus: 0.1648.
Global Step Counter: 52893
Episode finished. Sum of shaped rewards: 1.00. Length: 158. Bonus: 0.1414.
Global Step Counter: 55477
Episode finished. Sum of shaped rewards: 1.00. Length: 235. Bonus: 0.2106.
Global Step Counter: 59311
Episode finished. Sum of shaped rewards: 1.00. Length: 158. Bonus: 0.1587.
Global Step Counter: 62022
Episode finished. Sum of shaped rewards: 1.00. Length: 157. Bonus: 0.1499.
Global Step Counter: 64812
Episode finished. Sum of shaped rewards: 1.00. Length: 137. Bonus: 0.1403.
Global Step Counter: 67236
Episode finished. Sum of shaped rewards: 1.00. Length: 160. Bonus: 0.1513.
Global Step Counter: 70193
Episode finished. Sum of shaped rewards: 1.00. Length: 197. Bonus: 0.3053.
Global Step Counter: 73903
Episode finished. Sum of shaped rewards: 1.00. Length: 155. Bonus: 0.1384.
Global Step Counter: 76854
Episode finished. Sum of shaped rewards: 1.00. Length: 156. Bonus: 0.1449.
Global Step Counter: 79898
Episode finished. Sum of shaped rewards: 1.00. Length: 179. Bonus: 0.1769.
Global Step Counter: 83456
Episode finished. Sum of shaped rewards: 1.00. Length: 269. Bonus: 0.3419.
Global Step Counter: 89062
Episode finished. Sum of shaped rewards: 1.00. Length: 156. Bonus: 0.1410.
Global Step Counter: 92112
Episode finished. Sum of shaped rewards: 1.00. Length: 169. Bonus: 0.1511.
Global Step Counter: 95504
Episode finished. Sum of shaped rewards: 1.00. Length: 257. Bonus: 0.3355.
Global Step Counter: 100530
Episode finished. Sum of shaped rewards: 1.00. Length: 159. Bonus: 0.1432.
Global Step Counter: 103730
Episode finished. Sum of shaped rewards: 1.00. Length: 186. Bonus: 0.1741.
Global Step Counter: 107499
Episode finished. Sum of shaped rewards: 1.00. Length: 211. Bonus: 0.2160.
Global Step Counter: 111808
Episode finished. Sum of shaped rewards: 1.00. Length: 207. Bonus: 0.1815.
Global Step Counter: 115961
Episode finished. Sum of shaped rewards: 1.00. Length: 150. Bonus: 0.1386.
Global Step Counter: 119089
Episode finished. Sum of shaped rewards: 1.00. Length: 173. Bonus: 0.1693.
Global Step Counter: 122630
Episode finished. Sum of shaped rewards: 1.00. Length: 179. Bonus: 0.1792.
Global Step Counter: 126038
Episode finished. Sum of shaped rewards: 1.00. Length: 148. Bonus: 0.1462.
Global Step Counter: 128851
Episode finished. Sum of shaped rewards: 1.00. Length: 176. Bonus: 0.1567.
Global Step Counter: 132370
Episode finished. Sum of shaped rewards: 1.00. Length: 196. Bonus: 0.1826.
Global Step Counter: 136403
Episode finished. Sum of shaped rewards: 1.00. Length: 167. Bonus: 0.1481.
Global Step Counter: 139885
Episode finished. Sum of shaped rewards: 1.00. Length: 196. Bonus: 0.1592.
Global Step Counter: 143796
Episode finished. Sum of shaped rewards: 1.00. Length: 188. Bonus: 0.1505.
Global Step Counter: 147628
Episode finished. Sum of shaped rewards: 1.00. Length: 209. Bonus: 0.1783.
Global Step Counter: 151680
Episode finished. Sum of shaped rew[2018-05-20 18:06:03,317] Resetting environment logs
[2018-05-20 18:06:08,639] True Game terminating: env_episode_reward=0.9999 episode_length=155
[2018-05-20 18:06:08,650] Resetting environment logs
[2018-05-20 18:06:14,980] True Game terminating: env_episode_reward=0.9999 episode_length=187
[2018-05-20 18:06:14,990] Resetting environment logs
[2018-05-20 18:06:20,627] True Game terminating: env_episode_reward=0.9999 episode_length=166
[2018-05-20 18:06:20,640] Resetting environment logs
[2018-05-20 18:06:25,190] True Game terminating: env_episode_reward=0.9999 episode_length=142
[2018-05-20 18:06:25,239] Resetting environment logs
[2018-05-20 18:06:30,669] True Game terminating: env_episode_reward=0.9999 episode_length=157
[2018-05-20 18:06:30,678] Resetting environment logs
[2018-05-20 18:06:35,967] True Game terminating: env_episode_reward=0.9999 episode_length=162
[2018-05-20 18:06:35,982] Resetting environment logs
[2018-05-20 18:06:41,656] True Game terminating: env_episode_reward=0.9999 episode_length=169
[2018-05-20 18:06:41,666] Resetting environment logs
[2018-05-20 18:06:47,663] True Game terminating: env_episode_reward=0.9999 episode_length=183
[2018-05-20 18:06:47,674] Resetting environment logs
[2018-05-20 18:06:53,262] True Game terminating: env_episode_reward=0.9999 episode_length=168
[2018-05-20 18:06:53,271] Resetting environment logs
[2018-05-20 18:06:58,811] True Game terminating: env_episode_reward=0.9999 episode_length=165
[2018-05-20 18:06:58,821] Resetting environment logs
[2018-05-20 18:07:04,143] True Game terminating: env_episode_reward=0.9999 episode_length=155
[2018-05-20 18:07:04,152] Resetting environment logs
[2018-05-20 18:07:10,860] True Game terminating: env_episode_reward=0.9999 episode_length=204
[2018-05-20 18:07:10,875] Resetting environment logs
[2018-05-20 18:07:17,147] True Game terminating: env_episode_reward=0.9999 episode_length=186
[2018-05-20 18:07:17,157] Resetting environment logs
[2018-05-20 18:07:27,055] True Game terminating: env_episode_reward=0.9999 episode_length=287
[2018-05-20 18:07:27,066] Resetting environment logs
[2018-05-20 18:07:32,994] True Game terminating: env_episode_reward=0.9999 episode_length=176
[2018-05-20 18:07:33,004] Resetting environment logs
[2018-05-20 18:07:38,133] True Game terminating: env_episode_reward=0.9999 episode_length=155
[2018-05-20 18:07:38,149] Resetting environment logs
[2018-05-20 18:07:43,964] True Game terminating: env_episode_reward=0.9999 episode_length=166
[2018-05-20 18:07:43,986] Resetting environment logs
[2018-05-20 18:07:48,856] True Game terminating: env_episode_reward=0.9999 episode_length=141
[2018-05-20 18:07:48,865] Resetting environment logs
[2018-05-20 18:07:54,604] True Game terminating: env_episode_reward=0.9999 episode_length=166
[2018-05-20 18:07:54,614] Resetting environment logs
[2018-05-20 18:07:59,887] True Game terminating: env_episode_reward=0.9999 episode_length=162
[2018-05-20 18:08:00,014] Resetting environment logs
[2018-05-20 18:08:07,521] True Game terminating: env_episode_reward=0.9999 episode_length=224
[2018-05-20 18:08:07,629] Resetting environment logs
[2018-05-20 18:08:14,663] True Game terminating: env_episode_reward=0.9999 episode_length=209
[2018-05-20 18:08:14,674] Resetting environment logs
[2018-05-20 18:08:21,899] True Game terminating: env_episode_reward=0.9999 episode_length=209
[2018-05-20 18:08:21,910] Resetting environment logs
[2018-05-20 18:08:30,758] True Game terminating: env_episode_reward=0.9999 episode_length=258
[2018-05-20 18:08:30,768] Resetting environment logs
[2018-05-20 18:08:42,012] True Game terminating: env_episode_reward=0.9999 episode_length=328
[2018-05-20 18:08:42,023] Resetting environment logs
[2018-05-20 18:08:47,578] True Game terminating: env_episode_reward=0.9999 episode_length=172
[2018-05-20 18:08:47,594] Resetting environment logs
[2018-05-20 18:08:52,736] True Game terminating: env_episode_reward=0.9999 episode_length=144
[2018-05-20 18:08:52,747] Resetting environment logs
[2018-05-20 18:08:58,651] True Game terminating: env_episode_reward=0.9999 episode_length=174
[2018-05-20 18:08:58,663] Resetting environment logs
[2018-05-20 18:09:03,871] True Game terminating: env_episode_reward=0.9999 episode_length=159
[2018-05-20 18:09:03,889] Resetting environment logs
[2018-05-20 18:09:10,467] True Game terminating: env_episode_reward=0.9999 episode_length=194
[2018-05-20 18:09:10,490] Resetting environment logs
[2018-05-20 18:09:16,203] True Game terminating: env_episode_reward=0.9999 episode_length=176
[2018-05-20 18:09:16,215] Resetting environment logs
[2018-05-20 18:09:21,120] True Game terminating: env_episode_reward=0.9999 episode_length=159
[2018-05-20 18:09:21,131] Resetting environment logs
[2018-05-20 18:09:26,779] True Game terminating: env_episode_reward=0.9999 episode_length=172
[2018-05-20 18:09:26,790] Resetting environment logs
[2018-05-20 18:09:33,343] True Game terminating: env_episode_reward=0.9999 episode_length=208
[2018-05-20 18:09:33,351] Resetting environment logs
[2018-05-20 18:09:38,802] True Game terminating: env_episode_reward=0.9999 episode_length=165
[2018-05-20 18:09:38,811] Resetting environment logs
[2018-05-20 18:09:43,870] True Game terminating: env_episode_reward=0.9999 episode_length=164
[2018-05-20 18:09:43,879] Resetting environment logs
[2018-05-20 18:09:48,483] True Game terminating: env_episode_reward=0.9999 episode_length=147
[2018-05-20 18:09:48,495] Resetting environment logs
[2018-05-20 18:09:53,567] True Game terminating: env_episode_reward=0.9999 episode_length=156
[2018-05-20 18:09:53,578] Resetting environment logs
[2018-05-20 18:09:59,916] True Game terminating: env_episode_reward=0.9999 episode_length=188
[2018-05-20 18:09:59,925] Resetting environment logs
[2018-05-20 18:10:05,462] True Game terminating: env_episode_reward=0.9999 episode_length=167
ards: 1.00. Length: 201. Bonus: 0.1876.
Global Step Counter: 155741
Episode finished. Sum of shaped rewards: 1.00. Length: 155. Bonus: 0.1577.
Global Step Counter: 158844
Episode finished. Sum of shaped rewards: 1.00. Length: 187. Bonus: 0.2385.
Global Step Counter: 162522
Episode finished. Sum of shaped rewards: 1.00. Length: 166. Bonus: 0.1903.
Global Step Counter: 165861
Episode finished. Sum of shaped rewards: 1.00. Length: 142. Bonus: 0.1344.
Global Step Counter: 168575
Episode finished. Sum of shaped rewards: 1.00. Length: 157. Bonus: 0.1377.
Global Step Counter: 171798
Episode finished. Sum of shaped rewards: 1.00. Length: 162. Bonus: 0.1512.
Global Step Counter: 174920
Episode finished. Sum of shaped rewards: 1.00. Length: 169. Bonus: 0.1642.
Global Step Counter: 178128
Episode finished. Sum of shaped rewards: 1.00. Length: 183. Bonus: 0.1920.
Global Step Counter: 181701
Episode finished. Sum of shaped rewards: 1.00. Length: 168. Bonus: 0.1535.
Global Step Counter: 185001
Episode finished. Sum of shaped rewards: 1.00. Length: 165. Bonus: 0.1556.
Global Step Counter: 188323
Episode finished. Sum of shaped rewards: 1.00. Length: 155. Bonus: 0.1409.
Global Step Counter: 191475
Episode finished. Sum of shaped rewards: 1.00. Length: 204. Bonus: 0.2384.
Global Step Counter: 195420
Episode finished. Sum of shaped rewards: 1.00. Length: 186. Bonus: 0.1944.
Global Step Counter: 199130
Episode finished. Sum of shaped rewards: 1.00. Length: 287. Bonus: 0.3152.
Global Step Counter: 205041
Episode finished. Sum of shaped rewards: 1.00. Length: 176. Bonus: 0.1616.
Global Step Counter: 208547
Episode finished. Sum of shaped rewards: 1.00. Length: 155. Bonus: 0.1457.
Global Step Counter: 211601
Episode finished. Sum of shaped rewards: 1.00. Length: 166. Bonus: 0.1309.
Global Step Counter: 214961
Episode finished. Sum of shaped rewards: 1.00. Length: 141. Bonus: 0.1341.
Global Step Counter: 217874
Episode finished. Sum of shaped rewards: 1.00. Length: 166. Bonus: 0.1597.
Global Step Counter: 221135
Episode finished. Sum of shaped rewards: 1.00. Length: 162. Bonus: 0.1904.
Global Step Counter: 224369
Episode finished. Sum of shaped rewards: 1.00. Length: 224. Bonus: 0.1817.
Global Step Counter: 228829
Episode finished. Sum of shaped rewards: 1.00. Length: 209. Bonus: 0.2166.
Global Step Counter: 233004
Episode finished. Sum of shaped rewards: 1.00. Length: 209. Bonus: 0.1958.
Global Step Counter: 237372
Episode finished. Sum of shaped rewards: 1.00. Length: 258. Bonus: 0.2678.
Global Step Counter: 242492
Episode finished. Sum of shaped rewards: 1.00. Length: 328. Bonus: 0.2505.
Global Step Counter: 249204
Episode finished. Sum of shaped rewards: 1.00. Length: 172. Bonus: 0.1418.
Global Step Counter: 252587
Episode finished. Sum of shaped rewards: 1.00. Length: 144. Bonus: 0.1269.
Global Step Counter: 255655
Episode finished. Sum of shaped rewards: 1.00. Length: 174. Bonus: 0.1463.
Global Step Counter: 259276
Episode finished. Sum of shaped rewards: 1.00. Length: 159. Bonus: 0.1266.
Global Step Counter: 262438
Episode finished. Sum of shaped rewards: 1.00. Length: 194. Bonus: 0.1656.
Global Step Counter: 266480
Episode finished. Sum of shaped rewards: 1.00. Length: 176. Bonus: 0.1513.
Global Step Counter: 269975
Episode finished. Sum of shaped rewards: 1.00. Length: 159. Bonus: 0.1364.
Global Step Counter: 272999
Episode finished. Sum of shaped rewards: 1.00. Length: 172. Bonus: 0.1507.
Global Step Counter: 276516
Episode finished. Sum of shaped rewards: 1.00. Length: 208. Bonus: 0.1660.
Global Step Counter: 280498
Episode finished. Sum of shaped rewards: 1.00. Length: 165. Bonus: 0.1456.
Global Step Counter: 283827
Episode finished. Sum of shaped rewards: 1.00. Length: 164. Bonus: 0.1426.
Global Step Counter: 286929
Episode finished. Sum of shaped rewards: 1.00. Length: 147. Bonus: 0.1442.
Global Step Counter: 289768
Episode finished. Sum of shaped rewards: 1.00. Length: 156. Bonus: 0.1532.
Global Step Counter: 292847
Episode finished. Sum of shaped rewards: 1.00. Length: 188. Bonus: 0.1805.
Global Step Counter: 296672
Episode fin[2018-05-20 18:10:05,472] Resetting environment logs
[2018-05-20 18:10:11,493] True Game terminating: env_episode_reward=0.9999 episode_length=182
[2018-05-20 18:10:11,505] Resetting environment logs
[2018-05-20 18:10:17,117] True Game terminating: env_episode_reward=0.9999 episode_length=172
[2018-05-20 18:10:17,128] Resetting environment logs
[2018-05-20 18:10:23,334] True Game terminating: env_episode_reward=0.9999 episode_length=191
[2018-05-20 18:10:23,343] Resetting environment logs
[2018-05-20 18:10:28,959] True Game terminating: env_episode_reward=0.9999 episode_length=168
[2018-05-20 18:10:28,975] Resetting environment logs
[2018-05-20 18:10:33,947] True Game terminating: env_episode_reward=0.9999 episode_length=158
[2018-05-20 18:10:33,957] Resetting environment logs
[2018-05-20 18:10:39,561] True Game terminating: env_episode_reward=0.9999 episode_length=174
[2018-05-20 18:10:39,572] Resetting environment logs
[2018-05-20 18:10:46,517] True Game terminating: env_episode_reward=0.9999 episode_length=220
[2018-05-20 18:10:46,528] Resetting environment logs
[2018-05-20 18:10:53,553] True Game terminating: env_episode_reward=0.9999 episode_length=214
[2018-05-20 18:10:53,562] Resetting environment logs
[2018-05-20 18:10:58,663] True Game terminating: env_episode_reward=0.9999 episode_length=155
[2018-05-20 18:10:58,672] Resetting environment logs
[2018-05-20 18:11:04,088] True Game terminating: env_episode_reward=0.9999 episode_length=152
[2018-05-20 18:11:04,097] Resetting environment logs
ished. Sum of shaped rewards: 1.00. Length: 167. Bonus: 0.1532.
Global Step Counter: 300002
Episode finished. Sum of shaped rewards: 1.00. Length: 182. Bonus: 0.1659.
Global Step Counter: 303723
Episode finished. Sum of shaped rewards: 1.00. Length: 172. Bonus: 0.1506.
Global Step Counter: 307195
Episode finished. Sum of shaped rewards: 1.00. Length: 191. Bonus: 0.1823.
Global Step Counter: 310944
Episode finished. Sum of shaped rewards: 1.00. Length: 168. Bonus: 0.1423.
Global Step Counter: 314458
Episode finished. Sum of shaped rewards: 1.00. Length: 158. Bonus: 0.1412.
Global Step Counter: 317450
Episode finished. Sum of shaped rewards: 1.00. Length: 174. Bonus: 0.1401.
Global Step Counter: 320952
Episode finished. Sum of shaped rewards: 1.00. Length: 220. Bonus: 0.1983.
Global Step Counter: 325255
Episode finished. Sum of shaped rewards: 1.00. Length: 214. Bonus: 0.1979.
Global Step Counter: 329546
Episode finished. Sum of shaped rewards: 1.00. Length: 155. Bonus: 0.1377.
Global Step Counter: 332648
Episode finished. Sum of shaped rewards: 1.00. Length: 152. Bonus: 0.1342.
Global Step Counter: 335966
