[2018-05-20 18:00:25,828] Writing logs to file: /tmp/universe-5573.log
I tensorflow/core/distributed_runtime/rpc/grpc_channel.cc:197] Initialize GrpcChannelCache for job ps -> {0 -> 127.0.0.1:12222}
I tensorflow/core/distributed_runtime/rpc/grpc_channel.cc:197] Initialize GrpcChannelCache for job worker -> {0 -> 127.0.0.1:12223, 1 -> 127.0.0.1:12224, 2 -> 127.0.0.1:12225, 3 -> 127.0.0.1:12226, 4 -> 127.0.0.1:12227, 5 -> 127.0.0.1:12228, 6 -> 127.0.0.1:12229, 7 -> localhost:12230, 8 -> 127.0.0.1:12231, 9 -> 127.0.0.1:12232, 10 -> 127.0.0.1:12233, 11 -> 127.0.0.1:12234, 12 -> 127.0.0.1:12235, 13 -> 127.0.0.1:12236, 14 -> 127.0.0.1:12237, 15 -> 127.0.0.1:12238, 16 -> 127.0.0.1:12239, 17 -> 127.0.0.1:12240, 18 -> 127.0.0.1:12241, 19 -> 127.0.0.1:12242}
I tensorflow/core/distributed_runtime/rpc/grpc_server_lib.cc:211] Started server with target: grpc://localhost:12230
[2018-05-20 18:01:36,557] Making new env: ppaquette/DoomMyWayHomeFixed15-v0
[2018-05-20 18:01:40,413] Trainable vars:
[2018-05-20 18:01:40,413]   global/l1/W:0 (3, 3, 4, 32)
[2018-05-20 18:01:40,413]   global/l1/b:0 (1, 1, 1, 32)
[2018-05-20 18:01:40,413]   global/l2/W:0 (3, 3, 32, 32)
[2018-05-20 18:01:40,413]   global/l2/b:0 (1, 1, 1, 32)
[2018-05-20 18:01:40,413]   global/l3/W:0 (3, 3, 32, 32)
[2018-05-20 18:01:40,413]   global/l3/b:0 (1, 1, 1, 32)
[2018-05-20 18:01:40,414]   global/l4/W:0 (3, 3, 32, 32)
[2018-05-20 18:01:40,414]   global/l4/b:0 (1, 1, 1, 32)
[2018-05-20 18:01:40,414]   global/RNN/BasicLSTMCell/Linear/Matrix:0 (544, 1024)
[2018-05-20 18:01:40,414]   global/RNN/BasicLSTMCell/Linear/Bias:0 (1024,)
[2018-05-20 18:01:40,414]   global/value/w:0 (256, 1)
[2018-05-20 18:01:40,414]   global/value/b:0 (1,)
[2018-05-20 18:01:40,414]   global/action/w:0 (256, 4)
[2018-05-20 18:01:40,414]   global/action/b:0 (4,)
[2018-05-20 18:01:40,414]   global/predictor/l1/W:0 (3, 3, 4, 32)
[2018-05-20 18:01:40,414]   global/predictor/l1/b:0 (1, 1, 1, 32)
[2018-05-20 18:01:40,414]   global/predictor/l2/W:0 (3, 3, 32, 32)
[2018-05-20 18:01:40,414]   global/predictor/l2/b:0 (1, 1, 1, 32)
[2018-05-20 18:01:40,414]   global/predictor/l3/W:0 (3, 3, 32, 32)
[2018-05-20 18:01:40,415]   global/predictor/l3/b:0 (1, 1, 1, 32)
[2018-05-20 18:01:40,415]   global/predictor/l4/W:0 (3, 3, 32, 32)
[2018-05-20 18:01:40,415]   global/predictor/l4/b:0 (1, 1, 1, 32)
[2018-05-20 18:01:40,415]   global/predictor/g1/w:0 (576, 256)
[2018-05-20 18:01:40,415]   global/predictor/g1/b:0 (256,)
[2018-05-20 18:01:40,415]   global/predictor/glast/w:0 (256, 4)
[2018-05-20 18:01:40,415]   global/predictor/glast/b:0 (4,)
[2018-05-20 18:01:40,415]   global/predictor/f1/w:0 (292, 256)
[2018-05-20 18:01:40,415]   global/predictor/f1/b:0 (256,)
[2018-05-20 18:01:40,415]   global/predictor/flast/w:0 (256, 288)
[2018-05-20 18:01:40,415]   global/predictor/flast/b:0 (288,)
[2018-05-20 18:01:40,415]   local/l1/W:0 (3, 3, 4, 32)
[2018-05-20 18:01:40,415]   local/l1/b:0 (1, 1, 1, 32)
[2018-05-20 18:01:40,416]   local/l2/W:0 (3, 3, 32, 32)
[2018-05-20 18:01:40,416]   local/l2/b:0 (1, 1, 1, 32)
[2018-05-20 18:01:40,416]   local/l3/W:0 (3, 3, 32, 32)
[2018-05-20 18:01:40,416]   local/l3/b:0 (1, 1, 1, 32)
[2018-05-20 18:01:40,416]   local/l4/W:0 (3, 3, 32, 32)
[2018-05-20 18:01:40,416]   local/l4/b:0 (1, 1, 1, 32)
[2018-05-20 18:01:40,416]   local/RNN/BasicLSTMCell/Linear/Matrix:0 (544, 1024)
[2018-05-20 18:01:40,416]   local/RNN/BasicLSTMCell/Linear/Bias:0 (1024,)
[2018-05-20 18:01:40,416]   local/value/w:0 (256, 1)
[2018-05-20 18:01:40,416]   local/value/b:0 (1,)
[2018-05-20 18:01:40,416]   local/action/w:0 (256, 4)
[2018-05-20 18:01:40,416]   local/action/b:0 (4,)
[2018-05-20 18:01:40,416]   local/predictor/l1/W:0 (3, 3, 4, 32)
[2018-05-20 18:01:40,417]   local/predictor/l1/b:0 (1, 1, 1, 32)
[2018-05-20 18:01:40,417]   local/predictor/l2/W:0 (3, 3, 32, 32)
[2018-05-20 18:01:40,417]   local/predictor/l2/b:0 (1, 1, 1, 32)
[2018-05-20 18:01:40,417]   local/predictor/l3/W:0 (3, 3, 32, 32)
[2018-05-20 18:01:40,417]   local/predictor/l3/b:0 (1, 1, 1, 32)
[2018-05-20 18:01:40,417]   local/predictor/l4/W:0 (3, 3, 32, 32)
[2018-05-20 18:01:40,417]   local/predictor/l4/b:0 (1, 1, 1, 32)
[2018-05-20 18:01:40,417]   local/predictor/g1/w:0 (576, 256)
[2018-05-20 18:01:40,417]   local/predictor/g1/b:0 (256,)
[2018-05-20 18:01:40,417]   local/predictor/glast/w:0 (256, 4)
[2018-05-20 18:01:40,417]   local/predictor/glast/b:0 (4,)
[2018-05-20 18:01:40,417]   local/predictor/f1/w:0 (292, 256)
[2018-05-20 18:01:40,418]   local/predictor/f1/b:0 (256,)
[2018-05-20 18:01:40,418]   local/predictor/flast/w:0 (256, 288)
[2018-05-20 18:01:40,418]   local/predictor/flast/b:0 (288,)
[2018-05-20 18:01:40,418] Events directory: /scratch/doom3/train_7
[2018-05-20 18:01:42,534] Starting session. If this hangs, we're mostly likely waiting to connect to the parameter server. One common cause is that the parameter server DNS name isn't resolving yet, or is misspecified.
I tensorflow/core/distributed_runtime/master_session.cc:993] Start master session 4dc262cbb57219a1 with config: 
device_filters: "/job:ps"
device_filters: "/job:worker/task:7/cpu:0"

[2018-05-20 18:01:43,588] Called reset on <Unvectorize<VectorizeFilter[<class 'envs.DiagnosticsInfoI'>]<Vectorize<SkipEnv<BufferedObsEnv<NoNegativeRewardEnv<SetPlayingModeWrapper<SetResolutionWrapper<ToDiscreteWrapper<TimeLimit<DoomMyWayHomeFixed15Env instance>>>>>>>>>>> before configuring. Configuring automatically with default arguments
[2018-05-20 18:01:43,905] Starting training at gobal_step=15491
[2018-05-20 18:01:43,908] Resetting environment logs
[2018-05-20 18:01:48,439] True Game terminating: env_episode_reward=0.9999 episode_length=218
[2018-05-20 18:01:48,447] Resetting environment logs
[2018-05-20 18:01:51,764] True Game terminating: env_episode_reward=0.9999 episode_length=157
[2018-05-20 18:01:51,772] Resetting environment logs
[2018-05-20 18:01:55,354] True Game terminating: env_episode_reward=0.9999 episode_length=168
[2018-05-20 18:01:55,363] Resetting environment logs
[2018-05-20 18:01:59,110] True Game terminating: env_episode_reward=0.9999 episode_length=172
[2018-05-20 18:01:59,125] Resetting environment logs
[2018-05-20 18:02:03,223] True Game terminating: env_episode_reward=0.9999 episode_length=185
[2018-05-20 18:02:03,232] Resetting environment logs
[2018-05-20 18:02:07,547] True Game terminating: env_episode_reward=0.9999 episode_length=189
[2018-05-20 18:02:07,555] Resetting environment logs
[2018-05-20 18:02:12,027] True Game terminating: env_episode_reward=0.9999 episode_length=191
[2018-05-20 18:02:12,037] Resetting environment logs
[2018-05-20 18:02:16,551] True Game terminating: env_episode_reward=0.9999 episode_length=194
[2018-05-20 18:02:16,563] Resetting environment logs
[2018-05-20 18:02:21,267] True Game terminating: env_episode_reward=0.9999 episode_length=198
[2018-05-20 18:02:21,277] Resetting environment logs
[2018-05-20 18:02:25,552] True Game terminating: env_episode_reward=0.9999 episode_length=172
[2018-05-20 18:02:25,562] Resetting environment logs
[2018-05-20 18:02:30,453] True Game terminating: env_episode_reward=0.9999 episode_length=188
[2018-05-20 18:02:30,477] Resetting environment logs
[2018-05-20 18:02:34,557] True Game terminating: env_episode_reward=0.9999 episode_length=159
[2018-05-20 18:02:34,570] Resetting environment logs
[2018-05-20 18:02:40,336] True Game terminating: env_episode_reward=0.9999 episode_length=216
[2018-05-20 18:02:40,346] Resetting environment logs
[2018-05-20 18:02:44,518] True Game terminating: env_episode_reward=0.9999 episode_length=159
[2018-05-20 18:02:44,529] Resetting environment logs
[2018-05-20 18:02:48,560] True Game terminating: env_episode_reward=0.9999 episode_length=142
[2018-05-20 18:02:48,572] Resetting environment logs
[2018-05-20 18:02:52,503] True Game terminating: env_episode_reward=0.9999 episode_length=136
[2018-05-20 18:02:52,517] Resetting environment logs
[2018-05-20 18:02:57,697] True Game terminating: env_episode_reward=0.9999 episode_length=177
[2018-05-20 18:02:57,721] Resetting environment logs
[2018-05-20 18:03:03,915] True Game terminating: env_episode_reward=0.9999 episode_length=212
[2018-05-20 18:03:03,924] Resetting environment logs
[2018-05-20 18:03:09,735] True Game terminating: env_episode_reward=0.9999 episode_length=201
[2018-05-20 18:03:09,746] Resetting environment logs
[2018-05-20 18:03:14,800] True Game terminating: env_episode_reward=0.9999 episode_length=168
[2018-05-20 18:03:14,812] Resetting environment logs
[2018-05-20 18:03:21,091] True Game terminating: env_episode_reward=0.9999 episode_length=198
[2018-05-20 18:03:21,102] Resetting environment logs
[2018-05-20 18:03:27,387] True Game terminating: env_episode_reward=0.9999 episode_length=188
[2018-05-20 18:03:27,396] Resetting environment logs
[2018-05-20 18:03:34,251] True Game terminating: env_episode_reward=0.9999 episode_length=208
[2018-05-20 18:03:34,261] Resetting environment logs
[2018-05-20 18:03:51,672] True Game terminating: env_episode_reward=0.9999 episode_length=502
[2018-05-20 18:03:51,690] Resetting environment logs
[2018-05-20 18:04:02,239] True Game terminating: env_episode_reward=0.9999 episode_length=319
[2018-05-20 18:04:02,267] Resetting environment logs
[2018-05-20 18:04:07,233] True Game terminating: env_episode_reward=0.9999 episode_length=143
[2018-05-20 18:04:07,270] Resetting environment logs
[2018-05-20 18:04:12,834] True Game terminating: env_episode_reward=0.9999 episode_length=161
[2018-05-20 18:04:12,846] Resetting environment logs
[2018-05-20 18:04:18,770] True Game terminating: env_episode_reward=0.9999 episode_length=179
[2018-05-20 18:04:18,779] Resetting environment logs
[2018-05-20 18:04:26,380] True Game terminating: env_episode_reward=0.9999 episode_length=220
[2018-05-20 18:04:26,396] Resetting environment logs
[2018-05-20 18:04:33,893] True Game terminating: env_episode_reward=0.9999 episode_length=212
[2018-05-20 18:04:33,905] Resetting environment logs
[2018-05-20 18:04:40,002] True Game terminating: env_episode_reward=0.9999 episode_length=175
[2018-05-20 18:04:40,012] Resetting environment logs
[2018-05-20 18:04:45,412] True Game terminating: env_episode_reward=0.9999 episode_length=159
[2018-05-20 18:04:45,421] Resetting environment logs
[2018-05-20 18:04:52,560] True Game terminating: env_episode_reward=0.9999 episode_length=215
[2018-05-20 18:04:52,570] Resetting environment logs
[2018-05-20 18:04:59,265] True Game terminating: env_episode_reward=0.9999 episode_length=192
[2018-05-20 18:04:59,275] Resetting environment logs
[2018-05-20 18:05:05,224] True Game terminating: env_episode_reward=0.9999 episode_length=175
[2018-05-20 18:05:05,247] Resetting environment logs
[2018-05-20 18:05:10,753] True Game terminating: env_episode_reward=0.9999 episode_length=155
[2018-05-20 18:05:10,777] Resetting environment logs
[2018-05-20 18:05:16,040] True Game terminating: env_episode_reward=0.9999 episode_length=154
[2018-05-20 18:05:16,048] Resetting environment logs
[2018-05-20 18:05:21,448] True Game terminating: env_episode_reward=0.9999 episode_length=161
Using universe head design
Using universe head design
Using universe head design
Using universe head design
Using universe head design
Using universe head design
Optimizer: ADAM with lr: 0.000100
Input observation shape:  (42, 42, 4)
	=> Special Config: Monsters Removed.
Episode finished. Sum of shaped rewards: 1.00. Length: 218. Bonus: 0.1795.
Global Step Counter: 17330
Episode finished. Sum of shaped rewards: 1.00. Length: 157. Bonus: 0.1318.
Global Step Counter: 18563
Episode finished. Sum of shaped rewards: 1.00. Length: 168. Bonus: 0.1447.
Global Step Counter: 19984
Episode finished. Sum of shaped rewards: 1.00. Length: 172. Bonus: 0.1528.
Global Step Counter: 21538
Episode finished. Sum of shaped rewards: 1.00. Length: 185. Bonus: 0.1464.
Global Step Counter: 23223
Episode finished. Sum of shaped rewards: 1.00. Length: 189. Bonus: 0.1507.
Global Step Counter: 25047
Episode finished. Sum of shaped rewards: 1.00. Length: 191. Bonus: 0.1736.
Global Step Counter: 26974
Episode finished. Sum of shaped rewards: 1.00. Length: 194. Bonus: 0.1877.
Global Step Counter: 28949
Episode finished. Sum of shaped rewards: 1.00. Length: 198. Bonus: 0.1609.
Global Step Counter: 31059
Episode finished. Sum of shaped rewards: 1.00. Length: 172. Bonus: 0.1477.
Global Step Counter: 32961
Episode finished. Sum of shaped rewards: 1.00. Length: 188. Bonus: 0.1810.
Global Step Counter: 35279
Episode finished. Sum of shaped rewards: 1.00. Length: 159. Bonus: 0.1353.
Global Step Counter: 37255
Episode finished. Sum of shaped rewards: 1.00. Length: 216. Bonus: 0.1932.
Global Step Counter: 39970
Episode finished. Sum of shaped rewards: 1.00. Length: 159. Bonus: 0.1368.
Global Step Counter: 42089
Episode finished. Sum of shaped rewards: 1.00. Length: 142. Bonus: 0.1286.
Global Step Counter: 44054
Episode finished. Sum of shaped rewards: 1.00. Length: 136. Bonus: 0.1169.
Global Step Counter: 46065
Episode finished. Sum of shaped rewards: 1.00. Length: 177. Bonus: 0.1497.
Global Step Counter: 48739
Episode finished. Sum of shaped rewards: 1.00. Length: 212. Bonus: 0.2140.
Global Step Counter: 51971
Episode finished. Sum of shaped rewards: 1.00. Length: 201. Bonus: 0.1735.
Global Step Counter: 55104
Episode finished. Sum of shaped rewards: 1.00. Length: 168. Bonus: 0.1654.
Global Step Counter: 57755
Episode finished. Sum of shaped rewards: 1.00. Length: 198. Bonus: 0.2120.
Global Step Counter: 61142
Episode finished. Sum of shaped rewards: 1.00. Length: 188. Bonus: 0.1885.
Global Step Counter: 64464
Episode finished. Sum of shaped rewards: 1.00. Length: 208. Bonus: 0.1981.
Global Step Counter: 68240
Episode finished. Sum of shaped rewards: 1.00. Length: 502. Bonus: 0.5148.
Global Step Counter: 78079
Episode finished. Sum of shaped rewards: 1.00. Length: 319. Bonus: 0.4714.
Global Step Counter: 84377
Episode finished. Sum of shaped rewards: 1.00. Length: 143. Bonus: 0.1373.
Global Step Counter: 87272
Episode finished. Sum of shaped rewards: 1.00. Length: 161. Bonus: 0.1482.
Global Step Counter: 90549
Episode finished. Sum of shaped rewards: 1.00. Length: 179. Bonus: 0.1791.
Global Step Counter: 94092
Episode finished. Sum of shaped rewards: 1.00. Length: 220. Bonus: 0.2197.
Global Step Counter: 98615
Episode finished. Sum of shaped rewards: 1.00. Length: 212. Bonus: 0.1917.
Global Step Counter: 102982
Episode finished. Sum of shaped rewards: 1.00. Length: 175. Bonus: 0.1434.
Global Step Counter: 106592
Episode finished. Sum of shaped rewards: 1.00. Length: 159. Bonus: 0.1431.
Global Step Counter: 109770
Episode finished. Sum of shaped rewards: 1.00. Length: 215. Bonus: 0.2853.
Global Step Counter: 113965
Episode finished. Sum of shaped rewards: 1.00. Length: 192. Bonus: 0.1763.
Global Step Counter: 117993
Episode finished. Sum of shaped rewards: 1.00. Length: 175. Bonus: 0.1582.
Global Step Counter: 121488
Episode finished. Sum of shaped rewards: 1.00. Length: 155. Bonus: 0.1507.
Global Step Counter: 124729
Episode finished. Sum of shaped rewards: 1.00. Length: 154. Bonus: 0.1637.
Global Step Counter: 127830
Episode finished. Sum of shaped rewards: 1[2018-05-20 18:05:21,464] Resetting environment logs
[2018-05-20 18:05:27,866] True Game terminating: env_episode_reward=0.9999 episode_length=189
[2018-05-20 18:05:27,875] Resetting environment logs
[2018-05-20 18:05:43,564] True Game terminating: env_episode_reward=0.9999 episode_length=450
[2018-05-20 18:05:43,585] Resetting environment logs
[2018-05-20 18:05:48,755] True Game terminating: env_episode_reward=0.9999 episode_length=152
[2018-05-20 18:05:48,774] Resetting environment logs
[2018-05-20 18:05:55,094] True Game terminating: env_episode_reward=0.9999 episode_length=187
[2018-05-20 18:05:55,106] Resetting environment logs
[2018-05-20 18:06:01,033] True Game terminating: env_episode_reward=0.9999 episode_length=163
[2018-05-20 18:06:01,043] Resetting environment logs
[2018-05-20 18:06:05,956] True Game terminating: env_episode_reward=0.9999 episode_length=152
[2018-05-20 18:06:05,965] Resetting environment logs
[2018-05-20 18:06:12,441] True Game terminating: env_episode_reward=0.9999 episode_length=191
[2018-05-20 18:06:12,453] Resetting environment logs
[2018-05-20 18:06:18,233] True Game terminating: env_episode_reward=0.9999 episode_length=167
[2018-05-20 18:06:18,251] Resetting environment logs
[2018-05-20 18:06:23,440] True Game terminating: env_episode_reward=0.9999 episode_length=153
[2018-05-20 18:06:23,450] Resetting environment logs
[2018-05-20 18:06:29,233] True Game terminating: env_episode_reward=0.9999 episode_length=173
[2018-05-20 18:06:29,245] Resetting environment logs
[2018-05-20 18:06:34,279] True Game terminating: env_episode_reward=0.9999 episode_length=147
[2018-05-20 18:06:34,291] Resetting environment logs
[2018-05-20 18:06:41,043] True Game terminating: env_episode_reward=0.9999 episode_length=196
[2018-05-20 18:06:41,053] Resetting environment logs
[2018-05-20 18:06:46,309] True Game terminating: env_episode_reward=0.9999 episode_length=151
[2018-05-20 18:06:46,320] Resetting environment logs
[2018-05-20 18:06:52,268] True Game terminating: env_episode_reward=0.9999 episode_length=176
[2018-05-20 18:06:52,292] Resetting environment logs
[2018-05-20 18:06:58,714] True Game terminating: env_episode_reward=0.9999 episode_length=187
[2018-05-20 18:06:58,724] Resetting environment logs
[2018-05-20 18:07:05,109] True Game terminating: env_episode_reward=0.9999 episode_length=184
[2018-05-20 18:07:05,119] Resetting environment logs
[2018-05-20 18:07:11,804] True Game terminating: env_episode_reward=0.9999 episode_length=200
[2018-05-20 18:07:11,819] Resetting environment logs
[2018-05-20 18:07:17,826] True Game terminating: env_episode_reward=0.9999 episode_length=176
[2018-05-20 18:07:17,837] Resetting environment logs
[2018-05-20 18:07:24,501] True Game terminating: env_episode_reward=0.9999 episode_length=197
[2018-05-20 18:07:24,545] Resetting environment logs
[2018-05-20 18:07:30,478] True Game terminating: env_episode_reward=0.9999 episode_length=176
[2018-05-20 18:07:30,487] Resetting environment logs
[2018-05-20 18:07:35,958] True Game terminating: env_episode_reward=0.9999 episode_length=157
[2018-05-20 18:07:35,970] Resetting environment logs
[2018-05-20 18:07:41,314] True Game terminating: env_episode_reward=0.9999 episode_length=158
[2018-05-20 18:07:41,325] Resetting environment logs
[2018-05-20 18:07:47,342] True Game terminating: env_episode_reward=0.9999 episode_length=169
[2018-05-20 18:07:47,353] Resetting environment logs
[2018-05-20 18:07:53,264] True Game terminating: env_episode_reward=0.9999 episode_length=172
[2018-05-20 18:07:53,283] Resetting environment logs
[2018-05-20 18:08:00,265] True Game terminating: env_episode_reward=0.9999 episode_length=197
[2018-05-20 18:08:00,309] Resetting environment logs
[2018-05-20 18:08:05,921] True Game terminating: env_episode_reward=0.9999 episode_length=161
[2018-05-20 18:08:05,938] Resetting environment logs
[2018-05-20 18:08:11,849] True Game terminating: env_episode_reward=0.9999 episode_length=166
[2018-05-20 18:08:11,858] Resetting environment logs
[2018-05-20 18:08:18,267] True Game terminating: env_episode_reward=0.9999 episode_length=193
[2018-05-20 18:08:18,278] Resetting environment logs
[2018-05-20 18:08:24,828] True Game terminating: env_episode_reward=0.9999 episode_length=194
[2018-05-20 18:08:24,837] Resetting environment logs
[2018-05-20 18:08:30,955] True Game terminating: env_episode_reward=0.9999 episode_length=177
[2018-05-20 18:08:30,965] Resetting environment logs
[2018-05-20 18:08:37,607] True Game terminating: env_episode_reward=0.9999 episode_length=198
[2018-05-20 18:08:37,617] Resetting environment logs
[2018-05-20 18:08:43,474] True Game terminating: env_episode_reward=0.9999 episode_length=175
[2018-05-20 18:08:43,485] Resetting environment logs
[2018-05-20 18:08:50,103] True Game terminating: env_episode_reward=0.9999 episode_length=198
[2018-05-20 18:08:50,122] Resetting environment logs
[2018-05-20 18:08:55,005] True Game terminating: env_episode_reward=0.9999 episode_length=152
[2018-05-20 18:08:55,015] Resetting environment logs
[2018-05-20 18:09:00,222] True Game terminating: env_episode_reward=0.9999 episode_length=157
[2018-05-20 18:09:00,233] Resetting environment logs
[2018-05-20 18:09:06,939] True Game terminating: env_episode_reward=0.9999 episode_length=193
[2018-05-20 18:09:06,948] Resetting environment logs
[2018-05-20 18:09:11,867] True Game terminating: env_episode_reward=0.9999 episode_length=149
[2018-05-20 18:09:11,878] Resetting environment logs
[2018-05-20 18:09:17,954] True Game terminating: env_episode_reward=0.9999 episode_length=184
[2018-05-20 18:09:17,964] Resetting environment logs
[2018-05-20 18:09:23,824] True Game terminating: env_episode_reward=0.9999 episode_length=175
[2018-05-20 18:09:23,855] Resetting environment logs
[2018-05-20 18:09:29,623] True Game terminating: env_episode_reward=0.9999 episode_length=176
.00. Length: 161. Bonus: 0.1466.
Global Step Counter: 131085
Episode finished. Sum of shaped rewards: 1.00. Length: 189. Bonus: 0.1649.
Global Step Counter: 134813
Episode finished. Sum of shaped rewards: 1.00. Length: 450. Bonus: 0.4089.
Global Step Counter: 144019
Episode finished. Sum of shaped rewards: 1.00. Length: 152. Bonus: 0.1400.
Global Step Counter: 147125
Episode finished. Sum of shaped rewards: 1.00. Length: 187. Bonus: 0.1610.
Global Step Counter: 150856
Episode finished. Sum of shaped rewards: 1.00. Length: 163. Bonus: 0.1445.
Global Step Counter: 154343
Episode finished. Sum of shaped rewards: 1.00. Length: 152. Bonus: 0.1397.
Global Step Counter: 157210
Episode finished. Sum of shaped rewards: 1.00. Length: 191. Bonus: 0.1691.
Global Step Counter: 160995
Episode finished. Sum of shaped rewards: 1.00. Length: 167. Bonus: 0.1588.
Global Step Counter: 164406
Episode finished. Sum of shaped rewards: 1.00. Length: 153. Bonus: 0.1512.
Global Step Counter: 167484
Episode finished. Sum of shaped rewards: 1.00. Length: 173. Bonus: 0.1781.
Global Step Counter: 170914
Episode finished. Sum of shaped rewards: 1.00. Length: 147. Bonus: 0.1280.
Global Step Counter: 173874
Episode finished. Sum of shaped rewards: 1.00. Length: 196. Bonus: 0.1828.
Global Step Counter: 177788
Episode finished. Sum of shaped rewards: 1.00. Length: 151. Bonus: 0.1280.
Global Step Counter: 180983
Episode finished. Sum of shaped rewards: 1.00. Length: 176. Bonus: 0.2240.
Global Step Counter: 184433
Episode finished. Sum of shaped rewards: 1.00. Length: 187. Bonus: 0.1725.
Global Step Counter: 188271
Episode finished. Sum of shaped rewards: 1.00. Length: 184. Bonus: 0.1701.
Global Step Counter: 192022
Episode finished. Sum of shaped rewards: 1.00. Length: 200. Bonus: 0.2289.
Global Step Counter: 196017
Episode finished. Sum of shaped rewards: 1.00. Length: 176. Bonus: 0.1514.
Global Step Counter: 199577
Episode finished. Sum of shaped rewards: 1.00. Length: 197. Bonus: 0.1758.
Global Step Counter: 203587
Episode finished. Sum of shaped rewards: 1.00. Length: 176. Bonus: 0.1448.
Global Step Counter: 207093
Episode finished. Sum of shaped rewards: 1.00. Length: 157. Bonus: 0.1489.
Global Step Counter: 210334
Episode finished. Sum of shaped rewards: 1.00. Length: 158. Bonus: 0.1376.
Global Step Counter: 213464
Episode finished. Sum of shaped rewards: 1.00. Length: 169. Bonus: 0.1626.
Global Step Counter: 216944
Episode finished. Sum of shaped rewards: 1.00. Length: 172. Bonus: 0.1447.
Global Step Counter: 220373
Episode finished. Sum of shaped rewards: 1.00. Length: 197. Bonus: 0.1900.
Global Step Counter: 224484
Episode finished. Sum of shaped rewards: 1.00. Length: 161. Bonus: 0.1337.
Global Step Counter: 227938
Episode finished. Sum of shaped rewards: 1.00. Length: 166. Bonus: 0.1464.
Global Step Counter: 231348
Episode finished. Sum of shaped rewards: 1.00. Length: 193. Bonus: 0.1685.
Global Step Counter: 235133
Episode finished. Sum of shaped rewards: 1.00. Length: 194. Bonus: 0.1755.
Global Step Counter: 238999
Episode finished. Sum of shaped rewards: 1.00. Length: 177. Bonus: 0.1542.
Global Step Counter: 242644
Episode finished. Sum of shaped rewards: 1.00. Length: 198. Bonus: 0.1614.
Global Step Counter: 246547
Episode finished. Sum of shaped rewards: 1.00. Length: 175. Bonus: 0.1669.
Global Step Counter: 250016
Episode finished. Sum of shaped rewards: 1.00. Length: 198. Bonus: 0.2345.
Global Step Counter: 254095
Episode finished. Sum of shaped rewards: 1.00. Length: 152. Bonus: 0.1268.
Global Step Counter: 257044
Episode finished. Sum of shaped rewards: 1.00. Length: 157. Bonus: 0.1311.
Global Step Counter: 260219
Episode finished. Sum of shaped rewards: 1.00. Length: 193. Bonus: 0.1961.
Global Step Counter: 264309
Episode finished. Sum of shaped rewards: 1.00. Length: 149. Bonus: 0.1238.
Global Step Counter: 267342
Episode finished. Sum of shaped rewards: 1.00. Length: 184. Bonus: 0.1637.
Global Step Counter: 271003
Episode finished. Sum of shaped rewards: 1.00. Length: 175. Bonus: 0.1728.
Global Step Counter: 274692
Episode finished. [2018-05-20 18:09:29,632] Resetting environment logs
[2018-05-20 18:09:34,675] True Game terminating: env_episode_reward=0.9999 episode_length=155
[2018-05-20 18:09:34,686] Resetting environment logs
[2018-05-20 18:09:40,054] True Game terminating: env_episode_reward=0.9999 episode_length=161
[2018-05-20 18:09:40,064] Resetting environment logs
[2018-05-20 18:09:47,455] True Game terminating: env_episode_reward=0.9999 episode_length=223
[2018-05-20 18:09:47,526] Resetting environment logs
[2018-05-20 18:09:53,302] True Game terminating: env_episode_reward=0.9999 episode_length=173
[2018-05-20 18:09:53,313] Resetting environment logs
[2018-05-20 18:09:59,398] True Game terminating: env_episode_reward=0.9999 episode_length=177
[2018-05-20 18:09:59,408] Resetting environment logs
[2018-05-20 18:10:04,928] True Game terminating: env_episode_reward=0.9999 episode_length=166
[2018-05-20 18:10:04,939] Resetting environment logs
[2018-05-20 18:10:11,218] True Game terminating: env_episode_reward=0.9999 episode_length=187
[2018-05-20 18:10:11,230] Resetting environment logs
[2018-05-20 18:10:16,783] True Game terminating: env_episode_reward=0.9999 episode_length=173
[2018-05-20 18:10:16,799] Resetting environment logs
[2018-05-20 18:10:22,086] True Game terminating: env_episode_reward=0.9999 episode_length=164
[2018-05-20 18:10:22,098] Resetting environment logs
[2018-05-20 18:10:28,734] True Game terminating: env_episode_reward=0.9999 episode_length=209
[2018-05-20 18:10:28,744] Resetting environment logs
[2018-05-20 18:10:34,329] True Game terminating: env_episode_reward=0.9999 episode_length=172
[2018-05-20 18:10:34,354] Resetting environment logs
[2018-05-20 18:10:41,231] True Game terminating: env_episode_reward=0.9999 episode_length=213
[2018-05-20 18:10:41,245] Resetting environment logs
[2018-05-20 18:10:47,163] True Game terminating: env_episode_reward=0.9999 episode_length=178
[2018-05-20 18:10:47,172] Resetting environment logs
[2018-05-20 18:10:53,333] True Game terminating: env_episode_reward=0.9999 episode_length=190
[2018-05-20 18:10:53,346] Resetting environment logs
[2018-05-20 18:11:04,199] True Game terminating: env_episode_reward=0.9999 episode_length=328
[2018-05-20 18:11:04,212] Resetting environment logs
Sum of shaped rewards: 1.00. Length: 176. Bonus: 0.1543.
Global Step Counter: 278162
Episode finished. Sum of shaped rewards: 1.00. Length: 155. Bonus: 0.1275.
Global Step Counter: 281346
Episode finished. Sum of shaped rewards: 1.00. Length: 161. Bonus: 0.1306.
Global Step Counter: 284694
Episode finished. Sum of shaped rewards: 1.00. Length: 223. Bonus: 0.1877.
Global Step Counter: 289147
Episode finished. Sum of shaped rewards: 1.00. Length: 173. Bonus: 0.1709.
Global Step Counter: 292756
Episode finished. Sum of shaped rewards: 1.00. Length: 177. Bonus: 0.1690.
Global Step Counter: 296319
Episode finished. Sum of shaped rewards: 1.00. Length: 166. Bonus: 0.1563.
Global Step Counter: 299685
Episode finished. Sum of shaped rewards: 1.00. Length: 187. Bonus: 0.1642.
Global Step Counter: 303590
Episode finished. Sum of shaped rewards: 1.00. Length: 173. Bonus: 0.1626.
Global Step Counter: 307006
Episode finished. Sum of shaped rewards: 1.00. Length: 164. Bonus: 0.1421.
Global Step Counter: 310162
Episode finished. Sum of shaped rewards: 1.00. Length: 209. Bonus: 0.1868.
Global Step Counter: 314248
Episode finished. Sum of shaped rewards: 1.00. Length: 172. Bonus: 0.1536.
Global Step Counter: 317739
Episode finished. Sum of shaped rewards: 1.00. Length: 213. Bonus: 0.1595.
Global Step Counter: 321955
Episode finished. Sum of shaped rewards: 1.00. Length: 178. Bonus: 0.1579.
Global Step Counter: 325706
Episode finished. Sum of shaped rewards: 1.00. Length: 190. Bonus: 0.1688.
Global Step Counter: 329440
Episode finished. Sum of shaped rewards: 1.00. Length: 328. Bonus: 0.2325.
Global Step Counter: 336006
